/home/hannah/neuralnetwork
testing fully connected weight learning rate=0.005836199362722949
============================================
10000 data loaded from mnist_test_normalized.data
60000 data loaded from mnist_train_normalized.data
0 Accuracy: 0.1039 evaluated in 228ms
1 Accuracy: 0.2899, trained in 3190ms, evaluated in 230ms
2 Accuracy: 0.3157, trained in 3756ms, evaluated in 234ms
3 Accuracy: 0.3152, trained in 3475ms, evaluated in 236ms
4 Accuracy: 0.3283, trained in 3214ms, evaluated in 228ms
5 Accuracy: 0.3337, trained in 3259ms, evaluated in 230ms
accuracy in training data: 0.334117
general accuracy: 0.3337
output: 0.3337

10000 data loaded from mnist_test_normalized.data
60000 data loaded from mnist_train_normalized.data
0 Accuracy: 0.0772 evaluated in 277ms
1 Accuracy: 0.25, trained in 4229ms, evaluated in 262ms
2 Accuracy: 0.3224, trained in 3430ms, evaluated in 233ms
3 Accuracy: 0.3469, trained in 3565ms, evaluated in 340ms
4 Accuracy: 0.3391, trained in 4077ms, evaluated in 265ms
5 Accuracy: 0.3551, trained in 4328ms, evaluated in 228ms
accuracy in training data: 0.35715
general accuracy: 0.3551
output: 0.3551

10000 data loaded from mnist_test_normalized.data
60000 data loaded from mnist_train_normalized.data
0 Accuracy: 0.1042 evaluated in 301ms
1 Accuracy: 0.3084, trained in 5315ms, evaluated in 343ms
2 Accuracy: 0.3861, trained in 4104ms, evaluated in 241ms
3 Accuracy: 0.4022, trained in 3673ms, evaluated in 251ms
4 Accuracy: 0.425, trained in 3254ms, evaluated in 231ms
5 Accuracy: 0.4326, trained in 5165ms, evaluated in 238ms
accuracy in training data: 0.419717
general accuracy: 0.4326
output: 0.4326

============================================
testing fully connected weight learning rate=0.010295747462655495
============================================
10000 data loaded from mnist_test_normalized.data
60000 data loaded from mnist_train_normalized.data
0 Accuracy: 0.0968 evaluated in 237ms
1 Accuracy: 0.2969, trained in 3567ms, evaluated in 346ms
2 Accuracy: 0.3324, trained in 5182ms, evaluated in 232ms
3 Accuracy: 0.3517, trained in 3177ms, evaluated in 230ms
4 Accuracy: 0.3649, trained in 3184ms, evaluated in 230ms
5 Accuracy: 0.3705, trained in 3182ms, evaluated in 230ms
accuracy in training data: 0.35565
general accuracy: 0.3705
output: 0.3705

10000 data loaded from mnist_test_normalized.data
60000 data loaded from mnist_train_normalized.data
0 Accuracy: 0.1116 evaluated in 231ms
1 Accuracy: 0.2908, trained in 3190ms, evaluated in 231ms
2 Accuracy: 0.3383, trained in 3205ms, evaluated in 231ms
3 Accuracy: 0.3719, trained in 3707ms, evaluated in 348ms
4 Accuracy: 0.3731, trained in 5227ms, evaluated in 232ms
5 Accuracy: 0.3804, trained in 3203ms, evaluated in 239ms
accuracy in training data: 0.37865
general accuracy: 0.3804
output: 0.3804

10000 data loaded from mnist_test_normalized.data
60000 data loaded from mnist_train_normalized.data
0 Accuracy: 0.0688 evaluated in 231ms
1 Accuracy: 0.3251, trained in 3467ms, evaluated in 311ms
2 Accuracy: 0.3714, trained in 4843ms, evaluated in 350ms
3 Accuracy: 0.3882, trained in 4517ms, evaluated in 233ms
4 Accuracy: 0.4024, trained in 3182ms, evaluated in 345ms
5 Accuracy: 0.4013, trained in 5428ms, evaluated in 351ms
accuracy in training data: 0.39335
general accuracy: 0.4013
output: 0.4013

============================================
testing fully connected weight learning rate=0.018162918918061148
============================================
10000 data loaded from mnist_test_normalized.data
60000 data loaded from mnist_train_normalized.data
0 Accuracy: 0.0857 evaluated in 231ms
1 Accuracy: 0.4192, trained in 3186ms, evaluated in 232ms
2 Accuracy: 0.4406, trained in 3195ms, evaluated in 232ms
3 Accuracy: 0.465, trained in 3197ms, evaluated in 233ms
4 Accuracy: 0.4718, trained in 3197ms, evaluated in 233ms
5 Accuracy: 0.4802, trained in 3185ms, evaluated in 230ms
accuracy in training data: 0.472917
general accuracy: 0.4802
output: 0.4802

10000 data loaded from mnist_test_normalized.data
60000 data loaded from mnist_train_normalized.data
0 Accuracy: 0.0911 evaluated in 231ms
1 Accuracy: 0.3856, trained in 3220ms, evaluated in 236ms
2 Accuracy: 0.4197, trained in 3221ms, evaluated in 234ms
3 Accuracy: 0.4334, trained in 3224ms, evaluated in 251ms
4 Accuracy: 0.4391, trained in 5375ms, evaluated in 349ms
5 Accuracy: 0.4497, trained in 5390ms, evaluated in 347ms
accuracy in training data: 0.447267
general accuracy: 0.4497
output: 0.4497

10000 data loaded from mnist_test_normalized.data
60000 data loaded from mnist_train_normalized.data
0 Accuracy: 0.1162 evaluated in 237ms
1 Accuracy: 0.4001, trained in 3225ms, evaluated in 235ms
2 Accuracy: 0.4266, trained in 3660ms, evaluated in 313ms
3 Accuracy: 0.4416, trained in 4744ms, evaluated in 351ms
4 Accuracy: 0.4539, trained in 5426ms, evaluated in 350ms
5 Accuracy: 0.4546, trained in 4502ms, evaluated in 230ms
accuracy in training data: 0.462317
general accuracy: 0.4546
output: 0.4546

============================================
testing fully connected weight learning rate=0.03204154189102239
============================================
10000 data loaded from mnist_test_normalized.data
60000 data loaded from mnist_train_normalized.data
0 Accuracy: 0.0902 evaluated in 292ms
1 Accuracy: 0.359, trained in 4349ms, evaluated in 246ms
2 Accuracy: 0.3904, trained in 5114ms, evaluated in 349ms
3 Accuracy: 0.4052, trained in 5462ms, evaluated in 351ms
4 Accuracy: 0.4139, trained in 3464ms, evaluated in 231ms
5 Accuracy: 0.4242, trained in 3201ms, evaluated in 233ms
accuracy in training data: 0.411433
general accuracy: 0.4242
output: 0.4242

10000 data loaded from mnist_test_normalized.data
60000 data loaded from mnist_train_normalized.data
0 Accuracy: 0.0963 evaluated in 233ms
1 Accuracy: 0.3371, trained in 3284ms, evaluated in 235ms
2 Accuracy: 0.3683, trained in 3229ms, evaluated in 232ms
3 Accuracy: 0.3783, trained in 4170ms, evaluated in 350ms
4 Accuracy: 0.3829, trained in 3643ms, evaluated in 233ms
5 Accuracy: 0.3926, trained in 3240ms, evaluated in 232ms
accuracy in training data: 0.3846
general accuracy: 0.3926
output: 0.3926

10000 data loaded from mnist_test_normalized.data
60000 data loaded from mnist_train_normalized.data
0 Accuracy: 0.1052 evaluated in 233ms
1 Accuracy: 0.3497, trained in 4090ms, evaluated in 351ms
2 Accuracy: 0.3618, trained in 4303ms, evaluated in 233ms
3 Accuracy: 0.3726, trained in 3210ms, evaluated in 234ms
4 Accuracy: 0.3833, trained in 5082ms, evaluated in 348ms
5 Accuracy: 0.3872, trained in 5394ms, evaluated in 349ms
accuracy in training data: 0.383933
general accuracy: 0.3872
output: 0.3872

============================================
testing fully connected weight learning rate=0.05652507790106549
============================================
10000 data loaded from mnist_test_normalized.data
60000 data loaded from mnist_train_normalized.data
0 Accuracy: 0.0666 evaluated in 311ms
1 Accuracy: 0.4768, trained in 5360ms, evaluated in 351ms
2 Accuracy: 0.5034, trained in 5412ms, evaluated in 349ms
3 Accuracy: 0.5243, trained in 5421ms, evaluated in 352ms
4 Accuracy: 0.5324, trained in 5429ms, evaluated in 351ms
5 Accuracy: 0.5431, trained in 5424ms, evaluated in 353ms
accuracy in training data: 0.529217
general accuracy: 0.5431
output: 0.5431

10000 data loaded from mnist_test_normalized.data
60000 data loaded from mnist_train_normalized.data
0 Accuracy: 0.1745 evaluated in 231ms
1 Accuracy: 0.4407, trained in 3203ms, evaluated in 233ms
2 Accuracy: 0.4603, trained in 3207ms, evaluated in 237ms
3 Accuracy: 0.47, trained in 4781ms, evaluated in 348ms
4 Accuracy: 0.4726, trained in 4122ms, evaluated in 233ms
5 Accuracy: 0.4753, trained in 3206ms, evaluated in 228ms
accuracy in training data: 0.464683
general accuracy: 0.4753
output: 0.4753

10000 data loaded from mnist_test_normalized.data
60000 data loaded from mnist_train_normalized.data
0 Accuracy: 0.1105 evaluated in 351ms
1 Accuracy: 0.3349, trained in 5445ms, evaluated in 349ms
2 Accuracy: 0.3677, trained in 5395ms, evaluated in 343ms
3 Accuracy: 0.3881, trained in 3853ms, evaluated in 351ms
4 Accuracy: 0.4009, trained in 4503ms, evaluated in 232ms
5 Accuracy: 0.3991, trained in 3201ms, evaluated in 233ms
accuracy in training data: 0.407283
general accuracy: 0.3991
output: 0.3991

============================================
testing fully connected weight learning rate=0.0997169375490242
============================================
10000 data loaded from mnist_test_normalized.data
60000 data loaded from mnist_train_normalized.data
0 Accuracy: 0.0941 evaluated in 349ms
1 Accuracy: 0.3889, trained in 4640ms, evaluated in 234ms
2 Accuracy: 0.4254, trained in 3245ms, evaluated in 237ms
3 Accuracy: 0.4326, trained in 3226ms, evaluated in 236ms
4 Accuracy: 0.4375, trained in 3871ms, evaluated in 351ms
5 Accuracy: 0.4489, trained in 5413ms, evaluated in 350ms
accuracy in training data: 0.4494
general accuracy: 0.4489
output: 0.4489

10000 data loaded from mnist_test_normalized.data
60000 data loaded from mnist_train_normalized.data
0 Accuracy: 0.1007 evaluated in 349ms
1 Accuracy: 0.3243, trained in 4615ms, evaluated in 237ms
2 Accuracy: 0.337, trained in 3229ms, evaluated in 236ms
3 Accuracy: 0.3498, trained in 3409ms, evaluated in 307ms
4 Accuracy: 0.353, trained in 3385ms, evaluated in 239ms
5 Accuracy: 0.3569, trained in 3238ms, evaluated in 237ms
accuracy in training data: 0.347433
general accuracy: 0.3569
output: 0.3569

10000 data loaded from mnist_test_normalized.data
60000 data loaded from mnist_train_normalized.data
0 Accuracy: 0.0858 evaluated in 241ms
1 Accuracy: 0.4075, trained in 4142ms, evaluated in 351ms
2 Accuracy: 0.4125, trained in 4959ms, evaluated in 351ms
3 Accuracy: 0.4236, trained in 5437ms, evaluated in 352ms
4 Accuracy: 0.4313, trained in 5409ms, evaluated in 350ms
5 Accuracy: 0.4354, trained in 5418ms, evaluated in 351ms
accuracy in training data: 0.423883
general accuracy: 0.4354
output: 0.4354

============================================
testing fully connected weight learning rate=0.1759124976627155
============================================
10000 data loaded from mnist_test_normalized.data
60000 data loaded from mnist_train_normalized.data
0 Accuracy: 0.0879 evaluated in 246ms
1 Accuracy: 0.4433, trained in 3240ms, evaluated in 232ms
2 Accuracy: 0.4563, trained in 3864ms, evaluated in 312ms
3 Accuracy: 0.4554, trained in 3611ms, evaluated in 236ms
4 Accuracy: 0.4577, trained in 3208ms, evaluated in 231ms
5 Accuracy: 0.4614, trained in 3228ms, evaluated in 238ms
accuracy in training data: 0.448
general accuracy: 0.4614
output: 0.4614

10000 data loaded from mnist_test_normalized.data
60000 data loaded from mnist_train_normalized.data
0 Accuracy: 0.1162 evaluated in 233ms
1 Accuracy: 0.4377, trained in 3318ms, evaluated in 234ms
2 Accuracy: 0.4627, trained in 3265ms, evaluated in 236ms
3 Accuracy: 0.4557, trained in 3254ms, evaluated in 234ms
4 Accuracy: 0.4681, trained in 3596ms, evaluated in 326ms
5 Accuracy: 0.4682, trained in 4421ms, evaluated in 350ms
accuracy in training data: 0.461217
general accuracy: 0.4682
output: 0.4682

10000 data loaded from mnist_test_normalized.data
60000 data loaded from mnist_train_normalized.data
0 Accuracy: 0.0508 evaluated in 234ms
1 Accuracy: 0.4803, trained in 3670ms, evaluated in 237ms
2 Accuracy: 0.5037, trained in 4589ms, evaluated in 343ms
3 Accuracy: 0.5086, trained in 3479ms, evaluated in 318ms
4 Accuracy: 0.5112, trained in 3748ms, evaluated in 236ms
5 Accuracy: 0.5111, trained in 4108ms, evaluated in 343ms
accuracy in training data: 0.49675
general accuracy: 0.5111
output: 0.5111

============================================
testing fully connected weight learning rate=0.31033049745156055
============================================
10000 data loaded from mnist_test_normalized.data
60000 data loaded from mnist_train_normalized.data
0 Accuracy: 0.1016 evaluated in 237ms
1 Accuracy: 0.4955, trained in 3245ms, evaluated in 236ms
2 Accuracy: 0.515, trained in 3384ms, evaluated in 232ms
3 Accuracy: 0.5143, trained in 3194ms, evaluated in 233ms
4 Accuracy: 0.516, trained in 3190ms, evaluated in 232ms
5 Accuracy: 0.5149, trained in 3221ms, evaluated in 236ms
accuracy in training data: 0.513333
general accuracy: 0.5149
output: 0.5149

10000 data loaded from mnist_test_normalized.data
60000 data loaded from mnist_train_normalized.data
0 Accuracy: 0.0807 evaluated in 235ms
1 Accuracy: 0.4642, trained in 4539ms, evaluated in 265ms
2 Accuracy: 0.4772, trained in 3936ms, evaluated in 237ms
3 Accuracy: 0.4888, trained in 3229ms, evaluated in 236ms
4 Accuracy: 0.4902, trained in 3204ms, evaluated in 231ms
5 Accuracy: 0.4926, trained in 3220ms, evaluated in 257ms
accuracy in training data: 0.477883
general accuracy: 0.4926
output: 0.4926

10000 data loaded from mnist_test_normalized.data
60000 data loaded from mnist_train_normalized.data
0 Accuracy: 0.0938 evaluated in 350ms
1 Accuracy: 0.4072, trained in 5424ms, evaluated in 349ms
2 Accuracy: 0.4242, trained in 3366ms, evaluated in 238ms
3 Accuracy: 0.4345, trained in 3220ms, evaluated in 231ms
4 Accuracy: 0.4302, trained in 3389ms, evaluated in 235ms
5 Accuracy: 0.4366, trained in 3224ms, evaluated in 233ms
accuracy in training data: 0.429733
general accuracy: 0.4366
output: 0.4366

============================================
testing fully connected weight learning rate=0.5474597821536406
============================================
10000 data loaded from mnist_test_normalized.data
60000 data loaded from mnist_train_normalized.data
0 Accuracy: 0.1006 evaluated in 233ms
1 Accuracy: 0.4519, trained in 3232ms, evaluated in 235ms
2 Accuracy: 0.4811, trained in 3206ms, evaluated in 235ms
3 Accuracy: 0.4749, trained in 3214ms, evaluated in 233ms
4 Accuracy: 0.4701, trained in 3229ms, evaluated in 236ms
5 Accuracy: 0.4799, trained in 3215ms, evaluated in 233ms
accuracy in training data: 0.468133
general accuracy: 0.4799
output: 0.4799

10000 data loaded from mnist_test_normalized.data
60000 data loaded from mnist_train_normalized.data
0 Accuracy: 0.0572 evaluated in 237ms
1 Accuracy: 0.4061, trained in 4156ms, evaluated in 315ms
2 Accuracy: 0.4181, trained in 5239ms, evaluated in 348ms
3 Accuracy: 0.4246, trained in 3421ms, evaluated in 234ms
4 Accuracy: 0.4366, trained in 5403ms, evaluated in 350ms
5 Accuracy: 0.4247, trained in 5459ms, evaluated in 352ms
accuracy in training data: 0.412567
general accuracy: 0.4247
output: 0.4247

10000 data loaded from mnist_test_normalized.data
60000 data loaded from mnist_train_normalized.data
0 Accuracy: 0.0743 evaluated in 351ms
1 Accuracy: 0.4509, trained in 5407ms, evaluated in 350ms
2 Accuracy: 0.4677, trained in 3225ms, evaluated in 233ms
3 Accuracy: 0.4688, trained in 5277ms, evaluated in 343ms
4 Accuracy: 0.4686, trained in 4576ms, evaluated in 234ms
5 Accuracy: 0.4583, trained in 4036ms, evaluated in 350ms
accuracy in training data: 0.445333
general accuracy: 0.4583
output: 0.4583

============================================
testing fully connected weight learning rate=0.9657839482002364
============================================
10000 data loaded from mnist_test_normalized.data
60000 data loaded from mnist_train_normalized.data
0 Accuracy: 0.1437 evaluated in 313ms
1 Accuracy: 0.3816, trained in 3522ms, evaluated in 249ms
2 Accuracy: 0.3863, trained in 4286ms, evaluated in 236ms
3 Accuracy: 0.4027, trained in 3218ms, evaluated in 233ms
4 Accuracy: 0.3958, trained in 3218ms, evaluated in 243ms
5 Accuracy: 0.4005, trained in 3933ms, evaluated in 347ms
accuracy in training data: 0.387917
general accuracy: 0.4005
output: 0.4005

10000 data loaded from mnist_test_normalized.data
60000 data loaded from mnist_train_normalized.data
0 Accuracy: 0.1305 evaluated in 237ms
1 Accuracy: 0.4543, trained in 3341ms, evaluated in 231ms
2 Accuracy: 0.4816, trained in 3862ms, evaluated in 351ms
3 Accuracy: 0.4729, trained in 5404ms, evaluated in 342ms
4 Accuracy: 0.4698, trained in 4118ms, evaluated in 237ms
5 Accuracy: 0.484, trained in 3276ms, evaluated in 344ms
accuracy in training data: 0.465333
general accuracy: 0.484
output: 0.484

10000 data loaded from mnist_test_normalized.data
60000 data loaded from mnist_train_normalized.data
0 Accuracy: 0.0869 evaluated in 258ms
1 Accuracy: 0.5005, trained in 3967ms, evaluated in 235ms
2 Accuracy: 0.506, trained in 3507ms, evaluated in 317ms
3 Accuracy: 0.4974, trained in 4990ms, evaluated in 350ms
4 Accuracy: 0.5044, trained in 4617ms, evaluated in 233ms
5 Accuracy: 0.5036, trained in 5025ms, evaluated in 349ms
accuracy in training data: 0.498183
general accuracy: 0.5036
output: 0.5036

============================================
testing fully connected weight learning rate=1.7037573626540308
============================================
10000 data loaded from mnist_test_normalized.data
60000 data loaded from mnist_train_normalized.data
0 Accuracy: 0.084 evaluated in 245ms
1 Accuracy: 0.4488, trained in 3278ms, evaluated in 238ms
2 Accuracy: 0.4529, trained in 4922ms, evaluated in 240ms
3 Accuracy: 0.3959, trained in 3262ms, evaluated in 238ms
4 Accuracy: 0.4539, trained in 3308ms, evaluated in 231ms
5 Accuracy: 0.4577, trained in 3635ms, evaluated in 233ms
accuracy in training data: 0.45445
general accuracy: 0.4577
output: 0.4577

10000 data loaded from mnist_test_normalized.data
60000 data loaded from mnist_train_normalized.data
0 Accuracy: 0.1118 evaluated in 236ms
1 Accuracy: 0.5214, trained in 3213ms, evaluated in 238ms
2 Accuracy: 0.5296, trained in 4440ms, evaluated in 352ms
3 Accuracy: 0.5317, trained in 4965ms, evaluated in 232ms
4 Accuracy: 0.5276, trained in 3255ms, evaluated in 233ms
5 Accuracy: 0.5176, trained in 3241ms, evaluated in 234ms
accuracy in training data: 0.512017
general accuracy: 0.5176
output: 0.5176

10000 data loaded from mnist_test_normalized.data
60000 data loaded from mnist_train_normalized.data
0 Accuracy: 0.1136 evaluated in 331ms
1 Accuracy: 0.4342, trained in 3809ms, evaluated in 233ms
2 Accuracy: 0.4459, trained in 3210ms, evaluated in 234ms
3 Accuracy: 0.4528, trained in 3217ms, evaluated in 233ms
4 Accuracy: 0.4424, trained in 3222ms, evaluated in 233ms
5 Accuracy: 0.4584, trained in 3220ms, evaluated in 233ms
accuracy in training data: 0.44355
general accuracy: 0.4584
output: 0.4584

============================================
testing fully connected weight learning rate=0.1759124976627155
============================================
============================================
testing fully connected weight learning rate=0.21255563151920456
============================================
10000 data loaded from mnist_test_normalized.data
60000 data loaded from mnist_train_normalized.data
0 Accuracy: 0.1445 evaluated in 235ms
1 Accuracy: 0.4548, trained in 3217ms, evaluated in 231ms
2 Accuracy: 0.4676, trained in 3184ms, evaluated in 229ms
3 Accuracy: 0.4746, trained in 3227ms, evaluated in 235ms
4 Accuracy: 0.4757, trained in 3212ms, evaluated in 234ms
5 Accuracy: 0.4748, trained in 3712ms, evaluated in 314ms
accuracy in training data: 0.463517
general accuracy: 0.4748
output: 0.4748

10000 data loaded from mnist_test_normalized.data
60000 data loaded from mnist_train_normalized.data
0 Accuracy: 0.0451 evaluated in 235ms
1 Accuracy: 0.4367, trained in 3233ms, evaluated in 282ms
2 Accuracy: 0.4738, trained in 4312ms, evaluated in 332ms
3 Accuracy: 0.4793, trained in 5437ms, evaluated in 351ms
4 Accuracy: 0.4835, trained in 4609ms, evaluated in 312ms
5 Accuracy: 0.4915, trained in 3460ms, evaluated in 236ms
accuracy in training data: 0.486383
general accuracy: 0.4915
output: 0.4915

10000 data loaded from mnist_test_normalized.data
60000 data loaded from mnist_train_normalized.data
0 Accuracy: 0.0836 evaluated in 234ms
1 Accuracy: 0.3815, trained in 3215ms, evaluated in 233ms
2 Accuracy: 0.3987, trained in 3212ms, evaluated in 232ms
3 Accuracy: 0.3953, trained in 3198ms, evaluated in 233ms
4 Accuracy: 0.4065, trained in 3226ms, evaluated in 234ms
5 Accuracy: 0.4166, trained in 5356ms, evaluated in 347ms
accuracy in training data: 0.418967
general accuracy: 0.4166
output: 0.4166

============================================
testing fully connected weight learning rate=0.25683164693138066
============================================
10000 data loaded from mnist_test_normalized.data
60000 data loaded from mnist_train_normalized.data
0 Accuracy: 0.1215 evaluated in 352ms
1 Accuracy: 0.4885, trained in 5424ms, evaluated in 352ms
2 Accuracy: 0.5086, trained in 5011ms, evaluated in 232ms
3 Accuracy: 0.5115, trained in 4751ms, evaluated in 351ms
4 Accuracy: 0.5177, trained in 5412ms, evaluated in 351ms
5 Accuracy: 0.4928, trained in 4281ms, evaluated in 234ms
accuracy in training data: 0.478233
general accuracy: 0.4928
output: 0.4928

10000 data loaded from mnist_test_normalized.data
60000 data loaded from mnist_train_normalized.data
0 Accuracy: 0.1025 evaluated in 236ms
1 Accuracy: 0.4264, trained in 4086ms, evaluated in 351ms
2 Accuracy: 0.4365, trained in 4145ms, evaluated in 246ms
3 Accuracy: 0.4375, trained in 3656ms, evaluated in 240ms
4 Accuracy: 0.4456, trained in 3608ms, evaluated in 246ms
5 Accuracy: 0.4482, trained in 3316ms, evaluated in 243ms
accuracy in training data: 0.444883
general accuracy: 0.4482
output: 0.4482

10000 data loaded from mnist_test_normalized.data
60000 data loaded from mnist_train_normalized.data
0 Accuracy: 0.1422 evaluated in 241ms
1 Accuracy: 0.4878, trained in 3755ms, evaluated in 236ms
2 Accuracy: 0.5039, trained in 3256ms, evaluated in 338ms
3 Accuracy: 0.5171, trained in 3960ms, evaluated in 232ms
4 Accuracy: 0.5223, trained in 3258ms, evaluated in 236ms
5 Accuracy: 0.5148, trained in 4897ms, evaluated in 299ms
accuracy in training data: 0.507367
general accuracy: 0.5148
output: 0.5148

============================================
testing fully connected weight learning rate=0.3103304974515606
============================================
============================================
testing fully connected weight learning rate=0.25683164693138066
============================================
============================================
testing fully connected weight learning rate=0.27355238798630227
============================================
10000 data loaded from mnist_test_normalized.data
60000 data loaded from mnist_train_normalized.data
0 Accuracy: 0.1037 evaluated in 344ms
1 Accuracy: 0.4364, trained in 4552ms, evaluated in 348ms
2 Accuracy: 0.4457, trained in 5004ms, evaluated in 350ms
3 Accuracy: 0.4519, trained in 3545ms, evaluated in 232ms
4 Accuracy: 0.4584, trained in 3294ms, evaluated in 247ms
5 Accuracy: 0.4553, trained in 3978ms, evaluated in 235ms
accuracy in training data: 0.442433
general accuracy: 0.4553
output: 0.4553

10000 data loaded from mnist_test_normalized.data
60000 data loaded from mnist_train_normalized.data
0 Accuracy: 0.1581 evaluated in 231ms
1 Accuracy: 0.4237, trained in 3313ms, evaluated in 238ms
2 Accuracy: 0.4203, trained in 3316ms, evaluated in 237ms
3 Accuracy: 0.4347, trained in 3431ms, evaluated in 344ms
4 Accuracy: 0.4347, trained in 3683ms, evaluated in 236ms
5 Accuracy: 0.4411, trained in 3593ms, evaluated in 349ms
accuracy in training data: 0.434383
general accuracy: 0.4411
output: 0.4411

10000 data loaded from mnist_test_normalized.data
60000 data loaded from mnist_train_normalized.data
0 Accuracy: 0.087 evaluated in 229ms
1 Accuracy: 0.4445, trained in 3743ms, evaluated in 235ms
2 Accuracy: 0.4523, trained in 3190ms, evaluated in 230ms
3 Accuracy: 0.4428, trained in 3184ms, evaluated in 234ms
4 Accuracy: 0.4585, trained in 3209ms, evaluated in 232ms
5 Accuracy: 0.4625, trained in 3210ms, evaluated in 232ms
accuracy in training data: 0.45345
general accuracy: 0.4625
output: 0.4625

============================================
testing fully connected weight learning rate=0.2913617144424632
============================================
10000 data loaded from mnist_test_normalized.data
60000 data loaded from mnist_train_normalized.data
0 Accuracy: 0.1064 evaluated in 236ms
1 Accuracy: 0.5336, trained in 3213ms, evaluated in 237ms
2 Accuracy: 0.5442, trained in 3208ms, evaluated in 232ms
3 Accuracy: 0.542, trained in 3637ms, evaluated in 349ms
4 Accuracy: 0.5439, trained in 5389ms, evaluated in 350ms
5 Accuracy: 0.5548, trained in 4715ms, evaluated in 343ms
accuracy in training data: 0.544867
general accuracy: 0.5548
output: 0.5548

10000 data loaded from mnist_test_normalized.data
60000 data loaded from mnist_train_normalized.data
0 Accuracy: 0.1015 evaluated in 351ms
1 Accuracy: 0.4653, trained in 3650ms, evaluated in 236ms
2 Accuracy: 0.4857, trained in 3298ms, evaluated in 307ms
3 Accuracy: 0.4926, trained in 4354ms, evaluated in 233ms
4 Accuracy: 0.4929, trained in 3216ms, evaluated in 231ms
5 Accuracy: 0.5072, trained in 3201ms, evaluated in 230ms
accuracy in training data: 0.506133
general accuracy: 0.5072
output: 0.5072

10000 data loaded from mnist_test_normalized.data
60000 data loaded from mnist_train_normalized.data
0 Accuracy: 0.1025 evaluated in 234ms
1 Accuracy: 0.4428, trained in 4187ms, evaluated in 348ms
2 Accuracy: 0.454, trained in 4712ms, evaluated in 348ms
3 Accuracy: 0.468, trained in 4584ms, evaluated in 309ms
4 Accuracy: 0.473, trained in 4524ms, evaluated in 347ms
5 Accuracy: 0.4767, trained in 4290ms, evaluated in 307ms
accuracy in training data: 0.472317
general accuracy: 0.4767
output: 0.4767

============================================
testing fully connected weight learning rate=0.31033049745156055
============================================
============================================
Done looking for best fully connected weight learning rate, found 0.30069656762468894 to be best
testing convolutional weight learning rate=0.006465047711078525
============================================
10000 data loaded from mnist_test_normalized.data
60000 data loaded from mnist_train_normalized.data
0 Accuracy: 0.0883 evaluated in 715ms
1 Accuracy: 0.4716, trained in 13148ms, evaluated in 1095ms
2 Accuracy: 0.4981, trained in 20403ms, evaluated in 1096ms
3 Accuracy: 0.4965, trained in 13559ms, evaluated in 720ms
4 Accuracy: 0.5048, trained in 11883ms, evaluated in 889ms
5 Accuracy: 0.5024, trained in 12860ms, evaluated in 720ms
accuracy in training data: 0.4967
general accuracy: 0.5024
output: 0.5024

10000 data loaded from mnist_test_normalized.data
60000 data loaded from mnist_train_normalized.data
0 Accuracy: 0.1253 evaluated in 1087ms
1 Accuracy: 0.4715, trained in 12433ms, evaluated in 716ms
2 Accuracy: 0.4961, trained in 11897ms, evaluated in 714ms
3 Accuracy: 0.5087, trained in 11893ms, evaluated in 714ms
4 Accuracy: 0.5118, trained in 17997ms, evaluated in 709ms
5 Accuracy: 0.5111, trained in 14518ms, evaluated in 725ms
accuracy in training data: 0.5046
general accuracy: 0.5111
output: 0.5111

10000 data loaded from mnist_test_normalized.data
60000 data loaded from mnist_train_normalized.data
0 Accuracy: 0.0975 evaluated in 737ms
1 Accuracy: 0.5204, trained in 18344ms, evaluated in 1117ms
2 Accuracy: 0.5501, trained in 17733ms, evaluated in 726ms
3 Accuracy: 0.5471, trained in 14316ms, evaluated in 1111ms
4 Accuracy: 0.5654, trained in 12314ms, evaluated in 725ms
5 Accuracy: 0.5564, trained in 16076ms, evaluated in 986ms
accuracy in training data: 0.545867
general accuracy: 0.5564
output: 0.5564

============================================
testing convolutional weight learning rate=0.011405110488930916
============================================
10000 data loaded from mnist_test_normalized.data
60000 data loaded from mnist_train_normalized.data
0 Accuracy: 0.0934 evaluated in 832ms
1 Accuracy: 0.5005, trained in 15654ms, evaluated in 706ms
2 Accuracy: 0.5226, trained in 12092ms, evaluated in 697ms
3 Accuracy: 0.5233, trained in 11859ms, evaluated in 707ms
4 Accuracy: 0.5341, trained in 15168ms, evaluated in 711ms
5 Accuracy: 0.5374, trained in 16757ms, evaluated in 1075ms
accuracy in training data: 0.53585
general accuracy: 0.5374
output: 0.5374

10000 data loaded from mnist_test_normalized.data
60000 data loaded from mnist_train_normalized.data
0 Accuracy: 0.0958 evaluated in 1085ms
1 Accuracy: 0.3502, trained in 13100ms, evaluated in 703ms
2 Accuracy: 0.3802, trained in 13463ms, evaluated in 705ms
3 Accuracy: 0.3638, trained in 14152ms, evaluated in 1076ms
4 Accuracy: 0.3932, trained in 14721ms, evaluated in 713ms
5 Accuracy: 0.3986, trained in 11892ms, evaluated in 709ms
accuracy in training data: 0.398883
general accuracy: 0.3986
output: 0.3986

10000 data loaded from mnist_test_normalized.data
60000 data loaded from mnist_train_normalized.data
0 Accuracy: 0.0773 evaluated in 711ms
1 Accuracy: 0.4922, trained in 11940ms, evaluated in 721ms
2 Accuracy: 0.5303, trained in 14513ms, evaluated in 828ms
3 Accuracy: 0.5528, trained in 11897ms, evaluated in 713ms
4 Accuracy: 0.5513, trained in 14481ms, evaluated in 1085ms
5 Accuracy: 0.5516, trained in 20018ms, evaluated in 726ms
accuracy in training data: 0.538783
general accuracy: 0.5516
output: 0.5516

============================================
testing convolutional weight learning rate=0.020119966793411662
============================================
10000 data loaded from mnist_test_normalized.data
60000 data loaded from mnist_train_normalized.data
0 Accuracy: 0.0976 evaluated in 712ms
1 Accuracy: 0.4975, trained in 13912ms, evaluated in 913ms
2 Accuracy: 0.5013, trained in 13225ms, evaluated in 801ms
3 Accuracy: 0.5001, trained in 15576ms, evaluated in 744ms
4 Accuracy: 0.5053, trained in 14513ms, evaluated in 721ms
5 Accuracy: 0.4996, trained in 15126ms, evaluated in 1086ms
accuracy in training data: 0.49685
general accuracy: 0.4996
output: 0.4996

10000 data loaded from mnist_test_normalized.data
60000 data loaded from mnist_train_normalized.data
0 Accuracy: 0.0901 evaluated in 726ms
1 Accuracy: 0.3778, trained in 17139ms, evaluated in 1086ms
2 Accuracy: 0.3942, trained in 18846ms, evaluated in 749ms
3 Accuracy: 0.4105, trained in 13606ms, evaluated in 983ms
4 Accuracy: 0.4114, trained in 14363ms, evaluated in 727ms
5 Accuracy: 0.4082, trained in 15414ms, evaluated in 730ms
accuracy in training data: 0.404783
general accuracy: 0.4082
output: 0.4082

10000 data loaded from mnist_test_normalized.data
60000 data loaded from mnist_train_normalized.data
0 Accuracy: 0.1372 evaluated in 1083ms
1 Accuracy: 0.5948, trained in 16643ms, evaluated in 891ms
2 Accuracy: 0.6031, trained in 18118ms, evaluated in 1092ms
3 Accuracy: 0.6149, trained in 15389ms, evaluated in 1085ms
4 Accuracy: 0.6344, trained in 15425ms, evaluated in 765ms
5 Accuracy: 0.633, trained in 18206ms, evaluated in 847ms
accuracy in training data: 0.62365
general accuracy: 0.633
output: 0.633

============================================
testing convolutional weight learning rate=0.03549400631943672
============================================
10000 data loaded from mnist_test_normalized.data
60000 data loaded from mnist_train_normalized.data
0 Accuracy: 0.1067 evaluated in 924ms
1 Accuracy: 0.4673, trained in 13259ms, evaluated in 740ms
2 Accuracy: 0.4939, trained in 15635ms, evaluated in 1095ms
3 Accuracy: 0.5009, trained in 17189ms, evaluated in 1096ms
4 Accuracy: 0.4948, trained in 12941ms, evaluated in 1032ms
5 Accuracy: 0.4985, trained in 12834ms, evaluated in 712ms
accuracy in training data: 0.484917
general accuracy: 0.4985
output: 0.4985

10000 data loaded from mnist_test_normalized.data
60000 data loaded from mnist_train_normalized.data
0 Accuracy: 0.0967 evaluated in 710ms
1 Accuracy: 0.5168, trained in 12690ms, evaluated in 710ms
2 Accuracy: 0.5401, trained in 12000ms, evaluated in 715ms
3 Accuracy: 0.5289, trained in 11988ms, evaluated in 710ms
4 Accuracy: 0.5394, trained in 16420ms, evaluated in 1095ms
5 Accuracy: 0.5488, trained in 15601ms, evaluated in 721ms
accuracy in training data: 0.53375
general accuracy: 0.5488
output: 0.5488

10000 data loaded from mnist_test_normalized.data
60000 data loaded from mnist_train_normalized.data
0 Accuracy: 0.1013 evaluated in 718ms
1 Accuracy: 0.4821, trained in 12846ms, evaluated in 1089ms
2 Accuracy: 0.489, trained in 20395ms, evaluated in 1086ms
3 Accuracy: 0.4985, trained in 13258ms, evaluated in 711ms
4 Accuracy: 0.5031, trained in 18084ms, evaluated in 1096ms
5 Accuracy: 0.5021, trained in 17285ms, evaluated in 715ms
accuracy in training data: 0.487383
general accuracy: 0.5021
output: 0.5021

============================================
testing convolutional weight learning rate=0.06261563438647161
============================================
10000 data loaded from mnist_test_normalized.data
60000 data loaded from mnist_train_normalized.data
0 Accuracy: 0.1025 evaluated in 1079ms
1 Accuracy: 0.5435, trained in 12830ms, evaluated in 705ms
2 Accuracy: 0.5559, trained in 17640ms, evaluated in 703ms
3 Accuracy: 0.5677, trained in 13662ms, evaluated in 706ms
4 Accuracy: 0.5817, trained in 11936ms, evaluated in 764ms
5 Accuracy: 0.5829, trained in 17040ms, evaluated in 1077ms
accuracy in training data: 0.571933
general accuracy: 0.5829
output: 0.5829

10000 data loaded from mnist_test_normalized.data
60000 data loaded from mnist_train_normalized.data
0 Accuracy: 0.0694 evaluated in 1099ms
1 Accuracy: 0.4852, trained in 15125ms, evaluated in 722ms
2 Accuracy: 0.5037, trained in 13746ms, evaluated in 725ms
3 Accuracy: 0.4982, trained in 14369ms, evaluated in 719ms
4 Accuracy: 0.5052, trained in 12022ms, evaluated in 717ms
5 Accuracy: 0.5085, trained in 11998ms, evaluated in 725ms
accuracy in training data: 0.499917
general accuracy: 0.5085
output: 0.5085

10000 data loaded from mnist_test_normalized.data
60000 data loaded from mnist_train_normalized.data
0 Accuracy: 0.1066 evaluated in 818ms
1 Accuracy: 0.5366, trained in 12923ms, evaluated in 706ms
2 Accuracy: 0.5578, trained in 11825ms, evaluated in 701ms
3 Accuracy: 0.5758, trained in 11797ms, evaluated in 702ms
4 Accuracy: 0.583, trained in 11882ms, evaluated in 705ms
5 Accuracy: 0.5858, trained in 11829ms, evaluated in 700ms
accuracy in training data: 0.572383
general accuracy: 0.5858
output: 0.5858

============================================
testing convolutional weight learning rate=0.1104614011260058
============================================
10000 data loaded from mnist_test_normalized.data
60000 data loaded from mnist_train_normalized.data
0 Accuracy: 0.0684 evaluated in 700ms
1 Accuracy: 0.4585, trained in 13537ms, evaluated in 1084ms
2 Accuracy: 0.4986, trained in 14545ms, evaluated in 1088ms
3 Accuracy: 0.4963, trained in 14143ms, evaluated in 704ms
4 Accuracy: 0.5107, trained in 20154ms, evaluated in 1084ms
5 Accuracy: 0.5032, trained in 17283ms, evaluated in 878ms
accuracy in training data: 0.4942
general accuracy: 0.5032
output: 0.5032

10000 data loaded from mnist_test_normalized.data
60000 data loaded from mnist_train_normalized.data
0 Accuracy: 0.0919 evaluated in 720ms
1 Accuracy: 0.4252, trained in 12777ms, evaluated in 714ms
2 Accuracy: 0.4372, trained in 12270ms, evaluated in 801ms
3 Accuracy: 0.4348, trained in 13513ms, evaluated in 1041ms
4 Accuracy: 0.4357, trained in 12204ms, evaluated in 716ms
5 Accuracy: 0.4398, trained in 15158ms, evaluated in 1086ms
accuracy in training data: 0.437317
general accuracy: 0.4398
output: 0.4398

10000 data loaded from mnist_test_normalized.data
60000 data loaded from mnist_train_normalized.data
0 Accuracy: 0.1184 evaluated in 750ms
1 Accuracy: 0.5392, trained in 12696ms, evaluated in 709ms
2 Accuracy: 0.548, trained in 17145ms, evaluated in 1090ms
3 Accuracy: 0.5606, trained in 15435ms, evaluated in 1089ms
4 Accuracy: 0.559, trained in 12598ms, evaluated in 705ms
5 Accuracy: 0.5669, trained in 14430ms, evaluated in 708ms
accuracy in training data: 0.555733
general accuracy: 0.5669
output: 0.5669

============================================
testing convolutional weight learning rate=0.1948670049944682
============================================
10000 data loaded from mnist_test_normalized.data
60000 data loaded from mnist_train_normalized.data
0 Accuracy: 0.0951 evaluated in 1106ms
1 Accuracy: 0.4709, trained in 19083ms, evaluated in 1093ms
2 Accuracy: 0.4635, trained in 12494ms, evaluated in 1072ms
3 Accuracy: 0.4513, trained in 14782ms, evaluated in 769ms
4 Accuracy: 0.4776, trained in 15231ms, evaluated in 951ms
5 Accuracy: 0.4651, trained in 18470ms, evaluated in 729ms
accuracy in training data: 0.45435
general accuracy: 0.4651
output: 0.4651

10000 data loaded from mnist_test_normalized.data
60000 data loaded from mnist_train_normalized.data
0 Accuracy: 0.1143 evaluated in 721ms
1 Accuracy: 0.4688, trained in 16412ms, evaluated in 885ms
2 Accuracy: 0.4946, trained in 14924ms, evaluated in 716ms
3 Accuracy: 0.4958, trained in 13647ms, evaluated in 709ms
4 Accuracy: 0.506, trained in 14597ms, evaluated in 1098ms
5 Accuracy: 0.5138, trained in 16525ms, evaluated in 1094ms
accuracy in training data: 0.508333
general accuracy: 0.5138
output: 0.5138

10000 data loaded from mnist_test_normalized.data
60000 data loaded from mnist_train_normalized.data
0 Accuracy: 0.0806 evaluated in 956ms
1 Accuracy: 0.5523, trained in 11954ms, evaluated in 719ms
2 Accuracy: 0.5675, trained in 12124ms, evaluated in 1087ms
3 Accuracy: 0.5791, trained in 13508ms, evaluated in 709ms
4 Accuracy: 0.57, trained in 15639ms, evaluated in 713ms
5 Accuracy: 0.5827, trained in 12026ms, evaluated in 719ms
accuracy in training data: 0.569967
general accuracy: 0.5827
output: 0.5827

============================================
testing convolutional weight learning rate=0.3437684951343073
============================================
10000 data loaded from mnist_test_normalized.data
60000 data loaded from mnist_train_normalized.data
0 Accuracy: 0.0987 evaluated in 709ms
1 Accuracy: 0.3858, trained in 11941ms, evaluated in 715ms
2 Accuracy: 0.4084, trained in 11948ms, evaluated in 718ms
3 Accuracy: 0.4237, trained in 11931ms, evaluated in 712ms
4 Accuracy: 0.4228, trained in 11925ms, evaluated in 721ms
5 Accuracy: 0.4295, trained in 11969ms, evaluated in 721ms
accuracy in training data: 0.426683
general accuracy: 0.4295
output: 0.4295

10000 data loaded from mnist_test_normalized.data
60000 data loaded from mnist_train_normalized.data
0 Accuracy: 0.0883 evaluated in 1086ms
1 Accuracy: 0.4963, trained in 15261ms, evaluated in 1046ms
2 Accuracy: 0.5282, trained in 20576ms, evaluated in 1094ms
3 Accuracy: 0.5335, trained in 11983ms, evaluated in 721ms
4 Accuracy: 0.5397, trained in 14700ms, evaluated in 1096ms
5 Accuracy: 0.5548, trained in 14075ms, evaluated in 721ms
accuracy in training data: 0.542967
general accuracy: 0.5548
output: 0.5548

10000 data loaded from mnist_test_normalized.data
60000 data loaded from mnist_train_normalized.data
0 Accuracy: 0.0859 evaluated in 721ms
1 Accuracy: 0.4736, trained in 17993ms, evaluated in 1087ms
2 Accuracy: 0.4964, trained in 11900ms, evaluated in 710ms
3 Accuracy: 0.4976, trained in 11912ms, evaluated in 712ms
4 Accuracy: 0.5081, trained in 11933ms, evaluated in 713ms
5 Accuracy: 0.5086, trained in 19199ms, evaluated in 1085ms
accuracy in training data: 0.501333
general accuracy: 0.5086
output: 0.5086

============================================
testing convolutional weight learning rate=0.6064483735985011
============================================
10000 data loaded from mnist_test_normalized.data
60000 data loaded from mnist_train_normalized.data
0 Accuracy: 0.1063 evaluated in 1089ms
1 Accuracy: 0.5088, trained in 14429ms, evaluated in 710ms
2 Accuracy: 0.5179, trained in 13842ms, evaluated in 723ms
3 Accuracy: 0.5252, trained in 14528ms, evaluated in 754ms
4 Accuracy: 0.5211, trained in 16441ms, evaluated in 1027ms
5 Accuracy: 0.5344, trained in 16593ms, evaluated in 736ms
accuracy in training data: 0.53525
general accuracy: 0.5344
output: 0.5344

10000 data loaded from mnist_test_normalized.data
60000 data loaded from mnist_train_normalized.data
0 Accuracy: 0.0998 evaluated in 750ms
1 Accuracy: 0.5319, trained in 13126ms, evaluated in 718ms
2 Accuracy: 0.5607, trained in 13952ms, evaluated in 729ms
3 Accuracy: 0.5632, trained in 14897ms, evaluated in 1081ms
4 Accuracy: 0.5659, trained in 14095ms, evaluated in 970ms
5 Accuracy: 0.5586, trained in 13517ms, evaluated in 705ms
accuracy in training data: 0.54475
general accuracy: 0.5586
output: 0.5586

10000 data loaded from mnist_test_normalized.data
60000 data loaded from mnist_train_normalized.data
0 Accuracy: 0.1018 evaluated in 708ms
1 Accuracy: 0.5553, trained in 11959ms, evaluated in 712ms
2 Accuracy: 0.5587, trained in 12951ms, evaluated in 709ms
3 Accuracy: 0.5594, trained in 12645ms, evaluated in 759ms
4 Accuracy: 0.5702, trained in 13987ms, evaluated in 1085ms
5 Accuracy: 0.5675, trained in 15393ms, evaluated in 1087ms
accuracy in training data: 0.557267
general accuracy: 0.5675
output: 0.5675

============================================
testing convolutional weight learning rate=1.0698468156501049
============================================
10000 data loaded from mnist_test_normalized.data
60000 data loaded from mnist_train_normalized.data
0 Accuracy: 0.1008 evaluated in 720ms
1 Accuracy: 0.5174, trained in 11964ms, evaluated in 715ms
2 Accuracy: 0.5455, trained in 11954ms, evaluated in 719ms
3 Accuracy: 0.5494, trained in 12905ms, evaluated in 1095ms
4 Accuracy: 0.5584, trained in 17690ms, evaluated in 715ms
5 Accuracy: 0.558, trained in 15831ms, evaluated in 761ms
accuracy in training data: 0.5437
general accuracy: 0.558
output: 0.558

10000 data loaded from mnist_test_normalized.data
60000 data loaded from mnist_train_normalized.data
0 Accuracy: 0.1234 evaluated in 716ms
1 Accuracy: 0.5073, trained in 11903ms, evaluated in 712ms
2 Accuracy: 0.5185, trained in 11930ms, evaluated in 713ms
3 Accuracy: 0.5249, trained in 13786ms, evaluated in 837ms
4 Accuracy: 0.5188, trained in 12449ms, evaluated in 714ms
5 Accuracy: 0.5216, trained in 12427ms, evaluated in 1088ms
accuracy in training data: 0.517633
general accuracy: 0.5216
output: 0.5216

10000 data loaded from mnist_test_normalized.data
60000 data loaded from mnist_train_normalized.data
0 Accuracy: 0.1709 evaluated in 710ms
1 Accuracy: 0.437, trained in 13259ms, evaluated in 708ms
2 Accuracy: 0.4537, trained in 11834ms, evaluated in 827ms
3 Accuracy: 0.4642, trained in 20519ms, evaluated in 710ms
4 Accuracy: 0.4518, trained in 11933ms, evaluated in 702ms
5 Accuracy: 0.4722, trained in 12226ms, evaluated in 1073ms
accuracy in training data: 0.469417
general accuracy: 0.4722
output: 0.4722

============================================
testing convolutional weight learning rate=1.8873365958013648
============================================
10000 data loaded from mnist_test_normalized.data
60000 data loaded from mnist_train_normalized.data
0 Accuracy: 0.1416 evaluated in 711ms
1 Accuracy: 0.3537, trained in 12958ms, evaluated in 1079ms
2 Accuracy: 0.3474, trained in 18635ms, evaluated in 728ms
3 Accuracy: 0.3708, trained in 13815ms, evaluated in 842ms
4 Accuracy: 0.376, trained in 13892ms, evaluated in 758ms
5 Accuracy: 0.3833, trained in 17256ms, evaluated in 1079ms
accuracy in training data: 0.380983
general accuracy: 0.3833
output: 0.3833

10000 data loaded from mnist_test_normalized.data
60000 data loaded from mnist_train_normalized.data
0 Accuracy: 0.0866 evaluated in 839ms
1 Accuracy: 0.4616, trained in 14125ms, evaluated in 741ms
2 Accuracy: 0.4894, trained in 16794ms, evaluated in 715ms
3 Accuracy: 0.4916, trained in 15682ms, evaluated in 1072ms
4 Accuracy: 0.5004, trained in 13410ms, evaluated in 732ms
5 Accuracy: 0.4938, trained in 13663ms, evaluated in 724ms
accuracy in training data: 0.482317
general accuracy: 0.4938
output: 0.4938

10000 data loaded from mnist_test_normalized.data
60000 data loaded from mnist_train_normalized.data
0 Accuracy: 0.1009 evaluated in 712ms
1 Accuracy: 0.4461, trained in 11834ms, evaluated in 729ms
2 Accuracy: 0.4676, trained in 11903ms, evaluated in 721ms
3 Accuracy: 0.4785, trained in 11891ms, evaluated in 720ms
4 Accuracy: 0.4786, trained in 11908ms, evaluated in 718ms
5 Accuracy: 0.4796, trained in 14111ms, evaluated in 1100ms
accuracy in training data: 0.4624
general accuracy: 0.4796
output: 0.4796

============================================
testing convolutional weight learning rate=0.03549400631943672
============================================
============================================
testing convolutional weight learning rate=0.04288752094714616
============================================
10000 data loaded from mnist_test_normalized.data
60000 data loaded from mnist_train_normalized.data
0 Accuracy: 0.1149 evaluated in 1081ms
1 Accuracy: 0.5565, trained in 16096ms, evaluated in 706ms
2 Accuracy: 0.5822, trained in 12266ms, evaluated in 711ms
3 Accuracy: 0.5834, trained in 12223ms, evaluated in 1081ms
4 Accuracy: 0.6003, trained in 18762ms, evaluated in 1081ms
5 Accuracy: 0.599, trained in 14270ms, evaluated in 737ms
accuracy in training data: 0.58585
general accuracy: 0.599
output: 0.599

10000 data loaded from mnist_test_normalized.data
60000 data loaded from mnist_train_normalized.data
0 Accuracy: 0.0995 evaluated in 1077ms
1 Accuracy: 0.3897, trained in 18124ms, evaluated in 725ms
2 Accuracy: 0.4256, trained in 13854ms, evaluated in 837ms
3 Accuracy: 0.4354, trained in 16068ms, evaluated in 705ms
4 Accuracy: 0.4464, trained in 12626ms, evaluated in 742ms
5 Accuracy: 0.4431, trained in 17778ms, evaluated in 1076ms
accuracy in training data: 0.4408
general accuracy: 0.4431
output: 0.4431

10000 data loaded from mnist_test_normalized.data
60000 data loaded from mnist_train_normalized.data
0 Accuracy: 0.0492 evaluated in 1078ms
1 Accuracy: 0.4964, trained in 18088ms, evaluated in 722ms
2 Accuracy: 0.5183, trained in 13928ms, evaluated in 738ms
3 Accuracy: 0.5271, trained in 13472ms, evaluated in 1082ms
4 Accuracy: 0.544, trained in 16465ms, evaluated in 747ms
5 Accuracy: 0.5491, trained in 12841ms, evaluated in 719ms
accuracy in training data: 0.546817
general accuracy: 0.5491
output: 0.5491

============================================
testing convolutional weight learning rate=0.05182112823326646
============================================
10000 data loaded from mnist_test_normalized.data
60000 data loaded from mnist_train_normalized.data
0 Accuracy: 0.1066 evaluated in 720ms
1 Accuracy: 0.4688, trained in 13945ms, evaluated in 718ms
2 Accuracy: 0.4964, trained in 14457ms, evaluated in 725ms
3 Accuracy: 0.5091, trained in 14002ms, evaluated in 897ms
4 Accuracy: 0.5129, trained in 17470ms, evaluated in 1073ms
5 Accuracy: 0.5165, trained in 16491ms, evaluated in 710ms
accuracy in training data: 0.514883
general accuracy: 0.5165
output: 0.5165

10000 data loaded from mnist_test_normalized.data
60000 data loaded from mnist_train_normalized.data
0 Accuracy: 0.1005 evaluated in 1086ms
1 Accuracy: 0.5598, trained in 15119ms, evaluated in 1082ms
2 Accuracy: 0.5771, trained in 15789ms, evaluated in 729ms
3 Accuracy: 0.584, trained in 12968ms, evaluated in 744ms
4 Accuracy: 0.5818, trained in 13293ms, evaluated in 1087ms
5 Accuracy: 0.5914, trained in 16972ms, evaluated in 1081ms
accuracy in training data: 0.572667
general accuracy: 0.5914
output: 0.5914

10000 data loaded from mnist_test_normalized.data
60000 data loaded from mnist_train_normalized.data
0 Accuracy: 0.0925 evaluated in 716ms
1 Accuracy: 0.4616, trained in 11886ms, evaluated in 715ms
2 Accuracy: 0.4914, trained in 11906ms, evaluated in 716ms
3 Accuracy: 0.5095, trained in 11920ms, evaluated in 716ms
4 Accuracy: 0.5137, trained in 11913ms, evaluated in 720ms
5 Accuracy: 0.5176, trained in 11877ms, evaluated in 710ms
accuracy in training data: 0.505433
general accuracy: 0.5176
output: 0.5176

============================================
testing convolutional weight learning rate=0.06261563438647161
============================================
============================================
testing convolutional weight learning rate=0.05182112823326646
============================================
============================================
testing convolutional weight learning rate=0.055194885621482115
============================================
10000 data loaded from mnist_test_normalized.data
60000 data loaded from mnist_train_normalized.data
0 Accuracy: 0.0769 evaluated in 706ms
1 Accuracy: 0.6229, trained in 13431ms, evaluated in 1083ms
2 Accuracy: 0.6445, trained in 18721ms, evaluated in 1082ms
3 Accuracy: 0.6412, trained in 14683ms, evaluated in 742ms
4 Accuracy: 0.6399, trained in 15955ms, evaluated in 758ms
5 Accuracy: 0.6469, trained in 15155ms, evaluated in 715ms
accuracy in training data: 0.6324
general accuracy: 0.6469
output: 0.6469

10000 data loaded from mnist_test_normalized.data
60000 data loaded from mnist_train_normalized.data
0 Accuracy: 0.0917 evaluated in 711ms
1 Accuracy: 0.5156, trained in 11855ms, evaluated in 708ms
2 Accuracy: 0.5443, trained in 13047ms, evaluated in 711ms
3 Accuracy: 0.5612, trained in 12142ms, evaluated in 711ms
4 Accuracy: 0.5611, trained in 11912ms, evaluated in 712ms
5 Accuracy: 0.5759, trained in 11921ms, evaluated in 875ms
accuracy in training data: 0.5735
general accuracy: 0.5759
output: 0.5759

10000 data loaded from mnist_test_normalized.data
60000 data loaded from mnist_train_normalized.data
0 Accuracy: 0.1063 evaluated in 711ms
1 Accuracy: 0.4603, trained in 11857ms, evaluated in 702ms
2 Accuracy: 0.4717, trained in 11866ms, evaluated in 702ms
3 Accuracy: 0.4715, trained in 11916ms, evaluated in 698ms
4 Accuracy: 0.479, trained in 11879ms, evaluated in 707ms
5 Accuracy: 0.4895, trained in 11863ms, evaluated in 699ms
accuracy in training data: 0.476983
general accuracy: 0.4895
output: 0.4895

============================================
testing convolutional weight learning rate=0.058788287762766525
============================================
10000 data loaded from mnist_test_normalized.data
60000 data loaded from mnist_train_normalized.data
0 Accuracy: 0.0876 evaluated in 706ms
1 Accuracy: 0.4323, trained in 11979ms, evaluated in 752ms
2 Accuracy: 0.46, trained in 15150ms, evaluated in 1086ms
3 Accuracy: 0.4648, trained in 14192ms, evaluated in 1075ms
4 Accuracy: 0.4733, trained in 15079ms, evaluated in 712ms
5 Accuracy: 0.4664, trained in 12079ms, evaluated in 710ms
accuracy in training data: 0.458667
general accuracy: 0.4664
output: 0.4664

10000 data loaded from mnist_test_normalized.data
60000 data loaded from mnist_train_normalized.data
0 Accuracy: 0.1 evaluated in 714ms
1 Accuracy: 0.5256, trained in 12014ms, evaluated in 728ms
2 Accuracy: 0.5437, trained in 12474ms, evaluated in 1071ms
3 Accuracy: 0.5496, trained in 13674ms, evaluated in 704ms
4 Accuracy: 0.5715, trained in 13927ms, evaluated in 704ms
5 Accuracy: 0.5794, trained in 11832ms, evaluated in 700ms
accuracy in training data: 0.566967
general accuracy: 0.5794
output: 0.5794

10000 data loaded from mnist_test_normalized.data
60000 data loaded from mnist_train_normalized.data
0 Accuracy: 0.0935 evaluated in 709ms
1 Accuracy: 0.4849, trained in 14342ms, evaluated in 1086ms
2 Accuracy: 0.4984, trained in 12838ms, evaluated in 705ms
3 Accuracy: 0.5022, trained in 11874ms, evaluated in 705ms
4 Accuracy: 0.5144, trained in 11709ms, evaluated in 702ms
5 Accuracy: 0.5125, trained in 11707ms, evaluated in 695ms
accuracy in training data: 0.489217
general accuracy: 0.5125
output: 0.5125

============================================
testing convolutional weight learning rate=0.06261563438647162
============================================
============================================
Done looking for best convolutional weight learning rate, found 0.053481410280688174 to be best
============================================
I am done: the best parameters are: [0.30069656762468894, 0.13168724279835392, 0.053481410280688174, 0.13168724279835392, 0.0, 0.0]
Traceback (most recent call last):
  File "train/findBestParams.py", line 79, in <module>
    with open(input(), "w") as file:
OSError: [Errno 9] Bad file descriptor
