/home/hannah/neuralnetwork
testing fully connected weight learning rate=0.005836199362722949
============================================
10000 data loaded from mnist_test_normalized.data
60000 data loaded from mnist_train_normalized.data
0 Accuracy: 0.1271 evaluated in 338ms
1 Accuracy: 0.3221, trained in 5232ms, evaluated in 339ms
2 Accuracy: 0.3435, trained in 5236ms, evaluated in 338ms
3 Accuracy: 0.3537, trained in 3877ms, evaluated in 233ms
4 Accuracy: 0.3673, trained in 3150ms, evaluated in 231ms
5 Accuracy: 0.3903, trained in 3171ms, evaluated in 227ms
accuracy in training data: 0.382017
general accuracy: 0.3903
output: 0.3903

10000 data loaded from mnist_test_normalized.data
60000 data loaded from mnist_train_normalized.data
0 Accuracy: 0.1268 evaluated in 230ms
1 Accuracy: 0.355, trained in 3161ms, evaluated in 228ms
2 Accuracy: 0.3796, trained in 3182ms, evaluated in 233ms
3 Accuracy: 0.3865, trained in 3195ms, evaluated in 226ms
4 Accuracy: 0.3944, trained in 3170ms, evaluated in 234ms
5 Accuracy: 0.4061, trained in 3192ms, evaluated in 232ms
accuracy in training data: 0.398483
general accuracy: 0.4061
output: 0.4061

10000 data loaded from mnist_test_normalized.data
60000 data loaded from mnist_train_normalized.data
0 Accuracy: 0.1141 evaluated in 259ms
1 Accuracy: 0.3293, trained in 5337ms, evaluated in 344ms
2 Accuracy: 0.3504, trained in 3803ms, evaluated in 343ms
3 Accuracy: 0.3741, trained in 5338ms, evaluated in 347ms
4 Accuracy: 0.3886, trained in 4729ms, evaluated in 239ms
5 Accuracy: 0.4026, trained in 5363ms, evaluated in 344ms
accuracy in training data: 0.405583
general accuracy: 0.4026
output: 0.4026

============================================
testing fully connected weight learning rate=0.010295747462655495
============================================
10000 data loaded from mnist_test_normalized.data
60000 data loaded from mnist_train_normalized.data
0 Accuracy: 0.0768 evaluated in 269ms
1 Accuracy: 0.3346, trained in 3262ms, evaluated in 231ms
2 Accuracy: 0.3464, trained in 4313ms, evaluated in 343ms
3 Accuracy: 0.3722, trained in 3479ms, evaluated in 232ms
4 Accuracy: 0.3851, trained in 5134ms, evaluated in 346ms
5 Accuracy: 0.4025, trained in 4449ms, evaluated in 339ms
accuracy in training data: 0.40355
general accuracy: 0.4025
output: 0.4025

10000 data loaded from mnist_test_normalized.data
60000 data loaded from mnist_train_normalized.data
0 Accuracy: 0.1074 evaluated in 340ms
1 Accuracy: 0.3455, trained in 3298ms, evaluated in 245ms
2 Accuracy: 0.3732, trained in 3273ms, evaluated in 234ms
3 Accuracy: 0.3896, trained in 3308ms, evaluated in 247ms
4 Accuracy: 0.4019, trained in 3271ms, evaluated in 240ms
5 Accuracy: 0.4153, trained in 4682ms, evaluated in 315ms
accuracy in training data: 0.403617
general accuracy: 0.4153
output: 0.4153

10000 data loaded from mnist_test_normalized.data
60000 data loaded from mnist_train_normalized.data
0 Accuracy: 0.1012 evaluated in 232ms
1 Accuracy: 0.3223, trained in 3204ms, evaluated in 233ms
2 Accuracy: 0.3433, trained in 3225ms, evaluated in 230ms
3 Accuracy: 0.3505, trained in 3185ms, evaluated in 234ms
4 Accuracy: 0.3725, trained in 3217ms, evaluated in 233ms
5 Accuracy: 0.375, trained in 3211ms, evaluated in 233ms
accuracy in training data: 0.36845
general accuracy: 0.375
output: 0.375

============================================
testing fully connected weight learning rate=0.018162918918061148
============================================
10000 data loaded from mnist_test_normalized.data
60000 data loaded from mnist_train_normalized.data
0 Accuracy: 0.0841 evaluated in 231ms
1 Accuracy: 0.3639, trained in 3201ms, evaluated in 232ms
2 Accuracy: 0.3845, trained in 3191ms, evaluated in 233ms
3 Accuracy: 0.4104, trained in 3215ms, evaluated in 235ms
4 Accuracy: 0.4201, trained in 3208ms, evaluated in 237ms
5 Accuracy: 0.4341, trained in 3192ms, evaluated in 230ms
accuracy in training data: 0.425867
general accuracy: 0.4341
output: 0.4341

10000 data loaded from mnist_test_normalized.data
60000 data loaded from mnist_train_normalized.data
0 Accuracy: 0.1008 evaluated in 233ms
1 Accuracy: 0.387, trained in 4246ms, evaluated in 347ms
2 Accuracy: 0.4216, trained in 5117ms, evaluated in 233ms
3 Accuracy: 0.4374, trained in 3181ms, evaluated in 231ms
4 Accuracy: 0.4459, trained in 3189ms, evaluated in 231ms
5 Accuracy: 0.4485, trained in 3194ms, evaluated in 231ms
accuracy in training data: 0.440617
general accuracy: 0.4485
output: 0.4485

10000 data loaded from mnist_test_normalized.data
60000 data loaded from mnist_train_normalized.data
0 Accuracy: 0.1144 evaluated in 352ms
1 Accuracy: 0.3586, trained in 5382ms, evaluated in 234ms
2 Accuracy: 0.3769, trained in 4361ms, evaluated in 236ms
3 Accuracy: 0.3961, trained in 3204ms, evaluated in 235ms
4 Accuracy: 0.4042, trained in 3220ms, evaluated in 238ms
5 Accuracy: 0.4127, trained in 3227ms, evaluated in 234ms
accuracy in training data: 0.406067
general accuracy: 0.4127
output: 0.4127

============================================
testing fully connected weight learning rate=0.03204154189102239
============================================
10000 data loaded from mnist_test_normalized.data
60000 data loaded from mnist_train_normalized.data
0 Accuracy: 0.0893 evaluated in 344ms
1 Accuracy: 0.405, trained in 3875ms, evaluated in 240ms
2 Accuracy: 0.4383, trained in 4442ms, evaluated in 353ms
3 Accuracy: 0.4471, trained in 3975ms, evaluated in 234ms
4 Accuracy: 0.4663, trained in 3229ms, evaluated in 233ms
5 Accuracy: 0.472, trained in 3241ms, evaluated in 261ms
accuracy in training data: 0.467233
general accuracy: 0.472
output: 0.472

10000 data loaded from mnist_test_normalized.data
60000 data loaded from mnist_train_normalized.data
0 Accuracy: 0.0888 evaluated in 238ms
1 Accuracy: 0.3297, trained in 4223ms, evaluated in 231ms
2 Accuracy: 0.3634, trained in 3856ms, evaluated in 349ms
3 Accuracy: 0.3823, trained in 5146ms, evaluated in 349ms
4 Accuracy: 0.3926, trained in 5420ms, evaluated in 351ms
5 Accuracy: 0.397, trained in 5431ms, evaluated in 351ms
accuracy in training data: 0.38125
general accuracy: 0.397
output: 0.397

10000 data loaded from mnist_test_normalized.data
60000 data loaded from mnist_train_normalized.data
0 Accuracy: 0.0806 evaluated in 232ms
1 Accuracy: 0.4108, trained in 3796ms, evaluated in 352ms
2 Accuracy: 0.4336, trained in 4925ms, evaluated in 235ms
3 Accuracy: 0.4553, trained in 3242ms, evaluated in 233ms
4 Accuracy: 0.4674, trained in 3226ms, evaluated in 238ms
5 Accuracy: 0.4732, trained in 3213ms, evaluated in 237ms
accuracy in training data: 0.462567
general accuracy: 0.4732
output: 0.4732

============================================
testing fully connected weight learning rate=0.05652507790106549
============================================
10000 data loaded from mnist_test_normalized.data
60000 data loaded from mnist_train_normalized.data
0 Accuracy: 0.1295 evaluated in 351ms
1 Accuracy: 0.3678, trained in 5423ms, evaluated in 350ms
2 Accuracy: 0.3806, trained in 5409ms, evaluated in 350ms
3 Accuracy: 0.4019, trained in 5438ms, evaluated in 351ms
4 Accuracy: 0.4085, trained in 5424ms, evaluated in 350ms
5 Accuracy: 0.4134, trained in 4499ms, evaluated in 238ms
accuracy in training data: 0.398617
general accuracy: 0.4134
output: 0.4134

10000 data loaded from mnist_test_normalized.data
60000 data loaded from mnist_train_normalized.data
0 Accuracy: 0.097 evaluated in 340ms
1 Accuracy: 0.4269, trained in 3729ms, evaluated in 232ms
2 Accuracy: 0.4515, trained in 3197ms, evaluated in 235ms
3 Accuracy: 0.4592, trained in 3200ms, evaluated in 233ms
4 Accuracy: 0.4705, trained in 3202ms, evaluated in 232ms
5 Accuracy: 0.4724, trained in 3967ms, evaluated in 313ms
accuracy in training data: 0.456633
general accuracy: 0.4724
output: 0.4724

10000 data loaded from mnist_test_normalized.data
60000 data loaded from mnist_train_normalized.data
0 Accuracy: 0.1014 evaluated in 232ms
1 Accuracy: 0.4215, trained in 3223ms, evaluated in 239ms
2 Accuracy: 0.4767, trained in 3204ms, evaluated in 232ms
3 Accuracy: 0.4995, trained in 3206ms, evaluated in 232ms
4 Accuracy: 0.5101, trained in 3213ms, evaluated in 235ms
5 Accuracy: 0.5188, trained in 3210ms, evaluated in 239ms
accuracy in training data: 0.497667
general accuracy: 0.5188
output: 0.5188

============================================
testing fully connected weight learning rate=0.0997169375490242
============================================
10000 data loaded from mnist_test_normalized.data
60000 data loaded from mnist_train_normalized.data
0 Accuracy: 0.1255 evaluated in 233ms
1 Accuracy: 0.5049, trained in 3193ms, evaluated in 234ms
2 Accuracy: 0.5286, trained in 3227ms, evaluated in 231ms
3 Accuracy: 0.5317, trained in 3177ms, evaluated in 231ms
4 Accuracy: 0.5457, trained in 3202ms, evaluated in 232ms
5 Accuracy: 0.5475, trained in 3218ms, evaluated in 234ms
accuracy in training data: 0.537983
general accuracy: 0.5475
output: 0.5475

10000 data loaded from mnist_test_normalized.data
60000 data loaded from mnist_train_normalized.data
0 Accuracy: 0.0622 evaluated in 351ms
1 Accuracy: 0.3879, trained in 5416ms, evaluated in 351ms
2 Accuracy: 0.4037, trained in 5277ms, evaluated in 231ms
3 Accuracy: 0.4229, trained in 3307ms, evaluated in 231ms
4 Accuracy: 0.4278, trained in 3662ms, evaluated in 350ms
5 Accuracy: 0.428, trained in 5409ms, evaluated in 350ms
accuracy in training data: 0.410117
general accuracy: 0.428
output: 0.428

10000 data loaded from mnist_test_normalized.data
60000 data loaded from mnist_train_normalized.data
0 Accuracy: 0.105 evaluated in 353ms
1 Accuracy: 0.421, trained in 5444ms, evaluated in 352ms
2 Accuracy: 0.429, trained in 5436ms, evaluated in 352ms
3 Accuracy: 0.4328, trained in 4440ms, evaluated in 252ms
4 Accuracy: 0.4379, trained in 3256ms, evaluated in 243ms
5 Accuracy: 0.4457, trained in 3828ms, evaluated in 352ms
accuracy in training data: 0.441317
general accuracy: 0.4457
output: 0.4457

============================================
testing fully connected weight learning rate=0.1759124976627155
============================================
10000 data loaded from mnist_test_normalized.data
60000 data loaded from mnist_train_normalized.data
0 Accuracy: 0.0772 evaluated in 349ms
1 Accuracy: 0.441, trained in 4156ms, evaluated in 240ms
2 Accuracy: 0.4676, trained in 3333ms, evaluated in 233ms
3 Accuracy: 0.4609, trained in 3539ms, evaluated in 241ms
4 Accuracy: 0.4787, trained in 5031ms, evaluated in 350ms
5 Accuracy: 0.4788, trained in 4137ms, evaluated in 348ms
accuracy in training data: 0.466417
general accuracy: 0.4788
output: 0.4788

10000 data loaded from mnist_test_normalized.data
60000 data loaded from mnist_train_normalized.data
0 Accuracy: 0.1059 evaluated in 352ms
1 Accuracy: 0.47, trained in 5466ms, evaluated in 352ms
2 Accuracy: 0.4864, trained in 3911ms, evaluated in 241ms
3 Accuracy: 0.4937, trained in 4854ms, evaluated in 259ms
4 Accuracy: 0.4951, trained in 4176ms, evaluated in 337ms
5 Accuracy: 0.5019, trained in 3632ms, evaluated in 234ms
accuracy in training data: 0.4791
general accuracy: 0.5019
output: 0.5019

10000 data loaded from mnist_test_normalized.data
60000 data loaded from mnist_train_normalized.data
0 Accuracy: 0.1641 evaluated in 236ms
1 Accuracy: 0.4142, trained in 3176ms, evaluated in 240ms
2 Accuracy: 0.4255, trained in 3448ms, evaluated in 233ms
3 Accuracy: 0.4429, trained in 3294ms, evaluated in 237ms
4 Accuracy: 0.4459, trained in 3250ms, evaluated in 235ms
5 Accuracy: 0.4518, trained in 4595ms, evaluated in 350ms
accuracy in training data: 0.447483
general accuracy: 0.4518
output: 0.4518

============================================
testing fully connected weight learning rate=0.31033049745156055
============================================
10000 data loaded from mnist_test_normalized.data
60000 data loaded from mnist_train_normalized.data
0 Accuracy: 0.0888 evaluated in 240ms
1 Accuracy: 0.4477, trained in 4399ms, evaluated in 352ms
2 Accuracy: 0.4602, trained in 5123ms, evaluated in 347ms
3 Accuracy: 0.4658, trained in 5398ms, evaluated in 344ms
4 Accuracy: 0.4751, trained in 5290ms, evaluated in 346ms
5 Accuracy: 0.4688, trained in 3832ms, evaluated in 234ms
accuracy in training data: 0.460867
general accuracy: 0.4688
output: 0.4688

10000 data loaded from mnist_test_normalized.data
60000 data loaded from mnist_train_normalized.data
0 Accuracy: 0.069 evaluated in 236ms
1 Accuracy: 0.4899, trained in 3600ms, evaluated in 351ms
2 Accuracy: 0.5039, trained in 5352ms, evaluated in 353ms
3 Accuracy: 0.5172, trained in 5418ms, evaluated in 352ms
4 Accuracy: 0.5213, trained in 3695ms, evaluated in 233ms
5 Accuracy: 0.5149, trained in 4267ms, evaluated in 349ms
accuracy in training data: 0.506867
general accuracy: 0.5149
output: 0.5149

10000 data loaded from mnist_test_normalized.data
60000 data loaded from mnist_train_normalized.data
0 Accuracy: 0.0861 evaluated in 350ms
1 Accuracy: 0.4299, trained in 5370ms, evaluated in 342ms
2 Accuracy: 0.4415, trained in 4832ms, evaluated in 319ms
3 Accuracy: 0.4494, trained in 5355ms, evaluated in 343ms
4 Accuracy: 0.4488, trained in 4266ms, evaluated in 242ms
5 Accuracy: 0.4515, trained in 3294ms, evaluated in 237ms
accuracy in training data: 0.448567
general accuracy: 0.4515
output: 0.4515

============================================
testing fully connected weight learning rate=0.5474597821536406
============================================
10000 data loaded from mnist_test_normalized.data
60000 data loaded from mnist_train_normalized.data
0 Accuracy: 0.1019 evaluated in 239ms
1 Accuracy: 0.3994, trained in 4515ms, evaluated in 349ms
2 Accuracy: 0.4198, trained in 4818ms, evaluated in 350ms
3 Accuracy: 0.4152, trained in 5343ms, evaluated in 323ms
4 Accuracy: 0.4119, trained in 3280ms, evaluated in 235ms
5 Accuracy: 0.4373, trained in 3334ms, evaluated in 316ms
accuracy in training data: 0.437717
general accuracy: 0.4373
output: 0.4373

10000 data loaded from mnist_test_normalized.data
60000 data loaded from mnist_train_normalized.data
0 Accuracy: 0.1405 evaluated in 237ms
1 Accuracy: 0.4472, trained in 3322ms, evaluated in 350ms
2 Accuracy: 0.4495, trained in 4950ms, evaluated in 348ms
3 Accuracy: 0.4439, trained in 3850ms, evaluated in 235ms
4 Accuracy: 0.4471, trained in 3225ms, evaluated in 232ms
5 Accuracy: 0.4567, trained in 3215ms, evaluated in 231ms
accuracy in training data: 0.451633
general accuracy: 0.4567
output: 0.4567

10000 data loaded from mnist_test_normalized.data
60000 data loaded from mnist_train_normalized.data
0 Accuracy: 0.0936 evaluated in 232ms
1 Accuracy: 0.4927, trained in 3218ms, evaluated in 232ms
2 Accuracy: 0.4975, trained in 3435ms, evaluated in 232ms
3 Accuracy: 0.5024, trained in 3218ms, evaluated in 231ms
4 Accuracy: 0.5022, trained in 3204ms, evaluated in 233ms
5 Accuracy: 0.5006, trained in 3212ms, evaluated in 232ms
accuracy in training data: 0.488133
general accuracy: 0.5006
output: 0.5006

============================================
testing fully connected weight learning rate=0.9657839482002364
============================================
10000 data loaded from mnist_test_normalized.data
60000 data loaded from mnist_train_normalized.data
0 Accuracy: 0.0587 evaluated in 234ms
1 Accuracy: 0.4347, trained in 3220ms, evaluated in 233ms
2 Accuracy: 0.4568, trained in 3223ms, evaluated in 234ms
3 Accuracy: 0.4521, trained in 3242ms, evaluated in 238ms
4 Accuracy: 0.4457, trained in 3204ms, evaluated in 236ms
5 Accuracy: 0.4537, trained in 3207ms, evaluated in 233ms
accuracy in training data: 0.449833
general accuracy: 0.4537
output: 0.4537

10000 data loaded from mnist_test_normalized.data
60000 data loaded from mnist_train_normalized.data
0 Accuracy: 0.0889 evaluated in 313ms
1 Accuracy: 0.4369, trained in 3209ms, evaluated in 286ms
2 Accuracy: 0.4853, trained in 4258ms, evaluated in 232ms
3 Accuracy: 0.4629, trained in 3204ms, evaluated in 232ms
4 Accuracy: 0.4665, trained in 3197ms, evaluated in 232ms
5 Accuracy: 0.4691, trained in 3213ms, evaluated in 231ms
accuracy in training data: 0.466883
general accuracy: 0.4691
output: 0.4691

10000 data loaded from mnist_test_normalized.data
60000 data loaded from mnist_train_normalized.data
0 Accuracy: 0.1014 evaluated in 350ms
1 Accuracy: 0.4745, trained in 5486ms, evaluated in 346ms
2 Accuracy: 0.4846, trained in 3632ms, evaluated in 234ms
3 Accuracy: 0.4869, trained in 3254ms, evaluated in 236ms
4 Accuracy: 0.4871, trained in 3263ms, evaluated in 241ms
5 Accuracy: 0.4956, trained in 3255ms, evaluated in 231ms
accuracy in training data: 0.48715
general accuracy: 0.4956
output: 0.4956

============================================
testing fully connected weight learning rate=1.7037573626540308
============================================
10000 data loaded from mnist_test_normalized.data
60000 data loaded from mnist_train_normalized.data
0 Accuracy: 0.0915 evaluated in 233ms
1 Accuracy: 0.4812, trained in 3743ms, evaluated in 233ms
2 Accuracy: 0.5054, trained in 3229ms, evaluated in 234ms
3 Accuracy: 0.4633, trained in 3244ms, evaluated in 240ms
4 Accuracy: 0.4866, trained in 3610ms, evaluated in 313ms
5 Accuracy: 0.5098, trained in 4220ms, evaluated in 235ms
accuracy in training data: 0.500033
general accuracy: 0.5098
output: 0.5098

10000 data loaded from mnist_test_normalized.data
60000 data loaded from mnist_train_normalized.data
0 Accuracy: 0.0962 evaluated in 321ms
1 Accuracy: 0.4361, trained in 3214ms, evaluated in 237ms
2 Accuracy: 0.4675, trained in 3226ms, evaluated in 233ms
3 Accuracy: 0.4578, trained in 3229ms, evaluated in 235ms
4 Accuracy: 0.4527, trained in 3270ms, evaluated in 234ms
5 Accuracy: 0.4552, trained in 3237ms, evaluated in 240ms
accuracy in training data: 0.441183
general accuracy: 0.4552
output: 0.4552

10000 data loaded from mnist_test_normalized.data
60000 data loaded from mnist_train_normalized.data
0 Accuracy: 0.0711 evaluated in 237ms
1 Accuracy: 0.4586, trained in 3459ms, evaluated in 352ms
2 Accuracy: 0.4763, trained in 3239ms, evaluated in 234ms
3 Accuracy: 0.4439, trained in 3199ms, evaluated in 234ms
4 Accuracy: 0.4467, trained in 3269ms, evaluated in 234ms
5 Accuracy: 0.4595, trained in 3655ms, evaluated in 351ms
accuracy in training data: 0.459567
general accuracy: 0.4595
output: 0.4595

============================================
testing fully connected weight learning rate=0.1759124976627155
============================================
============================================
testing fully connected weight learning rate=0.21255563151920456
============================================
10000 data loaded from mnist_test_normalized.data
60000 data loaded from mnist_train_normalized.data
0 Accuracy: 0.1022 evaluated in 232ms
1 Accuracy: 0.4788, trained in 3212ms, evaluated in 233ms
2 Accuracy: 0.495, trained in 3286ms, evaluated in 312ms
3 Accuracy: 0.5018, trained in 3824ms, evaluated in 238ms
4 Accuracy: 0.508, trained in 3566ms, evaluated in 242ms
5 Accuracy: 0.5124, trained in 3248ms, evaluated in 228ms
accuracy in training data: 0.513567
general accuracy: 0.5124
output: 0.5124

10000 data loaded from mnist_test_normalized.data
60000 data loaded from mnist_train_normalized.data
0 Accuracy: 0.1012 evaluated in 247ms
1 Accuracy: 0.5113, trained in 4146ms, evaluated in 244ms
2 Accuracy: 0.5227, trained in 3946ms, evaluated in 230ms
3 Accuracy: 0.5391, trained in 3567ms, evaluated in 349ms
4 Accuracy: 0.5396, trained in 3376ms, evaluated in 236ms
5 Accuracy: 0.5388, trained in 3258ms, evaluated in 234ms
accuracy in training data: 0.5303
general accuracy: 0.5388
output: 0.5388

10000 data loaded from mnist_test_normalized.data
60000 data loaded from mnist_train_normalized.data
0 Accuracy: 0.1002 evaluated in 244ms
1 Accuracy: 0.4591, trained in 3318ms, evaluated in 243ms
2 Accuracy: 0.4771, trained in 3852ms, evaluated in 237ms
3 Accuracy: 0.4797, trained in 3623ms, evaluated in 332ms
4 Accuracy: 0.4856, trained in 3682ms, evaluated in 236ms
5 Accuracy: 0.4859, trained in 3281ms, evaluated in 236ms
accuracy in training data: 0.488267
general accuracy: 0.4859
output: 0.4859

============================================
testing fully connected weight learning rate=0.25683164693138066
============================================
10000 data loaded from mnist_test_normalized.data
60000 data loaded from mnist_train_normalized.data
0 Accuracy: 0.1374 evaluated in 235ms
1 Accuracy: 0.4676, trained in 4474ms, evaluated in 347ms
2 Accuracy: 0.4823, trained in 4516ms, evaluated in 281ms
3 Accuracy: 0.4831, trained in 4369ms, evaluated in 349ms
4 Accuracy: 0.4892, trained in 5294ms, evaluated in 280ms
5 Accuracy: 0.4956, trained in 3240ms, evaluated in 234ms
accuracy in training data: 0.488283
general accuracy: 0.4956
output: 0.4956

10000 data loaded from mnist_test_normalized.data
60000 data loaded from mnist_train_normalized.data
0 Accuracy: 0.1559 evaluated in 233ms
1 Accuracy: 0.4403, trained in 3220ms, evaluated in 234ms
2 Accuracy: 0.4529, trained in 3212ms, evaluated in 234ms
3 Accuracy: 0.4657, trained in 3213ms, evaluated in 233ms
4 Accuracy: 0.4698, trained in 3220ms, evaluated in 234ms
5 Accuracy: 0.4735, trained in 3217ms, evaluated in 234ms
accuracy in training data: 0.466433
general accuracy: 0.4735
output: 0.4735

10000 data loaded from mnist_test_normalized.data
60000 data loaded from mnist_train_normalized.data
0 Accuracy: 0.0623 evaluated in 234ms
1 Accuracy: 0.474, trained in 3223ms, evaluated in 234ms
2 Accuracy: 0.4986, trained in 4584ms, evaluated in 349ms
3 Accuracy: 0.5059, trained in 4619ms, evaluated in 243ms
4 Accuracy: 0.5023, trained in 3493ms, evaluated in 233ms
5 Accuracy: 0.5072, trained in 3387ms, evaluated in 315ms
accuracy in training data: 0.499417
general accuracy: 0.5072
output: 0.5072

============================================
testing fully connected weight learning rate=0.3103304974515606
============================================
============================================
testing fully connected weight learning rate=0.21255563151920456
============================================
============================================
testing fully connected weight learning rate=0.2263938314328917
============================================
10000 data loaded from mnist_test_normalized.data
60000 data loaded from mnist_train_normalized.data
0 Accuracy: 0.1169 evaluated in 238ms
1 Accuracy: 0.4476, trained in 4253ms, evaluated in 351ms
2 Accuracy: 0.4611, trained in 5051ms, evaluated in 234ms
3 Accuracy: 0.4747, trained in 3457ms, evaluated in 271ms
4 Accuracy: 0.4785, trained in 3656ms, evaluated in 324ms
5 Accuracy: 0.4768, trained in 3760ms, evaluated in 345ms
accuracy in training data: 0.455017
general accuracy: 0.4768
output: 0.4768

10000 data loaded from mnist_test_normalized.data
60000 data loaded from mnist_train_normalized.data
0 Accuracy: 0.1157 evaluated in 351ms
1 Accuracy: 0.5174, trained in 4082ms, evaluated in 353ms
2 Accuracy: 0.5295, trained in 3851ms, evaluated in 243ms
3 Accuracy: 0.5427, trained in 4268ms, evaluated in 245ms
4 Accuracy: 0.5426, trained in 3750ms, evaluated in 340ms
5 Accuracy: 0.5475, trained in 3415ms, evaluated in 237ms
accuracy in training data: 0.532733
general accuracy: 0.5475
output: 0.5475

10000 data loaded from mnist_test_normalized.data
60000 data loaded from mnist_train_normalized.data
0 Accuracy: 0.1122 evaluated in 349ms
1 Accuracy: 0.3715, trained in 4008ms, evaluated in 236ms
2 Accuracy: 0.3868, trained in 3310ms, evaluated in 239ms
3 Accuracy: 0.3966, trained in 3293ms, evaluated in 237ms
4 Accuracy: 0.4064, trained in 4498ms, evaluated in 344ms
5 Accuracy: 0.4125, trained in 3909ms, evaluated in 350ms
accuracy in training data: 0.415683
general accuracy: 0.4125
output: 0.4125

============================================
testing fully connected weight learning rate=0.24113295208663402
============================================
10000 data loaded from mnist_test_normalized.data
60000 data loaded from mnist_train_normalized.data
0 Accuracy: 0.1059 evaluated in 238ms
1 Accuracy: 0.4539, trained in 3201ms, evaluated in 235ms
2 Accuracy: 0.4661, trained in 3223ms, evaluated in 235ms
3 Accuracy: 0.4672, trained in 4255ms, evaluated in 348ms
4 Accuracy: 0.4746, trained in 5394ms, evaluated in 349ms
5 Accuracy: 0.4783, trained in 5387ms, evaluated in 293ms
accuracy in training data: 0.474067
general accuracy: 0.4783
output: 0.4783

10000 data loaded from mnist_test_normalized.data
60000 data loaded from mnist_train_normalized.data
0 Accuracy: 0.1222 evaluated in 232ms
1 Accuracy: 0.4639, trained in 3224ms, evaluated in 237ms
2 Accuracy: 0.4809, trained in 3232ms, evaluated in 235ms
3 Accuracy: 0.4812, trained in 3165ms, evaluated in 229ms
4 Accuracy: 0.491, trained in 3187ms, evaluated in 228ms
5 Accuracy: 0.4981, trained in 4985ms, evaluated in 350ms
accuracy in training data: 0.4821
general accuracy: 0.4981
output: 0.4981

10000 data loaded from mnist_test_normalized.data
60000 data loaded from mnist_train_normalized.data
0 Accuracy: 0.075 evaluated in 235ms
1 Accuracy: 0.3822, trained in 3227ms, evaluated in 237ms
2 Accuracy: 0.3911, trained in 3173ms, evaluated in 233ms
3 Accuracy: 0.3937, trained in 3176ms, evaluated in 230ms
4 Accuracy: 0.3982, trained in 3551ms, evaluated in 308ms
5 Accuracy: 0.4049, trained in 4890ms, evaluated in 348ms
accuracy in training data: 0.4063
general accuracy: 0.4049
output: 0.4049

============================================
testing fully connected weight learning rate=0.2568316469313806
============================================
============================================
Done looking for best fully connected weight learning rate, found 0.2193656395433675 to be best
testing convolutional weight learning rate=0.006465047711078525
============================================
10000 data loaded from mnist_test_normalized.data
60000 data loaded from mnist_train_normalized.data
0 Accuracy: 0.1036 evaluated in 709ms
1 Accuracy: 0.3761, trained in 14986ms, evaluated in 697ms
2 Accuracy: 0.403, trained in 19071ms, evaluated in 1082ms
3 Accuracy: 0.4099, trained in 20599ms, evaluated in 1081ms
4 Accuracy: 0.4232, trained in 12577ms, evaluated in 696ms
5 Accuracy: 0.43, trained in 19173ms, evaluated in 1071ms
accuracy in training data: 0.428167
general accuracy: 0.43
output: 0.43

10000 data loaded from mnist_test_normalized.data
60000 data loaded from mnist_train_normalized.data
0 Accuracy: 0.0966 evaluated in 706ms
1 Accuracy: 0.3156, trained in 11860ms, evaluated in 705ms
2 Accuracy: 0.3442, trained in 15664ms, evaluated in 1084ms
3 Accuracy: 0.3526, trained in 15521ms, evaluated in 703ms
4 Accuracy: 0.3699, trained in 13958ms, evaluated in 702ms
5 Accuracy: 0.3603, trained in 14150ms, evaluated in 709ms
accuracy in training data: 0.357733
general accuracy: 0.3603
output: 0.3603

10000 data loaded from mnist_test_normalized.data
60000 data loaded from mnist_train_normalized.data
0 Accuracy: 0.1194 evaluated in 1089ms
1 Accuracy: 0.487, trained in 12268ms, evaluated in 711ms
2 Accuracy: 0.5011, trained in 12800ms, evaluated in 932ms
3 Accuracy: 0.519, trained in 17894ms, evaluated in 709ms
4 Accuracy: 0.5161, trained in 16123ms, evaluated in 1086ms
5 Accuracy: 0.5246, trained in 16175ms, evaluated in 1100ms
accuracy in training data: 0.51845
general accuracy: 0.5246
output: 0.5246

============================================
testing convolutional weight learning rate=0.011405110488930916
============================================
10000 data loaded from mnist_test_normalized.data
60000 data loaded from mnist_train_normalized.data
0 Accuracy: 0.102 evaluated in 714ms
1 Accuracy: 0.5345, trained in 13126ms, evaluated in 705ms
2 Accuracy: 0.558, trained in 16163ms, evaluated in 1082ms
3 Accuracy: 0.5569, trained in 18060ms, evaluated in 712ms
4 Accuracy: 0.5642, trained in 16146ms, evaluated in 1093ms
5 Accuracy: 0.5665, trained in 13374ms, evaluated in 723ms
accuracy in training data: 0.567033
general accuracy: 0.5665
output: 0.5665

10000 data loaded from mnist_test_normalized.data
60000 data loaded from mnist_train_normalized.data
0 Accuracy: 0.0543 evaluated in 1090ms
1 Accuracy: 0.3849, trained in 16076ms, evaluated in 807ms
2 Accuracy: 0.4155, trained in 17241ms, evaluated in 703ms
3 Accuracy: 0.4319, trained in 11870ms, evaluated in 705ms
4 Accuracy: 0.4373, trained in 14709ms, evaluated in 1073ms
5 Accuracy: 0.4495, trained in 18476ms, evaluated in 736ms
accuracy in training data: 0.437167
general accuracy: 0.4495
output: 0.4495

10000 data loaded from mnist_test_normalized.data
60000 data loaded from mnist_train_normalized.data
0 Accuracy: 0.1009 evaluated in 807ms
1 Accuracy: 0.4206, trained in 18527ms, evaluated in 734ms
2 Accuracy: 0.4493, trained in 13203ms, evaluated in 731ms
3 Accuracy: 0.4549, trained in 15690ms, evaluated in 770ms
4 Accuracy: 0.4655, trained in 13860ms, evaluated in 714ms
5 Accuracy: 0.4701, trained in 12292ms, evaluated in 807ms
accuracy in training data: 0.448367
general accuracy: 0.4701
output: 0.4701

============================================
testing convolutional weight learning rate=0.020119966793411662
============================================
10000 data loaded from mnist_test_normalized.data
60000 data loaded from mnist_train_normalized.data
0 Accuracy: 0.0964 evaluated in 1062ms
1 Accuracy: 0.3285, trained in 13273ms, evaluated in 693ms
2 Accuracy: 0.3539, trained in 16740ms, evaluated in 1073ms
3 Accuracy: 0.3669, trained in 15338ms, evaluated in 1063ms
4 Accuracy: 0.3738, trained in 13262ms, evaluated in 700ms
5 Accuracy: 0.3918, trained in 16629ms, evaluated in 687ms
accuracy in training data: 0.389267
general accuracy: 0.3918
output: 0.3918

10000 data loaded from mnist_test_normalized.data
60000 data loaded from mnist_train_normalized.data
0 Accuracy: 0.1031 evaluated in 700ms
1 Accuracy: 0.3462, trained in 15545ms, evaluated in 704ms
2 Accuracy: 0.3681, trained in 13537ms, evaluated in 718ms
3 Accuracy: 0.3803, trained in 12238ms, evaluated in 718ms
4 Accuracy: 0.3816, trained in 13974ms, evaluated in 734ms
5 Accuracy: 0.3891, trained in 13389ms, evaluated in 724ms
accuracy in training data: 0.382817
general accuracy: 0.3891
output: 0.3891

10000 data loaded from mnist_test_normalized.data
60000 data loaded from mnist_train_normalized.data
0 Accuracy: 0.0921 evaluated in 1080ms
1 Accuracy: 0.5755, trained in 15267ms, evaluated in 1084ms
2 Accuracy: 0.5855, trained in 15133ms, evaluated in 734ms
3 Accuracy: 0.5974, trained in 13277ms, evaluated in 1103ms
4 Accuracy: 0.581, trained in 14619ms, evaluated in 713ms
5 Accuracy: 0.596, trained in 19512ms, evaluated in 1084ms
accuracy in training data: 0.589817
general accuracy: 0.596
output: 0.596

============================================
testing convolutional weight learning rate=0.03549400631943672
============================================
10000 data loaded from mnist_test_normalized.data
60000 data loaded from mnist_train_normalized.data
0 Accuracy: 0.111 evaluated in 718ms
1 Accuracy: 0.5414, trained in 15638ms, evaluated in 704ms
2 Accuracy: 0.5455, trained in 16899ms, evaluated in 716ms
3 Accuracy: 0.5551, trained in 13269ms, evaluated in 1079ms
4 Accuracy: 0.5463, trained in 17264ms, evaluated in 1092ms
5 Accuracy: 0.5586, trained in 19429ms, evaluated in 715ms
accuracy in training data: 0.550717
general accuracy: 0.5586
output: 0.5586

10000 data loaded from mnist_test_normalized.data
60000 data loaded from mnist_train_normalized.data
0 Accuracy: 0.1407 evaluated in 714ms
1 Accuracy: 0.4984, trained in 14613ms, evaluated in 720ms
2 Accuracy: 0.5128, trained in 15768ms, evaluated in 714ms
3 Accuracy: 0.5259, trained in 14067ms, evaluated in 899ms
4 Accuracy: 0.5188, trained in 13788ms, evaluated in 714ms
5 Accuracy: 0.5226, trained in 17339ms, evaluated in 719ms
accuracy in training data: 0.523167
general accuracy: 0.5226
output: 0.5226

10000 data loaded from mnist_test_normalized.data
60000 data loaded from mnist_train_normalized.data
0 Accuracy: 0.1078 evaluated in 712ms
1 Accuracy: 0.4068, trained in 11899ms, evaluated in 705ms
2 Accuracy: 0.4296, trained in 18063ms, evaluated in 811ms
3 Accuracy: 0.4179, trained in 15487ms, evaluated in 1096ms
4 Accuracy: 0.4365, trained in 11956ms, evaluated in 1094ms
5 Accuracy: 0.4436, trained in 13281ms, evaluated in 710ms
accuracy in training data: 0.441133
general accuracy: 0.4436
output: 0.4436

============================================
testing convolutional weight learning rate=0.06261563438647161
============================================
10000 data loaded from mnist_test_normalized.data
60000 data loaded from mnist_train_normalized.data
0 Accuracy: 0.092 evaluated in 1093ms
1 Accuracy: 0.3323, trained in 16238ms, evaluated in 703ms
2 Accuracy: 0.3577, trained in 15931ms, evaluated in 701ms
3 Accuracy: 0.3683, trained in 11897ms, evaluated in 711ms
4 Accuracy: 0.3869, trained in 12959ms, evaluated in 701ms
5 Accuracy: 0.3952, trained in 11823ms, evaluated in 702ms
accuracy in training data: 0.384567
general accuracy: 0.3952
output: 0.3952

10000 data loaded from mnist_test_normalized.data
60000 data loaded from mnist_train_normalized.data
0 Accuracy: 0.0983 evaluated in 717ms
1 Accuracy: 0.3958, trained in 11908ms, evaluated in 723ms
2 Accuracy: 0.4212, trained in 12331ms, evaluated in 786ms
3 Accuracy: 0.414, trained in 11959ms, evaluated in 720ms
4 Accuracy: 0.4495, trained in 11968ms, evaluated in 714ms
5 Accuracy: 0.4424, trained in 11888ms, evaluated in 716ms
accuracy in training data: 0.4315
general accuracy: 0.4424
output: 0.4424

10000 data loaded from mnist_test_normalized.data
60000 data loaded from mnist_train_normalized.data
0 Accuracy: 0.1028 evaluated in 705ms
1 Accuracy: 0.5672, trained in 13002ms, evaluated in 1087ms
2 Accuracy: 0.589, trained in 16676ms, evaluated in 1083ms
3 Accuracy: 0.6032, trained in 11877ms, evaluated in 704ms
4 Accuracy: 0.6078, trained in 11975ms, evaluated in 708ms
5 Accuracy: 0.6139, trained in 11898ms, evaluated in 701ms
accuracy in training data: 0.609883
general accuracy: 0.6139
output: 0.6139

============================================
testing convolutional weight learning rate=0.1104614011260058
============================================
10000 data loaded from mnist_test_normalized.data
60000 data loaded from mnist_train_normalized.data
0 Accuracy: 0.1027 evaluated in 706ms
1 Accuracy: 0.5018, trained in 13775ms, evaluated in 1096ms
2 Accuracy: 0.5166, trained in 17378ms, evaluated in 1095ms
3 Accuracy: 0.5217, trained in 20717ms, evaluated in 1095ms
4 Accuracy: 0.5246, trained in 17411ms, evaluated in 1097ms
5 Accuracy: 0.5319, trained in 15465ms, evaluated in 1091ms
accuracy in training data: 0.5232
general accuracy: 0.5319
output: 0.5319

10000 data loaded from mnist_test_normalized.data
60000 data loaded from mnist_train_normalized.data
0 Accuracy: 0.1093 evaluated in 1092ms
1 Accuracy: 0.4464, trained in 14902ms, evaluated in 711ms
2 Accuracy: 0.4717, trained in 12002ms, evaluated in 721ms
3 Accuracy: 0.4874, trained in 13679ms, evaluated in 1092ms
4 Accuracy: 0.4959, trained in 18821ms, evaluated in 1095ms
5 Accuracy: 0.5062, trained in 13459ms, evaluated in 712ms
accuracy in training data: 0.496333
general accuracy: 0.5062
output: 0.5062

10000 data loaded from mnist_test_normalized.data
60000 data loaded from mnist_train_normalized.data
0 Accuracy: 0.0938 evaluated in 1083ms
1 Accuracy: 0.4391, trained in 13764ms, evaluated in 705ms
2 Accuracy: 0.4643, trained in 11848ms, evaluated in 705ms
3 Accuracy: 0.4749, trained in 11869ms, evaluated in 697ms
4 Accuracy: 0.474, trained in 11939ms, evaluated in 703ms
5 Accuracy: 0.479, trained in 11848ms, evaluated in 714ms
accuracy in training data: 0.479183
general accuracy: 0.479
output: 0.479

============================================
testing convolutional weight learning rate=0.1948670049944682
============================================
10000 data loaded from mnist_test_normalized.data
60000 data loaded from mnist_train_normalized.data
0 Accuracy: 0.0891 evaluated in 714ms
1 Accuracy: 0.4266, trained in 11939ms, evaluated in 712ms
2 Accuracy: 0.4536, trained in 16906ms, evaluated in 714ms
3 Accuracy: 0.455, trained in 15181ms, evaluated in 1097ms
4 Accuracy: 0.4619, trained in 18202ms, evaluated in 719ms
5 Accuracy: 0.467, trained in 11963ms, evaluated in 716ms
accuracy in training data: 0.456083
general accuracy: 0.467
output: 0.467

10000 data loaded from mnist_test_normalized.data
60000 data loaded from mnist_train_normalized.data
0 Accuracy: 0.1072 evaluated in 810ms
1 Accuracy: 0.3636, trained in 11903ms, evaluated in 712ms
2 Accuracy: 0.3875, trained in 15441ms, evaluated in 1084ms
3 Accuracy: 0.3958, trained in 12047ms, evaluated in 698ms
4 Accuracy: 0.4006, trained in 15141ms, evaluated in 1084ms
5 Accuracy: 0.397, trained in 16495ms, evaluated in 714ms
accuracy in training data: 0.392583
general accuracy: 0.397
output: 0.397

10000 data loaded from mnist_test_normalized.data
60000 data loaded from mnist_train_normalized.data
0 Accuracy: 0.1001 evaluated in 706ms
1 Accuracy: 0.3692, trained in 12000ms, evaluated in 710ms
2 Accuracy: 0.3882, trained in 17560ms, evaluated in 712ms
3 Accuracy: 0.3965, trained in 15103ms, evaluated in 1094ms
4 Accuracy: 0.4081, trained in 12887ms, evaluated in 709ms
5 Accuracy: 0.4061, trained in 15826ms, evaluated in 1097ms
accuracy in training data: 0.39425
general accuracy: 0.4061
output: 0.4061

============================================
testing convolutional weight learning rate=0.3437684951343073
============================================
10000 data loaded from mnist_test_normalized.data
60000 data loaded from mnist_train_normalized.data
0 Accuracy: 0.1238 evaluated in 1098ms
1 Accuracy: 0.4855, trained in 14990ms, evaluated in 1091ms
2 Accuracy: 0.5011, trained in 14128ms, evaluated in 713ms
3 Accuracy: 0.5056, trained in 15908ms, evaluated in 1093ms
4 Accuracy: 0.5053, trained in 14335ms, evaluated in 729ms
5 Accuracy: 0.5151, trained in 14041ms, evaluated in 722ms
accuracy in training data: 0.498833
general accuracy: 0.5151
output: 0.5151

10000 data loaded from mnist_test_normalized.data
60000 data loaded from mnist_train_normalized.data
0 Accuracy: 0.0993 evaluated in 945ms
1 Accuracy: 0.4977, trained in 13231ms, evaluated in 701ms
2 Accuracy: 0.5212, trained in 11867ms, evaluated in 704ms
3 Accuracy: 0.5394, trained in 11928ms, evaluated in 843ms
4 Accuracy: 0.5519, trained in 13085ms, evaluated in 702ms
5 Accuracy: 0.5535, trained in 15856ms, evaluated in 1085ms
accuracy in training data: 0.535867
general accuracy: 0.5535
output: 0.5535

10000 data loaded from mnist_test_normalized.data
60000 data loaded from mnist_train_normalized.data
0 Accuracy: 0.1176 evaluated in 1096ms
1 Accuracy: 0.5865, trained in 13513ms, evaluated in 713ms
2 Accuracy: 0.5879, trained in 12023ms, evaluated in 724ms
3 Accuracy: 0.5945, trained in 20528ms, evaluated in 884ms
4 Accuracy: 0.5999, trained in 11989ms, evaluated in 716ms
5 Accuracy: 0.5944, trained in 11938ms, evaluated in 711ms
accuracy in training data: 0.588467
general accuracy: 0.5944
output: 0.5944

============================================
testing convolutional weight learning rate=0.6064483735985011
============================================
10000 data loaded from mnist_test_normalized.data
60000 data loaded from mnist_train_normalized.data
0 Accuracy: 0.1064 evaluated in 711ms
1 Accuracy: 0.2698, trained in 14843ms, evaluated in 707ms
2 Accuracy: 0.2966, trained in 19087ms, evaluated in 704ms
3 Accuracy: 0.3089, trained in 14034ms, evaluated in 701ms
4 Accuracy: 0.317, trained in 11834ms, evaluated in 707ms
5 Accuracy: 0.3186, trained in 11883ms, evaluated in 705ms
accuracy in training data: 0.319233
general accuracy: 0.3186
output: 0.3186

10000 data loaded from mnist_test_normalized.data
60000 data loaded from mnist_train_normalized.data
0 Accuracy: 0.0976 evaluated in 700ms
1 Accuracy: 0.4438, trained in 19308ms, evaluated in 1084ms
2 Accuracy: 0.4725, trained in 12724ms, evaluated in 696ms
3 Accuracy: 0.4788, trained in 13285ms, evaluated in 1088ms
4 Accuracy: 0.4819, trained in 12726ms, evaluated in 697ms
5 Accuracy: 0.4913, trained in 12097ms, evaluated in 1082ms
accuracy in training data: 0.480583
general accuracy: 0.4913
output: 0.4913

10000 data loaded from mnist_test_normalized.data
60000 data loaded from mnist_train_normalized.data
0 Accuracy: 0.1144 evaluated in 923ms
1 Accuracy: 0.3926, trained in 17891ms, evaluated in 733ms
2 Accuracy: 0.4172, trained in 15755ms, evaluated in 1000ms
3 Accuracy: 0.4239, trained in 12272ms, evaluated in 713ms
4 Accuracy: 0.4278, trained in 12311ms, evaluated in 948ms
5 Accuracy: 0.4327, trained in 16458ms, evaluated in 1080ms
accuracy in training data: 0.43135
general accuracy: 0.4327
output: 0.4327

============================================
testing convolutional weight learning rate=1.0698468156501049
============================================
10000 data loaded from mnist_test_normalized.data
60000 data loaded from mnist_train_normalized.data
0 Accuracy: 0.1418 evaluated in 734ms
1 Accuracy: 0.4776, trained in 15980ms, evaluated in 1078ms
2 Accuracy: 0.4922, trained in 12439ms, evaluated in 736ms
3 Accuracy: 0.5057, trained in 14333ms, evaluated in 723ms
4 Accuracy: 0.5194, trained in 12169ms, evaluated in 721ms
5 Accuracy: 0.5183, trained in 15580ms, evaluated in 1080ms
accuracy in training data: 0.508717
general accuracy: 0.5183
output: 0.5183

10000 data loaded from mnist_test_normalized.data
60000 data loaded from mnist_train_normalized.data
0 Accuracy: 0.115 evaluated in 708ms
1 Accuracy: 0.5422, trained in 17493ms, evaluated in 815ms
2 Accuracy: 0.5728, trained in 15328ms, evaluated in 1077ms
3 Accuracy: 0.5805, trained in 15961ms, evaluated in 720ms
4 Accuracy: 0.5791, trained in 15140ms, evaluated in 879ms
5 Accuracy: 0.5781, trained in 16665ms, evaluated in 725ms
accuracy in training data: 0.58055
general accuracy: 0.5781
output: 0.5781

10000 data loaded from mnist_test_normalized.data
60000 data loaded from mnist_train_normalized.data
0 Accuracy: 0.0933 evaluated in 1072ms
1 Accuracy: 0.49, trained in 15436ms, evaluated in 702ms
2 Accuracy: 0.5181, trained in 11847ms, evaluated in 707ms
3 Accuracy: 0.5404, trained in 16461ms, evaluated in 708ms
4 Accuracy: 0.5403, trained in 14973ms, evaluated in 1071ms
5 Accuracy: 0.5524, trained in 16772ms, evaluated in 699ms
accuracy in training data: 0.544433
general accuracy: 0.5524
output: 0.5524

============================================
testing convolutional weight learning rate=1.8873365958013648
============================================
10000 data loaded from mnist_test_normalized.data
60000 data loaded from mnist_train_normalized.data
0 Accuracy: 0.0738 evaluated in 714ms
1 Accuracy: 0.5306, trained in 12281ms, evaluated in 728ms
2 Accuracy: 0.4976, trained in 17531ms, evaluated in 1091ms
3 Accuracy: 0.5488, trained in 16446ms, evaluated in 890ms
4 Accuracy: 0.5389, trained in 12716ms, evaluated in 723ms
5 Accuracy: 0.5624, trained in 13151ms, evaluated in 717ms
accuracy in training data: 0.556633
general accuracy: 0.5624
output: 0.5624

10000 data loaded from mnist_test_normalized.data
60000 data loaded from mnist_train_normalized.data
0 Accuracy: 0.097 evaluated in 712ms
1 Accuracy: 0.4619, trained in 14310ms, evaluated in 707ms
2 Accuracy: 0.4673, trained in 11893ms, evaluated in 711ms
3 Accuracy: 0.4789, trained in 14618ms, evaluated in 919ms
4 Accuracy: 0.4896, trained in 19870ms, evaluated in 1082ms
5 Accuracy: 0.4884, trained in 20406ms, evaluated in 712ms
accuracy in training data: 0.489167
general accuracy: 0.4884
output: 0.4884

10000 data loaded from mnist_test_normalized.data
60000 data loaded from mnist_train_normalized.data
0 Accuracy: 0.0865 evaluated in 727ms
1 Accuracy: 0.5444, trained in 16605ms, evaluated in 1096ms
2 Accuracy: 0.5598, trained in 14231ms, evaluated in 726ms
3 Accuracy: 0.5682, trained in 12486ms, evaluated in 713ms
4 Accuracy: 0.5697, trained in 11983ms, evaluated in 772ms
5 Accuracy: 0.5758, trained in 16012ms, evaluated in 716ms
accuracy in training data: 0.556517
general accuracy: 0.5758
output: 0.5758

============================================
testing convolutional weight learning rate=1.0698468156501049
============================================
============================================
testing convolutional weight learning rate=1.292699316709865
============================================
10000 data loaded from mnist_test_normalized.data
60000 data loaded from mnist_train_normalized.data
0 Accuracy: 0.1009 evaluated in 712ms
1 Accuracy: 0.4879, trained in 14105ms, evaluated in 706ms
2 Accuracy: 0.5009, trained in 12534ms, evaluated in 706ms
3 Accuracy: 0.5083, trained in 13860ms, evaluated in 708ms
4 Accuracy: 0.5078, trained in 11869ms, evaluated in 712ms
5 Accuracy: 0.5175, trained in 13223ms, evaluated in 1080ms
accuracy in training data: 0.500483
general accuracy: 0.5175
output: 0.5175

10000 data loaded from mnist_test_normalized.data
60000 data loaded from mnist_train_normalized.data
0 Accuracy: 0.1226 evaluated in 1071ms
1 Accuracy: 0.4015, trained in 12611ms, evaluated in 701ms
2 Accuracy: 0.4383, trained in 15906ms, evaluated in 700ms
3 Accuracy: 0.4539, trained in 11879ms, evaluated in 700ms
4 Accuracy: 0.4628, trained in 13929ms, evaluated in 701ms
5 Accuracy: 0.4728, trained in 11995ms, evaluated in 701ms
accuracy in training data: 0.467317
general accuracy: 0.4728
output: 0.4728

10000 data loaded from mnist_test_normalized.data
60000 data loaded from mnist_train_normalized.data
0 Accuracy: 0.1149 evaluated in 1075ms
1 Accuracy: 0.4177, trained in 14344ms, evaluated in 909ms
2 Accuracy: 0.4569, trained in 12918ms, evaluated in 1055ms
3 Accuracy: 0.4734, trained in 12439ms, evaluated in 693ms
4 Accuracy: 0.4911, trained in 15031ms, evaluated in 704ms
5 Accuracy: 0.4892, trained in 14382ms, evaluated in 959ms
accuracy in training data: 0.480017
general accuracy: 0.4892
output: 0.4892

============================================
testing convolutional weight learning rate=1.5619727039208933
============================================
10000 data loaded from mnist_test_normalized.data
60000 data loaded from mnist_train_normalized.data
0 Accuracy: 0.093 evaluated in 769ms
1 Accuracy: 0.4196, trained in 19310ms, evaluated in 1080ms
2 Accuracy: 0.4261, trained in 14581ms, evaluated in 702ms
3 Accuracy: 0.4425, trained in 11817ms, evaluated in 705ms
4 Accuracy: 0.4489, trained in 11863ms, evaluated in 712ms
5 Accuracy: 0.451, trained in 11898ms, evaluated in 708ms
accuracy in training data: 0.454183
general accuracy: 0.451
output: 0.451

10000 data loaded from mnist_test_normalized.data
60000 data loaded from mnist_train_normalized.data
0 Accuracy: 0.1441 evaluated in 760ms
1 Accuracy: 0.5431, trained in 11859ms, evaluated in 708ms
2 Accuracy: 0.5598, trained in 11918ms, evaluated in 707ms
3 Accuracy: 0.5682, trained in 11883ms, evaluated in 1041ms
4 Accuracy: 0.5757, trained in 15440ms, evaluated in 705ms
5 Accuracy: 0.5762, trained in 11931ms, evaluated in 708ms
accuracy in training data: 0.576117
general accuracy: 0.5762
output: 0.5762

10000 data loaded from mnist_test_normalized.data
60000 data loaded from mnist_train_normalized.data
0 Accuracy: 0.1228 evaluated in 706ms
1 Accuracy: 0.5635, trained in 12591ms, evaluated in 707ms
2 Accuracy: 0.5833, trained in 14464ms, evaluated in 705ms
3 Accuracy: 0.6015, trained in 11917ms, evaluated in 712ms
4 Accuracy: 0.6058, trained in 19317ms, evaluated in 1091ms
5 Accuracy: 0.6146, trained in 12665ms, evaluated in 710ms
accuracy in training data: 0.60685
general accuracy: 0.6146
output: 0.6146

============================================
testing convolutional weight learning rate=1.8873365958013648
============================================
============================================
testing convolutional weight learning rate=1.5619727039208933
============================================
============================================
testing convolutional weight learning rate=1.6636632137516192
============================================
10000 data loaded from mnist_test_normalized.data
60000 data loaded from mnist_train_normalized.data
0 Accuracy: 0.1342 evaluated in 714ms
1 Accuracy: 0.4536, trained in 15933ms, evaluated in 714ms
2 Accuracy: 0.4823, trained in 11869ms, evaluated in 716ms
3 Accuracy: 0.4874, trained in 12501ms, evaluated in 723ms
4 Accuracy: 0.4984, trained in 11897ms, evaluated in 714ms
5 Accuracy: 0.4922, trained in 11873ms, evaluated in 717ms
accuracy in training data: 0.478767
general accuracy: 0.4922
output: 0.4922

10000 data loaded from mnist_test_normalized.data
60000 data loaded from mnist_train_normalized.data
0 Accuracy: 0.0719 evaluated in 713ms
1 Accuracy: 0.4335, trained in 11818ms, evaluated in 701ms
2 Accuracy: 0.4564, trained in 11806ms, evaluated in 707ms
3 Accuracy: 0.4826, trained in 11817ms, evaluated in 702ms
4 Accuracy: 0.4838, trained in 15693ms, evaluated in 1076ms
5 Accuracy: 0.4924, trained in 17595ms, evaluated in 1078ms
accuracy in training data: 0.484317
general accuracy: 0.4924
output: 0.4924

10000 data loaded from mnist_test_normalized.data
60000 data loaded from mnist_train_normalized.data
0 Accuracy: 0.1086 evaluated in 1099ms
1 Accuracy: 0.5238, trained in 20298ms, evaluated in 1099ms
2 Accuracy: 0.5632, trained in 20948ms, evaluated in 907ms
3 Accuracy: 0.5628, trained in 20793ms, evaluated in 1138ms
4 Accuracy: 0.5767, trained in 20727ms, evaluated in 1791ms
5 Accuracy: 0.5651, trained in 20794ms, evaluated in 1094ms
accuracy in training data: 0.5491
general accuracy: 0.5651
output: 0.5651

============================================
testing convolutional weight learning rate=1.7719741720470812
============================================
10000 data loaded from mnist_test_normalized.data
60000 data loaded from mnist_train_normalized.data
0 Accuracy: 0.1577 evaluated in 700ms
1 Accuracy: 0.4459, trained in 11798ms, evaluated in 713ms
2 Accuracy: 0.4458, trained in 11919ms, evaluated in 708ms
3 Accuracy: 0.4749, trained in 11864ms, evaluated in 708ms
4 Accuracy: 0.4956, trained in 11896ms, evaluated in 712ms
5 Accuracy: 0.5045, trained in 11849ms, evaluated in 714ms
accuracy in training data: 0.50005
general accuracy: 0.5045
output: 0.5045

10000 data loaded from mnist_test_normalized.data
60000 data loaded from mnist_train_normalized.data
0 Accuracy: 0.1047 evaluated in 717ms
1 Accuracy: 0.3357, trained in 12839ms, evaluated in 716ms
2 Accuracy: 0.3542, trained in 12668ms, evaluated in 702ms
3 Accuracy: 0.3589, trained in 15167ms, evaluated in 707ms
4 Accuracy: 0.367, trained in 13272ms, evaluated in 729ms
5 Accuracy: 0.3643, trained in 14353ms, evaluated in 732ms
accuracy in training data: 0.36505
general accuracy: 0.3643
output: 0.3643

10000 data loaded from mnist_test_normalized.data
60000 data loaded from mnist_train_normalized.data
0 Accuracy: 0.0984 evaluated in 724ms
1 Accuracy: 0.5096, trained in 11958ms, evaluated in 703ms
2 Accuracy: 0.5161, trained in 11688ms, evaluated in 693ms
3 Accuracy: 0.5309, trained in 11476ms, evaluated in 686ms
4 Accuracy: 0.5387, trained in 11355ms, evaluated in 665ms
5 Accuracy: 0.528, trained in 11037ms, evaluated in 658ms
accuracy in training data: 0.527033
general accuracy: 0.528
output: 0.528

============================================
testing convolutional weight learning rate=1.8873365958013646
============================================
============================================
Done looking for best convolutional weight learning rate, found 1.612016292844877 to be best
============================================
I am done: the best parameters are: [0.2193656395433675, 0.13168724279835392, 1.612016292844877, 0.13168724279835392, 0.0, 0.0]
Traceback (most recent call last):
  File "train/findBestParams.py", line 79, in <module>
    with open(input(), "w") as file:
OSError: [Errno 9] Bad file descriptor
