/home/hannah/neuralnetwork
testing fully connected weight learning rate=0.005836199362722949
============================================
10000 data loaded from mnist_test_normalized.data
60000 data loaded from mnist_train_normalized.data
0 Accuracy: 0.0557 evaluated in 217ms
1 Accuracy: 0.27, trained in 3046ms, evaluated in 227ms
2 Accuracy: 0.3323, trained in 3398ms, evaluated in 302ms
3 Accuracy: 0.3586, trained in 4284ms, evaluated in 305ms
4 Accuracy: 0.3808, trained in 4888ms, evaluated in 304ms
5 Accuracy: 0.3865, trained in 4469ms, evaluated in 233ms
accuracy in training data: 0.3683
general accuracy: 0.3865
output: 0.3865

10000 data loaded from mnist_test_normalized.data
60000 data loaded from mnist_train_normalized.data
0 Accuracy: 0.098 evaluated in 245ms
1 Accuracy: 0.3023, trained in 3220ms, evaluated in 236ms
2 Accuracy: 0.3478, trained in 3165ms, evaluated in 228ms
3 Accuracy: 0.3723, trained in 3202ms, evaluated in 228ms
4 Accuracy: 0.3796, trained in 3310ms, evaluated in 251ms
5 Accuracy: 0.386, trained in 3286ms, evaluated in 239ms
accuracy in training data: 0.383467
general accuracy: 0.386
output: 0.386

10000 data loaded from mnist_test_normalized.data
60000 data loaded from mnist_train_normalized.data
0 Accuracy: 0.0629 evaluated in 234ms
1 Accuracy: 0.3537, trained in 3311ms, evaluated in 240ms
2 Accuracy: 0.3782, trained in 3996ms, evaluated in 231ms
3 Accuracy: 0.3979, trained in 3189ms, evaluated in 231ms
4 Accuracy: 0.4135, trained in 3158ms, evaluated in 231ms
5 Accuracy: 0.4287, trained in 3177ms, evaluated in 230ms
accuracy in training data: 0.424033
general accuracy: 0.4287
output: 0.4287

============================================
testing fully connected weight learning rate=0.010295747462655495
============================================
10000 data loaded from mnist_test_normalized.data
60000 data loaded from mnist_train_normalized.data
0 Accuracy: 0.0971 evaluated in 230ms
1 Accuracy: 0.3522, trained in 3180ms, evaluated in 230ms
2 Accuracy: 0.3684, trained in 3200ms, evaluated in 233ms
3 Accuracy: 0.3802, trained in 3202ms, evaluated in 230ms
4 Accuracy: 0.3946, trained in 3163ms, evaluated in 230ms
5 Accuracy: 0.4009, trained in 3158ms, evaluated in 230ms
accuracy in training data: 0.39525
general accuracy: 0.4009
output: 0.4009

10000 data loaded from mnist_test_normalized.data
60000 data loaded from mnist_train_normalized.data
0 Accuracy: 0.133 evaluated in 230ms
1 Accuracy: 0.2953, trained in 3639ms, evaluated in 346ms
2 Accuracy: 0.3172, trained in 3322ms, evaluated in 237ms
3 Accuracy: 0.3132, trained in 3449ms, evaluated in 235ms
4 Accuracy: 0.3365, trained in 3264ms, evaluated in 250ms
5 Accuracy: 0.3464, trained in 3196ms, evaluated in 230ms
accuracy in training data: 0.334633
general accuracy: 0.3464
output: 0.3464

10000 data loaded from mnist_test_normalized.data
60000 data loaded from mnist_train_normalized.data
0 Accuracy: 0.0755 evaluated in 257ms
1 Accuracy: 0.3538, trained in 3670ms, evaluated in 307ms
2 Accuracy: 0.3996, trained in 4680ms, evaluated in 307ms
3 Accuracy: 0.4195, trained in 3250ms, evaluated in 239ms
4 Accuracy: 0.4267, trained in 3461ms, evaluated in 237ms
5 Accuracy: 0.4343, trained in 3292ms, evaluated in 239ms
accuracy in training data: 0.43105
general accuracy: 0.4343
output: 0.4343

============================================
testing fully connected weight learning rate=0.018162918918061148
============================================
10000 data loaded from mnist_test_normalized.data
60000 data loaded from mnist_train_normalized.data
0 Accuracy: 0.1139 evaluated in 234ms
1 Accuracy: 0.2862, trained in 3313ms, evaluated in 241ms
2 Accuracy: 0.3129, trained in 3296ms, evaluated in 235ms
3 Accuracy: 0.3328, trained in 4018ms, evaluated in 243ms
4 Accuracy: 0.3428, trained in 3320ms, evaluated in 248ms
5 Accuracy: 0.3495, trained in 3326ms, evaluated in 243ms
accuracy in training data: 0.344633
general accuracy: 0.3495
output: 0.3495

10000 data loaded from mnist_test_normalized.data
60000 data loaded from mnist_train_normalized.data
0 Accuracy: 0.1319 evaluated in 346ms
1 Accuracy: 0.2948, trained in 4273ms, evaluated in 252ms
2 Accuracy: 0.321, trained in 3781ms, evaluated in 240ms
3 Accuracy: 0.3471, trained in 3561ms, evaluated in 351ms
4 Accuracy: 0.3654, trained in 4031ms, evaluated in 238ms
5 Accuracy: 0.3569, trained in 3234ms, evaluated in 233ms
accuracy in training data: 0.348367
general accuracy: 0.3569
output: 0.3569

10000 data loaded from mnist_test_normalized.data
60000 data loaded from mnist_train_normalized.data
0 Accuracy: 0.07 evaluated in 345ms
1 Accuracy: 0.2623, trained in 5427ms, evaluated in 347ms
2 Accuracy: 0.2961, trained in 5378ms, evaluated in 348ms
3 Accuracy: 0.3009, trained in 5386ms, evaluated in 348ms
4 Accuracy: 0.3094, trained in 4038ms, evaluated in 239ms
5 Accuracy: 0.3219, trained in 3240ms, evaluated in 241ms
accuracy in training data: 0.32175
general accuracy: 0.3219
output: 0.3219

============================================
testing fully connected weight learning rate=0.03204154189102239
============================================
10000 data loaded from mnist_test_normalized.data
60000 data loaded from mnist_train_normalized.data
0 Accuracy: 0.1729 evaluated in 349ms
1 Accuracy: 0.334, trained in 3878ms, evaluated in 233ms
2 Accuracy: 0.3619, trained in 3208ms, evaluated in 233ms
3 Accuracy: 0.3725, trained in 3234ms, evaluated in 236ms
4 Accuracy: 0.3808, trained in 3233ms, evaluated in 347ms
5 Accuracy: 0.3826, trained in 4249ms, evaluated in 233ms
accuracy in training data: 0.383333
general accuracy: 0.3826
output: 0.3826

10000 data loaded from mnist_test_normalized.data
60000 data loaded from mnist_train_normalized.data
0 Accuracy: 0.1293 evaluated in 234ms
1 Accuracy: 0.4272, trained in 3224ms, evaluated in 233ms
2 Accuracy: 0.4399, trained in 3224ms, evaluated in 234ms
3 Accuracy: 0.4589, trained in 3218ms, evaluated in 234ms
4 Accuracy: 0.4688, trained in 3205ms, evaluated in 231ms
5 Accuracy: 0.4705, trained in 3187ms, evaluated in 233ms
accuracy in training data: 0.469767
general accuracy: 0.4705
output: 0.4705

10000 data loaded from mnist_test_normalized.data
60000 data loaded from mnist_train_normalized.data
0 Accuracy: 0.0994 evaluated in 234ms
1 Accuracy: 0.4018, trained in 3226ms, evaluated in 234ms
2 Accuracy: 0.4257, trained in 3219ms, evaluated in 236ms
3 Accuracy: 0.4404, trained in 4855ms, evaluated in 349ms
4 Accuracy: 0.4485, trained in 3504ms, evaluated in 234ms
5 Accuracy: 0.4551, trained in 3228ms, evaluated in 233ms
accuracy in training data: 0.452667
general accuracy: 0.4551
output: 0.4551

============================================
testing fully connected weight learning rate=0.05652507790106549
============================================
10000 data loaded from mnist_test_normalized.data
60000 data loaded from mnist_train_normalized.data
0 Accuracy: 0.0813 evaluated in 308ms
1 Accuracy: 0.3589, trained in 3442ms, evaluated in 233ms
2 Accuracy: 0.3855, trained in 3214ms, evaluated in 237ms
3 Accuracy: 0.3987, trained in 3218ms, evaluated in 234ms
4 Accuracy: 0.4077, trained in 3216ms, evaluated in 233ms
5 Accuracy: 0.4167, trained in 3198ms, evaluated in 231ms
accuracy in training data: 0.4103
general accuracy: 0.4167
output: 0.4167

10000 data loaded from mnist_test_normalized.data
60000 data loaded from mnist_train_normalized.data
0 Accuracy: 0.0901 evaluated in 233ms
1 Accuracy: 0.4065, trained in 3202ms, evaluated in 228ms
2 Accuracy: 0.4325, trained in 3150ms, evaluated in 233ms
3 Accuracy: 0.4446, trained in 3230ms, evaluated in 233ms
4 Accuracy: 0.4567, trained in 3208ms, evaluated in 233ms
5 Accuracy: 0.4649, trained in 3195ms, evaluated in 234ms
accuracy in training data: 0.465367
general accuracy: 0.4649
output: 0.4649

10000 data loaded from mnist_test_normalized.data
60000 data loaded from mnist_train_normalized.data
0 Accuracy: 0.0743 evaluated in 232ms
1 Accuracy: 0.4076, trained in 3204ms, evaluated in 234ms
2 Accuracy: 0.4404, trained in 3211ms, evaluated in 233ms
3 Accuracy: 0.4567, trained in 3203ms, evaluated in 232ms
4 Accuracy: 0.4673, trained in 3223ms, evaluated in 235ms
5 Accuracy: 0.4734, trained in 3519ms, evaluated in 312ms
accuracy in training data: 0.47035
general accuracy: 0.4734
output: 0.4734

============================================
testing fully connected weight learning rate=0.0997169375490242
============================================
10000 data loaded from mnist_test_normalized.data
60000 data loaded from mnist_train_normalized.data
0 Accuracy: 0.0978 evaluated in 352ms
1 Accuracy: 0.4213, trained in 4714ms, evaluated in 329ms
2 Accuracy: 0.4653, trained in 4256ms, evaluated in 232ms
3 Accuracy: 0.477, trained in 3300ms, evaluated in 240ms
4 Accuracy: 0.4828, trained in 4527ms, evaluated in 345ms
5 Accuracy: 0.4912, trained in 4993ms, evaluated in 250ms
accuracy in training data: 0.4814
general accuracy: 0.4912
output: 0.4912

10000 data loaded from mnist_test_normalized.data
60000 data loaded from mnist_train_normalized.data
0 Accuracy: 0.1219 evaluated in 237ms
1 Accuracy: 0.4396, trained in 3450ms, evaluated in 350ms
2 Accuracy: 0.4628, trained in 4349ms, evaluated in 245ms
3 Accuracy: 0.4717, trained in 3493ms, evaluated in 311ms
4 Accuracy: 0.4794, trained in 4225ms, evaluated in 232ms
5 Accuracy: 0.4963, trained in 3850ms, evaluated in 232ms
accuracy in training data: 0.47855
general accuracy: 0.4963
output: 0.4963

10000 data loaded from mnist_test_normalized.data
60000 data loaded from mnist_train_normalized.data
0 Accuracy: 0.1035 evaluated in 241ms
1 Accuracy: 0.3881, trained in 4398ms, evaluated in 234ms
2 Accuracy: 0.4251, trained in 3673ms, evaluated in 231ms
3 Accuracy: 0.4298, trained in 3214ms, evaluated in 234ms
4 Accuracy: 0.4391, trained in 3239ms, evaluated in 237ms
5 Accuracy: 0.4467, trained in 3252ms, evaluated in 236ms
accuracy in training data: 0.4382
general accuracy: 0.4467
output: 0.4467

============================================
testing fully connected weight learning rate=0.1759124976627155
============================================
10000 data loaded from mnist_test_normalized.data
60000 data loaded from mnist_train_normalized.data
0 Accuracy: 0.0915 evaluated in 233ms
1 Accuracy: 0.458, trained in 3202ms, evaluated in 232ms
2 Accuracy: 0.4757, trained in 3258ms, evaluated in 233ms
3 Accuracy: 0.4909, trained in 4503ms, evaluated in 244ms
4 Accuracy: 0.4982, trained in 3298ms, evaluated in 231ms
5 Accuracy: 0.5025, trained in 3909ms, evaluated in 238ms
accuracy in training data: 0.4865
general accuracy: 0.5025
output: 0.5025

10000 data loaded from mnist_test_normalized.data
60000 data loaded from mnist_train_normalized.data
0 Accuracy: 0.1025 evaluated in 240ms
1 Accuracy: 0.4629, trained in 3564ms, evaluated in 240ms
2 Accuracy: 0.4679, trained in 3528ms, evaluated in 336ms
3 Accuracy: 0.4791, trained in 3251ms, evaluated in 233ms
4 Accuracy: 0.4862, trained in 3660ms, evaluated in 353ms
5 Accuracy: 0.4879, trained in 4232ms, evaluated in 233ms
accuracy in training data: 0.480083
general accuracy: 0.4879
output: 0.4879

10000 data loaded from mnist_test_normalized.data
60000 data loaded from mnist_train_normalized.data
0 Accuracy: 0.0577 evaluated in 233ms
1 Accuracy: 0.4598, trained in 3227ms, evaluated in 236ms
2 Accuracy: 0.4772, trained in 3236ms, evaluated in 265ms
3 Accuracy: 0.4845, trained in 5435ms, evaluated in 350ms
4 Accuracy: 0.4854, trained in 3241ms, evaluated in 233ms
5 Accuracy: 0.4928, trained in 3239ms, evaluated in 234ms
accuracy in training data: 0.4804
general accuracy: 0.4928
output: 0.4928

============================================
testing fully connected weight learning rate=0.31033049745156055
============================================
10000 data loaded from mnist_test_normalized.data
60000 data loaded from mnist_train_normalized.data
0 Accuracy: 0.0952 evaluated in 315ms
1 Accuracy: 0.4747, trained in 4957ms, evaluated in 353ms
2 Accuracy: 0.4881, trained in 5447ms, evaluated in 354ms
3 Accuracy: 0.489, trained in 5472ms, evaluated in 353ms
4 Accuracy: 0.4883, trained in 5448ms, evaluated in 353ms
5 Accuracy: 0.4969, trained in 5454ms, evaluated in 351ms
accuracy in training data: 0.489717
general accuracy: 0.4969
output: 0.4969

10000 data loaded from mnist_test_normalized.data
60000 data loaded from mnist_train_normalized.data
0 Accuracy: 0.0889 evaluated in 350ms
1 Accuracy: 0.4028, trained in 4363ms, evaluated in 234ms
2 Accuracy: 0.4085, trained in 4315ms, evaluated in 353ms
3 Accuracy: 0.4147, trained in 5456ms, evaluated in 351ms
4 Accuracy: 0.4091, trained in 5446ms, evaluated in 353ms
5 Accuracy: 0.4175, trained in 5447ms, evaluated in 353ms
accuracy in training data: 0.413133
general accuracy: 0.4175
output: 0.4175

10000 data loaded from mnist_test_normalized.data
60000 data loaded from mnist_train_normalized.data
0 Accuracy: 0.1005 evaluated in 235ms
1 Accuracy: 0.4802, trained in 3230ms, evaluated in 235ms
2 Accuracy: 0.5015, trained in 3307ms, evaluated in 349ms
3 Accuracy: 0.5049, trained in 5262ms, evaluated in 236ms
4 Accuracy: 0.5163, trained in 3213ms, evaluated in 234ms
5 Accuracy: 0.5131, trained in 4838ms, evaluated in 233ms
accuracy in training data: 0.5137
general accuracy: 0.5131
output: 0.5131

============================================
testing fully connected weight learning rate=0.5474597821536406
============================================
10000 data loaded from mnist_test_normalized.data
60000 data loaded from mnist_train_normalized.data
0 Accuracy: 0.1038 evaluated in 354ms
1 Accuracy: 0.4841, trained in 4071ms, evaluated in 242ms
2 Accuracy: 0.4983, trained in 3446ms, evaluated in 325ms
3 Accuracy: 0.5015, trained in 3690ms, evaluated in 237ms
4 Accuracy: 0.4894, trained in 3325ms, evaluated in 233ms
5 Accuracy: 0.4967, trained in 3240ms, evaluated in 246ms
accuracy in training data: 0.4926
general accuracy: 0.4967
output: 0.4967

10000 data loaded from mnist_test_normalized.data
60000 data loaded from mnist_train_normalized.data
0 Accuracy: 0.0918 evaluated in 246ms
1 Accuracy: 0.348, trained in 3466ms, evaluated in 234ms
2 Accuracy: 0.3568, trained in 3399ms, evaluated in 241ms
3 Accuracy: 0.3657, trained in 3321ms, evaluated in 241ms
4 Accuracy: 0.3689, trained in 3310ms, evaluated in 246ms
5 Accuracy: 0.3738, trained in 3298ms, evaluated in 244ms
accuracy in training data: 0.3676
general accuracy: 0.3738
output: 0.3738

10000 data loaded from mnist_test_normalized.data
60000 data loaded from mnist_train_normalized.data
0 Accuracy: 0.1045 evaluated in 260ms
1 Accuracy: 0.4414, trained in 3941ms, evaluated in 238ms
2 Accuracy: 0.4599, trained in 3441ms, evaluated in 254ms
3 Accuracy: 0.4758, trained in 4572ms, evaluated in 239ms
4 Accuracy: 0.4742, trained in 3302ms, evaluated in 236ms
5 Accuracy: 0.4697, trained in 3201ms, evaluated in 243ms
accuracy in training data: 0.467933
general accuracy: 0.4697
output: 0.4697

============================================
testing fully connected weight learning rate=0.9657839482002364
============================================
10000 data loaded from mnist_test_normalized.data
60000 data loaded from mnist_train_normalized.data
0 Accuracy: 0.0857 evaluated in 351ms
1 Accuracy: 0.4354, trained in 4155ms, evaluated in 311ms
2 Accuracy: 0.4396, trained in 4774ms, evaluated in 303ms
3 Accuracy: 0.4383, trained in 3295ms, evaluated in 237ms
4 Accuracy: 0.4432, trained in 3258ms, evaluated in 239ms
5 Accuracy: 0.4451, trained in 3229ms, evaluated in 246ms
accuracy in training data: 0.447467
general accuracy: 0.4451
output: 0.4451

10000 data loaded from mnist_test_normalized.data
60000 data loaded from mnist_train_normalized.data
0 Accuracy: 0.0951 evaluated in 248ms
1 Accuracy: 0.5297, trained in 4241ms, evaluated in 240ms
2 Accuracy: 0.5222, trained in 3268ms, evaluated in 235ms
3 Accuracy: 0.5224, trained in 3306ms, evaluated in 241ms
4 Accuracy: 0.5347, trained in 3297ms, evaluated in 231ms
5 Accuracy: 0.5254, trained in 3305ms, evaluated in 324ms
accuracy in training data: 0.52405
general accuracy: 0.5254
output: 0.5254

10000 data loaded from mnist_test_normalized.data
60000 data loaded from mnist_train_normalized.data
0 Accuracy: 0.1008 evaluated in 239ms
1 Accuracy: 0.4895, trained in 3208ms, evaluated in 236ms
2 Accuracy: 0.4959, trained in 3228ms, evaluated in 238ms
3 Accuracy: 0.5114, trained in 4155ms, evaluated in 343ms
4 Accuracy: 0.5056, trained in 3697ms, evaluated in 236ms
5 Accuracy: 0.5131, trained in 3206ms, evaluated in 232ms
accuracy in training data: 0.5066
general accuracy: 0.5131
output: 0.5131

============================================
testing fully connected weight learning rate=1.7037573626540308
============================================
10000 data loaded from mnist_test_normalized.data
60000 data loaded from mnist_train_normalized.data
0 Accuracy: 0.0952 evaluated in 235ms
1 Accuracy: 0.4126, trained in 3210ms, evaluated in 233ms
2 Accuracy: 0.4675, trained in 3235ms, evaluated in 239ms
3 Accuracy: 0.4215, trained in 3249ms, evaluated in 234ms
4 Accuracy: 0.4687, trained in 3211ms, evaluated in 233ms
5 Accuracy: 0.358, trained in 3208ms, evaluated in 233ms
accuracy in training data: 0.35545
general accuracy: 0.358
output: 0.358

10000 data loaded from mnist_test_normalized.data
60000 data loaded from mnist_train_normalized.data
0 Accuracy: 0.0946 evaluated in 235ms
1 Accuracy: 0.4491, trained in 3208ms, evaluated in 235ms
2 Accuracy: 0.4489, trained in 3252ms, evaluated in 237ms
3 Accuracy: 0.4491, trained in 4177ms, evaluated in 237ms
4 Accuracy: 0.4633, trained in 3238ms, evaluated in 234ms
5 Accuracy: 0.4521, trained in 3238ms, evaluated in 234ms
accuracy in training data: 0.450517
general accuracy: 0.4521
output: 0.4521

10000 data loaded from mnist_test_normalized.data
60000 data loaded from mnist_train_normalized.data
0 Accuracy: 0.0743 evaluated in 317ms
1 Accuracy: 0.3056, trained in 4618ms, evaluated in 350ms
2 Accuracy: 0.4038, trained in 4172ms, evaluated in 238ms
3 Accuracy: 0.3979, trained in 3743ms, evaluated in 314ms
4 Accuracy: 0.3837, trained in 4320ms, evaluated in 233ms
5 Accuracy: 0.3884, trained in 3275ms, evaluated in 234ms
accuracy in training data: 0.375933
general accuracy: 0.3884
output: 0.3884

============================================
testing fully connected weight learning rate=0.0997169375490242
============================================
============================================
testing fully connected weight learning rate=0.1204882934158138
============================================
10000 data loaded from mnist_test_normalized.data
60000 data loaded from mnist_train_normalized.data
0 Accuracy: 0.1132 evaluated in 346ms
1 Accuracy: 0.3751, trained in 3546ms, evaluated in 247ms
2 Accuracy: 0.3951, trained in 3341ms, evaluated in 244ms
3 Accuracy: 0.4026, trained in 3430ms, evaluated in 247ms
4 Accuracy: 0.4073, trained in 4631ms, evaluated in 350ms
5 Accuracy: 0.4134, trained in 4354ms, evaluated in 312ms
accuracy in training data: 0.40615
general accuracy: 0.4134
output: 0.4134

10000 data loaded from mnist_test_normalized.data
60000 data loaded from mnist_train_normalized.data
0 Accuracy: 0.0829 evaluated in 243ms
1 Accuracy: 0.3738, trained in 3365ms, evaluated in 234ms
2 Accuracy: 0.3982, trained in 4938ms, evaluated in 341ms
3 Accuracy: 0.4061, trained in 5179ms, evaluated in 233ms
4 Accuracy: 0.4137, trained in 3221ms, evaluated in 237ms
5 Accuracy: 0.4173, trained in 3234ms, evaluated in 237ms
accuracy in training data: 0.408883
general accuracy: 0.4173
output: 0.4173

10000 data loaded from mnist_test_normalized.data
60000 data loaded from mnist_train_normalized.data
0 Accuracy: 0.0708 evaluated in 234ms
1 Accuracy: 0.4869, trained in 3207ms, evaluated in 262ms
2 Accuracy: 0.51, trained in 4906ms, evaluated in 247ms
3 Accuracy: 0.5269, trained in 3890ms, evaluated in 317ms
4 Accuracy: 0.5325, trained in 5097ms, evaluated in 349ms
5 Accuracy: 0.5363, trained in 4327ms, evaluated in 346ms
accuracy in training data: 0.53755
general accuracy: 0.5363
output: 0.5363

============================================
testing fully connected weight learning rate=0.14558638890326914
============================================
10000 data loaded from mnist_test_normalized.data
60000 data loaded from mnist_train_normalized.data
0 Accuracy: 0.1215 evaluated in 287ms
1 Accuracy: 0.4372, trained in 3270ms, evaluated in 235ms
2 Accuracy: 0.4513, trained in 4216ms, evaluated in 346ms
3 Accuracy: 0.4609, trained in 4150ms, evaluated in 236ms
4 Accuracy: 0.4717, trained in 3771ms, evaluated in 233ms
5 Accuracy: 0.4699, trained in 3771ms, evaluated in 235ms
accuracy in training data: 0.467117
general accuracy: 0.4699
output: 0.4699

10000 data loaded from mnist_test_normalized.data
60000 data loaded from mnist_train_normalized.data
0 Accuracy: 0.1543 evaluated in 246ms
1 Accuracy: 0.4704, trained in 3793ms, evaluated in 237ms
2 Accuracy: 0.4938, trained in 4849ms, evaluated in 240ms
3 Accuracy: 0.4995, trained in 3424ms, evaluated in 250ms
4 Accuracy: 0.5055, trained in 3955ms, evaluated in 236ms
5 Accuracy: 0.5095, trained in 3265ms, evaluated in 349ms
accuracy in training data: 0.4944
general accuracy: 0.5095
output: 0.5095

10000 data loaded from mnist_test_normalized.data
60000 data loaded from mnist_train_normalized.data
0 Accuracy: 0.0896 evaluated in 246ms
1 Accuracy: 0.5274, trained in 3355ms, evaluated in 252ms
2 Accuracy: 0.5529, trained in 3427ms, evaluated in 234ms
3 Accuracy: 0.5542, trained in 3534ms, evaluated in 241ms
4 Accuracy: 0.5596, trained in 3271ms, evaluated in 240ms
5 Accuracy: 0.5587, trained in 5289ms, evaluated in 233ms
accuracy in training data: 0.543917
general accuracy: 0.5587
output: 0.5587

============================================
testing fully connected weight learning rate=0.1759124976627155
============================================
============================================
testing fully connected weight learning rate=0.14558638890326914
============================================
============================================
testing fully connected weight learning rate=0.15506463015218763
============================================
10000 data loaded from mnist_test_normalized.data
60000 data loaded from mnist_train_normalized.data
0 Accuracy: 0.0844 evaluated in 352ms
1 Accuracy: 0.4467, trained in 5428ms, evaluated in 352ms
2 Accuracy: 0.4702, trained in 5430ms, evaluated in 351ms
3 Accuracy: 0.4727, trained in 4512ms, evaluated in 232ms
4 Accuracy: 0.4838, trained in 3197ms, evaluated in 232ms
5 Accuracy: 0.4918, trained in 3336ms, evaluated in 351ms
accuracy in training data: 0.470217
general accuracy: 0.4918
output: 0.4918

10000 data loaded from mnist_test_normalized.data
60000 data loaded from mnist_train_normalized.data
0 Accuracy: 0.1233 evaluated in 234ms
1 Accuracy: 0.3982, trained in 3263ms, evaluated in 234ms
2 Accuracy: 0.4308, trained in 3198ms, evaluated in 229ms
3 Accuracy: 0.4371, trained in 3205ms, evaluated in 235ms
4 Accuracy: 0.4404, trained in 3867ms, evaluated in 311ms
5 Accuracy: 0.448, trained in 4678ms, evaluated in 234ms
accuracy in training data: 0.449
general accuracy: 0.448
output: 0.448

10000 data loaded from mnist_test_normalized.data
60000 data loaded from mnist_train_normalized.data
0 Accuracy: 0.0959 evaluated in 353ms
1 Accuracy: 0.4541, trained in 3967ms, evaluated in 241ms
2 Accuracy: 0.4787, trained in 3700ms, evaluated in 318ms
3 Accuracy: 0.4853, trained in 5022ms, evaluated in 233ms
4 Accuracy: 0.489, trained in 3263ms, evaluated in 231ms
5 Accuracy: 0.4804, trained in 4040ms, evaluated in 357ms
accuracy in training data: 0.47715
general accuracy: 0.4804
output: 0.4804

============================================
testing fully connected weight learning rate=0.16515994184189023
============================================
10000 data loaded from mnist_test_normalized.data
60000 data loaded from mnist_train_normalized.data
0 Accuracy: 0.0939 evaluated in 329ms
1 Accuracy: 0.4659, trained in 5387ms, evaluated in 317ms
2 Accuracy: 0.4817, trained in 3216ms, evaluated in 233ms
3 Accuracy: 0.4898, trained in 3208ms, evaluated in 233ms
4 Accuracy: 0.4928, trained in 3210ms, evaluated in 233ms
5 Accuracy: 0.4977, trained in 3206ms, evaluated in 236ms
accuracy in training data: 0.49635
general accuracy: 0.4977
output: 0.4977

10000 data loaded from mnist_test_normalized.data
60000 data loaded from mnist_train_normalized.data
0 Accuracy: 0.1015 evaluated in 234ms
1 Accuracy: 0.4739, trained in 3204ms, evaluated in 234ms
2 Accuracy: 0.4897, trained in 3225ms, evaluated in 231ms
3 Accuracy: 0.496, trained in 3183ms, evaluated in 230ms
4 Accuracy: 0.5002, trained in 3180ms, evaluated in 230ms
5 Accuracy: 0.5074, trained in 3200ms, evaluated in 231ms
accuracy in training data: 0.494
general accuracy: 0.5074
output: 0.5074

10000 data loaded from mnist_test_normalized.data
60000 data loaded from mnist_train_normalized.data
0 Accuracy: 0.0853 evaluated in 234ms
1 Accuracy: 0.4459, trained in 3204ms, evaluated in 233ms
2 Accuracy: 0.4661, trained in 3203ms, evaluated in 232ms
3 Accuracy: 0.4772, trained in 3202ms, evaluated in 233ms
4 Accuracy: 0.4809, trained in 4774ms, evaluated in 348ms
5 Accuracy: 0.4858, trained in 4834ms, evaluated in 310ms
accuracy in training data: 0.4724
general accuracy: 0.4858
output: 0.4858

============================================
testing fully connected weight learning rate=0.17591249766271555
============================================
============================================
Done looking for best fully connected weight learning rate, found 0.1704514531567148 to be best
testing convolutional weight learning rate=0.006465047711078525
============================================
10000 data loaded from mnist_test_normalized.data
60000 data loaded from mnist_train_normalized.data
0 Accuracy: 0.1575 evaluated in 1077ms
1 Accuracy: 0.3893, trained in 13051ms, evaluated in 705ms
2 Accuracy: 0.4038, trained in 15833ms, evaluated in 706ms
3 Accuracy: 0.4295, trained in 12025ms, evaluated in 713ms
4 Accuracy: 0.4351, trained in 12003ms, evaluated in 693ms
5 Accuracy: 0.4526, trained in 11774ms, evaluated in 695ms
accuracy in training data: 0.4514
general accuracy: 0.4526
output: 0.4526

10000 data loaded from mnist_test_normalized.data
60000 data loaded from mnist_train_normalized.data
0 Accuracy: 0.0982 evaluated in 713ms
1 Accuracy: 0.3806, trained in 11880ms, evaluated in 716ms
2 Accuracy: 0.4052, trained in 14131ms, evaluated in 1105ms
3 Accuracy: 0.4148, trained in 14455ms, evaluated in 1108ms
4 Accuracy: 0.415, trained in 13064ms, evaluated in 1112ms
5 Accuracy: 0.4278, trained in 17274ms, evaluated in 1110ms
accuracy in training data: 0.4407
general accuracy: 0.4278
output: 0.4278

10000 data loaded from mnist_test_normalized.data
60000 data loaded from mnist_train_normalized.data
0 Accuracy: 0.1218 evaluated in 707ms
1 Accuracy: 0.4976, trained in 11889ms, evaluated in 705ms
2 Accuracy: 0.5289, trained in 15254ms, evaluated in 953ms
3 Accuracy: 0.5383, trained in 13385ms, evaluated in 716ms
4 Accuracy: 0.5458, trained in 17202ms, evaluated in 746ms
5 Accuracy: 0.5503, trained in 13722ms, evaluated in 704ms
accuracy in training data: 0.541633
general accuracy: 0.5503
output: 0.5503

============================================
testing convolutional weight learning rate=0.011405110488930916
============================================
10000 data loaded from mnist_test_normalized.data
60000 data loaded from mnist_train_normalized.data
0 Accuracy: 0.129 evaluated in 707ms
1 Accuracy: 0.3446, trained in 11874ms, evaluated in 711ms
2 Accuracy: 0.3709, trained in 12105ms, evaluated in 708ms
3 Accuracy: 0.372, trained in 11821ms, evaluated in 704ms
4 Accuracy: 0.3891, trained in 11812ms, evaluated in 708ms
5 Accuracy: 0.3984, trained in 11868ms, evaluated in 702ms
accuracy in training data: 0.396367
general accuracy: 0.3984
output: 0.3984

10000 data loaded from mnist_test_normalized.data
60000 data loaded from mnist_train_normalized.data
0 Accuracy: 0.0937 evaluated in 712ms
1 Accuracy: 0.5341, trained in 11911ms, evaluated in 713ms
2 Accuracy: 0.5634, trained in 12745ms, evaluated in 713ms
3 Accuracy: 0.5643, trained in 13016ms, evaluated in 722ms
4 Accuracy: 0.5725, trained in 15563ms, evaluated in 1024ms
5 Accuracy: 0.57, trained in 17251ms, evaluated in 994ms
accuracy in training data: 0.564183
general accuracy: 0.57
output: 0.57

10000 data loaded from mnist_test_normalized.data
60000 data loaded from mnist_train_normalized.data
0 Accuracy: 0.1089 evaluated in 717ms
1 Accuracy: 0.4629, trained in 15238ms, evaluated in 1061ms
2 Accuracy: 0.4828, trained in 11822ms, evaluated in 706ms
3 Accuracy: 0.497, trained in 11825ms, evaluated in 701ms
4 Accuracy: 0.5097, trained in 11870ms, evaluated in 707ms
5 Accuracy: 0.5133, trained in 14188ms, evaluated in 1075ms
accuracy in training data: 0.508083
general accuracy: 0.5133
output: 0.5133

============================================
testing convolutional weight learning rate=0.020119966793411662
============================================
10000 data loaded from mnist_test_normalized.data
60000 data loaded from mnist_train_normalized.data
0 Accuracy: 0.114 evaluated in 711ms
1 Accuracy: 0.5373, trained in 11923ms, evaluated in 718ms
2 Accuracy: 0.5624, trained in 11908ms, evaluated in 709ms
3 Accuracy: 0.5713, trained in 13108ms, evaluated in 713ms
4 Accuracy: 0.5768, trained in 11939ms, evaluated in 864ms
5 Accuracy: 0.5875, trained in 17156ms, evaluated in 710ms
accuracy in training data: 0.571067
general accuracy: 0.5875
output: 0.5875

10000 data loaded from mnist_test_normalized.data
60000 data loaded from mnist_train_normalized.data
0 Accuracy: 0.0974 evaluated in 719ms
1 Accuracy: 0.5856, trained in 16564ms, evaluated in 706ms
2 Accuracy: 0.5856, trained in 11865ms, evaluated in 704ms
3 Accuracy: 0.6063, trained in 11848ms, evaluated in 708ms
4 Accuracy: 0.6092, trained in 11884ms, evaluated in 710ms
5 Accuracy: 0.5964, trained in 16697ms, evaluated in 1084ms
accuracy in training data: 0.591783
general accuracy: 0.5964
output: 0.5964

10000 data loaded from mnist_test_normalized.data
60000 data loaded from mnist_train_normalized.data
0 Accuracy: 0.0999 evaluated in 702ms
1 Accuracy: 0.3524, trained in 11959ms, evaluated in 1029ms
2 Accuracy: 0.3718, trained in 20690ms, evaluated in 1076ms
3 Accuracy: 0.3925, trained in 13027ms, evaluated in 702ms
4 Accuracy: 0.3843, trained in 16658ms, evaluated in 1080ms
5 Accuracy: 0.4064, trained in 12325ms, evaluated in 703ms
accuracy in training data: 0.401233
general accuracy: 0.4064
output: 0.4064

============================================
testing convolutional weight learning rate=0.03549400631943672
============================================
10000 data loaded from mnist_test_normalized.data
60000 data loaded from mnist_train_normalized.data
0 Accuracy: 0.0918 evaluated in 708ms
1 Accuracy: 0.4332, trained in 16964ms, evaluated in 1076ms
2 Accuracy: 0.4507, trained in 18132ms, evaluated in 703ms
3 Accuracy: 0.4523, trained in 11856ms, evaluated in 702ms
4 Accuracy: 0.4667, trained in 11946ms, evaluated in 701ms
5 Accuracy: 0.4656, trained in 14788ms, evaluated in 706ms
accuracy in training data: 0.462317
general accuracy: 0.4656
output: 0.4656

10000 data loaded from mnist_test_normalized.data
60000 data loaded from mnist_train_normalized.data
0 Accuracy: 0.0672 evaluated in 709ms
1 Accuracy: 0.4631, trained in 13611ms, evaluated in 711ms
2 Accuracy: 0.4834, trained in 11859ms, evaluated in 708ms
3 Accuracy: 0.4917, trained in 11871ms, evaluated in 706ms
4 Accuracy: 0.4956, trained in 15836ms, evaluated in 899ms
5 Accuracy: 0.5053, trained in 12490ms, evaluated in 929ms
accuracy in training data: 0.497083
general accuracy: 0.5053
output: 0.5053

10000 data loaded from mnist_test_normalized.data
60000 data loaded from mnist_train_normalized.data
0 Accuracy: 0.0698 evaluated in 713ms
1 Accuracy: 0.3643, trained in 11886ms, evaluated in 719ms
2 Accuracy: 0.3866, trained in 11983ms, evaluated in 714ms
3 Accuracy: 0.4054, trained in 11961ms, evaluated in 714ms
4 Accuracy: 0.4176, trained in 15520ms, evaluated in 968ms
5 Accuracy: 0.4241, trained in 12088ms, evaluated in 748ms
accuracy in training data: 0.425917
general accuracy: 0.4241
output: 0.4241

============================================
testing convolutional weight learning rate=0.06261563438647161
============================================
10000 data loaded from mnist_test_normalized.data
60000 data loaded from mnist_train_normalized.data
0 Accuracy: 0.0728 evaluated in 722ms
1 Accuracy: 0.2695, trained in 11926ms, evaluated in 711ms
2 Accuracy: 0.2874, trained in 11952ms, evaluated in 721ms
3 Accuracy: 0.3066, trained in 11956ms, evaluated in 714ms
4 Accuracy: 0.31, trained in 11948ms, evaluated in 716ms
5 Accuracy: 0.3111, trained in 11926ms, evaluated in 711ms
accuracy in training data: 0.313267
general accuracy: 0.3111
output: 0.3111

10000 data loaded from mnist_test_normalized.data
60000 data loaded from mnist_train_normalized.data
0 Accuracy: 0.1147 evaluated in 707ms
1 Accuracy: 0.4932, trained in 12703ms, evaluated in 1076ms
2 Accuracy: 0.4971, trained in 11993ms, evaluated in 708ms
3 Accuracy: 0.5069, trained in 12602ms, evaluated in 741ms
4 Accuracy: 0.5014, trained in 13242ms, evaluated in 738ms
5 Accuracy: 0.5103, trained in 12776ms, evaluated in 716ms
accuracy in training data: 0.505317
general accuracy: 0.5103
output: 0.5103

10000 data loaded from mnist_test_normalized.data
60000 data loaded from mnist_train_normalized.data
0 Accuracy: 0.1038 evaluated in 1114ms
1 Accuracy: 0.5046, trained in 15410ms, evaluated in 721ms
2 Accuracy: 0.5248, trained in 11949ms, evaluated in 719ms
3 Accuracy: 0.5321, trained in 17238ms, evaluated in 1101ms
4 Accuracy: 0.5267, trained in 13096ms, evaluated in 714ms
5 Accuracy: 0.5355, trained in 11955ms, evaluated in 720ms
accuracy in training data: 0.5176
general accuracy: 0.5355
output: 0.5355

============================================
testing convolutional weight learning rate=0.1104614011260058
============================================
10000 data loaded from mnist_test_normalized.data
60000 data loaded from mnist_train_normalized.data
0 Accuracy: 0.1168 evaluated in 717ms
1 Accuracy: 0.4882, trained in 17108ms, evaluated in 1089ms
2 Accuracy: 0.5056, trained in 12321ms, evaluated in 715ms
3 Accuracy: 0.5262, trained in 14506ms, evaluated in 1094ms
4 Accuracy: 0.5344, trained in 19705ms, evaluated in 726ms
5 Accuracy: 0.5332, trained in 12039ms, evaluated in 716ms
accuracy in training data: 0.527883
general accuracy: 0.5332
output: 0.5332

10000 data loaded from mnist_test_normalized.data
60000 data loaded from mnist_train_normalized.data
0 Accuracy: 0.0976 evaluated in 1082ms
1 Accuracy: 0.363, trained in 17565ms, evaluated in 1083ms
2 Accuracy: 0.3739, trained in 20497ms, evaluated in 1092ms
3 Accuracy: 0.3891, trained in 17135ms, evaluated in 1077ms
4 Accuracy: 0.396, trained in 16205ms, evaluated in 704ms
5 Accuracy: 0.4056, trained in 11859ms, evaluated in 705ms
accuracy in training data: 0.400817
general accuracy: 0.4056
output: 0.4056

10000 data loaded from mnist_test_normalized.data
60000 data loaded from mnist_train_normalized.data
0 Accuracy: 0.1175 evaluated in 712ms
1 Accuracy: 0.5037, trained in 11993ms, evaluated in 717ms
2 Accuracy: 0.5288, trained in 12002ms, evaluated in 711ms
3 Accuracy: 0.544, trained in 11989ms, evaluated in 724ms
4 Accuracy: 0.5424, trained in 12056ms, evaluated in 726ms
5 Accuracy: 0.5448, trained in 11968ms, evaluated in 713ms
accuracy in training data: 0.535333
general accuracy: 0.5448
output: 0.5448

============================================
testing convolutional weight learning rate=0.1948670049944682
============================================
10000 data loaded from mnist_test_normalized.data
60000 data loaded from mnist_train_normalized.data
0 Accuracy: 0.1137 evaluated in 1009ms
1 Accuracy: 0.4097, trained in 11826ms, evaluated in 708ms
2 Accuracy: 0.4167, trained in 12864ms, evaluated in 701ms
3 Accuracy: 0.4374, trained in 14601ms, evaluated in 875ms
4 Accuracy: 0.4272, trained in 11846ms, evaluated in 703ms
5 Accuracy: 0.4391, trained in 15207ms, evaluated in 694ms
accuracy in training data: 0.42745
general accuracy: 0.4391
output: 0.4391

10000 data loaded from mnist_test_normalized.data
60000 data loaded from mnist_train_normalized.data
0 Accuracy: 0.0473 evaluated in 724ms
1 Accuracy: 0.5471, trained in 17289ms, evaluated in 791ms
2 Accuracy: 0.5667, trained in 15975ms, evaluated in 1098ms
3 Accuracy: 0.5779, trained in 13356ms, evaluated in 733ms
4 Accuracy: 0.5867, trained in 15375ms, evaluated in 1101ms
5 Accuracy: 0.5812, trained in 16211ms, evaluated in 1097ms
accuracy in training data: 0.5779
general accuracy: 0.5812
output: 0.5812

10000 data loaded from mnist_test_normalized.data
60000 data loaded from mnist_train_normalized.data
0 Accuracy: 0.0573 evaluated in 718ms
1 Accuracy: 0.3378, trained in 15531ms, evaluated in 728ms
2 Accuracy: 0.3707, trained in 14827ms, evaluated in 998ms
3 Accuracy: 0.3837, trained in 14849ms, evaluated in 724ms
4 Accuracy: 0.392, trained in 15691ms, evaluated in 741ms
5 Accuracy: 0.3981, trained in 14148ms, evaluated in 728ms
accuracy in training data: 0.38445
general accuracy: 0.3981
output: 0.3981

============================================
testing convolutional weight learning rate=0.3437684951343073
============================================
10000 data loaded from mnist_test_normalized.data
60000 data loaded from mnist_train_normalized.data
0 Accuracy: 0.1481 evaluated in 769ms
1 Accuracy: 0.5184, trained in 16105ms, evaluated in 732ms
2 Accuracy: 0.5367, trained in 13591ms, evaluated in 732ms
3 Accuracy: 0.5462, trained in 14316ms, evaluated in 734ms
4 Accuracy: 0.5422, trained in 16691ms, evaluated in 1077ms
5 Accuracy: 0.55, trained in 14292ms, evaluated in 706ms
accuracy in training data: 0.5313
general accuracy: 0.55
output: 0.55

10000 data loaded from mnist_test_normalized.data
60000 data loaded from mnist_train_normalized.data
0 Accuracy: 0.0965 evaluated in 1099ms
1 Accuracy: 0.5248, trained in 17442ms, evaluated in 721ms
2 Accuracy: 0.5377, trained in 18093ms, evaluated in 1087ms
3 Accuracy: 0.5311, trained in 17778ms, evaluated in 841ms
4 Accuracy: 0.5469, trained in 13459ms, evaluated in 1003ms
5 Accuracy: 0.5306, trained in 15211ms, evaluated in 724ms
accuracy in training data: 0.525183
general accuracy: 0.5306
output: 0.5306

10000 data loaded from mnist_test_normalized.data
60000 data loaded from mnist_train_normalized.data
0 Accuracy: 0.0824 evaluated in 1094ms
1 Accuracy: 0.4489, trained in 18088ms, evaluated in 990ms
2 Accuracy: 0.4747, trained in 16766ms, evaluated in 744ms
3 Accuracy: 0.4984, trained in 16719ms, evaluated in 751ms
4 Accuracy: 0.5005, trained in 15643ms, evaluated in 1086ms
5 Accuracy: 0.5054, trained in 18098ms, evaluated in 1095ms
accuracy in training data: 0.502983
general accuracy: 0.5054
output: 0.5054

============================================
testing convolutional weight learning rate=0.6064483735985011
============================================
10000 data loaded from mnist_test_normalized.data
60000 data loaded from mnist_train_normalized.data
0 Accuracy: 0.103 evaluated in 1087ms
1 Accuracy: 0.4855, trained in 14191ms, evaluated in 708ms
2 Accuracy: 0.5292, trained in 14710ms, evaluated in 1087ms
3 Accuracy: 0.5401, trained in 16278ms, evaluated in 993ms
4 Accuracy: 0.5557, trained in 13719ms, evaluated in 721ms
5 Accuracy: 0.5625, trained in 13136ms, evaluated in 741ms
accuracy in training data: 0.553267
general accuracy: 0.5625
output: 0.5625

10000 data loaded from mnist_test_normalized.data
60000 data loaded from mnist_train_normalized.data
0 Accuracy: 0.0982 evaluated in 1044ms
1 Accuracy: 0.3785, trained in 15998ms, evaluated in 795ms
2 Accuracy: 0.3971, trained in 14182ms, evaluated in 709ms
3 Accuracy: 0.432, trained in 14199ms, evaluated in 867ms
4 Accuracy: 0.4433, trained in 16066ms, evaluated in 1075ms
5 Accuracy: 0.4533, trained in 15505ms, evaluated in 713ms
accuracy in training data: 0.440917
general accuracy: 0.4533
output: 0.4533

10000 data loaded from mnist_test_normalized.data
60000 data loaded from mnist_train_normalized.data
0 Accuracy: 0.088 evaluated in 825ms
1 Accuracy: 0.3891, trained in 11992ms, evaluated in 729ms
2 Accuracy: 0.4299, trained in 12026ms, evaluated in 726ms
3 Accuracy: 0.4393, trained in 11903ms, evaluated in 722ms
4 Accuracy: 0.4458, trained in 14465ms, evaluated in 723ms
5 Accuracy: 0.4478, trained in 13800ms, evaluated in 725ms
accuracy in training data: 0.432217
general accuracy: 0.4478
output: 0.4478

============================================
testing convolutional weight learning rate=1.0698468156501049
============================================
10000 data loaded from mnist_test_normalized.data
60000 data loaded from mnist_train_normalized.data
0 Accuracy: 0.1386 evaluated in 1093ms
1 Accuracy: 0.434, trained in 14579ms, evaluated in 747ms
2 Accuracy: 0.4485, trained in 15287ms, evaluated in 732ms
3 Accuracy: 0.4507, trained in 12393ms, evaluated in 731ms
4 Accuracy: 0.4561, trained in 14222ms, evaluated in 1091ms
5 Accuracy: 0.459, trained in 18751ms, evaluated in 737ms
accuracy in training data: 0.452833
general accuracy: 0.459
output: 0.459

10000 data loaded from mnist_test_normalized.data
60000 data loaded from mnist_train_normalized.data
0 Accuracy: 0.1267 evaluated in 709ms
1 Accuracy: 0.4068, trained in 18751ms, evaluated in 1095ms
2 Accuracy: 0.4183, trained in 17184ms, evaluated in 713ms
3 Accuracy: 0.445, trained in 13645ms, evaluated in 1099ms
4 Accuracy: 0.4414, trained in 16537ms, evaluated in 719ms
5 Accuracy: 0.4486, trained in 15870ms, evaluated in 723ms
accuracy in training data: 0.443467
general accuracy: 0.4486
output: 0.4486

10000 data loaded from mnist_test_normalized.data
60000 data loaded from mnist_train_normalized.data
0 Accuracy: 0.1225 evaluated in 832ms
1 Accuracy: 0.4126, trained in 13224ms, evaluated in 780ms
2 Accuracy: 0.4421, trained in 13514ms, evaluated in 887ms
3 Accuracy: 0.4704, trained in 15331ms, evaluated in 837ms
4 Accuracy: 0.4672, trained in 16042ms, evaluated in 712ms
5 Accuracy: 0.4822, trained in 14155ms, evaluated in 1025ms
accuracy in training data: 0.471383
general accuracy: 0.4822
output: 0.4822

============================================
testing convolutional weight learning rate=1.8873365958013648
============================================
10000 data loaded from mnist_test_normalized.data
60000 data loaded from mnist_train_normalized.data
0 Accuracy: 0.0876 evaluated in 1085ms
1 Accuracy: 0.4081, trained in 16477ms, evaluated in 726ms
2 Accuracy: 0.4301, trained in 18381ms, evaluated in 908ms
3 Accuracy: 0.4379, trained in 12377ms, evaluated in 707ms
4 Accuracy: 0.441, trained in 15780ms, evaluated in 1073ms
5 Accuracy: 0.4504, trained in 13602ms, evaluated in 780ms
accuracy in training data: 0.439117
general accuracy: 0.4504
output: 0.4504

10000 data loaded from mnist_test_normalized.data
60000 data loaded from mnist_train_normalized.data
0 Accuracy: 0.097 evaluated in 1081ms
1 Accuracy: 0.4564, trained in 12114ms, evaluated in 712ms
2 Accuracy: 0.4792, trained in 15683ms, evaluated in 1091ms
3 Accuracy: 0.4942, trained in 19934ms, evaluated in 1081ms
4 Accuracy: 0.4925, trained in 15453ms, evaluated in 1083ms
5 Accuracy: 0.5039, trained in 19642ms, evaluated in 719ms
accuracy in training data: 0.482517
general accuracy: 0.5039
output: 0.5039

10000 data loaded from mnist_test_normalized.data
60000 data loaded from mnist_train_normalized.data
0 Accuracy: 0.1052 evaluated in 719ms
1 Accuracy: 0.4465, trained in 15236ms, evaluated in 1087ms
2 Accuracy: 0.4767, trained in 20397ms, evaluated in 1095ms
3 Accuracy: 0.4823, trained in 16218ms, evaluated in 713ms
4 Accuracy: 0.4948, trained in 19496ms, evaluated in 1090ms
5 Accuracy: 0.4909, trained in 17537ms, evaluated in 718ms
accuracy in training data: 0.481717
general accuracy: 0.4909
output: 0.4909

============================================
testing convolutional weight learning rate=0.011405110488930916
============================================
============================================
testing convolutional weight learning rate=0.013780831349282959
============================================
10000 data loaded from mnist_test_normalized.data
60000 data loaded from mnist_train_normalized.data
0 Accuracy: 0.1149 evaluated in 1110ms
1 Accuracy: 0.4681, trained in 21218ms, evaluated in 1114ms
2 Accuracy: 0.4799, trained in 17526ms, evaluated in 796ms
3 Accuracy: 0.4872, trained in 13169ms, evaluated in 790ms
4 Accuracy: 0.5018, trained in 13163ms, evaluated in 796ms
5 Accuracy: 0.5037, trained in 13357ms, evaluated in 802ms
accuracy in training data: 0.498083
general accuracy: 0.5037
output: 0.5037

10000 data loaded from mnist_test_normalized.data
60000 data loaded from mnist_train_normalized.data
0 Accuracy: 0.0958 evaluated in 1084ms
1 Accuracy: 0.3761, trained in 17575ms, evaluated in 1093ms
2 Accuracy: 0.3933, trained in 20340ms, evaluated in 1091ms
3 Accuracy: 0.3957, trained in 15015ms, evaluated in 715ms
4 Accuracy: 0.3991, trained in 11881ms, evaluated in 715ms
5 Accuracy: 0.3972, trained in 11891ms, evaluated in 712ms
accuracy in training data: 0.402333
general accuracy: 0.3972
output: 0.3972

10000 data loaded from mnist_test_normalized.data
60000 data loaded from mnist_train_normalized.data
0 Accuracy: 0.125 evaluated in 719ms
1 Accuracy: 0.5716, trained in 11958ms, evaluated in 717ms
2 Accuracy: 0.5827, trained in 11982ms, evaluated in 716ms
3 Accuracy: 0.5907, trained in 11958ms, evaluated in 717ms
4 Accuracy: 0.6006, trained in 11957ms, evaluated in 710ms
5 Accuracy: 0.6026, trained in 12273ms, evaluated in 714ms
accuracy in training data: 0.586167
general accuracy: 0.6026
output: 0.6026

============================================
testing convolutional weight learning rate=0.016651422435731415
============================================
10000 data loaded from mnist_test_normalized.data
60000 data loaded from mnist_train_normalized.data
0 Accuracy: 0.1011 evaluated in 703ms
1 Accuracy: 0.4757, trained in 11934ms, evaluated in 711ms
2 Accuracy: 0.5131, trained in 11843ms, evaluated in 710ms
3 Accuracy: 0.5221, trained in 17837ms, evaluated in 709ms
4 Accuracy: 0.5316, trained in 14987ms, evaluated in 1085ms
5 Accuracy: 0.5297, trained in 12493ms, evaluated in 712ms
accuracy in training data: 0.508333
general accuracy: 0.5297
output: 0.5297

10000 data loaded from mnist_test_normalized.data
60000 data loaded from mnist_train_normalized.data
0 Accuracy: 0.1135 evaluated in 711ms
1 Accuracy: 0.3477, trained in 15037ms, evaluated in 718ms
2 Accuracy: 0.3643, trained in 14145ms, evaluated in 710ms
3 Accuracy: 0.3741, trained in 11832ms, evaluated in 712ms
4 Accuracy: 0.3879, trained in 12928ms, evaluated in 1094ms
5 Accuracy: 0.3877, trained in 14207ms, evaluated in 1035ms
accuracy in training data: 0.387817
general accuracy: 0.3877
output: 0.3877

10000 data loaded from mnist_test_normalized.data
60000 data loaded from mnist_train_normalized.data
0 Accuracy: 0.1145 evaluated in 704ms
1 Accuracy: 0.3653, trained in 15587ms, evaluated in 1094ms
2 Accuracy: 0.3895, trained in 16482ms, evaluated in 715ms
3 Accuracy: 0.3969, trained in 11879ms, evaluated in 707ms
4 Accuracy: 0.4108, trained in 11861ms, evaluated in 717ms
5 Accuracy: 0.4119, trained in 11899ms, evaluated in 709ms
accuracy in training data: 0.406883
general accuracy: 0.4119
output: 0.4119

============================================
testing convolutional weight learning rate=0.020119966793411662
============================================
============================================
testing convolutional weight learning rate=0.011405110488930916
============================================
============================================
testing convolutional weight learning rate=0.012147627625999835
============================================
10000 data loaded from mnist_test_normalized.data
60000 data loaded from mnist_train_normalized.data
0 Accuracy: 0.1175 evaluated in 1088ms
1 Accuracy: 0.5155, trained in 19388ms, evaluated in 733ms
2 Accuracy: 0.5269, trained in 18143ms, evaluated in 712ms
3 Accuracy: 0.5385, trained in 11915ms, evaluated in 713ms
4 Accuracy: 0.5426, trained in 16715ms, evaluated in 708ms
5 Accuracy: 0.547, trained in 12472ms, evaluated in 710ms
accuracy in training data: 0.5347
general accuracy: 0.547
output: 0.547

10000 data loaded from mnist_test_normalized.data
60000 data loaded from mnist_train_normalized.data
0 Accuracy: 0.0945 evaluated in 1073ms
1 Accuracy: 0.3563, trained in 16761ms, evaluated in 1061ms
2 Accuracy: 0.3801, trained in 15624ms, evaluated in 1074ms
3 Accuracy: 0.3968, trained in 19072ms, evaluated in 902ms
4 Accuracy: 0.4059, trained in 14035ms, evaluated in 1072ms
5 Accuracy: 0.4134, trained in 14099ms, evaluated in 713ms
accuracy in training data: 0.415467
general accuracy: 0.4134
output: 0.4134

10000 data loaded from mnist_test_normalized.data
60000 data loaded from mnist_train_normalized.data
0 Accuracy: 0.0892 evaluated in 750ms
1 Accuracy: 0.4159, trained in 18313ms, evaluated in 875ms
2 Accuracy: 0.4424, trained in 18360ms, evaluated in 735ms
3 Accuracy: 0.4489, trained in 14406ms, evaluated in 729ms
4 Accuracy: 0.4573, trained in 16202ms, evaluated in 739ms
5 Accuracy: 0.461, trained in 15081ms, evaluated in 966ms
accuracy in training data: 0.46375
general accuracy: 0.461
output: 0.461

============================================
testing convolutional weight learning rate=0.012938485522185126
============================================
10000 data loaded from mnist_test_normalized.data
60000 data loaded from mnist_train_normalized.data
0 Accuracy: 0.1034 evaluated in 740ms
1 Accuracy: 0.4226, trained in 16775ms, evaluated in 1084ms
2 Accuracy: 0.453, trained in 12739ms, evaluated in 751ms
3 Accuracy: 0.4637, trained in 14567ms, evaluated in 725ms
4 Accuracy: 0.4732, trained in 15909ms, evaluated in 1089ms
5 Accuracy: 0.4786, trained in 13208ms, evaluated in 713ms
accuracy in training data: 0.4754
general accuracy: 0.4786
output: 0.4786

10000 data loaded from mnist_test_normalized.data
60000 data loaded from mnist_train_normalized.data
0 Accuracy: 0.1044 evaluated in 743ms
1 Accuracy: 0.4794, trained in 12399ms, evaluated in 733ms
2 Accuracy: 0.5131, trained in 12321ms, evaluated in 740ms
3 Accuracy: 0.5263, trained in 12450ms, evaluated in 723ms
4 Accuracy: 0.5326, trained in 12837ms, evaluated in 714ms
5 Accuracy: 0.5406, trained in 12156ms, evaluated in 1047ms
accuracy in training data: 0.53575
general accuracy: 0.5406
output: 0.5406

10000 data loaded from mnist_test_normalized.data
60000 data loaded from mnist_train_normalized.data
0 Accuracy: 0.0698 evaluated in 721ms
1 Accuracy: 0.3603, trained in 14588ms, evaluated in 1075ms
2 Accuracy: 0.3866, trained in 14715ms, evaluated in 716ms
3 Accuracy: 0.4018, trained in 12244ms, evaluated in 699ms
4 Accuracy: 0.4082, trained in 11818ms, evaluated in 713ms
5 Accuracy: 0.4106, trained in 11714ms, evaluated in 696ms
accuracy in training data: 0.4076
general accuracy: 0.4106
output: 0.4106

============================================
testing convolutional weight learning rate=0.013780831349282948
============================================
============================================
Done looking for best convolutional weight learning rate, found 0.013353017894707261 to be best
============================================
I am done: the best parameters are: [0.1704514531567148, 0.13168724279835392, 0.013353017894707261, 0.13168724279835392, 0.0, 0.0]
Traceback (most recent call last):
  File "train/findBestParams.py", line 79, in <module>
    with open(input(), "w") as file:
OSError: [Errno 9] Bad file descriptor
