/home/hannah/neuralnetwork
testing fully connected weight learning rate=0.005836199362722949
============================================
10000 data loaded from mnist_test_normalized.data
60000 data loaded from mnist_train_normalized.data
0 Accuracy: 0.0897 evaluated in 218ms
1 Accuracy: 0.2685, trained in 3055ms, evaluated in 223ms
2 Accuracy: 0.3026, trained in 3096ms, evaluated in 225ms
3 Accuracy: 0.3162, trained in 3118ms, evaluated in 225ms
4 Accuracy: 0.3138, trained in 3126ms, evaluated in 225ms
5 Accuracy: 0.3264, trained in 3115ms, evaluated in 227ms
accuracy in training data: 0.330667
general accuracy: 0.3264
output: 0.3264

10000 data loaded from mnist_test_normalized.data
60000 data loaded from mnist_train_normalized.data
0 Accuracy: 0.114 evaluated in 343ms
1 Accuracy: 0.4129, trained in 5241ms, evaluated in 309ms
2 Accuracy: 0.4369, trained in 4520ms, evaluated in 246ms
3 Accuracy: 0.4662, trained in 3419ms, evaluated in 230ms
4 Accuracy: 0.4791, trained in 3201ms, evaluated in 229ms
5 Accuracy: 0.4892, trained in 3173ms, evaluated in 237ms
accuracy in training data: 0.476417
general accuracy: 0.4892
output: 0.4892

10000 data loaded from mnist_test_normalized.data
60000 data loaded from mnist_train_normalized.data
0 Accuracy: 0.0695 evaluated in 230ms
1 Accuracy: 0.2556, trained in 3212ms, evaluated in 234ms
2 Accuracy: 0.291, trained in 3917ms, evaluated in 239ms
3 Accuracy: 0.3264, trained in 3249ms, evaluated in 240ms
4 Accuracy: 0.3412, trained in 4069ms, evaluated in 347ms
5 Accuracy: 0.346, trained in 4364ms, evaluated in 232ms
accuracy in training data: 0.335833
general accuracy: 0.346
output: 0.346

============================================
testing fully connected weight learning rate=0.010295747462655495
============================================
10000 data loaded from mnist_test_normalized.data
60000 data loaded from mnist_train_normalized.data
0 Accuracy: 0.0892 evaluated in 234ms
1 Accuracy: 0.28, trained in 3546ms, evaluated in 231ms
2 Accuracy: 0.2983, trained in 4329ms, evaluated in 234ms
3 Accuracy: 0.3078, trained in 4582ms, evaluated in 335ms
4 Accuracy: 0.3204, trained in 4674ms, evaluated in 235ms
5 Accuracy: 0.3331, trained in 4594ms, evaluated in 343ms
accuracy in training data: 0.328817
general accuracy: 0.3331
output: 0.3331

10000 data loaded from mnist_test_normalized.data
60000 data loaded from mnist_train_normalized.data
0 Accuracy: 0.1009 evaluated in 230ms
1 Accuracy: 0.3416, trained in 4528ms, evaluated in 320ms
2 Accuracy: 0.3795, trained in 3478ms, evaluated in 259ms
3 Accuracy: 0.3905, trained in 3825ms, evaluated in 239ms
4 Accuracy: 0.3984, trained in 3270ms, evaluated in 234ms
5 Accuracy: 0.4045, trained in 3264ms, evaluated in 237ms
accuracy in training data: 0.395417
general accuracy: 0.4045
output: 0.4045

10000 data loaded from mnist_test_normalized.data
60000 data loaded from mnist_train_normalized.data
0 Accuracy: 0.074 evaluated in 347ms
1 Accuracy: 0.2978, trained in 4726ms, evaluated in 236ms
2 Accuracy: 0.3309, trained in 3368ms, evaluated in 311ms
3 Accuracy: 0.3517, trained in 3785ms, evaluated in 233ms
4 Accuracy: 0.3599, trained in 3213ms, evaluated in 233ms
5 Accuracy: 0.3649, trained in 3242ms, evaluated in 239ms
accuracy in training data: 0.359467
general accuracy: 0.3649
output: 0.3649

============================================
testing fully connected weight learning rate=0.018162918918061148
============================================
10000 data loaded from mnist_test_normalized.data
60000 data loaded from mnist_train_normalized.data
0 Accuracy: 0.0933 evaluated in 349ms
1 Accuracy: 0.3782, trained in 4330ms, evaluated in 250ms
2 Accuracy: 0.3969, trained in 3792ms, evaluated in 239ms
3 Accuracy: 0.4143, trained in 3279ms, evaluated in 236ms
4 Accuracy: 0.4186, trained in 3987ms, evaluated in 348ms
5 Accuracy: 0.4277, trained in 4918ms, evaluated in 348ms
accuracy in training data: 0.411817
general accuracy: 0.4277
output: 0.4277

10000 data loaded from mnist_test_normalized.data
60000 data loaded from mnist_train_normalized.data
0 Accuracy: 0.115 evaluated in 306ms
1 Accuracy: 0.3666, trained in 3951ms, evaluated in 241ms
2 Accuracy: 0.3991, trained in 3504ms, evaluated in 350ms
3 Accuracy: 0.4004, trained in 4615ms, evaluated in 344ms
4 Accuracy: 0.4115, trained in 4711ms, evaluated in 233ms
5 Accuracy: 0.4191, trained in 3309ms, evaluated in 231ms
accuracy in training data: 0.4002
general accuracy: 0.4191
output: 0.4191

10000 data loaded from mnist_test_normalized.data
60000 data loaded from mnist_train_normalized.data
0 Accuracy: 0.1006 evaluated in 347ms
1 Accuracy: 0.3306, trained in 5423ms, evaluated in 346ms
2 Accuracy: 0.3823, trained in 3494ms, evaluated in 279ms
3 Accuracy: 0.3931, trained in 5112ms, evaluated in 250ms
4 Accuracy: 0.4069, trained in 3477ms, evaluated in 244ms
5 Accuracy: 0.4133, trained in 3636ms, evaluated in 238ms
accuracy in training data: 0.397967
general accuracy: 0.4133
output: 0.4133

============================================
testing fully connected weight learning rate=0.03204154189102239
============================================
10000 data loaded from mnist_test_normalized.data
60000 data loaded from mnist_train_normalized.data
0 Accuracy: 0.0952 evaluated in 231ms
1 Accuracy: 0.3606, trained in 3354ms, evaluated in 316ms
2 Accuracy: 0.3882, trained in 3888ms, evaluated in 251ms
3 Accuracy: 0.4019, trained in 3304ms, evaluated in 244ms
4 Accuracy: 0.4146, trained in 3318ms, evaluated in 235ms
5 Accuracy: 0.4199, trained in 4164ms, evaluated in 340ms
accuracy in training data: 0.409933
general accuracy: 0.4199
output: 0.4199

10000 data loaded from mnist_test_normalized.data
60000 data loaded from mnist_train_normalized.data
0 Accuracy: 0.086 evaluated in 355ms
1 Accuracy: 0.4015, trained in 4016ms, evaluated in 317ms
2 Accuracy: 0.4196, trained in 3539ms, evaluated in 233ms
3 Accuracy: 0.4327, trained in 4094ms, evaluated in 236ms
4 Accuracy: 0.446, trained in 3293ms, evaluated in 251ms
5 Accuracy: 0.4466, trained in 4887ms, evaluated in 237ms
accuracy in training data: 0.439333
general accuracy: 0.4466
output: 0.4466

10000 data loaded from mnist_test_normalized.data
60000 data loaded from mnist_train_normalized.data
0 Accuracy: 0.0723 evaluated in 252ms
1 Accuracy: 0.3596, trained in 4129ms, evaluated in 346ms
2 Accuracy: 0.3757, trained in 4204ms, evaluated in 239ms
3 Accuracy: 0.3944, trained in 4406ms, evaluated in 237ms
4 Accuracy: 0.4013, trained in 4952ms, evaluated in 346ms
5 Accuracy: 0.4034, trained in 4677ms, evaluated in 242ms
accuracy in training data: 0.407433
general accuracy: 0.4034
output: 0.4034

============================================
testing fully connected weight learning rate=0.05652507790106549
============================================
10000 data loaded from mnist_test_normalized.data
60000 data loaded from mnist_train_normalized.data
0 Accuracy: 0.172 evaluated in 228ms
1 Accuracy: 0.4288, trained in 4285ms, evaluated in 349ms
2 Accuracy: 0.4526, trained in 5469ms, evaluated in 287ms
3 Accuracy: 0.4638, trained in 3740ms, evaluated in 235ms
4 Accuracy: 0.4736, trained in 3284ms, evaluated in 244ms
5 Accuracy: 0.4766, trained in 3911ms, evaluated in 315ms
accuracy in training data: 0.459583
general accuracy: 0.4766
output: 0.4766

10000 data loaded from mnist_test_normalized.data
60000 data loaded from mnist_train_normalized.data
0 Accuracy: 0.0992 evaluated in 351ms
1 Accuracy: 0.405, trained in 5404ms, evaluated in 234ms
2 Accuracy: 0.4245, trained in 3189ms, evaluated in 231ms
3 Accuracy: 0.4351, trained in 3206ms, evaluated in 308ms
4 Accuracy: 0.4388, trained in 4645ms, evaluated in 349ms
5 Accuracy: 0.4407, trained in 5058ms, evaluated in 231ms
accuracy in training data: 0.4374
general accuracy: 0.4407
output: 0.4407

10000 data loaded from mnist_test_normalized.data
60000 data loaded from mnist_train_normalized.data
0 Accuracy: 0.1095 evaluated in 228ms
1 Accuracy: 0.3911, trained in 3200ms, evaluated in 229ms
2 Accuracy: 0.4075, trained in 3478ms, evaluated in 350ms
3 Accuracy: 0.4261, trained in 5448ms, evaluated in 350ms
4 Accuracy: 0.4373, trained in 4732ms, evaluated in 239ms
5 Accuracy: 0.4422, trained in 4630ms, evaluated in 352ms
accuracy in training data: 0.43255
general accuracy: 0.4422
output: 0.4422

============================================
testing fully connected weight learning rate=0.0997169375490242
============================================
10000 data loaded from mnist_test_normalized.data
60000 data loaded from mnist_train_normalized.data
0 Accuracy: 0.0831 evaluated in 349ms
1 Accuracy: 0.4446, trained in 3681ms, evaluated in 310ms
2 Accuracy: 0.469, trained in 4669ms, evaluated in 349ms
3 Accuracy: 0.4719, trained in 3867ms, evaluated in 234ms
4 Accuracy: 0.4767, trained in 3211ms, evaluated in 231ms
5 Accuracy: 0.4821, trained in 3194ms, evaluated in 233ms
accuracy in training data: 0.46325
general accuracy: 0.4821
output: 0.4821

10000 data loaded from mnist_test_normalized.data
60000 data loaded from mnist_train_normalized.data
0 Accuracy: 0.0929 evaluated in 235ms
1 Accuracy: 0.3912, trained in 3218ms, evaluated in 234ms
2 Accuracy: 0.4176, trained in 3366ms, evaluated in 304ms
3 Accuracy: 0.4316, trained in 4435ms, evaluated in 349ms
4 Accuracy: 0.436, trained in 3596ms, evaluated in 234ms
5 Accuracy: 0.4475, trained in 3205ms, evaluated in 234ms
accuracy in training data: 0.433133
general accuracy: 0.4475
output: 0.4475

10000 data loaded from mnist_test_normalized.data
60000 data loaded from mnist_train_normalized.data
0 Accuracy: 0.1487 evaluated in 233ms
1 Accuracy: 0.4432, trained in 3296ms, evaluated in 234ms
2 Accuracy: 0.4611, trained in 3230ms, evaluated in 236ms
3 Accuracy: 0.4716, trained in 3241ms, evaluated in 234ms
4 Accuracy: 0.4802, trained in 3236ms, evaluated in 234ms
5 Accuracy: 0.4772, trained in 3353ms, evaluated in 347ms
accuracy in training data: 0.458267
general accuracy: 0.4772
output: 0.4772

============================================
testing fully connected weight learning rate=0.1759124976627155
============================================
10000 data loaded from mnist_test_normalized.data
60000 data loaded from mnist_train_normalized.data
0 Accuracy: 0.1011 evaluated in 236ms
1 Accuracy: 0.4048, trained in 3231ms, evaluated in 233ms
2 Accuracy: 0.4178, trained in 3209ms, evaluated in 237ms
3 Accuracy: 0.4256, trained in 3212ms, evaluated in 234ms
4 Accuracy: 0.4298, trained in 3217ms, evaluated in 233ms
5 Accuracy: 0.4312, trained in 3218ms, evaluated in 233ms
accuracy in training data: 0.4293
general accuracy: 0.4312
output: 0.4312

10000 data loaded from mnist_test_normalized.data
60000 data loaded from mnist_train_normalized.data
0 Accuracy: 0.069 evaluated in 234ms
1 Accuracy: 0.4429, trained in 4239ms, evaluated in 244ms
2 Accuracy: 0.454, trained in 3303ms, evaluated in 267ms
3 Accuracy: 0.4629, trained in 4101ms, evaluated in 238ms
4 Accuracy: 0.4622, trained in 3317ms, evaluated in 238ms
5 Accuracy: 0.4702, trained in 3347ms, evaluated in 238ms
accuracy in training data: 0.4723
general accuracy: 0.4702
output: 0.4702

10000 data loaded from mnist_test_normalized.data
60000 data loaded from mnist_train_normalized.data
0 Accuracy: 0.1026 evaluated in 243ms
1 Accuracy: 0.4169, trained in 3735ms, evaluated in 237ms
2 Accuracy: 0.4462, trained in 3325ms, evaluated in 250ms
3 Accuracy: 0.4564, trained in 3319ms, evaluated in 242ms
4 Accuracy: 0.4672, trained in 3300ms, evaluated in 239ms
5 Accuracy: 0.4667, trained in 4134ms, evaluated in 351ms
accuracy in training data: 0.46495
general accuracy: 0.4667
output: 0.4667

============================================
testing fully connected weight learning rate=0.31033049745156055
============================================
10000 data loaded from mnist_test_normalized.data
60000 data loaded from mnist_train_normalized.data
0 Accuracy: 0.0963 evaluated in 251ms
1 Accuracy: 0.4808, trained in 4153ms, evaluated in 352ms
2 Accuracy: 0.4983, trained in 3703ms, evaluated in 242ms
3 Accuracy: 0.5066, trained in 3370ms, evaluated in 239ms
4 Accuracy: 0.5099, trained in 5300ms, evaluated in 321ms
5 Accuracy: 0.5159, trained in 3362ms, evaluated in 234ms
accuracy in training data: 0.5024
general accuracy: 0.5159
output: 0.5159

10000 data loaded from mnist_test_normalized.data
60000 data loaded from mnist_train_normalized.data
0 Accuracy: 0.1152 evaluated in 238ms
1 Accuracy: 0.4767, trained in 3271ms, evaluated in 230ms
2 Accuracy: 0.4924, trained in 4128ms, evaluated in 239ms
3 Accuracy: 0.4957, trained in 3266ms, evaluated in 236ms
4 Accuracy: 0.4891, trained in 3294ms, evaluated in 245ms
5 Accuracy: 0.4939, trained in 3244ms, evaluated in 240ms
accuracy in training data: 0.472867
general accuracy: 0.4939
output: 0.4939

10000 data loaded from mnist_test_normalized.data
60000 data loaded from mnist_train_normalized.data
0 Accuracy: 0.0958 evaluated in 238ms
1 Accuracy: 0.5115, trained in 4352ms, evaluated in 242ms
2 Accuracy: 0.5227, trained in 3715ms, evaluated in 290ms
3 Accuracy: 0.5514, trained in 3314ms, evaluated in 253ms
4 Accuracy: 0.5622, trained in 5144ms, evaluated in 250ms
5 Accuracy: 0.5614, trained in 3816ms, evaluated in 238ms
accuracy in training data: 0.552533
general accuracy: 0.5614
output: 0.5614

============================================
testing fully connected weight learning rate=0.5474597821536406
============================================
10000 data loaded from mnist_test_normalized.data
60000 data loaded from mnist_train_normalized.data
0 Accuracy: 0.1051 evaluated in 239ms
1 Accuracy: 0.424, trained in 3891ms, evaluated in 241ms
2 Accuracy: 0.4243, trained in 3949ms, evaluated in 347ms
3 Accuracy: 0.4276, trained in 3943ms, evaluated in 267ms
4 Accuracy: 0.4407, trained in 4912ms, evaluated in 351ms
5 Accuracy: 0.4471, trained in 5414ms, evaluated in 350ms
accuracy in training data: 0.44925
general accuracy: 0.4471
output: 0.4471

10000 data loaded from mnist_test_normalized.data
60000 data loaded from mnist_train_normalized.data
0 Accuracy: 0.1104 evaluated in 235ms
1 Accuracy: 0.5092, trained in 3216ms, evaluated in 233ms
2 Accuracy: 0.5186, trained in 3217ms, evaluated in 237ms
3 Accuracy: 0.5183, trained in 3223ms, evaluated in 236ms
4 Accuracy: 0.5288, trained in 3253ms, evaluated in 234ms
5 Accuracy: 0.5312, trained in 3226ms, evaluated in 232ms
accuracy in training data: 0.526417
general accuracy: 0.5312
output: 0.5312

10000 data loaded from mnist_test_normalized.data
60000 data loaded from mnist_train_normalized.data
0 Accuracy: 0.0823 evaluated in 231ms
1 Accuracy: 0.4714, trained in 3470ms, evaluated in 357ms
2 Accuracy: 0.4865, trained in 5475ms, evaluated in 349ms
3 Accuracy: 0.484, trained in 5420ms, evaluated in 351ms
4 Accuracy: 0.4806, trained in 4987ms, evaluated in 231ms
5 Accuracy: 0.471, trained in 3219ms, evaluated in 232ms
accuracy in training data: 0.461983
general accuracy: 0.471
output: 0.471

============================================
testing fully connected weight learning rate=0.9657839482002364
============================================
10000 data loaded from mnist_test_normalized.data
60000 data loaded from mnist_train_normalized.data
0 Accuracy: 0.0827 evaluated in 239ms
1 Accuracy: 0.4759, trained in 4404ms, evaluated in 341ms
2 Accuracy: 0.4953, trained in 5402ms, evaluated in 342ms
3 Accuracy: 0.4395, trained in 5436ms, evaluated in 349ms
4 Accuracy: 0.5027, trained in 3380ms, evaluated in 234ms
5 Accuracy: 0.5006, trained in 3320ms, evaluated in 234ms
accuracy in training data: 0.5
general accuracy: 0.5006
output: 0.5006

10000 data loaded from mnist_test_normalized.data
60000 data loaded from mnist_train_normalized.data
0 Accuracy: 0.1012 evaluated in 348ms
1 Accuracy: 0.4188, trained in 4021ms, evaluated in 237ms
2 Accuracy: 0.4144, trained in 3295ms, evaluated in 248ms
3 Accuracy: 0.4338, trained in 3276ms, evaluated in 312ms
4 Accuracy: 0.4121, trained in 4755ms, evaluated in 350ms
5 Accuracy: 0.425, trained in 4614ms, evaluated in 347ms
accuracy in training data: 0.427517
general accuracy: 0.425
output: 0.425

10000 data loaded from mnist_test_normalized.data
60000 data loaded from mnist_train_normalized.data
0 Accuracy: 0.0979 evaluated in 350ms
1 Accuracy: 0.4722, trained in 4117ms, evaluated in 350ms
2 Accuracy: 0.4775, trained in 3664ms, evaluated in 232ms
3 Accuracy: 0.5015, trained in 3508ms, evaluated in 312ms
4 Accuracy: 0.4952, trained in 4520ms, evaluated in 350ms
5 Accuracy: 0.4977, trained in 5442ms, evaluated in 351ms
accuracy in training data: 0.49395
general accuracy: 0.4977
output: 0.4977

============================================
testing fully connected weight learning rate=1.7037573626540308
============================================
10000 data loaded from mnist_test_normalized.data
60000 data loaded from mnist_train_normalized.data
0 Accuracy: 0.1242 evaluated in 351ms
1 Accuracy: 0.5071, trained in 5053ms, evaluated in 237ms
2 Accuracy: 0.5189, trained in 3212ms, evaluated in 230ms
3 Accuracy: 0.5111, trained in 3198ms, evaluated in 328ms
4 Accuracy: 0.53, trained in 4554ms, evaluated in 350ms
5 Accuracy: 0.5285, trained in 5425ms, evaluated in 350ms
accuracy in training data: 0.51625
general accuracy: 0.5285
output: 0.5285

10000 data loaded from mnist_test_normalized.data
60000 data loaded from mnist_train_normalized.data
0 Accuracy: 0.1084 evaluated in 233ms
1 Accuracy: 0.4071, trained in 3645ms, evaluated in 235ms
2 Accuracy: 0.3911, trained in 4518ms, evaluated in 347ms
3 Accuracy: 0.4066, trained in 4906ms, evaluated in 288ms
4 Accuracy: 0.4213, trained in 4311ms, evaluated in 315ms
5 Accuracy: 0.4155, trained in 3313ms, evaluated in 238ms
accuracy in training data: 0.392833
general accuracy: 0.4155
output: 0.4155

10000 data loaded from mnist_test_normalized.data
60000 data loaded from mnist_train_normalized.data
0 Accuracy: 0.1018 evaluated in 348ms
1 Accuracy: 0.4219, trained in 5407ms, evaluated in 349ms
2 Accuracy: 0.4359, trained in 4783ms, evaluated in 348ms
3 Accuracy: 0.427, trained in 3880ms, evaluated in 236ms
4 Accuracy: 0.4383, trained in 4197ms, evaluated in 315ms
5 Accuracy: 0.4169, trained in 5241ms, evaluated in 349ms
accuracy in training data: 0.417917
general accuracy: 0.4169
output: 0.4169

============================================
testing fully connected weight learning rate=0.31033049745156055
============================================
============================================
testing fully connected weight learning rate=0.3749733290238312
============================================
10000 data loaded from mnist_test_normalized.data
60000 data loaded from mnist_train_normalized.data
0 Accuracy: 0.0566 evaluated in 347ms
1 Accuracy: 0.466, trained in 4684ms, evaluated in 240ms
2 Accuracy: 0.4782, trained in 4158ms, evaluated in 237ms
3 Accuracy: 0.4637, trained in 3418ms, evaluated in 246ms
4 Accuracy: 0.4831, trained in 4521ms, evaluated in 350ms
5 Accuracy: 0.4777, trained in 3959ms, evaluated in 234ms
accuracy in training data: 0.471317
general accuracy: 0.4777
output: 0.4777

10000 data loaded from mnist_test_normalized.data
60000 data loaded from mnist_train_normalized.data
0 Accuracy: 0.0964 evaluated in 230ms
1 Accuracy: 0.5127, trained in 4447ms, evaluated in 348ms
2 Accuracy: 0.5303, trained in 3601ms, evaluated in 235ms
3 Accuracy: 0.5352, trained in 4094ms, evaluated in 317ms
4 Accuracy: 0.5336, trained in 4493ms, evaluated in 346ms
5 Accuracy: 0.5394, trained in 5171ms, evaluated in 352ms
accuracy in training data: 0.536717
general accuracy: 0.5394
output: 0.5394

10000 data loaded from mnist_test_normalized.data
60000 data loaded from mnist_train_normalized.data
0 Accuracy: 0.0729 evaluated in 234ms
1 Accuracy: 0.4461, trained in 4059ms, evaluated in 241ms
2 Accuracy: 0.4539, trained in 3559ms, evaluated in 315ms
3 Accuracy: 0.4645, trained in 4896ms, evaluated in 347ms
4 Accuracy: 0.4625, trained in 4961ms, evaluated in 263ms
5 Accuracy: 0.4587, trained in 3326ms, evaluated in 242ms
accuracy in training data: 0.459467
general accuracy: 0.4587
output: 0.4587

============================================
testing fully connected weight learning rate=0.45308146841469027
============================================
10000 data loaded from mnist_test_normalized.data
60000 data loaded from mnist_train_normalized.data
0 Accuracy: 0.1314 evaluated in 233ms
1 Accuracy: 0.4117, trained in 3308ms, evaluated in 233ms
2 Accuracy: 0.4238, trained in 3730ms, evaluated in 317ms
3 Accuracy: 0.42, trained in 4915ms, evaluated in 348ms
4 Accuracy: 0.4225, trained in 3757ms, evaluated in 234ms
5 Accuracy: 0.4206, trained in 3764ms, evaluated in 234ms
accuracy in training data: 0.41495
general accuracy: 0.4206
output: 0.4206

10000 data loaded from mnist_test_normalized.data
60000 data loaded from mnist_train_normalized.data
0 Accuracy: 0.0841 evaluated in 235ms
1 Accuracy: 0.4335, trained in 4726ms, evaluated in 314ms
2 Accuracy: 0.4446, trained in 4197ms, evaluated in 350ms
3 Accuracy: 0.4422, trained in 4812ms, evaluated in 348ms
4 Accuracy: 0.4429, trained in 5387ms, evaluated in 351ms
5 Accuracy: 0.4466, trained in 4371ms, evaluated in 348ms
accuracy in training data: 0.431333
general accuracy: 0.4466
output: 0.4466

10000 data loaded from mnist_test_normalized.data
60000 data loaded from mnist_train_normalized.data
0 Accuracy: 0.1098 evaluated in 232ms
1 Accuracy: 0.4051, trained in 3182ms, evaluated in 234ms
2 Accuracy: 0.4038, trained in 3216ms, evaluated in 237ms
3 Accuracy: 0.4068, trained in 3215ms, evaluated in 232ms
4 Accuracy: 0.4232, trained in 3220ms, evaluated in 233ms
5 Accuracy: 0.4217, trained in 3234ms, evaluated in 235ms
accuracy in training data: 0.421167
general accuracy: 0.4217
output: 0.4217

============================================
testing fully connected weight learning rate=0.5474597821536406
============================================
============================================
testing fully connected weight learning rate=0.31033049745156055
============================================
============================================
testing fully connected weight learning rate=0.3305342221534425
============================================
10000 data loaded from mnist_test_normalized.data
60000 data loaded from mnist_train_normalized.data
0 Accuracy: 0.1102 evaluated in 234ms
1 Accuracy: 0.4535, trained in 4271ms, evaluated in 336ms
2 Accuracy: 0.4606, trained in 4782ms, evaluated in 247ms
3 Accuracy: 0.4689, trained in 3410ms, evaluated in 348ms
4 Accuracy: 0.4745, trained in 5403ms, evaluated in 348ms
5 Accuracy: 0.4726, trained in 3825ms, evaluated in 231ms
accuracy in training data: 0.475133
general accuracy: 0.4726
output: 0.4726

10000 data loaded from mnist_test_normalized.data
60000 data loaded from mnist_train_normalized.data
0 Accuracy: 0.1066 evaluated in 238ms
1 Accuracy: 0.4488, trained in 3231ms, evaluated in 234ms
2 Accuracy: 0.4725, trained in 3502ms, evaluated in 348ms
3 Accuracy: 0.4771, trained in 5400ms, evaluated in 350ms
4 Accuracy: 0.4851, trained in 5405ms, evaluated in 349ms
5 Accuracy: 0.4823, trained in 3219ms, evaluated in 233ms
accuracy in training data: 0.465083
general accuracy: 0.4823
output: 0.4823

10000 data loaded from mnist_test_normalized.data
60000 data loaded from mnist_train_normalized.data
0 Accuracy: 0.1089 evaluated in 234ms
1 Accuracy: 0.4, trained in 3208ms, evaluated in 231ms
2 Accuracy: 0.4226, trained in 3660ms, evaluated in 309ms
3 Accuracy: 0.438, trained in 4744ms, evaluated in 349ms
4 Accuracy: 0.4419, trained in 4175ms, evaluated in 233ms
5 Accuracy: 0.4416, trained in 3209ms, evaluated in 233ms
accuracy in training data: 0.438283
general accuracy: 0.4416
output: 0.4416

============================================
testing fully connected weight learning rate=0.3520532880647174
============================================
10000 data loaded from mnist_test_normalized.data
60000 data loaded from mnist_train_normalized.data
0 Accuracy: 0.0918 evaluated in 232ms
1 Accuracy: 0.3826, trained in 3199ms, evaluated in 233ms
2 Accuracy: 0.4132, trained in 3194ms, evaluated in 232ms
3 Accuracy: 0.4192, trained in 3199ms, evaluated in 240ms
4 Accuracy: 0.4198, trained in 3217ms, evaluated in 233ms
5 Accuracy: 0.4334, trained in 3633ms, evaluated in 232ms
accuracy in training data: 0.421833
general accuracy: 0.4334
output: 0.4334

10000 data loaded from mnist_test_normalized.data
60000 data loaded from mnist_train_normalized.data
0 Accuracy: 0.1135 evaluated in 227ms
1 Accuracy: 0.4833, trained in 3602ms, evaluated in 351ms
2 Accuracy: 0.4837, trained in 4700ms, evaluated in 234ms
3 Accuracy: 0.4945, trained in 3197ms, evaluated in 233ms
4 Accuracy: 0.5022, trained in 4269ms, evaluated in 307ms
5 Accuracy: 0.499, trained in 4486ms, evaluated in 307ms
accuracy in training data: 0.487717
general accuracy: 0.499
output: 0.499

10000 data loaded from mnist_test_normalized.data
60000 data loaded from mnist_train_normalized.data
0 Accuracy: 0.0821 evaluated in 234ms
1 Accuracy: 0.4633, trained in 3199ms, evaluated in 232ms
2 Accuracy: 0.4816, trained in 4199ms, evaluated in 231ms
3 Accuracy: 0.491, trained in 3196ms, evaluated in 231ms
4 Accuracy: 0.4853, trained in 3218ms, evaluated in 232ms
5 Accuracy: 0.4953, trained in 3502ms, evaluated in 231ms
accuracy in training data: 0.484267
general accuracy: 0.4953
output: 0.4953

============================================
testing fully connected weight learning rate=0.3749733290238311
============================================
============================================
Done looking for best fully connected weight learning rate, found 0.3202730859526639 to be best
testing convolutional weight learning rate=0.006465047711078525
============================================
10000 data loaded from mnist_test_normalized.data
60000 data loaded from mnist_train_normalized.data
0 Accuracy: 0.0978 evaluated in 704ms
1 Accuracy: 0.336, trained in 11807ms, evaluated in 699ms
2 Accuracy: 0.3602, trained in 11831ms, evaluated in 701ms
3 Accuracy: 0.3692, trained in 11803ms, evaluated in 703ms
4 Accuracy: 0.3748, trained in 11805ms, evaluated in 698ms
5 Accuracy: 0.3796, trained in 14945ms, evaluated in 702ms
accuracy in training data: 0.376667
general accuracy: 0.3796
output: 0.3796

10000 data loaded from mnist_test_normalized.data
60000 data loaded from mnist_train_normalized.data
0 Accuracy: 0.0997 evaluated in 711ms
1 Accuracy: 0.4556, trained in 12605ms, evaluated in 709ms
2 Accuracy: 0.4747, trained in 18590ms, evaluated in 712ms
3 Accuracy: 0.4772, trained in 18135ms, evaluated in 1086ms
4 Accuracy: 0.4853, trained in 13840ms, evaluated in 709ms
5 Accuracy: 0.4858, trained in 16451ms, evaluated in 1086ms
accuracy in training data: 0.486783
general accuracy: 0.4858
output: 0.4858

10000 data loaded from mnist_test_normalized.data
60000 data loaded from mnist_train_normalized.data
0 Accuracy: 0.0987 evaluated in 720ms
1 Accuracy: 0.3979, trained in 19623ms, evaluated in 1083ms
2 Accuracy: 0.4199, trained in 16095ms, evaluated in 1081ms
3 Accuracy: 0.4233, trained in 13984ms, evaluated in 708ms
4 Accuracy: 0.4291, trained in 11818ms, evaluated in 775ms
5 Accuracy: 0.4285, trained in 15810ms, evaluated in 713ms
accuracy in training data: 0.4281
general accuracy: 0.4285
output: 0.4285

============================================
testing convolutional weight learning rate=0.011405110488930916
============================================
10000 data loaded from mnist_test_normalized.data
60000 data loaded from mnist_train_normalized.data
0 Accuracy: 0.1233 evaluated in 701ms
1 Accuracy: 0.4895, trained in 18100ms, evaluated in 1076ms
2 Accuracy: 0.4979, trained in 16185ms, evaluated in 702ms
3 Accuracy: 0.5228, trained in 18136ms, evaluated in 1086ms
4 Accuracy: 0.514, trained in 17477ms, evaluated in 711ms
5 Accuracy: 0.5171, trained in 11883ms, evaluated in 704ms
accuracy in training data: 0.511583
general accuracy: 0.5171
output: 0.5171

10000 data loaded from mnist_test_normalized.data
60000 data loaded from mnist_train_normalized.data
0 Accuracy: 0.0976 evaluated in 707ms
1 Accuracy: 0.5142, trained in 11865ms, evaluated in 707ms
2 Accuracy: 0.5425, trained in 11818ms, evaluated in 707ms
3 Accuracy: 0.5385, trained in 11823ms, evaluated in 700ms
4 Accuracy: 0.5601, trained in 11888ms, evaluated in 711ms
5 Accuracy: 0.5714, trained in 18359ms, evaluated in 927ms
accuracy in training data: 0.563817
general accuracy: 0.5714
output: 0.5714

10000 data loaded from mnist_test_normalized.data
60000 data loaded from mnist_train_normalized.data
0 Accuracy: 0.1209 evaluated in 710ms
1 Accuracy: 0.5097, trained in 11987ms, evaluated in 715ms
2 Accuracy: 0.5193, trained in 14311ms, evaluated in 1040ms
3 Accuracy: 0.5389, trained in 18645ms, evaluated in 715ms
4 Accuracy: 0.5432, trained in 11972ms, evaluated in 706ms
5 Accuracy: 0.5453, trained in 13213ms, evaluated in 954ms
accuracy in training data: 0.548617
general accuracy: 0.5453
output: 0.5453

============================================
testing convolutional weight learning rate=0.020119966793411662
============================================
10000 data loaded from mnist_test_normalized.data
60000 data loaded from mnist_train_normalized.data
0 Accuracy: 0.1486 evaluated in 712ms
1 Accuracy: 0.5295, trained in 11896ms, evaluated in 879ms
2 Accuracy: 0.5509, trained in 20387ms, evaluated in 1082ms
3 Accuracy: 0.5585, trained in 17585ms, evaluated in 909ms
4 Accuracy: 0.5625, trained in 11928ms, evaluated in 713ms
5 Accuracy: 0.568, trained in 13072ms, evaluated in 1093ms
accuracy in training data: 0.563517
general accuracy: 0.568
output: 0.568

10000 data loaded from mnist_test_normalized.data
60000 data loaded from mnist_train_normalized.data
0 Accuracy: 0.1469 evaluated in 687ms
1 Accuracy: 0.399, trained in 11713ms, evaluated in 688ms
2 Accuracy: 0.4299, trained in 11692ms, evaluated in 693ms
3 Accuracy: 0.444, trained in 11748ms, evaluated in 691ms
4 Accuracy: 0.4682, trained in 11706ms, evaluated in 691ms
5 Accuracy: 0.4687, trained in 11739ms, evaluated in 692ms
accuracy in training data: 0.466583
general accuracy: 0.4687
output: 0.4687

10000 data loaded from mnist_test_normalized.data
60000 data loaded from mnist_train_normalized.data
0 Accuracy: 0.0789 evaluated in 714ms
1 Accuracy: 0.4792, trained in 12221ms, evaluated in 707ms
2 Accuracy: 0.4854, trained in 13572ms, evaluated in 1084ms
3 Accuracy: 0.4954, trained in 20380ms, evaluated in 1093ms
4 Accuracy: 0.4996, trained in 17931ms, evaluated in 708ms
5 Accuracy: 0.497, trained in 13654ms, evaluated in 1093ms
accuracy in training data: 0.489517
general accuracy: 0.497
output: 0.497

============================================
testing convolutional weight learning rate=0.03549400631943672
============================================
10000 data loaded from mnist_test_normalized.data
60000 data loaded from mnist_train_normalized.data
0 Accuracy: 0.1009 evaluated in 1073ms
1 Accuracy: 0.3117, trained in 15831ms, evaluated in 698ms
2 Accuracy: 0.3345, trained in 11805ms, evaluated in 690ms
3 Accuracy: 0.3548, trained in 18304ms, evaluated in 693ms
4 Accuracy: 0.3542, trained in 11761ms, evaluated in 689ms
5 Accuracy: 0.3657, trained in 11771ms, evaluated in 697ms
accuracy in training data: 0.361767
general accuracy: 0.3657
output: 0.3657

10000 data loaded from mnist_test_normalized.data
60000 data loaded from mnist_train_normalized.data
0 Accuracy: 0.0982 evaluated in 697ms
1 Accuracy: 0.5022, trained in 11851ms, evaluated in 700ms
2 Accuracy: 0.5246, trained in 11900ms, evaluated in 699ms
3 Accuracy: 0.5199, trained in 11908ms, evaluated in 707ms
4 Accuracy: 0.5461, trained in 11895ms, evaluated in 702ms
5 Accuracy: 0.5538, trained in 11879ms, evaluated in 702ms
accuracy in training data: 0.531233
general accuracy: 0.5538
output: 0.5538

10000 data loaded from mnist_test_normalized.data
60000 data loaded from mnist_train_normalized.data
0 Accuracy: 0.0916 evaluated in 710ms
1 Accuracy: 0.4303, trained in 11864ms, evaluated in 715ms
2 Accuracy: 0.4434, trained in 13427ms, evaluated in 716ms
3 Accuracy: 0.4534, trained in 16733ms, evaluated in 1095ms
4 Accuracy: 0.4528, trained in 15042ms, evaluated in 721ms
5 Accuracy: 0.4403, trained in 12768ms, evaluated in 713ms
accuracy in training data: 0.44405
general accuracy: 0.4403
output: 0.4403

============================================
testing convolutional weight learning rate=0.06261563438647161
============================================
10000 data loaded from mnist_test_normalized.data
60000 data loaded from mnist_train_normalized.data
0 Accuracy: 0.0979 evaluated in 1092ms
1 Accuracy: 0.5363, trained in 13476ms, evaluated in 711ms
2 Accuracy: 0.572, trained in 11980ms, evaluated in 706ms
3 Accuracy: 0.5676, trained in 12110ms, evaluated in 717ms
4 Accuracy: 0.5732, trained in 13442ms, evaluated in 1083ms
5 Accuracy: 0.5862, trained in 17015ms, evaluated in 1054ms
accuracy in training data: 0.5731
general accuracy: 0.5862
output: 0.5862

10000 data loaded from mnist_test_normalized.data
60000 data loaded from mnist_train_normalized.data
0 Accuracy: 0.0977 evaluated in 714ms
1 Accuracy: 0.5359, trained in 13379ms, evaluated in 921ms
2 Accuracy: 0.5497, trained in 13593ms, evaluated in 715ms
3 Accuracy: 0.546, trained in 13107ms, evaluated in 903ms
4 Accuracy: 0.5725, trained in 14768ms, evaluated in 717ms
5 Accuracy: 0.5628, trained in 14434ms, evaluated in 718ms
accuracy in training data: 0.56445
general accuracy: 0.5628
output: 0.5628

10000 data loaded from mnist_test_normalized.data
60000 data loaded from mnist_train_normalized.data
0 Accuracy: 0.0918 evaluated in 719ms
1 Accuracy: 0.5155, trained in 13923ms, evaluated in 730ms
2 Accuracy: 0.522, trained in 18411ms, evaluated in 1087ms
3 Accuracy: 0.5218, trained in 17648ms, evaluated in 753ms
4 Accuracy: 0.5216, trained in 16160ms, evaluated in 1087ms
5 Accuracy: 0.5266, trained in 13467ms, evaluated in 728ms
accuracy in training data: 0.512167
general accuracy: 0.5266
output: 0.5266

============================================
testing convolutional weight learning rate=0.1104614011260058
============================================
10000 data loaded from mnist_test_normalized.data
60000 data loaded from mnist_train_normalized.data
0 Accuracy: 0.1072 evaluated in 994ms
1 Accuracy: 0.4738, trained in 14932ms, evaluated in 746ms
2 Accuracy: 0.4971, trained in 14554ms, evaluated in 723ms
3 Accuracy: 0.5036, trained in 14095ms, evaluated in 705ms
4 Accuracy: 0.5091, trained in 16824ms, evaluated in 725ms
5 Accuracy: 0.5157, trained in 13638ms, evaluated in 1079ms
accuracy in training data: 0.506083
general accuracy: 0.5157
output: 0.5157

10000 data loaded from mnist_test_normalized.data
60000 data loaded from mnist_train_normalized.data
0 Accuracy: 0.1492 evaluated in 925ms
1 Accuracy: 0.5001, trained in 12631ms, evaluated in 719ms
2 Accuracy: 0.5272, trained in 13112ms, evaluated in 727ms
3 Accuracy: 0.5308, trained in 14727ms, evaluated in 726ms
4 Accuracy: 0.5304, trained in 14064ms, evaluated in 719ms
5 Accuracy: 0.5376, trained in 13803ms, evaluated in 952ms
accuracy in training data: 0.541383
general accuracy: 0.5376
output: 0.5376

10000 data loaded from mnist_test_normalized.data
60000 data loaded from mnist_train_normalized.data
0 Accuracy: 0.101 evaluated in 739ms
1 Accuracy: 0.5323, trained in 17144ms, evaluated in 733ms
2 Accuracy: 0.5482, trained in 15663ms, evaluated in 730ms
3 Accuracy: 0.5739, trained in 13790ms, evaluated in 927ms
4 Accuracy: 0.5798, trained in 16603ms, evaluated in 1078ms
5 Accuracy: 0.5881, trained in 13367ms, evaluated in 944ms
accuracy in training data: 0.58965
general accuracy: 0.5881
output: 0.5881

============================================
testing convolutional weight learning rate=0.1948670049944682
============================================
10000 data loaded from mnist_test_normalized.data
60000 data loaded from mnist_train_normalized.data
0 Accuracy: 0.0876 evaluated in 844ms
1 Accuracy: 0.4005, trained in 15726ms, evaluated in 703ms
2 Accuracy: 0.4161, trained in 12094ms, evaluated in 714ms
3 Accuracy: 0.4255, trained in 11911ms, evaluated in 709ms
4 Accuracy: 0.4363, trained in 13603ms, evaluated in 1082ms
5 Accuracy: 0.4278, trained in 11845ms, evaluated in 708ms
accuracy in training data: 0.417583
general accuracy: 0.4278
output: 0.4278

10000 data loaded from mnist_test_normalized.data
60000 data loaded from mnist_train_normalized.data
0 Accuracy: 0.101 evaluated in 712ms
1 Accuracy: 0.4818, trained in 11974ms, evaluated in 714ms
2 Accuracy: 0.4878, trained in 11911ms, evaluated in 715ms
3 Accuracy: 0.512, trained in 11950ms, evaluated in 714ms
4 Accuracy: 0.5078, trained in 12545ms, evaluated in 711ms
5 Accuracy: 0.5158, trained in 14215ms, evaluated in 722ms
accuracy in training data: 0.511783
general accuracy: 0.5158
output: 0.5158

10000 data loaded from mnist_test_normalized.data
60000 data loaded from mnist_train_normalized.data
0 Accuracy: 0.0959 evaluated in 715ms
1 Accuracy: 0.3996, trained in 12031ms, evaluated in 713ms
2 Accuracy: 0.4277, trained in 13295ms, evaluated in 1084ms
3 Accuracy: 0.4518, trained in 17144ms, evaluated in 892ms
4 Accuracy: 0.4567, trained in 15731ms, evaluated in 725ms
5 Accuracy: 0.4549, trained in 19738ms, evaluated in 1103ms
accuracy in training data: 0.4394
general accuracy: 0.4549
output: 0.4549

============================================
testing convolutional weight learning rate=0.3437684951343073
============================================
10000 data loaded from mnist_test_normalized.data
60000 data loaded from mnist_train_normalized.data
0 Accuracy: 0.109 evaluated in 768ms
1 Accuracy: 0.4739, trained in 13661ms, evaluated in 706ms
2 Accuracy: 0.4902, trained in 14533ms, evaluated in 1080ms
3 Accuracy: 0.4977, trained in 15051ms, evaluated in 1098ms
4 Accuracy: 0.5094, trained in 18085ms, evaluated in 839ms
5 Accuracy: 0.5021, trained in 13832ms, evaluated in 1083ms
accuracy in training data: 0.49025
general accuracy: 0.5021
output: 0.5021

10000 data loaded from mnist_test_normalized.data
60000 data loaded from mnist_train_normalized.data
0 Accuracy: 0.131 evaluated in 748ms
1 Accuracy: 0.5811, trained in 14852ms, evaluated in 1084ms
2 Accuracy: 0.5915, trained in 14784ms, evaluated in 897ms
3 Accuracy: 0.6045, trained in 16766ms, evaluated in 721ms
4 Accuracy: 0.598, trained in 15775ms, evaluated in 992ms
5 Accuracy: 0.6015, trained in 12181ms, evaluated in 719ms
accuracy in training data: 0.5802
general accuracy: 0.6015
output: 0.6015

10000 data loaded from mnist_test_normalized.data
60000 data loaded from mnist_train_normalized.data
0 Accuracy: 0.0778 evaluated in 1053ms
1 Accuracy: 0.5693, trained in 15035ms, evaluated in 723ms
2 Accuracy: 0.572, trained in 12516ms, evaluated in 737ms
3 Accuracy: 0.588, trained in 13277ms, evaluated in 793ms
4 Accuracy: 0.5909, trained in 15051ms, evaluated in 734ms
5 Accuracy: 0.572, trained in 15964ms, evaluated in 712ms
accuracy in training data: 0.568367
general accuracy: 0.572
output: 0.572

============================================
testing convolutional weight learning rate=0.6064483735985011
============================================
10000 data loaded from mnist_test_normalized.data
60000 data loaded from mnist_train_normalized.data
0 Accuracy: 0.09 evaluated in 705ms
1 Accuracy: 0.4505, trained in 12040ms, evaluated in 702ms
2 Accuracy: 0.4795, trained in 11832ms, evaluated in 699ms
3 Accuracy: 0.4923, trained in 11821ms, evaluated in 698ms
4 Accuracy: 0.494, trained in 11906ms, evaluated in 710ms
5 Accuracy: 0.502, trained in 13029ms, evaluated in 699ms
accuracy in training data: 0.495217
general accuracy: 0.502
output: 0.502

10000 data loaded from mnist_test_normalized.data
60000 data loaded from mnist_train_normalized.data
0 Accuracy: 0.0883 evaluated in 716ms
1 Accuracy: 0.4484, trained in 12302ms, evaluated in 1091ms
2 Accuracy: 0.4649, trained in 18492ms, evaluated in 713ms
3 Accuracy: 0.4742, trained in 18617ms, evaluated in 1096ms
4 Accuracy: 0.4858, trained in 18853ms, evaluated in 721ms
5 Accuracy: 0.4902, trained in 15133ms, evaluated in 908ms
accuracy in training data: 0.484083
general accuracy: 0.4902
output: 0.4902

10000 data loaded from mnist_test_normalized.data
60000 data loaded from mnist_train_normalized.data
0 Accuracy: 0.0947 evaluated in 1093ms
1 Accuracy: 0.4105, trained in 13986ms, evaluated in 715ms
2 Accuracy: 0.4353, trained in 11920ms, evaluated in 751ms
3 Accuracy: 0.4491, trained in 14383ms, evaluated in 711ms
4 Accuracy: 0.4493, trained in 11913ms, evaluated in 715ms
5 Accuracy: 0.4613, trained in 11914ms, evaluated in 721ms
accuracy in training data: 0.450183
general accuracy: 0.4613
output: 0.4613

============================================
testing convolutional weight learning rate=1.0698468156501049
============================================
10000 data loaded from mnist_test_normalized.data
60000 data loaded from mnist_train_normalized.data
0 Accuracy: 0.0612 evaluated in 708ms
1 Accuracy: 0.4868, trained in 11926ms, evaluated in 714ms
2 Accuracy: 0.5073, trained in 11942ms, evaluated in 707ms
3 Accuracy: 0.5214, trained in 13713ms, evaluated in 717ms
4 Accuracy: 0.5133, trained in 11929ms, evaluated in 717ms
5 Accuracy: 0.5157, trained in 13645ms, evaluated in 878ms
accuracy in training data: 0.5152
general accuracy: 0.5157
output: 0.5157

10000 data loaded from mnist_test_normalized.data
60000 data loaded from mnist_train_normalized.data
0 Accuracy: 0.0864 evaluated in 704ms
1 Accuracy: 0.3882, trained in 15058ms, evaluated in 871ms
2 Accuracy: 0.4216, trained in 11854ms, evaluated in 713ms
3 Accuracy: 0.4379, trained in 11879ms, evaluated in 724ms
4 Accuracy: 0.4528, trained in 13162ms, evaluated in 1086ms
5 Accuracy: 0.4549, trained in 12870ms, evaluated in 704ms
accuracy in training data: 0.448717
general accuracy: 0.4549
output: 0.4549

10000 data loaded from mnist_test_normalized.data
60000 data loaded from mnist_train_normalized.data
0 Accuracy: 0.0611 evaluated in 1092ms
1 Accuracy: 0.2933, trained in 13842ms, evaluated in 711ms
2 Accuracy: 0.3269, trained in 14659ms, evaluated in 1092ms
3 Accuracy: 0.3304, trained in 14388ms, evaluated in 710ms
4 Accuracy: 0.3383, trained in 16748ms, evaluated in 1091ms
5 Accuracy: 0.3304, trained in 18519ms, evaluated in 707ms
accuracy in training data: 0.323583
general accuracy: 0.3304
output: 0.3304

============================================
testing convolutional weight learning rate=1.8873365958013648
============================================
10000 data loaded from mnist_test_normalized.data
60000 data loaded from mnist_train_normalized.data
0 Accuracy: 0.0942 evaluated in 703ms
1 Accuracy: 0.4341, trained in 14142ms, evaluated in 1093ms
2 Accuracy: 0.4622, trained in 14081ms, evaluated in 710ms
3 Accuracy: 0.469, trained in 12677ms, evaluated in 1098ms
4 Accuracy: 0.4672, trained in 17761ms, evaluated in 1081ms
5 Accuracy: 0.4688, trained in 12883ms, evaluated in 707ms
accuracy in training data: 0.455133
general accuracy: 0.4688
output: 0.4688

10000 data loaded from mnist_test_normalized.data
60000 data loaded from mnist_train_normalized.data
0 Accuracy: 0.0981 evaluated in 714ms
1 Accuracy: 0.427, trained in 11907ms, evaluated in 776ms
2 Accuracy: 0.4397, trained in 12348ms, evaluated in 701ms
3 Accuracy: 0.4526, trained in 15943ms, evaluated in 708ms
4 Accuracy: 0.4488, trained in 11936ms, evaluated in 711ms
5 Accuracy: 0.4509, trained in 16865ms, evaluated in 1086ms
accuracy in training data: 0.433867
general accuracy: 0.4509
output: 0.4509

10000 data loaded from mnist_test_normalized.data
60000 data loaded from mnist_train_normalized.data
0 Accuracy: 0.0882 evaluated in 702ms
1 Accuracy: 0.4778, trained in 14434ms, evaluated in 705ms
2 Accuracy: 0.4947, trained in 11877ms, evaluated in 704ms
3 Accuracy: 0.4986, trained in 11835ms, evaluated in 699ms
4 Accuracy: 0.5008, trained in 11837ms, evaluated in 702ms
5 Accuracy: 0.501, trained in 11827ms, evaluated in 700ms
accuracy in training data: 0.491883
general accuracy: 0.501
output: 0.501

============================================
testing convolutional weight learning rate=0.06261563438647161
============================================
============================================
testing convolutional weight learning rate=0.07565867057103919
============================================
10000 data loaded from mnist_test_normalized.data
60000 data loaded from mnist_train_normalized.data
0 Accuracy: 0.1052 evaluated in 716ms
1 Accuracy: 0.5021, trained in 12290ms, evaluated in 713ms
2 Accuracy: 0.492, trained in 11989ms, evaluated in 719ms
3 Accuracy: 0.501, trained in 12049ms, evaluated in 716ms
4 Accuracy: 0.5135, trained in 19022ms, evaluated in 1093ms
5 Accuracy: 0.5102, trained in 16679ms, evaluated in 721ms
accuracy in training data: 0.507767
general accuracy: 0.5102
output: 0.5102

10000 data loaded from mnist_test_normalized.data
60000 data loaded from mnist_train_normalized.data
0 Accuracy: 0.0856 evaluated in 702ms
1 Accuracy: 0.551, trained in 11942ms, evaluated in 693ms
2 Accuracy: 0.5665, trained in 11782ms, evaluated in 703ms
3 Accuracy: 0.5668, trained in 11988ms, evaluated in 706ms
4 Accuracy: 0.5673, trained in 11814ms, evaluated in 698ms
5 Accuracy: 0.5757, trained in 12998ms, evaluated in 701ms
accuracy in training data: 0.5639
general accuracy: 0.5757
output: 0.5757

10000 data loaded from mnist_test_normalized.data
60000 data loaded from mnist_train_normalized.data
0 Accuracy: 0.1039 evaluated in 710ms
1 Accuracy: 0.3759, trained in 13246ms, evaluated in 1076ms
2 Accuracy: 0.4095, trained in 17187ms, evaluated in 1089ms
3 Accuracy: 0.4143, trained in 18733ms, evaluated in 1089ms
4 Accuracy: 0.4083, trained in 20438ms, evaluated in 1101ms
5 Accuracy: 0.4254, trained in 14345ms, evaluated in 714ms
accuracy in training data: 0.414933
general accuracy: 0.4254
output: 0.4254

============================================
testing convolutional weight learning rate=0.09141861275805868
============================================
10000 data loaded from mnist_test_normalized.data
60000 data loaded from mnist_train_normalized.data
0 Accuracy: 0.0996 evaluated in 709ms
1 Accuracy: 0.5444, trained in 14084ms, evaluated in 717ms
2 Accuracy: 0.5685, trained in 13430ms, evaluated in 1084ms
3 Accuracy: 0.5643, trained in 12904ms, evaluated in 707ms
4 Accuracy: 0.5654, trained in 11892ms, evaluated in 709ms
5 Accuracy: 0.5719, trained in 13246ms, evaluated in 705ms
accuracy in training data: 0.56635
general accuracy: 0.5719
output: 0.5719

10000 data loaded from mnist_test_normalized.data
60000 data loaded from mnist_train_normalized.data
0 Accuracy: 0.0636 evaluated in 1087ms
1 Accuracy: 0.4532, trained in 16358ms, evaluated in 707ms
2 Accuracy: 0.4857, trained in 15466ms, evaluated in 754ms
3 Accuracy: 0.4881, trained in 11961ms, evaluated in 701ms
4 Accuracy: 0.4886, trained in 12579ms, evaluated in 709ms
5 Accuracy: 0.4992, trained in 12607ms, evaluated in 715ms
accuracy in training data: 0.496333
general accuracy: 0.4992
output: 0.4992

10000 data loaded from mnist_test_normalized.data
60000 data loaded from mnist_train_normalized.data
0 Accuracy: 0.1015 evaluated in 1070ms
1 Accuracy: 0.4607, trained in 20350ms, evaluated in 1082ms
2 Accuracy: 0.4836, trained in 20388ms, evaluated in 929ms
3 Accuracy: 0.4927, trained in 11828ms, evaluated in 696ms
4 Accuracy: 0.5, trained in 13111ms, evaluated in 846ms
5 Accuracy: 0.5039, trained in 14020ms, evaluated in 895ms
accuracy in training data: 0.4935
general accuracy: 0.5039
output: 0.5039

============================================
testing convolutional weight learning rate=0.1104614011260058
============================================
============================================
testing convolutional weight learning rate=0.09141861275805868
============================================
============================================
testing convolutional weight learning rate=0.09737032069511078
============================================
10000 data loaded from mnist_test_normalized.data
60000 data loaded from mnist_train_normalized.data
0 Accuracy: 0.0859 evaluated in 716ms
1 Accuracy: 0.3455, trained in 15902ms, evaluated in 724ms
2 Accuracy: 0.3728, trained in 14295ms, evaluated in 718ms
3 Accuracy: 0.3767, trained in 18529ms, evaluated in 1023ms
4 Accuracy: 0.3873, trained in 12730ms, evaluated in 1062ms
5 Accuracy: 0.3891, trained in 15497ms, evaluated in 722ms
accuracy in training data: 0.385783
general accuracy: 0.3891
output: 0.3891

10000 data loaded from mnist_test_normalized.data
60000 data loaded from mnist_train_normalized.data
0 Accuracy: 0.052 evaluated in 855ms
1 Accuracy: 0.5064, trained in 12563ms, evaluated in 718ms
2 Accuracy: 0.5292, trained in 18578ms, evaluated in 719ms
3 Accuracy: 0.5301, trained in 12416ms, evaluated in 740ms
4 Accuracy: 0.5296, trained in 14279ms, evaluated in 1075ms
5 Accuracy: 0.5381, trained in 16356ms, evaluated in 730ms
accuracy in training data: 0.52525
general accuracy: 0.5381
output: 0.5381

10000 data loaded from mnist_test_normalized.data
60000 data loaded from mnist_train_normalized.data
0 Accuracy: 0.1116 evaluated in 995ms
1 Accuracy: 0.4997, trained in 17717ms, evaluated in 1013ms
2 Accuracy: 0.5188, trained in 18648ms, evaluated in 1077ms
3 Accuracy: 0.5289, trained in 14727ms, evaluated in 1089ms
4 Accuracy: 0.5381, trained in 13838ms, evaluated in 771ms
5 Accuracy: 0.5282, trained in 14723ms, evaluated in 732ms
accuracy in training data: 0.525417
general accuracy: 0.5282
output: 0.5282

============================================
testing convolutional weight learning rate=0.10370950801190054
============================================
10000 data loaded from mnist_test_normalized.data
60000 data loaded from mnist_train_normalized.data
0 Accuracy: 0.0454 evaluated in 736ms
1 Accuracy: 0.4248, trained in 13149ms, evaluated in 721ms
2 Accuracy: 0.4431, trained in 17947ms, evaluated in 1079ms
3 Accuracy: 0.4619, trained in 15557ms, evaluated in 729ms
4 Accuracy: 0.4697, trained in 13309ms, evaluated in 715ms
5 Accuracy: 0.4763, trained in 16825ms, evaluated in 1085ms
accuracy in training data: 0.4741
general accuracy: 0.4763
output: 0.4763

10000 data loaded from mnist_test_normalized.data
60000 data loaded from mnist_train_normalized.data
0 Accuracy: 0.0998 evaluated in 1100ms
1 Accuracy: 0.397, trained in 20687ms, evaluated in 1096ms
2 Accuracy: 0.4295, trained in 13269ms, evaluated in 714ms
3 Accuracy: 0.4374, trained in 16537ms, evaluated in 1086ms
4 Accuracy: 0.437, trained in 13318ms, evaluated in 721ms
5 Accuracy: 0.4524, trained in 11908ms, evaluated in 712ms
accuracy in training data: 0.445983
general accuracy: 0.4524
output: 0.4524

10000 data loaded from mnist_test_normalized.data
60000 data loaded from mnist_train_normalized.data
0 Accuracy: 0.124 evaluated in 729ms
1 Accuracy: 0.4568, trained in 12380ms, evaluated in 715ms
2 Accuracy: 0.4649, trained in 12639ms, evaluated in 716ms
3 Accuracy: 0.4556, trained in 14321ms, evaluated in 707ms
4 Accuracy: 0.4667, trained in 12161ms, evaluated in 716ms
5 Accuracy: 0.4737, trained in 11965ms, evaluated in 700ms
accuracy in training data: 0.467817
general accuracy: 0.4737
output: 0.4737

============================================
testing convolutional weight learning rate=0.11046140112600585
============================================
============================================
Done looking for best convolutional weight learning rate, found 0.10703222675943568 to be best
============================================
I am done: the best parameters are: [0.3202730859526639, 0.13168724279835392, 0.10703222675943568, 0.13168724279835392, 0.0, 0.0]
Traceback (most recent call last):
  File "train/findBestParams.py", line 79, in <module>
    with open(input(), "w") as file:
OSError: [Errno 9] Bad file descriptor
