/home/hannah/neuralnetwork
testing fully connected weight learning rate=0.005836199362722949
============================================
10000 data loaded from mnist_test_normalized.data
60000 data loaded from mnist_train_normalized.data
0 Accuracy: 0.1171 evaluated in 205ms
1 Accuracy: 0.3404, trained in 2861ms, evaluated in 207ms
2 Accuracy: 0.3728, trained in 2884ms, evaluated in 209ms
3 Accuracy: 0.3945, trained in 2940ms, evaluated in 214ms
4 Accuracy: 0.4017, trained in 2994ms, evaluated in 218ms
5 Accuracy: 0.4114, trained in 3060ms, evaluated in 300ms
accuracy in training data: 0.40845
general accuracy: 0.4114
output: 0.4114

10000 data loaded from mnist_test_normalized.data
60000 data loaded from mnist_train_normalized.data
0 Accuracy: 0.0999 evaluated in 225ms
1 Accuracy: 0.3065, trained in 3114ms, evaluated in 226ms
2 Accuracy: 0.3316, trained in 3110ms, evaluated in 226ms
3 Accuracy: 0.3441, trained in 3103ms, evaluated in 230ms
4 Accuracy: 0.3518, trained in 4200ms, evaluated in 340ms
5 Accuracy: 0.3637, trained in 5304ms, evaluated in 342ms
accuracy in training data: 0.358
general accuracy: 0.3637
output: 0.3637

10000 data loaded from mnist_test_normalized.data
60000 data loaded from mnist_train_normalized.data
0 Accuracy: 0.1011 evaluated in 228ms
1 Accuracy: 0.251, trained in 3141ms, evaluated in 231ms
2 Accuracy: 0.2746, trained in 3179ms, evaluated in 232ms
3 Accuracy: 0.2843, trained in 3152ms, evaluated in 226ms
4 Accuracy: 0.2841, trained in 3136ms, evaluated in 229ms
5 Accuracy: 0.2915, trained in 3159ms, evaluated in 227ms
accuracy in training data: 0.288767
general accuracy: 0.2915
output: 0.2915

============================================
testing fully connected weight learning rate=0.010295747462655495
============================================
10000 data loaded from mnist_test_normalized.data
60000 data loaded from mnist_train_normalized.data
0 Accuracy: 0.1069 evaluated in 230ms
1 Accuracy: 0.3376, trained in 3188ms, evaluated in 232ms
2 Accuracy: 0.3638, trained in 4480ms, evaluated in 345ms
3 Accuracy: 0.3903, trained in 5338ms, evaluated in 346ms
4 Accuracy: 0.4057, trained in 4898ms, evaluated in 231ms
5 Accuracy: 0.4149, trained in 3448ms, evaluated in 347ms
accuracy in training data: 0.411317
general accuracy: 0.4149
output: 0.4149

10000 data loaded from mnist_test_normalized.data
60000 data loaded from mnist_train_normalized.data
0 Accuracy: 0.1075 evaluated in 246ms
1 Accuracy: 0.3686, trained in 5353ms, evaluated in 346ms
2 Accuracy: 0.3978, trained in 4280ms, evaluated in 231ms
3 Accuracy: 0.4191, trained in 3167ms, evaluated in 230ms
4 Accuracy: 0.4297, trained in 3164ms, evaluated in 229ms
5 Accuracy: 0.4364, trained in 3176ms, evaluated in 231ms
accuracy in training data: 0.438833
general accuracy: 0.4364
output: 0.4364

10000 data loaded from mnist_test_normalized.data
60000 data loaded from mnist_train_normalized.data
0 Accuracy: 0.079 evaluated in 342ms
1 Accuracy: 0.3656, trained in 5409ms, evaluated in 343ms
2 Accuracy: 0.3985, trained in 5392ms, evaluated in 348ms
3 Accuracy: 0.4137, trained in 5410ms, evaluated in 348ms
4 Accuracy: 0.4376, trained in 4598ms, evaluated in 230ms
5 Accuracy: 0.4395, trained in 4780ms, evaluated in 230ms
accuracy in training data: 0.42345
general accuracy: 0.4395
output: 0.4395

============================================
testing fully connected weight learning rate=0.018162918918061148
============================================
10000 data loaded from mnist_test_normalized.data
60000 data loaded from mnist_train_normalized.data
0 Accuracy: 0.1015 evaluated in 233ms
1 Accuracy: 0.3765, trained in 3209ms, evaluated in 234ms
2 Accuracy: 0.4073, trained in 3632ms, evaluated in 319ms
3 Accuracy: 0.4271, trained in 5166ms, evaluated in 352ms
4 Accuracy: 0.4355, trained in 3919ms, evaluated in 232ms
5 Accuracy: 0.4475, trained in 3414ms, evaluated in 235ms
accuracy in training data: 0.438083
general accuracy: 0.4475
output: 0.4475

10000 data loaded from mnist_test_normalized.data
60000 data loaded from mnist_train_normalized.data
0 Accuracy: 0.0942 evaluated in 350ms
1 Accuracy: 0.2877, trained in 5421ms, evaluated in 349ms
2 Accuracy: 0.3195, trained in 4680ms, evaluated in 312ms
3 Accuracy: 0.3463, trained in 4181ms, evaluated in 235ms
4 Accuracy: 0.3579, trained in 3190ms, evaluated in 233ms
5 Accuracy: 0.3672, trained in 3201ms, evaluated in 234ms
accuracy in training data: 0.366017
general accuracy: 0.3672
output: 0.3672

10000 data loaded from mnist_test_normalized.data
60000 data loaded from mnist_train_normalized.data
0 Accuracy: 0.1044 evaluated in 231ms
1 Accuracy: 0.3484, trained in 3183ms, evaluated in 231ms
2 Accuracy: 0.3769, trained in 3190ms, evaluated in 235ms
3 Accuracy: 0.3859, trained in 3189ms, evaluated in 234ms
4 Accuracy: 0.3991, trained in 4420ms, evaluated in 233ms
5 Accuracy: 0.4012, trained in 3216ms, evaluated in 234ms
accuracy in training data: 0.3931
general accuracy: 0.4012
output: 0.4012

============================================
testing fully connected weight learning rate=0.03204154189102239
============================================
10000 data loaded from mnist_test_normalized.data
60000 data loaded from mnist_train_normalized.data
0 Accuracy: 0.1335 evaluated in 232ms
1 Accuracy: 0.4232, trained in 3194ms, evaluated in 234ms
2 Accuracy: 0.4356, trained in 3201ms, evaluated in 233ms
3 Accuracy: 0.4614, trained in 3209ms, evaluated in 233ms
4 Accuracy: 0.4695, trained in 3219ms, evaluated in 234ms
5 Accuracy: 0.4823, trained in 4109ms, evaluated in 348ms
accuracy in training data: 0.4719
general accuracy: 0.4823
output: 0.4823

10000 data loaded from mnist_test_normalized.data
60000 data loaded from mnist_train_normalized.data
0 Accuracy: 0.1089 evaluated in 237ms
1 Accuracy: 0.3665, trained in 3232ms, evaluated in 237ms
2 Accuracy: 0.3962, trained in 3318ms, evaluated in 349ms
3 Accuracy: 0.4135, trained in 5420ms, evaluated in 343ms
4 Accuracy: 0.422, trained in 4064ms, evaluated in 232ms
5 Accuracy: 0.4321, trained in 3218ms, evaluated in 235ms
accuracy in training data: 0.422267
general accuracy: 0.4321
output: 0.4321

10000 data loaded from mnist_test_normalized.data
60000 data loaded from mnist_train_normalized.data
0 Accuracy: 0.1088 evaluated in 234ms
1 Accuracy: 0.3854, trained in 3218ms, evaluated in 272ms
2 Accuracy: 0.4105, trained in 5075ms, evaluated in 232ms
3 Accuracy: 0.4257, trained in 3228ms, evaluated in 232ms
4 Accuracy: 0.4388, trained in 5170ms, evaluated in 352ms
5 Accuracy: 0.4484, trained in 5359ms, evaluated in 343ms
accuracy in training data: 0.439783
general accuracy: 0.4484
output: 0.4484

============================================
testing fully connected weight learning rate=0.05652507790106549
============================================
10000 data loaded from mnist_test_normalized.data
60000 data loaded from mnist_train_normalized.data
0 Accuracy: 0.1011 evaluated in 339ms
1 Accuracy: 0.4634, trained in 4360ms, evaluated in 233ms
2 Accuracy: 0.4868, trained in 5338ms, evaluated in 349ms
3 Accuracy: 0.4944, trained in 5394ms, evaluated in 350ms
4 Accuracy: 0.4964, trained in 4769ms, evaluated in 231ms
5 Accuracy: 0.4962, trained in 3188ms, evaluated in 231ms
accuracy in training data: 0.47335
general accuracy: 0.4962
output: 0.4962

10000 data loaded from mnist_test_normalized.data
60000 data loaded from mnist_train_normalized.data
0 Accuracy: 0.1081 evaluated in 233ms
1 Accuracy: 0.3997, trained in 3236ms, evaluated in 232ms
2 Accuracy: 0.4299, trained in 3223ms, evaluated in 238ms
3 Accuracy: 0.4514, trained in 3230ms, evaluated in 233ms
4 Accuracy: 0.4614, trained in 3208ms, evaluated in 233ms
5 Accuracy: 0.4704, trained in 3209ms, evaluated in 233ms
accuracy in training data: 0.464633
general accuracy: 0.4704
output: 0.4704

10000 data loaded from mnist_test_normalized.data
60000 data loaded from mnist_train_normalized.data
0 Accuracy: 0.0946 evaluated in 234ms
1 Accuracy: 0.454, trained in 3258ms, evaluated in 262ms
2 Accuracy: 0.4751, trained in 3338ms, evaluated in 237ms
3 Accuracy: 0.4863, trained in 4151ms, evaluated in 313ms
4 Accuracy: 0.4956, trained in 4676ms, evaluated in 231ms
5 Accuracy: 0.4979, trained in 3207ms, evaluated in 239ms
accuracy in training data: 0.49075
general accuracy: 0.4979
output: 0.4979

============================================
testing fully connected weight learning rate=0.0997169375490242
============================================
10000 data loaded from mnist_test_normalized.data
60000 data loaded from mnist_train_normalized.data
0 Accuracy: 0.1032 evaluated in 343ms
1 Accuracy: 0.4351, trained in 3459ms, evaluated in 234ms
2 Accuracy: 0.4616, trained in 3922ms, evaluated in 231ms
3 Accuracy: 0.4697, trained in 3203ms, evaluated in 297ms
4 Accuracy: 0.4686, trained in 5027ms, evaluated in 314ms
5 Accuracy: 0.4683, trained in 4403ms, evaluated in 240ms
accuracy in training data: 0.4632
general accuracy: 0.4683
output: 0.4683

10000 data loaded from mnist_test_normalized.data
60000 data loaded from mnist_train_normalized.data
0 Accuracy: 0.1017 evaluated in 351ms
1 Accuracy: 0.4265, trained in 5429ms, evaluated in 354ms
2 Accuracy: 0.4554, trained in 5411ms, evaluated in 350ms
3 Accuracy: 0.4626, trained in 3834ms, evaluated in 236ms
4 Accuracy: 0.472, trained in 3449ms, evaluated in 239ms
5 Accuracy: 0.4766, trained in 3269ms, evaluated in 259ms
accuracy in training data: 0.474267
general accuracy: 0.4766
output: 0.4766

10000 data loaded from mnist_test_normalized.data
60000 data loaded from mnist_train_normalized.data
0 Accuracy: 0.1158 evaluated in 350ms
1 Accuracy: 0.4518, trained in 5432ms, evaluated in 351ms
2 Accuracy: 0.4784, trained in 4525ms, evaluated in 312ms
3 Accuracy: 0.4856, trained in 3795ms, evaluated in 243ms
4 Accuracy: 0.4901, trained in 3307ms, evaluated in 234ms
5 Accuracy: 0.4931, trained in 4221ms, evaluated in 308ms
accuracy in training data: 0.48315
general accuracy: 0.4931
output: 0.4931

============================================
testing fully connected weight learning rate=0.1759124976627155
============================================
10000 data loaded from mnist_test_normalized.data
60000 data loaded from mnist_train_normalized.data
0 Accuracy: 0.0988 evaluated in 237ms
1 Accuracy: 0.4247, trained in 4405ms, evaluated in 350ms
2 Accuracy: 0.4583, trained in 5423ms, evaluated in 350ms
3 Accuracy: 0.4628, trained in 3655ms, evaluated in 238ms
4 Accuracy: 0.4704, trained in 3953ms, evaluated in 241ms
5 Accuracy: 0.4712, trained in 3741ms, evaluated in 238ms
accuracy in training data: 0.470417
general accuracy: 0.4712
output: 0.4712

10000 data loaded from mnist_test_normalized.data
60000 data loaded from mnist_train_normalized.data
0 Accuracy: 0.1087 evaluated in 254ms
1 Accuracy: 0.4582, trained in 3307ms, evaluated in 238ms
2 Accuracy: 0.4664, trained in 3331ms, evaluated in 239ms
3 Accuracy: 0.472, trained in 4308ms, evaluated in 343ms
4 Accuracy: 0.4758, trained in 4053ms, evaluated in 251ms
5 Accuracy: 0.4814, trained in 4171ms, evaluated in 237ms
accuracy in training data: 0.469917
general accuracy: 0.4814
output: 0.4814

10000 data loaded from mnist_test_normalized.data
60000 data loaded from mnist_train_normalized.data
0 Accuracy: 0.102 evaluated in 236ms
1 Accuracy: 0.4368, trained in 3255ms, evaluated in 236ms
2 Accuracy: 0.4683, trained in 3746ms, evaluated in 244ms
3 Accuracy: 0.4667, trained in 5059ms, evaluated in 303ms
4 Accuracy: 0.4789, trained in 5210ms, evaluated in 353ms
5 Accuracy: 0.4842, trained in 4014ms, evaluated in 313ms
accuracy in training data: 0.47205
general accuracy: 0.4842
output: 0.4842

============================================
testing fully connected weight learning rate=0.31033049745156055
============================================
10000 data loaded from mnist_test_normalized.data
60000 data loaded from mnist_train_normalized.data
0 Accuracy: 0.093 evaluated in 237ms
1 Accuracy: 0.4866, trained in 4852ms, evaluated in 235ms
2 Accuracy: 0.4916, trained in 3185ms, evaluated in 289ms
3 Accuracy: 0.5047, trained in 3791ms, evaluated in 351ms
4 Accuracy: 0.5072, trained in 4569ms, evaluated in 234ms
5 Accuracy: 0.5102, trained in 3240ms, evaluated in 235ms
accuracy in training data: 0.499267
general accuracy: 0.5102
output: 0.5102

10000 data loaded from mnist_test_normalized.data
60000 data loaded from mnist_train_normalized.data
0 Accuracy: 0.0886 evaluated in 234ms
1 Accuracy: 0.4508, trained in 3223ms, evaluated in 237ms
2 Accuracy: 0.46, trained in 3232ms, evaluated in 235ms
3 Accuracy: 0.4619, trained in 3239ms, evaluated in 235ms
4 Accuracy: 0.4646, trained in 3547ms, evaluated in 234ms
5 Accuracy: 0.4763, trained in 3198ms, evaluated in 232ms
accuracy in training data: 0.463117
general accuracy: 0.4763
output: 0.4763

10000 data loaded from mnist_test_normalized.data
60000 data loaded from mnist_train_normalized.data
0 Accuracy: 0.0529 evaluated in 232ms
1 Accuracy: 0.5034, trained in 3241ms, evaluated in 234ms
2 Accuracy: 0.5162, trained in 3221ms, evaluated in 234ms
3 Accuracy: 0.5215, trained in 3222ms, evaluated in 235ms
4 Accuracy: 0.5229, trained in 3229ms, evaluated in 233ms
5 Accuracy: 0.5235, trained in 4829ms, evaluated in 350ms
accuracy in training data: 0.5121
general accuracy: 0.5235
output: 0.5235

============================================
testing fully connected weight learning rate=0.5474597821536406
============================================
10000 data loaded from mnist_test_normalized.data
60000 data loaded from mnist_train_normalized.data
0 Accuracy: 0.1211 evaluated in 233ms
1 Accuracy: 0.4436, trained in 3204ms, evaluated in 233ms
2 Accuracy: 0.4441, trained in 5365ms, evaluated in 352ms
3 Accuracy: 0.4499, trained in 3545ms, evaluated in 233ms
4 Accuracy: 0.4473, trained in 3216ms, evaluated in 232ms
5 Accuracy: 0.4539, trained in 3225ms, evaluated in 235ms
accuracy in training data: 0.437767
general accuracy: 0.4539
output: 0.4539

10000 data loaded from mnist_test_normalized.data
60000 data loaded from mnist_train_normalized.data
0 Accuracy: 0.0745 evaluated in 232ms
1 Accuracy: 0.4388, trained in 3220ms, evaluated in 236ms
2 Accuracy: 0.4394, trained in 3231ms, evaluated in 233ms
3 Accuracy: 0.4329, trained in 3230ms, evaluated in 233ms
4 Accuracy: 0.4478, trained in 4822ms, evaluated in 347ms
5 Accuracy: 0.4438, trained in 5414ms, evaluated in 349ms
accuracy in training data: 0.43925
general accuracy: 0.4438
output: 0.4438

10000 data loaded from mnist_test_normalized.data
60000 data loaded from mnist_train_normalized.data
0 Accuracy: 0.1011 evaluated in 241ms
1 Accuracy: 0.4935, trained in 3280ms, evaluated in 243ms
2 Accuracy: 0.5017, trained in 3275ms, evaluated in 232ms
3 Accuracy: 0.498, trained in 3274ms, evaluated in 237ms
4 Accuracy: 0.4998, trained in 3634ms, evaluated in 231ms
5 Accuracy: 0.503, trained in 3292ms, evaluated in 248ms
accuracy in training data: 0.495783
general accuracy: 0.503
output: 0.503

============================================
testing fully connected weight learning rate=0.9657839482002364
============================================
10000 data loaded from mnist_test_normalized.data
60000 data loaded from mnist_train_normalized.data
0 Accuracy: 0.0937 evaluated in 342ms
1 Accuracy: 0.5052, trained in 3870ms, evaluated in 232ms
2 Accuracy: 0.5061, trained in 3204ms, evaluated in 234ms
3 Accuracy: 0.5194, trained in 4080ms, evaluated in 238ms
4 Accuracy: 0.517, trained in 3313ms, evaluated in 263ms
5 Accuracy: 0.4956, trained in 3895ms, evaluated in 351ms
accuracy in training data: 0.498933
general accuracy: 0.4956
output: 0.4956

10000 data loaded from mnist_test_normalized.data
60000 data loaded from mnist_train_normalized.data
0 Accuracy: 0.1221 evaluated in 349ms
1 Accuracy: 0.4421, trained in 4823ms, evaluated in 239ms
2 Accuracy: 0.4408, trained in 4759ms, evaluated in 349ms
3 Accuracy: 0.4466, trained in 5402ms, evaluated in 348ms
4 Accuracy: 0.4412, trained in 5380ms, evaluated in 349ms
5 Accuracy: 0.4521, trained in 5415ms, evaluated in 350ms
accuracy in training data: 0.45005
general accuracy: 0.4521
output: 0.4521

10000 data loaded from mnist_test_normalized.data
60000 data loaded from mnist_train_normalized.data
0 Accuracy: 0.0902 evaluated in 349ms
1 Accuracy: 0.4585, trained in 5373ms, evaluated in 337ms
2 Accuracy: 0.4329, trained in 3788ms, evaluated in 231ms
3 Accuracy: 0.4724, trained in 3234ms, evaluated in 234ms
4 Accuracy: 0.4821, trained in 4807ms, evaluated in 352ms
5 Accuracy: 0.4561, trained in 5392ms, evaluated in 353ms
accuracy in training data: 0.4461
general accuracy: 0.4561
output: 0.4561

============================================
testing fully connected weight learning rate=1.7037573626540308
============================================
10000 data loaded from mnist_test_normalized.data
60000 data loaded from mnist_train_normalized.data
0 Accuracy: 0.1187 evaluated in 337ms
1 Accuracy: 0.504, trained in 5488ms, evaluated in 323ms
2 Accuracy: 0.5185, trained in 3221ms, evaluated in 233ms
3 Accuracy: 0.5246, trained in 5369ms, evaluated in 353ms
4 Accuracy: 0.5053, trained in 5075ms, evaluated in 232ms
5 Accuracy: 0.5268, trained in 3187ms, evaluated in 231ms
accuracy in training data: 0.515333
general accuracy: 0.5268
output: 0.5268

10000 data loaded from mnist_test_normalized.data
60000 data loaded from mnist_train_normalized.data
0 Accuracy: 0.0928 evaluated in 233ms
1 Accuracy: 0.4416, trained in 3225ms, evaluated in 233ms
2 Accuracy: 0.4443, trained in 3227ms, evaluated in 236ms
3 Accuracy: 0.4254, trained in 3224ms, evaluated in 235ms
4 Accuracy: 0.444, trained in 3233ms, evaluated in 233ms
5 Accuracy: 0.447, trained in 3448ms, evaluated in 315ms
accuracy in training data: 0.433417
general accuracy: 0.447
output: 0.447

10000 data loaded from mnist_test_normalized.data
60000 data loaded from mnist_train_normalized.data
0 Accuracy: 0.0956 evaluated in 351ms
1 Accuracy: 0.491, trained in 5423ms, evaluated in 350ms
2 Accuracy: 0.4861, trained in 3603ms, evaluated in 233ms
3 Accuracy: 0.4855, trained in 3236ms, evaluated in 241ms
4 Accuracy: 0.4717, trained in 3224ms, evaluated in 234ms
5 Accuracy: 0.4937, trained in 3224ms, evaluated in 234ms
accuracy in training data: 0.486117
general accuracy: 0.4937
output: 0.4937

============================================
testing fully connected weight learning rate=0.1759124976627155
============================================
============================================
testing fully connected weight learning rate=0.21255563151920456
============================================
10000 data loaded from mnist_test_normalized.data
60000 data loaded from mnist_train_normalized.data
0 Accuracy: 0.0952 evaluated in 234ms
1 Accuracy: 0.447, trained in 3216ms, evaluated in 233ms
2 Accuracy: 0.4652, trained in 3192ms, evaluated in 228ms
3 Accuracy: 0.4665, trained in 4024ms, evaluated in 235ms
4 Accuracy: 0.478, trained in 3433ms, evaluated in 234ms
5 Accuracy: 0.4845, trained in 3211ms, evaluated in 235ms
accuracy in training data: 0.478033
general accuracy: 0.4845
output: 0.4845

10000 data loaded from mnist_test_normalized.data
60000 data loaded from mnist_train_normalized.data
0 Accuracy: 0.0979 evaluated in 237ms
1 Accuracy: 0.4878, trained in 3216ms, evaluated in 233ms
2 Accuracy: 0.5101, trained in 4145ms, evaluated in 343ms
3 Accuracy: 0.5169, trained in 3920ms, evaluated in 233ms
4 Accuracy: 0.5295, trained in 3231ms, evaluated in 234ms
5 Accuracy: 0.5344, trained in 4219ms, evaluated in 353ms
accuracy in training data: 0.515467
general accuracy: 0.5344
output: 0.5344

10000 data loaded from mnist_test_normalized.data
60000 data loaded from mnist_train_normalized.data
0 Accuracy: 0.1192 evaluated in 255ms
1 Accuracy: 0.4576, trained in 3198ms, evaluated in 236ms
2 Accuracy: 0.4684, trained in 3185ms, evaluated in 231ms
3 Accuracy: 0.4767, trained in 3215ms, evaluated in 234ms
4 Accuracy: 0.4809, trained in 3213ms, evaluated in 235ms
5 Accuracy: 0.4809, trained in 3219ms, evaluated in 236ms
accuracy in training data: 0.48145
general accuracy: 0.4809
output: 0.4809

============================================
testing fully connected weight learning rate=0.25683164693138066
============================================
10000 data loaded from mnist_test_normalized.data
60000 data loaded from mnist_train_normalized.data
0 Accuracy: 0.1121 evaluated in 348ms
1 Accuracy: 0.4226, trained in 4983ms, evaluated in 234ms
2 Accuracy: 0.4285, trained in 4920ms, evaluated in 350ms
3 Accuracy: 0.4406, trained in 4525ms, evaluated in 232ms
4 Accuracy: 0.441, trained in 3199ms, evaluated in 233ms
5 Accuracy: 0.4537, trained in 3211ms, evaluated in 242ms
accuracy in training data: 0.440917
general accuracy: 0.4537
output: 0.4537

10000 data loaded from mnist_test_normalized.data
60000 data loaded from mnist_train_normalized.data
0 Accuracy: 0.0998 evaluated in 232ms
1 Accuracy: 0.4751, trained in 3220ms, evaluated in 234ms
2 Accuracy: 0.4789, trained in 3213ms, evaluated in 234ms
3 Accuracy: 0.4973, trained in 3231ms, evaluated in 240ms
4 Accuracy: 0.4968, trained in 3243ms, evaluated in 234ms
5 Accuracy: 0.4896, trained in 3229ms, evaluated in 233ms
accuracy in training data: 0.480817
general accuracy: 0.4896
output: 0.4896

10000 data loaded from mnist_test_normalized.data
60000 data loaded from mnist_train_normalized.data
0 Accuracy: 0.1212 evaluated in 233ms
1 Accuracy: 0.4835, trained in 3214ms, evaluated in 233ms
2 Accuracy: 0.5103, trained in 3210ms, evaluated in 234ms
3 Accuracy: 0.5038, trained in 3216ms, evaluated in 231ms
4 Accuracy: 0.5, trained in 3242ms, evaluated in 234ms
5 Accuracy: 0.5119, trained in 3224ms, evaluated in 233ms
accuracy in training data: 0.501767
general accuracy: 0.5119
output: 0.5119

============================================
testing fully connected weight learning rate=0.3103304974515606
============================================
============================================
testing fully connected weight learning rate=0.25683164693138066
============================================
============================================
testing fully connected weight learning rate=0.27355238798630227
============================================
10000 data loaded from mnist_test_normalized.data
60000 data loaded from mnist_train_normalized.data
0 Accuracy: 0.1012 evaluated in 234ms
1 Accuracy: 0.4453, trained in 3220ms, evaluated in 234ms
2 Accuracy: 0.4568, trained in 3190ms, evaluated in 231ms
3 Accuracy: 0.4584, trained in 3196ms, evaluated in 231ms
4 Accuracy: 0.4646, trained in 3343ms, evaluated in 350ms
5 Accuracy: 0.4667, trained in 5415ms, evaluated in 349ms
accuracy in training data: 0.46295
general accuracy: 0.4667
output: 0.4667

10000 data loaded from mnist_test_normalized.data
60000 data loaded from mnist_train_normalized.data
0 Accuracy: 0.09 evaluated in 342ms
1 Accuracy: 0.3858, trained in 4058ms, evaluated in 232ms
2 Accuracy: 0.4029, trained in 3203ms, evaluated in 233ms
3 Accuracy: 0.4142, trained in 3207ms, evaluated in 234ms
4 Accuracy: 0.4084, trained in 3214ms, evaluated in 235ms
5 Accuracy: 0.4129, trained in 3217ms, evaluated in 233ms
accuracy in training data: 0.411867
general accuracy: 0.4129
output: 0.4129

10000 data loaded from mnist_test_normalized.data
60000 data loaded from mnist_train_normalized.data
0 Accuracy: 0.0608 evaluated in 344ms
1 Accuracy: 0.4465, trained in 3241ms, evaluated in 237ms
2 Accuracy: 0.4659, trained in 4974ms, evaluated in 232ms
3 Accuracy: 0.4668, trained in 3328ms, evaluated in 357ms
4 Accuracy: 0.4729, trained in 4344ms, evaluated in 228ms
5 Accuracy: 0.4667, trained in 3157ms, evaluated in 231ms
accuracy in training data: 0.464617
general accuracy: 0.4667
output: 0.4667

============================================
testing fully connected weight learning rate=0.2913617144424632
============================================
10000 data loaded from mnist_test_normalized.data
60000 data loaded from mnist_train_normalized.data
0 Accuracy: 0.0848 evaluated in 238ms
1 Accuracy: 0.4772, trained in 4011ms, evaluated in 240ms
2 Accuracy: 0.4872, trained in 3225ms, evaluated in 239ms
3 Accuracy: 0.4985, trained in 3233ms, evaluated in 240ms
4 Accuracy: 0.4992, trained in 3216ms, evaluated in 238ms
5 Accuracy: 0.4998, trained in 3241ms, evaluated in 233ms
accuracy in training data: 0.4895
general accuracy: 0.4998
output: 0.4998

10000 data loaded from mnist_test_normalized.data
60000 data loaded from mnist_train_normalized.data
0 Accuracy: 0.0919 evaluated in 234ms
1 Accuracy: 0.4605, trained in 4396ms, evaluated in 346ms
2 Accuracy: 0.4916, trained in 5357ms, evaluated in 348ms
3 Accuracy: 0.494, trained in 3726ms, evaluated in 244ms
4 Accuracy: 0.499, trained in 3349ms, evaluated in 232ms
5 Accuracy: 0.5027, trained in 4449ms, evaluated in 349ms
accuracy in training data: 0.497783
general accuracy: 0.5027
output: 0.5027

10000 data loaded from mnist_test_normalized.data
60000 data loaded from mnist_train_normalized.data
0 Accuracy: 0.1261 evaluated in 236ms
1 Accuracy: 0.4015, trained in 3324ms, evaluated in 236ms
2 Accuracy: 0.4042, trained in 3264ms, evaluated in 248ms
3 Accuracy: 0.4028, trained in 3327ms, evaluated in 235ms
4 Accuracy: 0.4168, trained in 3651ms, evaluated in 235ms
5 Accuracy: 0.4119, trained in 3564ms, evaluated in 237ms
accuracy in training data: 0.408683
general accuracy: 0.4119
output: 0.4119

============================================
testing fully connected weight learning rate=0.31033049745156055
============================================
============================================
Done looking for best fully connected weight learning rate, found 0.30069656762468894 to be best
testing convolutional weight learning rate=0.006465047711078525
============================================
10000 data loaded from mnist_test_normalized.data
60000 data loaded from mnist_train_normalized.data
0 Accuracy: 0.0958 evaluated in 722ms
1 Accuracy: 0.3072, trained in 17265ms, evaluated in 1063ms
2 Accuracy: 0.3227, trained in 15120ms, evaluated in 734ms
3 Accuracy: 0.3471, trained in 15946ms, evaluated in 708ms
4 Accuracy: 0.351, trained in 12422ms, evaluated in 723ms
5 Accuracy: 0.3426, trained in 12725ms, evaluated in 729ms
accuracy in training data: 0.34555
general accuracy: 0.3426
output: 0.3426

10000 data loaded from mnist_test_normalized.data
60000 data loaded from mnist_train_normalized.data
0 Accuracy: 0.117 evaluated in 777ms
1 Accuracy: 0.4407, trained in 16662ms, evaluated in 723ms
2 Accuracy: 0.4568, trained in 17090ms, evaluated in 740ms
3 Accuracy: 0.4678, trained in 14897ms, evaluated in 732ms
4 Accuracy: 0.4728, trained in 14813ms, evaluated in 722ms
5 Accuracy: 0.4718, trained in 14405ms, evaluated in 729ms
accuracy in training data: 0.46385
general accuracy: 0.4718
output: 0.4718

10000 data loaded from mnist_test_normalized.data
60000 data loaded from mnist_train_normalized.data
0 Accuracy: 0.1011 evaluated in 727ms
1 Accuracy: 0.4445, trained in 17731ms, evaluated in 1075ms
2 Accuracy: 0.4651, trained in 15357ms, evaluated in 1080ms
3 Accuracy: 0.4671, trained in 16723ms, evaluated in 740ms
4 Accuracy: 0.4727, trained in 15443ms, evaluated in 771ms
5 Accuracy: 0.4774, trained in 13341ms, evaluated in 901ms
accuracy in training data: 0.474117
general accuracy: 0.4774
output: 0.4774

============================================
testing convolutional weight learning rate=0.011405110488930916
============================================
10000 data loaded from mnist_test_normalized.data
60000 data loaded from mnist_train_normalized.data
0 Accuracy: 0.101 evaluated in 1093ms
1 Accuracy: 0.4635, trained in 15900ms, evaluated in 1081ms
2 Accuracy: 0.4817, trained in 17504ms, evaluated in 721ms
3 Accuracy: 0.4802, trained in 17256ms, evaluated in 714ms
4 Accuracy: 0.5169, trained in 16448ms, evaluated in 718ms
5 Accuracy: 0.5236, trained in 18657ms, evaluated in 1091ms
accuracy in training data: 0.509283
general accuracy: 0.5236
output: 0.5236

10000 data loaded from mnist_test_normalized.data
60000 data loaded from mnist_train_normalized.data
0 Accuracy: 0.098 evaluated in 855ms
1 Accuracy: 0.4287, trained in 17375ms, evaluated in 739ms
2 Accuracy: 0.4391, trained in 18909ms, evaluated in 1074ms
3 Accuracy: 0.4539, trained in 16550ms, evaluated in 1075ms
4 Accuracy: 0.4506, trained in 15545ms, evaluated in 715ms
5 Accuracy: 0.4499, trained in 16544ms, evaluated in 1073ms
accuracy in training data: 0.449167
general accuracy: 0.4499
output: 0.4499

10000 data loaded from mnist_test_normalized.data
60000 data loaded from mnist_train_normalized.data
0 Accuracy: 0.0987 evaluated in 744ms
1 Accuracy: 0.5358, trained in 15077ms, evaluated in 940ms
2 Accuracy: 0.5706, trained in 14312ms, evaluated in 752ms
3 Accuracy: 0.5632, trained in 13138ms, evaluated in 920ms
4 Accuracy: 0.573, trained in 14823ms, evaluated in 741ms
5 Accuracy: 0.5551, trained in 13470ms, evaluated in 1011ms
accuracy in training data: 0.5525
general accuracy: 0.5551
output: 0.5551

============================================
testing convolutional weight learning rate=0.020119966793411662
============================================
10000 data loaded from mnist_test_normalized.data
60000 data loaded from mnist_train_normalized.data
0 Accuracy: 0.0524 evaluated in 1091ms
1 Accuracy: 0.3898, trained in 15876ms, evaluated in 1079ms
2 Accuracy: 0.4165, trained in 18504ms, evaluated in 728ms
3 Accuracy: 0.4222, trained in 15116ms, evaluated in 749ms
4 Accuracy: 0.4323, trained in 17487ms, evaluated in 914ms
5 Accuracy: 0.435, trained in 15860ms, evaluated in 974ms
accuracy in training data: 0.429833
general accuracy: 0.435
output: 0.435

10000 data loaded from mnist_test_normalized.data
60000 data loaded from mnist_train_normalized.data
0 Accuracy: 0.1073 evaluated in 848ms
1 Accuracy: 0.5448, trained in 15806ms, evaluated in 715ms
2 Accuracy: 0.5304, trained in 16175ms, evaluated in 1083ms
3 Accuracy: 0.5642, trained in 13412ms, evaluated in 708ms
4 Accuracy: 0.5714, trained in 11941ms, evaluated in 709ms
5 Accuracy: 0.5599, trained in 11998ms, evaluated in 712ms
accuracy in training data: 0.551733
general accuracy: 0.5599
output: 0.5599

10000 data loaded from mnist_test_normalized.data
60000 data loaded from mnist_train_normalized.data
0 Accuracy: 0.118 evaluated in 704ms
1 Accuracy: 0.4276, trained in 11800ms, evaluated in 700ms
2 Accuracy: 0.4633, trained in 11796ms, evaluated in 699ms
3 Accuracy: 0.4655, trained in 11829ms, evaluated in 699ms
4 Accuracy: 0.472, trained in 11887ms, evaluated in 705ms
5 Accuracy: 0.4777, trained in 11797ms, evaluated in 704ms
accuracy in training data: 0.46795
general accuracy: 0.4777
output: 0.4777

============================================
testing convolutional weight learning rate=0.03549400631943672
============================================
10000 data loaded from mnist_test_normalized.data
60000 data loaded from mnist_train_normalized.data
0 Accuracy: 0.1136 evaluated in 711ms
1 Accuracy: 0.5083, trained in 11878ms, evaluated in 702ms
2 Accuracy: 0.5157, trained in 11883ms, evaluated in 708ms
3 Accuracy: 0.5273, trained in 11877ms, evaluated in 707ms
4 Accuracy: 0.5322, trained in 12896ms, evaluated in 702ms
5 Accuracy: 0.5356, trained in 15035ms, evaluated in 729ms
accuracy in training data: 0.5233
general accuracy: 0.5356
output: 0.5356

10000 data loaded from mnist_test_normalized.data
60000 data loaded from mnist_train_normalized.data
0 Accuracy: 0.0982 evaluated in 1091ms
1 Accuracy: 0.494, trained in 14705ms, evaluated in 703ms
2 Accuracy: 0.5168, trained in 16010ms, evaluated in 1087ms
3 Accuracy: 0.5241, trained in 15621ms, evaluated in 1095ms
4 Accuracy: 0.5272, trained in 19055ms, evaluated in 1093ms
5 Accuracy: 0.5285, trained in 15935ms, evaluated in 736ms
accuracy in training data: 0.523583
general accuracy: 0.5285
output: 0.5285

10000 data loaded from mnist_test_normalized.data
60000 data loaded from mnist_train_normalized.data
0 Accuracy: 0.131 evaluated in 729ms
1 Accuracy: 0.4857, trained in 15365ms, evaluated in 1039ms
2 Accuracy: 0.5211, trained in 15342ms, evaluated in 1083ms
3 Accuracy: 0.5313, trained in 17219ms, evaluated in 814ms
4 Accuracy: 0.5368, trained in 18102ms, evaluated in 1089ms
5 Accuracy: 0.5358, trained in 16612ms, evaluated in 867ms
accuracy in training data: 0.5221
general accuracy: 0.5358
output: 0.5358

============================================
testing convolutional weight learning rate=0.06261563438647161
============================================
10000 data loaded from mnist_test_normalized.data
60000 data loaded from mnist_train_normalized.data
0 Accuracy: 0.0703 evaluated in 1078ms
1 Accuracy: 0.5279, trained in 15746ms, evaluated in 1080ms
2 Accuracy: 0.5568, trained in 15379ms, evaluated in 705ms
3 Accuracy: 0.5558, trained in 12287ms, evaluated in 708ms
4 Accuracy: 0.5541, trained in 16253ms, evaluated in 1080ms
5 Accuracy: 0.5618, trained in 14006ms, evaluated in 1091ms
accuracy in training data: 0.545183
general accuracy: 0.5618
output: 0.5618

10000 data loaded from mnist_test_normalized.data
60000 data loaded from mnist_train_normalized.data
0 Accuracy: 0.0934 evaluated in 712ms
1 Accuracy: 0.4935, trained in 13559ms, evaluated in 722ms
2 Accuracy: 0.5103, trained in 16354ms, evaluated in 710ms
3 Accuracy: 0.5146, trained in 13721ms, evaluated in 709ms
4 Accuracy: 0.5076, trained in 16675ms, evaluated in 1096ms
5 Accuracy: 0.5137, trained in 13180ms, evaluated in 710ms
accuracy in training data: 0.5034
general accuracy: 0.5137
output: 0.5137

10000 data loaded from mnist_test_normalized.data
60000 data loaded from mnist_train_normalized.data
0 Accuracy: 0.0892 evaluated in 703ms
1 Accuracy: 0.4053, trained in 14742ms, evaluated in 1097ms
2 Accuracy: 0.425, trained in 16290ms, evaluated in 1085ms
3 Accuracy: 0.4379, trained in 19051ms, evaluated in 1077ms
4 Accuracy: 0.4436, trained in 13949ms, evaluated in 702ms
5 Accuracy: 0.4457, trained in 15784ms, evaluated in 1093ms
accuracy in training data: 0.444167
general accuracy: 0.4457
output: 0.4457

============================================
testing convolutional weight learning rate=0.1104614011260058
============================================
10000 data loaded from mnist_test_normalized.data
60000 data loaded from mnist_train_normalized.data
0 Accuracy: 0.1006 evaluated in 712ms
1 Accuracy: 0.4625, trained in 11930ms, evaluated in 715ms
2 Accuracy: 0.4722, trained in 14705ms, evaluated in 717ms
3 Accuracy: 0.4805, trained in 11945ms, evaluated in 716ms
4 Accuracy: 0.4785, trained in 11960ms, evaluated in 716ms
5 Accuracy: 0.4916, trained in 13777ms, evaluated in 715ms
accuracy in training data: 0.484733
general accuracy: 0.4916
output: 0.4916

10000 data loaded from mnist_test_normalized.data
60000 data loaded from mnist_train_normalized.data
0 Accuracy: 0.1157 evaluated in 1084ms
1 Accuracy: 0.4409, trained in 13301ms, evaluated in 708ms
2 Accuracy: 0.4507, trained in 12787ms, evaluated in 712ms
3 Accuracy: 0.4464, trained in 14302ms, evaluated in 1087ms
4 Accuracy: 0.4526, trained in 19771ms, evaluated in 1085ms
5 Accuracy: 0.4744, trained in 14352ms, evaluated in 1082ms
accuracy in training data: 0.46535
general accuracy: 0.4744
output: 0.4744

10000 data loaded from mnist_test_normalized.data
60000 data loaded from mnist_train_normalized.data
0 Accuracy: 0.1057 evaluated in 701ms
1 Accuracy: 0.3885, trained in 13836ms, evaluated in 1101ms
2 Accuracy: 0.4227, trained in 12712ms, evaluated in 707ms
3 Accuracy: 0.4351, trained in 11970ms, evaluated in 702ms
4 Accuracy: 0.45, trained in 13549ms, evaluated in 1089ms
5 Accuracy: 0.4576, trained in 12712ms, evaluated in 718ms
accuracy in training data: 0.453333
general accuracy: 0.4576
output: 0.4576

============================================
testing convolutional weight learning rate=0.1948670049944682
============================================
10000 data loaded from mnist_test_normalized.data
60000 data loaded from mnist_train_normalized.data
0 Accuracy: 0.0792 evaluated in 1093ms
1 Accuracy: 0.4453, trained in 14518ms, evaluated in 1095ms
2 Accuracy: 0.4526, trained in 16485ms, evaluated in 706ms
3 Accuracy: 0.4664, trained in 12945ms, evaluated in 716ms
4 Accuracy: 0.4721, trained in 14619ms, evaluated in 755ms
5 Accuracy: 0.4777, trained in 14246ms, evaluated in 713ms
accuracy in training data: 0.472467
general accuracy: 0.4777
output: 0.4777

10000 data loaded from mnist_test_normalized.data
60000 data loaded from mnist_train_normalized.data
0 Accuracy: 0.0936 evaluated in 748ms
1 Accuracy: 0.4298, trained in 14311ms, evaluated in 730ms
2 Accuracy: 0.4409, trained in 15753ms, evaluated in 774ms
3 Accuracy: 0.453, trained in 18676ms, evaluated in 1094ms
4 Accuracy: 0.4574, trained in 19556ms, evaluated in 732ms
5 Accuracy: 0.4468, trained in 12427ms, evaluated in 789ms
accuracy in training data: 0.449667
general accuracy: 0.4468
output: 0.4468

10000 data loaded from mnist_test_normalized.data
60000 data loaded from mnist_train_normalized.data
0 Accuracy: 0.0717 evaluated in 714ms
1 Accuracy: 0.5336, trained in 15330ms, evaluated in 843ms
2 Accuracy: 0.5523, trained in 13583ms, evaluated in 738ms
3 Accuracy: 0.5566, trained in 13727ms, evaluated in 1083ms
4 Accuracy: 0.5652, trained in 14477ms, evaluated in 728ms
5 Accuracy: 0.5697, trained in 15690ms, evaluated in 1086ms
accuracy in training data: 0.560967
general accuracy: 0.5697
output: 0.5697

============================================
testing convolutional weight learning rate=0.3437684951343073
============================================
10000 data loaded from mnist_test_normalized.data
60000 data loaded from mnist_train_normalized.data
0 Accuracy: 0.0951 evaluated in 737ms
1 Accuracy: 0.396, trained in 13015ms, evaluated in 1063ms
2 Accuracy: 0.4292, trained in 15749ms, evaluated in 866ms
3 Accuracy: 0.4482, trained in 12247ms, evaluated in 698ms
4 Accuracy: 0.4583, trained in 11854ms, evaluated in 701ms
5 Accuracy: 0.4503, trained in 12148ms, evaluated in 705ms
accuracy in training data: 0.440317
general accuracy: 0.4503
output: 0.4503

10000 data loaded from mnist_test_normalized.data
60000 data loaded from mnist_train_normalized.data
0 Accuracy: 0.0974 evaluated in 688ms
1 Accuracy: 0.3089, trained in 17987ms, evaluated in 691ms
2 Accuracy: 0.3305, trained in 11750ms, evaluated in 689ms
3 Accuracy: 0.3432, trained in 13563ms, evaluated in 1079ms
4 Accuracy: 0.3376, trained in 15184ms, evaluated in 1070ms
5 Accuracy: 0.3522, trained in 11939ms, evaluated in 688ms
accuracy in training data: 0.350133
general accuracy: 0.3522
output: 0.3522

10000 data loaded from mnist_test_normalized.data
60000 data loaded from mnist_train_normalized.data
0 Accuracy: 0.103 evaluated in 706ms
1 Accuracy: 0.3804, trained in 13536ms, evaluated in 709ms
2 Accuracy: 0.3986, trained in 12085ms, evaluated in 708ms
3 Accuracy: 0.4107, trained in 11877ms, evaluated in 709ms
4 Accuracy: 0.4159, trained in 11883ms, evaluated in 707ms
5 Accuracy: 0.4191, trained in 11912ms, evaluated in 713ms
accuracy in training data: 0.415317
general accuracy: 0.4191
output: 0.4191

============================================
testing convolutional weight learning rate=0.6064483735985011
============================================
10000 data loaded from mnist_test_normalized.data
60000 data loaded from mnist_train_normalized.data
0 Accuracy: 0.0953 evaluated in 706ms
1 Accuracy: 0.376, trained in 11856ms, evaluated in 709ms
2 Accuracy: 0.4007, trained in 12400ms, evaluated in 1096ms
3 Accuracy: 0.4222, trained in 14409ms, evaluated in 712ms
4 Accuracy: 0.4402, trained in 14341ms, evaluated in 1092ms
5 Accuracy: 0.4213, trained in 17792ms, evaluated in 711ms
accuracy in training data: 0.4113
general accuracy: 0.4213
output: 0.4213

10000 data loaded from mnist_test_normalized.data
60000 data loaded from mnist_train_normalized.data
0 Accuracy: 0.0983 evaluated in 1082ms
1 Accuracy: 0.3338, trained in 13108ms, evaluated in 712ms
2 Accuracy: 0.3711, trained in 11930ms, evaluated in 709ms
3 Accuracy: 0.3756, trained in 11834ms, evaluated in 715ms
4 Accuracy: 0.391, trained in 14969ms, evaluated in 1088ms
5 Accuracy: 0.3891, trained in 12522ms, evaluated in 708ms
accuracy in training data: 0.3819
general accuracy: 0.3891
output: 0.3891

10000 data loaded from mnist_test_normalized.data
60000 data loaded from mnist_train_normalized.data
0 Accuracy: 0.0881 evaluated in 960ms
1 Accuracy: 0.4643, trained in 16736ms, evaluated in 1089ms
2 Accuracy: 0.4949, trained in 20351ms, evaluated in 1094ms
3 Accuracy: 0.502, trained in 19074ms, evaluated in 708ms
4 Accuracy: 0.5106, trained in 11876ms, evaluated in 712ms
5 Accuracy: 0.5233, trained in 14048ms, evaluated in 1091ms
accuracy in training data: 0.522083
general accuracy: 0.5233
output: 0.5233

============================================
testing convolutional weight learning rate=1.0698468156501049
============================================
10000 data loaded from mnist_test_normalized.data
60000 data loaded from mnist_train_normalized.data
0 Accuracy: 0.0829 evaluated in 837ms
1 Accuracy: 0.5127, trained in 17249ms, evaluated in 1097ms
2 Accuracy: 0.5623, trained in 15892ms, evaluated in 1093ms
3 Accuracy: 0.563, trained in 12588ms, evaluated in 718ms
4 Accuracy: 0.5413, trained in 15253ms, evaluated in 719ms
5 Accuracy: 0.5669, trained in 11973ms, evaluated in 923ms
accuracy in training data: 0.562017
general accuracy: 0.5669
output: 0.5669

10000 data loaded from mnist_test_normalized.data
60000 data loaded from mnist_train_normalized.data
0 Accuracy: 0.0917 evaluated in 721ms
1 Accuracy: 0.4316, trained in 11894ms, evaluated in 712ms
2 Accuracy: 0.4523, trained in 13028ms, evaluated in 710ms
3 Accuracy: 0.4635, trained in 11860ms, evaluated in 718ms
4 Accuracy: 0.4669, trained in 17080ms, evaluated in 711ms
5 Accuracy: 0.4691, trained in 20056ms, evaluated in 1089ms
accuracy in training data: 0.4659
general accuracy: 0.4691
output: 0.4691

10000 data loaded from mnist_test_normalized.data
60000 data loaded from mnist_train_normalized.data
0 Accuracy: 0.1012 evaluated in 688ms
1 Accuracy: 0.2838, trained in 14108ms, evaluated in 1069ms
2 Accuracy: 0.3271, trained in 17000ms, evaluated in 682ms
3 Accuracy: 0.3493, trained in 11714ms, evaluated in 685ms
4 Accuracy: 0.3552, trained in 15780ms, evaluated in 683ms
5 Accuracy: 0.3569, trained in 13851ms, evaluated in 688ms
accuracy in training data: 0.346983
general accuracy: 0.3569
output: 0.3569

============================================
testing convolutional weight learning rate=1.8873365958013648
============================================
10000 data loaded from mnist_test_normalized.data
60000 data loaded from mnist_train_normalized.data
0 Accuracy: 0.1118 evaluated in 1090ms
1 Accuracy: 0.4728, trained in 15379ms, evaluated in 738ms
2 Accuracy: 0.4981, trained in 13101ms, evaluated in 705ms
3 Accuracy: 0.5075, trained in 11911ms, evaluated in 709ms
4 Accuracy: 0.5194, trained in 11851ms, evaluated in 701ms
5 Accuracy: 0.5236, trained in 11838ms, evaluated in 708ms
accuracy in training data: 0.517233
general accuracy: 0.5236
output: 0.5236

10000 data loaded from mnist_test_normalized.data
60000 data loaded from mnist_train_normalized.data
0 Accuracy: 0.0982 evaluated in 700ms
1 Accuracy: 0.3569, trained in 11861ms, evaluated in 703ms
2 Accuracy: 0.3934, trained in 11852ms, evaluated in 701ms
3 Accuracy: 0.4021, trained in 16207ms, evaluated in 1075ms
4 Accuracy: 0.4049, trained in 19424ms, evaluated in 1074ms
5 Accuracy: 0.4236, trained in 13459ms, evaluated in 882ms
accuracy in training data: 0.4166
general accuracy: 0.4236
output: 0.4236

10000 data loaded from mnist_test_normalized.data
60000 data loaded from mnist_train_normalized.data
0 Accuracy: 0.1278 evaluated in 701ms
1 Accuracy: 0.5494, trained in 11826ms, evaluated in 704ms
2 Accuracy: 0.5601, trained in 16306ms, evaluated in 770ms
3 Accuracy: 0.5546, trained in 12958ms, evaluated in 709ms
4 Accuracy: 0.5669, trained in 17362ms, evaluated in 746ms
5 Accuracy: 0.5708, trained in 12625ms, evaluated in 721ms
accuracy in training data: 0.55005
general accuracy: 0.5708
output: 0.5708

============================================
testing convolutional weight learning rate=0.03549400631943672
============================================
============================================
testing convolutional weight learning rate=0.04288752094714616
============================================
10000 data loaded from mnist_test_normalized.data
60000 data loaded from mnist_train_normalized.data
0 Accuracy: 0.1462 evaluated in 735ms
1 Accuracy: 0.5175, trained in 16483ms, evaluated in 714ms
2 Accuracy: 0.5394, trained in 17252ms, evaluated in 751ms
3 Accuracy: 0.5351, trained in 14655ms, evaluated in 719ms
4 Accuracy: 0.5443, trained in 13542ms, evaluated in 1082ms
5 Accuracy: 0.5447, trained in 16748ms, evaluated in 715ms
accuracy in training data: 0.5458
general accuracy: 0.5447
output: 0.5447

10000 data loaded from mnist_test_normalized.data
60000 data loaded from mnist_train_normalized.data
0 Accuracy: 0.1698 evaluated in 889ms
1 Accuracy: 0.4276, trained in 16465ms, evaluated in 713ms
2 Accuracy: 0.4388, trained in 13201ms, evaluated in 1069ms
3 Accuracy: 0.4414, trained in 17910ms, evaluated in 717ms
4 Accuracy: 0.4547, trained in 12265ms, evaluated in 948ms
5 Accuracy: 0.4565, trained in 17740ms, evaluated in 723ms
accuracy in training data: 0.446533
general accuracy: 0.4565
output: 0.4565

10000 data loaded from mnist_test_normalized.data
60000 data loaded from mnist_train_normalized.data
0 Accuracy: 0.1082 evaluated in 724ms
1 Accuracy: 0.4717, trained in 15355ms, evaluated in 870ms
2 Accuracy: 0.5038, trained in 15452ms, evaluated in 715ms
3 Accuracy: 0.5338, trained in 12339ms, evaluated in 710ms
4 Accuracy: 0.5366, trained in 12990ms, evaluated in 706ms
5 Accuracy: 0.5396, trained in 14873ms, evaluated in 707ms
accuracy in training data: 0.5278
general accuracy: 0.5396
output: 0.5396

============================================
testing convolutional weight learning rate=0.05182112823326646
============================================
10000 data loaded from mnist_test_normalized.data
60000 data loaded from mnist_train_normalized.data
0 Accuracy: 0.0456 evaluated in 711ms
1 Accuracy: 0.4765, trained in 11984ms, evaluated in 718ms
2 Accuracy: 0.4884, trained in 11971ms, evaluated in 717ms
3 Accuracy: 0.4907, trained in 11940ms, evaluated in 714ms
4 Accuracy: 0.5012, trained in 14331ms, evaluated in 747ms
5 Accuracy: 0.5038, trained in 18244ms, evaluated in 942ms
accuracy in training data: 0.492667
general accuracy: 0.5038
output: 0.5038

10000 data loaded from mnist_test_normalized.data
60000 data loaded from mnist_train_normalized.data
0 Accuracy: 0.1002 evaluated in 724ms
1 Accuracy: 0.4745, trained in 15233ms, evaluated in 712ms
2 Accuracy: 0.487, trained in 14593ms, evaluated in 754ms
3 Accuracy: 0.4931, trained in 13953ms, evaluated in 748ms
4 Accuracy: 0.5057, trained in 16573ms, evaluated in 1080ms
5 Accuracy: 0.5039, trained in 18819ms, evaluated in 729ms
accuracy in training data: 0.490133
general accuracy: 0.5039
output: 0.5039

10000 data loaded from mnist_test_normalized.data
60000 data loaded from mnist_train_normalized.data
0 Accuracy: 0.1475 evaluated in 731ms
1 Accuracy: 0.503, trained in 15085ms, evaluated in 1079ms
2 Accuracy: 0.5142, trained in 15499ms, evaluated in 782ms
3 Accuracy: 0.5125, trained in 15200ms, evaluated in 740ms
4 Accuracy: 0.5148, trained in 12683ms, evaluated in 717ms
5 Accuracy: 0.5099, trained in 14990ms, evaluated in 985ms
accuracy in training data: 0.5152
general accuracy: 0.5099
output: 0.5099

============================================
testing convolutional weight learning rate=0.06261563438647161
============================================
============================================
testing convolutional weight learning rate=0.03549400631943672
============================================
============================================
testing convolutional weight learning rate=0.03780480444638102
============================================
10000 data loaded from mnist_test_normalized.data
60000 data loaded from mnist_train_normalized.data
0 Accuracy: 0.0924 evaluated in 749ms
1 Accuracy: 0.4779, trained in 14692ms, evaluated in 718ms
2 Accuracy: 0.4921, trained in 12512ms, evaluated in 721ms
3 Accuracy: 0.4841, trained in 12598ms, evaluated in 724ms
4 Accuracy: 0.5103, trained in 12573ms, evaluated in 722ms
5 Accuracy: 0.5031, trained in 16405ms, evaluated in 1094ms
accuracy in training data: 0.497267
general accuracy: 0.5031
output: 0.5031

10000 data loaded from mnist_test_normalized.data
60000 data loaded from mnist_train_normalized.data
0 Accuracy: 0.1581 evaluated in 1082ms
1 Accuracy: 0.4551, trained in 20115ms, evaluated in 1056ms
2 Accuracy: 0.4989, trained in 16887ms, evaluated in 709ms
3 Accuracy: 0.5007, trained in 12570ms, evaluated in 714ms
4 Accuracy: 0.5058, trained in 11927ms, evaluated in 709ms
5 Accuracy: 0.5132, trained in 12949ms, evaluated in 712ms
accuracy in training data: 0.501667
general accuracy: 0.5132
output: 0.5132

10000 data loaded from mnist_test_normalized.data
60000 data loaded from mnist_train_normalized.data
0 Accuracy: 0.0439 evaluated in 916ms
1 Accuracy: 0.4556, trained in 17787ms, evaluated in 716ms
2 Accuracy: 0.475, trained in 15034ms, evaluated in 1092ms
3 Accuracy: 0.4869, trained in 13507ms, evaluated in 968ms
4 Accuracy: 0.4899, trained in 12842ms, evaluated in 1090ms
5 Accuracy: 0.4981, trained in 19763ms, evaluated in 1092ms
accuracy in training data: 0.4814
general accuracy: 0.4981
output: 0.4981

============================================
testing convolutional weight learning rate=0.04026604453627063
============================================
10000 data loaded from mnist_test_normalized.data
60000 data loaded from mnist_train_normalized.data
0 Accuracy: 0.0858 evaluated in 713ms
1 Accuracy: 0.4234, trained in 14067ms, evaluated in 701ms
2 Accuracy: 0.4572, trained in 11773ms, evaluated in 706ms
3 Accuracy: 0.4625, trained in 11904ms, evaluated in 707ms
4 Accuracy: 0.4696, trained in 12981ms, evaluated in 796ms
5 Accuracy: 0.4621, trained in 11877ms, evaluated in 709ms
accuracy in training data: 0.45345
general accuracy: 0.4621
output: 0.4621

10000 data loaded from mnist_test_normalized.data
60000 data loaded from mnist_train_normalized.data
0 Accuracy: 0.1029 evaluated in 739ms
1 Accuracy: 0.3799, trained in 12548ms, evaluated in 1011ms
2 Accuracy: 0.386, trained in 12326ms, evaluated in 753ms
3 Accuracy: 0.3935, trained in 14358ms, evaluated in 702ms
4 Accuracy: 0.3899, trained in 11775ms, evaluated in 700ms
5 Accuracy: 0.3963, trained in 12218ms, evaluated in 699ms
accuracy in training data: 0.383067
general accuracy: 0.3963
output: 0.3963

10000 data loaded from mnist_test_normalized.data
60000 data loaded from mnist_train_normalized.data
0 Accuracy: 0.1135 evaluated in 1076ms
1 Accuracy: 0.3913, trained in 13791ms, evaluated in 704ms
2 Accuracy: 0.4029, trained in 11808ms, evaluated in 710ms
3 Accuracy: 0.4181, trained in 11675ms, evaluated in 690ms
4 Accuracy: 0.4134, trained in 11467ms, evaluated in 679ms
5 Accuracy: 0.4178, trained in 11364ms, evaluated in 677ms
accuracy in training data: 0.413
general accuracy: 0.4178
output: 0.4178

============================================
testing convolutional weight learning rate=0.04288752094714616
============================================
============================================
Done looking for best convolutional weight learning rate, found 0.03663118845908384 to be best
============================================
I am done: the best parameters are: [0.30069656762468894, 0.13168724279835392, 0.03663118845908384, 0.13168724279835392, 0.0, 0.0]
Traceback (most recent call last):
  File "train/findBestParams.py", line 79, in <module>
    with open(input(), "w") as file:
OSError: [Errno 9] Bad file descriptor
