/home/hannah/neuralnetwork
testing fully connected weight learning rate=0.005836199362722949
============================================
10000 data loaded from mnist_test_normalized.data
60000 data loaded from mnist_train_normalized.data
0 Accuracy: 0.088 evaluated in 209ms
1 Accuracy: 0.2834, trained in 2912ms, evaluated in 214ms
2 Accuracy: 0.3482, trained in 2981ms, evaluated in 218ms
3 Accuracy: 0.3737, trained in 3007ms, evaluated in 223ms
4 Accuracy: 0.3882, trained in 3065ms, evaluated in 225ms
5 Accuracy: 0.4046, trained in 3124ms, evaluated in 227ms
accuracy in training data: 0.388667
general accuracy: 0.4046
output: 0.4046

10000 data loaded from mnist_test_normalized.data
60000 data loaded from mnist_train_normalized.data
0 Accuracy: 0.0903 evaluated in 225ms
1 Accuracy: 0.2629, trained in 3123ms, evaluated in 225ms
2 Accuracy: 0.3095, trained in 3132ms, evaluated in 232ms
3 Accuracy: 0.3317, trained in 4128ms, evaluated in 308ms
4 Accuracy: 0.3361, trained in 5324ms, evaluated in 241ms
5 Accuracy: 0.3607, trained in 3109ms, evaluated in 224ms
accuracy in training data: 0.357433
general accuracy: 0.3607
output: 0.3607

10000 data loaded from mnist_test_normalized.data
60000 data loaded from mnist_train_normalized.data
0 Accuracy: 0.141 evaluated in 232ms
1 Accuracy: 0.2458, trained in 3986ms, evaluated in 326ms
2 Accuracy: 0.2659, trained in 3844ms, evaluated in 228ms
3 Accuracy: 0.2789, trained in 3158ms, evaluated in 228ms
4 Accuracy: 0.293, trained in 3152ms, evaluated in 298ms
5 Accuracy: 0.3023, trained in 5379ms, evaluated in 339ms
accuracy in training data: 0.306983
general accuracy: 0.3023
output: 0.3023

============================================
testing fully connected weight learning rate=0.010295747462655495
============================================
10000 data loaded from mnist_test_normalized.data
60000 data loaded from mnist_train_normalized.data
0 Accuracy: 0.0825 evaluated in 229ms
1 Accuracy: 0.3036, trained in 3186ms, evaluated in 229ms
2 Accuracy: 0.3161, trained in 3198ms, evaluated in 230ms
3 Accuracy: 0.3468, trained in 3186ms, evaluated in 233ms
4 Accuracy: 0.3585, trained in 5051ms, evaluated in 231ms
5 Accuracy: 0.3651, trained in 3190ms, evaluated in 231ms
accuracy in training data: 0.3512
general accuracy: 0.3651
output: 0.3651

10000 data loaded from mnist_test_normalized.data
60000 data loaded from mnist_train_normalized.data
0 Accuracy: 0.1021 evaluated in 232ms
1 Accuracy: 0.3409, trained in 3185ms, evaluated in 233ms
2 Accuracy: 0.3688, trained in 3215ms, evaluated in 230ms
3 Accuracy: 0.3912, trained in 3241ms, evaluated in 234ms
4 Accuracy: 0.3993, trained in 3187ms, evaluated in 233ms
5 Accuracy: 0.4119, trained in 3672ms, evaluated in 310ms
accuracy in training data: 0.4114
general accuracy: 0.4119
output: 0.4119

10000 data loaded from mnist_test_normalized.data
60000 data loaded from mnist_train_normalized.data
0 Accuracy: 0.1062 evaluated in 333ms
1 Accuracy: 0.2999, trained in 5407ms, evaluated in 340ms
2 Accuracy: 0.318, trained in 3966ms, evaluated in 231ms
3 Accuracy: 0.3378, trained in 3188ms, evaluated in 231ms
4 Accuracy: 0.3337, trained in 4765ms, evaluated in 348ms
5 Accuracy: 0.3482, trained in 5024ms, evaluated in 348ms
accuracy in training data: 0.353533
general accuracy: 0.3482
output: 0.3482

============================================
testing fully connected weight learning rate=0.018162918918061148
============================================
10000 data loaded from mnist_test_normalized.data
60000 data loaded from mnist_train_normalized.data
0 Accuracy: 0.1208 evaluated in 232ms
1 Accuracy: 0.3642, trained in 3243ms, evaluated in 233ms
2 Accuracy: 0.3859, trained in 4072ms, evaluated in 230ms
3 Accuracy: 0.4012, trained in 3204ms, evaluated in 235ms
4 Accuracy: 0.4151, trained in 3226ms, evaluated in 239ms
5 Accuracy: 0.4131, trained in 3229ms, evaluated in 236ms
accuracy in training data: 0.4056
general accuracy: 0.4131
output: 0.4131

10000 data loaded from mnist_test_normalized.data
60000 data loaded from mnist_train_normalized.data
0 Accuracy: 0.0663 evaluated in 230ms
1 Accuracy: 0.3566, trained in 3210ms, evaluated in 242ms
2 Accuracy: 0.3712, trained in 3207ms, evaluated in 232ms
3 Accuracy: 0.3858, trained in 3207ms, evaluated in 236ms
4 Accuracy: 0.3946, trained in 3269ms, evaluated in 340ms
5 Accuracy: 0.4088, trained in 3274ms, evaluated in 234ms
accuracy in training data: 0.397483
general accuracy: 0.4088
output: 0.4088

10000 data loaded from mnist_test_normalized.data
60000 data loaded from mnist_train_normalized.data
0 Accuracy: 0.0944 evaluated in 236ms
1 Accuracy: 0.4175, trained in 3859ms, evaluated in 231ms
2 Accuracy: 0.4598, trained in 3530ms, evaluated in 238ms
3 Accuracy: 0.4763, trained in 3199ms, evaluated in 234ms
4 Accuracy: 0.4926, trained in 3196ms, evaluated in 236ms
5 Accuracy: 0.5027, trained in 3190ms, evaluated in 233ms
accuracy in training data: 0.496017
general accuracy: 0.5027
output: 0.5027

============================================
testing fully connected weight learning rate=0.03204154189102239
============================================
10000 data loaded from mnist_test_normalized.data
60000 data loaded from mnist_train_normalized.data
0 Accuracy: 0.0977 evaluated in 305ms
1 Accuracy: 0.3389, trained in 5023ms, evaluated in 353ms
2 Accuracy: 0.3643, trained in 4068ms, evaluated in 230ms
3 Accuracy: 0.3745, trained in 3194ms, evaluated in 232ms
4 Accuracy: 0.3787, trained in 3214ms, evaluated in 232ms
5 Accuracy: 0.3846, trained in 3224ms, evaluated in 239ms
accuracy in training data: 0.3769
general accuracy: 0.3846
output: 0.3846

10000 data loaded from mnist_test_normalized.data
60000 data loaded from mnist_train_normalized.data
0 Accuracy: 0.1157 evaluated in 230ms
1 Accuracy: 0.2776, trained in 3185ms, evaluated in 230ms
2 Accuracy: 0.3006, trained in 4565ms, evaluated in 351ms
3 Accuracy: 0.3226, trained in 5450ms, evaluated in 352ms
4 Accuracy: 0.3238, trained in 3451ms, evaluated in 236ms
5 Accuracy: 0.3361, trained in 3220ms, evaluated in 236ms
accuracy in training data: 0.336533
general accuracy: 0.3361
output: 0.3361

10000 data loaded from mnist_test_normalized.data
60000 data loaded from mnist_train_normalized.data
0 Accuracy: 0.0698 evaluated in 320ms
1 Accuracy: 0.3958, trained in 5164ms, evaluated in 350ms
2 Accuracy: 0.4251, trained in 5352ms, evaluated in 351ms
3 Accuracy: 0.4425, trained in 5460ms, evaluated in 350ms
4 Accuracy: 0.4495, trained in 4283ms, evaluated in 326ms
5 Accuracy: 0.457, trained in 4061ms, evaluated in 315ms
accuracy in training data: 0.443283
general accuracy: 0.457
output: 0.457

============================================
testing fully connected weight learning rate=0.05652507790106549
============================================
10000 data loaded from mnist_test_normalized.data
60000 data loaded from mnist_train_normalized.data
0 Accuracy: 0.1144 evaluated in 255ms
1 Accuracy: 0.4159, trained in 4104ms, evaluated in 321ms
2 Accuracy: 0.4356, trained in 5095ms, evaluated in 233ms
3 Accuracy: 0.4428, trained in 3254ms, evaluated in 343ms
4 Accuracy: 0.4474, trained in 5141ms, evaluated in 233ms
5 Accuracy: 0.4561, trained in 4413ms, evaluated in 235ms
accuracy in training data: 0.45345
general accuracy: 0.4561
output: 0.4561

10000 data loaded from mnist_test_normalized.data
60000 data loaded from mnist_train_normalized.data
0 Accuracy: 0.0885 evaluated in 233ms
1 Accuracy: 0.3596, trained in 3478ms, evaluated in 237ms
2 Accuracy: 0.3932, trained in 3350ms, evaluated in 242ms
3 Accuracy: 0.4143, trained in 3679ms, evaluated in 348ms
4 Accuracy: 0.4311, trained in 5299ms, evaluated in 316ms
5 Accuracy: 0.4309, trained in 3786ms, evaluated in 232ms
accuracy in training data: 0.410567
general accuracy: 0.4309
output: 0.4309

10000 data loaded from mnist_test_normalized.data
60000 data loaded from mnist_train_normalized.data
0 Accuracy: 0.0961 evaluated in 237ms
1 Accuracy: 0.3951, trained in 3310ms, evaluated in 246ms
2 Accuracy: 0.4162, trained in 3905ms, evaluated in 248ms
3 Accuracy: 0.4345, trained in 4097ms, evaluated in 341ms
4 Accuracy: 0.4425, trained in 3596ms, evaluated in 241ms
5 Accuracy: 0.447, trained in 3587ms, evaluated in 240ms
accuracy in training data: 0.431033
general accuracy: 0.447
output: 0.447

============================================
testing fully connected weight learning rate=0.0997169375490242
============================================
10000 data loaded from mnist_test_normalized.data
60000 data loaded from mnist_train_normalized.data
0 Accuracy: 0.1226 evaluated in 237ms
1 Accuracy: 0.3928, trained in 3283ms, evaluated in 241ms
2 Accuracy: 0.4173, trained in 3279ms, evaluated in 236ms
3 Accuracy: 0.4323, trained in 3871ms, evaluated in 348ms
4 Accuracy: 0.438, trained in 3438ms, evaluated in 232ms
5 Accuracy: 0.4505, trained in 3214ms, evaluated in 234ms
accuracy in training data: 0.429767
general accuracy: 0.4505
output: 0.4505

10000 data loaded from mnist_test_normalized.data
60000 data loaded from mnist_train_normalized.data
0 Accuracy: 0.0913 evaluated in 235ms
1 Accuracy: 0.4236, trained in 3367ms, evaluated in 306ms
2 Accuracy: 0.4479, trained in 4421ms, evaluated in 343ms
3 Accuracy: 0.4556, trained in 3756ms, evaluated in 235ms
4 Accuracy: 0.4633, trained in 3205ms, evaluated in 234ms
5 Accuracy: 0.4582, trained in 3752ms, evaluated in 344ms
accuracy in training data: 0.453133
general accuracy: 0.4582
output: 0.4582

10000 data loaded from mnist_test_normalized.data
60000 data loaded from mnist_train_normalized.data
0 Accuracy: 0.115 evaluated in 345ms
1 Accuracy: 0.4591, trained in 5245ms, evaluated in 315ms
2 Accuracy: 0.486, trained in 4750ms, evaluated in 352ms
3 Accuracy: 0.4898, trained in 3976ms, evaluated in 351ms
4 Accuracy: 0.4984, trained in 3563ms, evaluated in 242ms
5 Accuracy: 0.5021, trained in 3347ms, evaluated in 352ms
accuracy in training data: 0.507017
general accuracy: 0.5021
output: 0.5021

============================================
testing fully connected weight learning rate=0.1759124976627155
============================================
10000 data loaded from mnist_test_normalized.data
60000 data loaded from mnist_train_normalized.data
0 Accuracy: 0.0961 evaluated in 347ms
1 Accuracy: 0.4983, trained in 4300ms, evaluated in 235ms
2 Accuracy: 0.5115, trained in 3235ms, evaluated in 234ms
3 Accuracy: 0.5186, trained in 3236ms, evaluated in 234ms
4 Accuracy: 0.5215, trained in 3225ms, evaluated in 234ms
5 Accuracy: 0.5244, trained in 3216ms, evaluated in 234ms
accuracy in training data: 0.5183
general accuracy: 0.5244
output: 0.5244

10000 data loaded from mnist_test_normalized.data
60000 data loaded from mnist_train_normalized.data
0 Accuracy: 0.1192 evaluated in 235ms
1 Accuracy: 0.4616, trained in 3235ms, evaluated in 235ms
2 Accuracy: 0.4688, trained in 3225ms, evaluated in 233ms
3 Accuracy: 0.4773, trained in 3214ms, evaluated in 234ms
4 Accuracy: 0.4755, trained in 3221ms, evaluated in 234ms
5 Accuracy: 0.4795, trained in 3226ms, evaluated in 234ms
accuracy in training data: 0.471967
general accuracy: 0.4795
output: 0.4795

10000 data loaded from mnist_test_normalized.data
60000 data loaded from mnist_train_normalized.data
0 Accuracy: 0.0926 evaluated in 237ms
1 Accuracy: 0.4623, trained in 3230ms, evaluated in 232ms
2 Accuracy: 0.4815, trained in 3207ms, evaluated in 233ms
3 Accuracy: 0.4839, trained in 3208ms, evaluated in 232ms
4 Accuracy: 0.4855, trained in 3195ms, evaluated in 232ms
5 Accuracy: 0.4922, trained in 3222ms, evaluated in 234ms
accuracy in training data: 0.4842
general accuracy: 0.4922
output: 0.4922

============================================
testing fully connected weight learning rate=0.31033049745156055
============================================
10000 data loaded from mnist_test_normalized.data
60000 data loaded from mnist_train_normalized.data
0 Accuracy: 0.1096 evaluated in 234ms
1 Accuracy: 0.4984, trained in 3222ms, evaluated in 235ms
2 Accuracy: 0.5057, trained in 3239ms, evaluated in 235ms
3 Accuracy: 0.5132, trained in 3233ms, evaluated in 236ms
4 Accuracy: 0.516, trained in 3238ms, evaluated in 235ms
5 Accuracy: 0.5055, trained in 3246ms, evaluated in 235ms
accuracy in training data: 0.495217
general accuracy: 0.5055
output: 0.5055

10000 data loaded from mnist_test_normalized.data
60000 data loaded from mnist_train_normalized.data
0 Accuracy: 0.0868 evaluated in 234ms
1 Accuracy: 0.4618, trained in 3178ms, evaluated in 226ms
2 Accuracy: 0.4795, trained in 3183ms, evaluated in 235ms
3 Accuracy: 0.4843, trained in 3215ms, evaluated in 234ms
4 Accuracy: 0.4762, trained in 3224ms, evaluated in 234ms
5 Accuracy: 0.4955, trained in 3230ms, evaluated in 235ms
accuracy in training data: 0.48225
general accuracy: 0.4955
output: 0.4955

10000 data loaded from mnist_test_normalized.data
60000 data loaded from mnist_train_normalized.data
0 Accuracy: 0.0858 evaluated in 236ms
1 Accuracy: 0.5013, trained in 3225ms, evaluated in 235ms
2 Accuracy: 0.5155, trained in 3227ms, evaluated in 234ms
3 Accuracy: 0.5189, trained in 3232ms, evaluated in 235ms
4 Accuracy: 0.5261, trained in 3228ms, evaluated in 233ms
5 Accuracy: 0.524, trained in 3671ms, evaluated in 249ms
accuracy in training data: 0.51875
general accuracy: 0.524
output: 0.524

============================================
testing fully connected weight learning rate=0.5474597821536406
============================================
10000 data loaded from mnist_test_normalized.data
60000 data loaded from mnist_train_normalized.data
0 Accuracy: 0.1012 evaluated in 346ms
1 Accuracy: 0.465, trained in 5458ms, evaluated in 351ms
2 Accuracy: 0.4732, trained in 5447ms, evaluated in 353ms
3 Accuracy: 0.4733, trained in 3894ms, evaluated in 233ms
4 Accuracy: 0.4767, trained in 3233ms, evaluated in 233ms
5 Accuracy: 0.4791, trained in 3223ms, evaluated in 233ms
accuracy in training data: 0.475983
general accuracy: 0.4791
output: 0.4791

10000 data loaded from mnist_test_normalized.data
60000 data loaded from mnist_train_normalized.data
0 Accuracy: 0.1079 evaluated in 235ms
1 Accuracy: 0.5367, trained in 3236ms, evaluated in 233ms
2 Accuracy: 0.5395, trained in 3223ms, evaluated in 235ms
3 Accuracy: 0.5379, trained in 4701ms, evaluated in 348ms
4 Accuracy: 0.5387, trained in 4383ms, evaluated in 350ms
5 Accuracy: 0.5415, trained in 3427ms, evaluated in 239ms
accuracy in training data: 0.542483
general accuracy: 0.5415
output: 0.5415

10000 data loaded from mnist_test_normalized.data
60000 data loaded from mnist_train_normalized.data
0 Accuracy: 0.1247 evaluated in 355ms
1 Accuracy: 0.4549, trained in 3880ms, evaluated in 245ms
2 Accuracy: 0.4601, trained in 4020ms, evaluated in 353ms
3 Accuracy: 0.4695, trained in 3876ms, evaluated in 234ms
4 Accuracy: 0.4623, trained in 3211ms, evaluated in 232ms
5 Accuracy: 0.4656, trained in 3215ms, evaluated in 234ms
accuracy in training data: 0.465433
general accuracy: 0.4656
output: 0.4656

============================================
testing fully connected weight learning rate=0.9657839482002364
============================================
10000 data loaded from mnist_test_normalized.data
60000 data loaded from mnist_train_normalized.data
0 Accuracy: 0.101 evaluated in 236ms
1 Accuracy: 0.5347, trained in 3224ms, evaluated in 234ms
2 Accuracy: 0.5404, trained in 3715ms, evaluated in 350ms
3 Accuracy: 0.5464, trained in 3618ms, evaluated in 231ms
4 Accuracy: 0.5285, trained in 3186ms, evaluated in 233ms
5 Accuracy: 0.5356, trained in 3282ms, evaluated in 231ms
accuracy in training data: 0.5311
general accuracy: 0.5356
output: 0.5356

10000 data loaded from mnist_test_normalized.data
60000 data loaded from mnist_train_normalized.data
0 Accuracy: 0.0705 evaluated in 232ms
1 Accuracy: 0.3975, trained in 3200ms, evaluated in 235ms
2 Accuracy: 0.4559, trained in 3209ms, evaluated in 238ms
3 Accuracy: 0.4735, trained in 3410ms, evaluated in 313ms
4 Accuracy: 0.4689, trained in 4797ms, evaluated in 351ms
5 Accuracy: 0.4688, trained in 5407ms, evaluated in 349ms
accuracy in training data: 0.457367
general accuracy: 0.4688
output: 0.4688

10000 data loaded from mnist_test_normalized.data
60000 data loaded from mnist_train_normalized.data
0 Accuracy: 0.1025 evaluated in 240ms
1 Accuracy: 0.4443, trained in 3211ms, evaluated in 236ms
2 Accuracy: 0.4572, trained in 3200ms, evaluated in 234ms
3 Accuracy: 0.4588, trained in 3765ms, evaluated in 236ms
4 Accuracy: 0.4553, trained in 3358ms, evaluated in 283ms
5 Accuracy: 0.46, trained in 3196ms, evaluated in 234ms
accuracy in training data: 0.45735
general accuracy: 0.46
output: 0.46

============================================
testing fully connected weight learning rate=1.7037573626540308
============================================
10000 data loaded from mnist_test_normalized.data
60000 data loaded from mnist_train_normalized.data
0 Accuracy: 0.0992 evaluated in 234ms
1 Accuracy: 0.4841, trained in 4387ms, evaluated in 351ms
2 Accuracy: 0.4934, trained in 4534ms, evaluated in 235ms
3 Accuracy: 0.4893, trained in 3509ms, evaluated in 246ms
4 Accuracy: 0.4914, trained in 3233ms, evaluated in 230ms
5 Accuracy: 0.4776, trained in 3671ms, evaluated in 341ms
accuracy in training data: 0.475433
general accuracy: 0.4776
output: 0.4776

10000 data loaded from mnist_test_normalized.data
60000 data loaded from mnist_train_normalized.data
0 Accuracy: 0.0937 evaluated in 277ms
1 Accuracy: 0.4218, trained in 4006ms, evaluated in 236ms
2 Accuracy: 0.4333, trained in 3296ms, evaluated in 231ms
3 Accuracy: 0.4358, trained in 4074ms, evaluated in 237ms
4 Accuracy: 0.4195, trained in 3272ms, evaluated in 246ms
5 Accuracy: 0.4308, trained in 3568ms, evaluated in 252ms
accuracy in training data: 0.422483
general accuracy: 0.4308
output: 0.4308

10000 data loaded from mnist_test_normalized.data
60000 data loaded from mnist_train_normalized.data
0 Accuracy: 0.096 evaluated in 235ms
1 Accuracy: 0.4174, trained in 3375ms, evaluated in 244ms
2 Accuracy: 0.4155, trained in 3384ms, evaluated in 241ms
3 Accuracy: 0.4142, trained in 3466ms, evaluated in 352ms
4 Accuracy: 0.4218, trained in 5065ms, evaluated in 347ms
5 Accuracy: 0.4167, trained in 3458ms, evaluated in 237ms
accuracy in training data: 0.414
general accuracy: 0.4167
output: 0.4167

============================================
testing fully connected weight learning rate=0.1759124976627155
============================================
============================================
testing fully connected weight learning rate=0.21255563151920456
============================================
10000 data loaded from mnist_test_normalized.data
60000 data loaded from mnist_train_normalized.data
0 Accuracy: 0.0834 evaluated in 355ms
1 Accuracy: 0.4421, trained in 4056ms, evaluated in 241ms
2 Accuracy: 0.4691, trained in 3278ms, evaluated in 239ms
3 Accuracy: 0.4745, trained in 3714ms, evaluated in 236ms
4 Accuracy: 0.4775, trained in 3584ms, evaluated in 242ms
5 Accuracy: 0.4821, trained in 3312ms, evaluated in 238ms
accuracy in training data: 0.4652
general accuracy: 0.4821
output: 0.4821

10000 data loaded from mnist_test_normalized.data
60000 data loaded from mnist_train_normalized.data
0 Accuracy: 0.0631 evaluated in 351ms
1 Accuracy: 0.422, trained in 3553ms, evaluated in 247ms
2 Accuracy: 0.4342, trained in 3372ms, evaluated in 243ms
3 Accuracy: 0.4408, trained in 3656ms, evaluated in 340ms
4 Accuracy: 0.4378, trained in 4115ms, evaluated in 235ms
5 Accuracy: 0.4442, trained in 3677ms, evaluated in 241ms
accuracy in training data: 0.438767
general accuracy: 0.4442
output: 0.4442

10000 data loaded from mnist_test_normalized.data
60000 data loaded from mnist_train_normalized.data
0 Accuracy: 0.0964 evaluated in 240ms
1 Accuracy: 0.4231, trained in 3739ms, evaluated in 351ms
2 Accuracy: 0.4397, trained in 3317ms, evaluated in 240ms
3 Accuracy: 0.4436, trained in 3321ms, evaluated in 232ms
4 Accuracy: 0.4492, trained in 3624ms, evaluated in 235ms
5 Accuracy: 0.4471, trained in 3908ms, evaluated in 235ms
accuracy in training data: 0.434367
general accuracy: 0.4471
output: 0.4471

============================================
testing fully connected weight learning rate=0.25683164693138066
============================================
10000 data loaded from mnist_test_normalized.data
60000 data loaded from mnist_train_normalized.data
0 Accuracy: 0.142 evaluated in 233ms
1 Accuracy: 0.4923, trained in 3214ms, evaluated in 231ms
2 Accuracy: 0.5051, trained in 3189ms, evaluated in 234ms
3 Accuracy: 0.5061, trained in 3919ms, evaluated in 233ms
4 Accuracy: 0.5124, trained in 3219ms, evaluated in 231ms
5 Accuracy: 0.5097, trained in 3197ms, evaluated in 229ms
accuracy in training data: 0.504833
general accuracy: 0.5097
output: 0.5097

10000 data loaded from mnist_test_normalized.data
60000 data loaded from mnist_train_normalized.data
0 Accuracy: 0.1066 evaluated in 232ms
1 Accuracy: 0.4045, trained in 3195ms, evaluated in 231ms
2 Accuracy: 0.433, trained in 5180ms, evaluated in 331ms
3 Accuracy: 0.4395, trained in 3285ms, evaluated in 235ms
4 Accuracy: 0.4367, trained in 3232ms, evaluated in 232ms
5 Accuracy: 0.4514, trained in 3227ms, evaluated in 233ms
accuracy in training data: 0.436567
general accuracy: 0.4514
output: 0.4514

10000 data loaded from mnist_test_normalized.data
60000 data loaded from mnist_train_normalized.data
0 Accuracy: 0.0993 evaluated in 237ms
1 Accuracy: 0.4671, trained in 4424ms, evaluated in 349ms
2 Accuracy: 0.4768, trained in 3387ms, evaluated in 235ms
3 Accuracy: 0.4825, trained in 3216ms, evaluated in 234ms
4 Accuracy: 0.4813, trained in 3229ms, evaluated in 236ms
5 Accuracy: 0.4893, trained in 3220ms, evaluated in 233ms
accuracy in training data: 0.478167
general accuracy: 0.4893
output: 0.4893

============================================
testing fully connected weight learning rate=0.3103304974515606
============================================
============================================
testing fully connected weight learning rate=0.25683164693138066
============================================
============================================
testing fully connected weight learning rate=0.27355238798630227
============================================
10000 data loaded from mnist_test_normalized.data
60000 data loaded from mnist_train_normalized.data
0 Accuracy: 0.0946 evaluated in 237ms
1 Accuracy: 0.4704, trained in 3218ms, evaluated in 233ms
2 Accuracy: 0.4863, trained in 3231ms, evaluated in 234ms
3 Accuracy: 0.4883, trained in 3233ms, evaluated in 234ms
4 Accuracy: 0.4968, trained in 3852ms, evaluated in 238ms
5 Accuracy: 0.4921, trained in 3216ms, evaluated in 230ms
accuracy in training data: 0.4853
general accuracy: 0.4921
output: 0.4921

10000 data loaded from mnist_test_normalized.data
60000 data loaded from mnist_train_normalized.data
0 Accuracy: 0.0982 evaluated in 233ms
1 Accuracy: 0.4582, trained in 3224ms, evaluated in 237ms
2 Accuracy: 0.4666, trained in 3525ms, evaluated in 234ms
3 Accuracy: 0.471, trained in 5069ms, evaluated in 350ms
4 Accuracy: 0.4713, trained in 3533ms, evaluated in 236ms
5 Accuracy: 0.471, trained in 3321ms, evaluated in 238ms
accuracy in training data: 0.462367
general accuracy: 0.471
output: 0.471

10000 data loaded from mnist_test_normalized.data
60000 data loaded from mnist_train_normalized.data
0 Accuracy: 0.1285 evaluated in 232ms
1 Accuracy: 0.4522, trained in 3199ms, evaluated in 232ms
2 Accuracy: 0.4671, trained in 3212ms, evaluated in 324ms
3 Accuracy: 0.4721, trained in 5407ms, evaluated in 349ms
4 Accuracy: 0.4704, trained in 4911ms, evaluated in 228ms
5 Accuracy: 0.4749, trained in 3706ms, evaluated in 327ms
accuracy in training data: 0.458867
general accuracy: 0.4749
output: 0.4749

============================================
testing fully connected weight learning rate=0.2913617144424632
============================================
10000 data loaded from mnist_test_normalized.data
60000 data loaded from mnist_train_normalized.data
0 Accuracy: 0.0995 evaluated in 350ms
1 Accuracy: 0.5207, trained in 5426ms, evaluated in 311ms
2 Accuracy: 0.5234, trained in 4587ms, evaluated in 353ms
3 Accuracy: 0.5298, trained in 3423ms, evaluated in 231ms
4 Accuracy: 0.5365, trained in 3510ms, evaluated in 303ms
5 Accuracy: 0.5359, trained in 5075ms, evaluated in 351ms
accuracy in training data: 0.525217
general accuracy: 0.5359
output: 0.5359

10000 data loaded from mnist_test_normalized.data
60000 data loaded from mnist_train_normalized.data
0 Accuracy: 0.1053 evaluated in 238ms
1 Accuracy: 0.4223, trained in 3244ms, evaluated in 230ms
2 Accuracy: 0.4435, trained in 3205ms, evaluated in 228ms
3 Accuracy: 0.4351, trained in 3702ms, evaluated in 341ms
4 Accuracy: 0.4552, trained in 4304ms, evaluated in 328ms
5 Accuracy: 0.4525, trained in 4270ms, evaluated in 350ms
accuracy in training data: 0.439317
general accuracy: 0.4525
output: 0.4525

10000 data loaded from mnist_test_normalized.data
60000 data loaded from mnist_train_normalized.data
0 Accuracy: 0.0992 evaluated in 236ms
1 Accuracy: 0.3903, trained in 4247ms, evaluated in 242ms
2 Accuracy: 0.3976, trained in 3918ms, evaluated in 348ms
3 Accuracy: 0.3947, trained in 4210ms, evaluated in 230ms
4 Accuracy: 0.4112, trained in 3199ms, evaluated in 229ms
5 Accuracy: 0.3984, trained in 3186ms, evaluated in 234ms
accuracy in training data: 0.39225
general accuracy: 0.3984
output: 0.3984

============================================
testing fully connected weight learning rate=0.31033049745156055
============================================
============================================
Done looking for best fully connected weight learning rate, found 0.30069656762468894 to be best
testing convolutional weight learning rate=0.006465047711078525
============================================
10000 data loaded from mnist_test_normalized.data
60000 data loaded from mnist_train_normalized.data
0 Accuracy: 0.0701 evaluated in 726ms
1 Accuracy: 0.3802, trained in 12108ms, evaluated in 720ms
2 Accuracy: 0.404, trained in 14751ms, evaluated in 702ms
3 Accuracy: 0.4221, trained in 15777ms, evaluated in 728ms
4 Accuracy: 0.4329, trained in 16251ms, evaluated in 734ms
5 Accuracy: 0.435, trained in 15180ms, evaluated in 924ms
accuracy in training data: 0.427817
general accuracy: 0.435
output: 0.435

10000 data loaded from mnist_test_normalized.data
60000 data loaded from mnist_train_normalized.data
0 Accuracy: 0.0753 evaluated in 909ms
1 Accuracy: 0.4891, trained in 18633ms, evaluated in 741ms
2 Accuracy: 0.5029, trained in 15443ms, evaluated in 741ms
3 Accuracy: 0.5074, trained in 15635ms, evaluated in 766ms
4 Accuracy: 0.5115, trained in 12869ms, evaluated in 731ms
5 Accuracy: 0.5096, trained in 16340ms, evaluated in 1087ms
accuracy in training data: 0.507017
general accuracy: 0.5096
output: 0.5096

10000 data loaded from mnist_test_normalized.data
60000 data loaded from mnist_train_normalized.data
0 Accuracy: 0.1078 evaluated in 713ms
1 Accuracy: 0.4513, trained in 15982ms, evaluated in 707ms
2 Accuracy: 0.4546, trained in 11895ms, evaluated in 708ms
3 Accuracy: 0.4869, trained in 15931ms, evaluated in 704ms
4 Accuracy: 0.4946, trained in 11831ms, evaluated in 710ms
5 Accuracy: 0.4931, trained in 11895ms, evaluated in 709ms
accuracy in training data: 0.480433
general accuracy: 0.4931
output: 0.4931

============================================
testing convolutional weight learning rate=0.011405110488930916
============================================
10000 data loaded from mnist_test_normalized.data
60000 data loaded from mnist_train_normalized.data
0 Accuracy: 0.0714 evaluated in 705ms
1 Accuracy: 0.5608, trained in 11882ms, evaluated in 707ms
2 Accuracy: 0.583, trained in 11879ms, evaluated in 710ms
3 Accuracy: 0.5982, trained in 11845ms, evaluated in 710ms
4 Accuracy: 0.5997, trained in 11861ms, evaluated in 700ms
5 Accuracy: 0.6039, trained in 11814ms, evaluated in 703ms
accuracy in training data: 0.592583
general accuracy: 0.6039
output: 0.6039

10000 data loaded from mnist_test_normalized.data
60000 data loaded from mnist_train_normalized.data
0 Accuracy: 0.1362 evaluated in 711ms
1 Accuracy: 0.4253, trained in 11869ms, evaluated in 714ms
2 Accuracy: 0.4555, trained in 11858ms, evaluated in 707ms
3 Accuracy: 0.4631, trained in 12470ms, evaluated in 708ms
4 Accuracy: 0.4657, trained in 11830ms, evaluated in 710ms
5 Accuracy: 0.4667, trained in 11885ms, evaluated in 712ms
accuracy in training data: 0.4553
general accuracy: 0.4667
output: 0.4667

10000 data loaded from mnist_test_normalized.data
60000 data loaded from mnist_train_normalized.data
0 Accuracy: 0.1001 evaluated in 715ms
1 Accuracy: 0.4068, trained in 12027ms, evaluated in 717ms
2 Accuracy: 0.4162, trained in 12373ms, evaluated in 714ms
3 Accuracy: 0.4165, trained in 17071ms, evaluated in 718ms
4 Accuracy: 0.4234, trained in 14750ms, evaluated in 717ms
5 Accuracy: 0.4213, trained in 16174ms, evaluated in 1097ms
accuracy in training data: 0.420583
general accuracy: 0.4213
output: 0.4213

============================================
testing convolutional weight learning rate=0.020119966793411662
============================================
10000 data loaded from mnist_test_normalized.data
60000 data loaded from mnist_train_normalized.data
0 Accuracy: 0.0971 evaluated in 728ms
1 Accuracy: 0.5141, trained in 11830ms, evaluated in 710ms
2 Accuracy: 0.5287, trained in 13426ms, evaluated in 710ms
3 Accuracy: 0.5361, trained in 11889ms, evaluated in 702ms
4 Accuracy: 0.5445, trained in 11826ms, evaluated in 702ms
5 Accuracy: 0.5433, trained in 14402ms, evaluated in 1049ms
accuracy in training data: 0.542983
general accuracy: 0.5433
output: 0.5433

10000 data loaded from mnist_test_normalized.data
60000 data loaded from mnist_train_normalized.data
0 Accuracy: 0.0883 evaluated in 720ms
1 Accuracy: 0.4681, trained in 11994ms, evaluated in 719ms
2 Accuracy: 0.4785, trained in 11999ms, evaluated in 718ms
3 Accuracy: 0.474, trained in 13272ms, evaluated in 725ms
4 Accuracy: 0.4739, trained in 18900ms, evaluated in 1089ms
5 Accuracy: 0.484, trained in 15247ms, evaluated in 719ms
accuracy in training data: 0.47835
general accuracy: 0.484
output: 0.484

10000 data loaded from mnist_test_normalized.data
60000 data loaded from mnist_train_normalized.data
0 Accuracy: 0.0941 evaluated in 700ms
1 Accuracy: 0.3357, trained in 11859ms, evaluated in 703ms
2 Accuracy: 0.3665, trained in 11868ms, evaluated in 709ms
3 Accuracy: 0.3825, trained in 11851ms, evaluated in 707ms
4 Accuracy: 0.3802, trained in 18290ms, evaluated in 1073ms
5 Accuracy: 0.3852, trained in 18524ms, evaluated in 699ms
accuracy in training data: 0.377633
general accuracy: 0.3852
output: 0.3852

============================================
testing convolutional weight learning rate=0.03549400631943672
============================================
10000 data loaded from mnist_test_normalized.data
60000 data loaded from mnist_train_normalized.data
0 Accuracy: 0.1284 evaluated in 712ms
1 Accuracy: 0.5592, trained in 15738ms, evaluated in 1090ms
2 Accuracy: 0.561, trained in 13769ms, evaluated in 710ms
3 Accuracy: 0.5567, trained in 11853ms, evaluated in 707ms
4 Accuracy: 0.5851, trained in 11854ms, evaluated in 1019ms
5 Accuracy: 0.5792, trained in 15919ms, evaluated in 1085ms
accuracy in training data: 0.569867
general accuracy: 0.5792
output: 0.5792

10000 data loaded from mnist_test_normalized.data
60000 data loaded from mnist_train_normalized.data
0 Accuracy: 0.0981 evaluated in 718ms
1 Accuracy: 0.5711, trained in 12882ms, evaluated in 700ms
2 Accuracy: 0.5929, trained in 11994ms, evaluated in 699ms
3 Accuracy: 0.6, trained in 11851ms, evaluated in 705ms
4 Accuracy: 0.6049, trained in 11920ms, evaluated in 711ms
5 Accuracy: 0.6083, trained in 11883ms, evaluated in 707ms
accuracy in training data: 0.600117
general accuracy: 0.6083
output: 0.6083

10000 data loaded from mnist_test_normalized.data
60000 data loaded from mnist_train_normalized.data
0 Accuracy: 0.1103 evaluated in 704ms
1 Accuracy: 0.564, trained in 11841ms, evaluated in 703ms
2 Accuracy: 0.5832, trained in 13582ms, evaluated in 703ms
3 Accuracy: 0.5772, trained in 15941ms, evaluated in 1086ms
4 Accuracy: 0.5836, trained in 13090ms, evaluated in 712ms
5 Accuracy: 0.5884, trained in 15112ms, evaluated in 1091ms
accuracy in training data: 0.579833
general accuracy: 0.5884
output: 0.5884

============================================
testing convolutional weight learning rate=0.06261563438647161
============================================
10000 data loaded from mnist_test_normalized.data
60000 data loaded from mnist_train_normalized.data
0 Accuracy: 0.1152 evaluated in 1080ms
1 Accuracy: 0.3696, trained in 16296ms, evaluated in 1076ms
2 Accuracy: 0.3772, trained in 18257ms, evaluated in 1069ms
3 Accuracy: 0.3788, trained in 11934ms, evaluated in 694ms
4 Accuracy: 0.3859, trained in 11806ms, evaluated in 693ms
5 Accuracy: 0.3817, trained in 11860ms, evaluated in 694ms
accuracy in training data: 0.377667
general accuracy: 0.3817
output: 0.3817

10000 data loaded from mnist_test_normalized.data
60000 data loaded from mnist_train_normalized.data
0 Accuracy: 0.1139 evaluated in 700ms
1 Accuracy: 0.5339, trained in 16546ms, evaluated in 1081ms
2 Accuracy: 0.5399, trained in 12960ms, evaluated in 1092ms
3 Accuracy: 0.5459, trained in 15439ms, evaluated in 711ms
4 Accuracy: 0.5477, trained in 17457ms, evaluated in 1087ms
5 Accuracy: 0.5507, trained in 15036ms, evaluated in 709ms
accuracy in training data: 0.54375
general accuracy: 0.5507
output: 0.5507

10000 data loaded from mnist_test_normalized.data
60000 data loaded from mnist_train_normalized.data
0 Accuracy: 0.1079 evaluated in 708ms
1 Accuracy: 0.4668, trained in 11876ms, evaluated in 707ms
2 Accuracy: 0.5005, trained in 11862ms, evaluated in 711ms
3 Accuracy: 0.5071, trained in 12107ms, evaluated in 709ms
4 Accuracy: 0.503, trained in 11979ms, evaluated in 703ms
5 Accuracy: 0.5043, trained in 11880ms, evaluated in 707ms
accuracy in training data: 0.493133
general accuracy: 0.5043
output: 0.5043

============================================
testing convolutional weight learning rate=0.1104614011260058
============================================
10000 data loaded from mnist_test_normalized.data
60000 data loaded from mnist_train_normalized.data
0 Accuracy: 0.1159 evaluated in 1095ms
1 Accuracy: 0.4616, trained in 13096ms, evaluated in 709ms
2 Accuracy: 0.4739, trained in 11961ms, evaluated in 714ms
3 Accuracy: 0.4834, trained in 14145ms, evaluated in 1089ms
4 Accuracy: 0.4838, trained in 13473ms, evaluated in 722ms
5 Accuracy: 0.4897, trained in 13969ms, evaluated in 722ms
accuracy in training data: 0.491683
general accuracy: 0.4897
output: 0.4897

10000 data loaded from mnist_test_normalized.data
60000 data loaded from mnist_train_normalized.data
0 Accuracy: 0.0983 evaluated in 774ms
1 Accuracy: 0.3772, trained in 17673ms, evaluated in 742ms
2 Accuracy: 0.401, trained in 12705ms, evaluated in 703ms
3 Accuracy: 0.4187, trained in 11863ms, evaluated in 720ms
4 Accuracy: 0.4098, trained in 17291ms, evaluated in 701ms
5 Accuracy: 0.4152, trained in 13331ms, evaluated in 709ms
accuracy in training data: 0.415917
general accuracy: 0.4152
output: 0.4152

10000 data loaded from mnist_test_normalized.data
60000 data loaded from mnist_train_normalized.data
0 Accuracy: 0.1152 evaluated in 717ms
1 Accuracy: 0.388, trained in 13151ms, evaluated in 1075ms
2 Accuracy: 0.4026, trained in 15178ms, evaluated in 1085ms
3 Accuracy: 0.4281, trained in 13499ms, evaluated in 707ms
4 Accuracy: 0.4211, trained in 11954ms, evaluated in 707ms
5 Accuracy: 0.4387, trained in 11945ms, evaluated in 703ms
accuracy in training data: 0.426933
general accuracy: 0.4387
output: 0.4387

============================================
testing convolutional weight learning rate=0.1948670049944682
============================================
10000 data loaded from mnist_test_normalized.data
60000 data loaded from mnist_train_normalized.data
0 Accuracy: 0.1028 evaluated in 1088ms
1 Accuracy: 0.4659, trained in 18652ms, evaluated in 1085ms
2 Accuracy: 0.4778, trained in 16221ms, evaluated in 1092ms
3 Accuracy: 0.4962, trained in 14559ms, evaluated in 712ms
4 Accuracy: 0.501, trained in 13715ms, evaluated in 708ms
5 Accuracy: 0.504, trained in 13423ms, evaluated in 781ms
accuracy in training data: 0.495367
general accuracy: 0.504
output: 0.504

10000 data loaded from mnist_test_normalized.data
60000 data loaded from mnist_train_normalized.data
0 Accuracy: 0.1067 evaluated in 733ms
1 Accuracy: 0.4861, trained in 15622ms, evaluated in 1081ms
2 Accuracy: 0.5225, trained in 13523ms, evaluated in 845ms
3 Accuracy: 0.5425, trained in 16549ms, evaluated in 1037ms
4 Accuracy: 0.547, trained in 17614ms, evaluated in 761ms
5 Accuracy: 0.5506, trained in 14710ms, evaluated in 719ms
accuracy in training data: 0.533067
general accuracy: 0.5506
output: 0.5506

10000 data loaded from mnist_test_normalized.data
60000 data loaded from mnist_train_normalized.data
0 Accuracy: 0.0976 evaluated in 718ms
1 Accuracy: 0.2741, trained in 12662ms, evaluated in 703ms
2 Accuracy: 0.3463, trained in 12164ms, evaluated in 710ms
3 Accuracy: 0.3443, trained in 14005ms, evaluated in 713ms
4 Accuracy: 0.3592, trained in 14415ms, evaluated in 787ms
5 Accuracy: 0.367, trained in 12598ms, evaluated in 711ms
accuracy in training data: 0.371
general accuracy: 0.367
output: 0.367

============================================
testing convolutional weight learning rate=0.3437684951343073
============================================
10000 data loaded from mnist_test_normalized.data
60000 data loaded from mnist_train_normalized.data
0 Accuracy: 0.0525 evaluated in 716ms
1 Accuracy: 0.4913, trained in 12978ms, evaluated in 726ms
2 Accuracy: 0.5245, trained in 11948ms, evaluated in 717ms
3 Accuracy: 0.5348, trained in 11915ms, evaluated in 716ms
4 Accuracy: 0.5449, trained in 11920ms, evaluated in 712ms
5 Accuracy: 0.5464, trained in 12003ms, evaluated in 721ms
accuracy in training data: 0.5387
general accuracy: 0.5464
output: 0.5464

10000 data loaded from mnist_test_normalized.data
60000 data loaded from mnist_train_normalized.data
0 Accuracy: 0.1006 evaluated in 1090ms
1 Accuracy: 0.3559, trained in 15433ms, evaluated in 707ms
2 Accuracy: 0.3789, trained in 14021ms, evaluated in 720ms
3 Accuracy: 0.3891, trained in 12541ms, evaluated in 716ms
4 Accuracy: 0.3881, trained in 11918ms, evaluated in 715ms
5 Accuracy: 0.3948, trained in 13846ms, evaluated in 707ms
accuracy in training data: 0.395117
general accuracy: 0.3948
output: 0.3948

10000 data loaded from mnist_test_normalized.data
60000 data loaded from mnist_train_normalized.data
0 Accuracy: 0.0986 evaluated in 1095ms
1 Accuracy: 0.4412, trained in 19106ms, evaluated in 709ms
2 Accuracy: 0.4617, trained in 11930ms, evaluated in 713ms
3 Accuracy: 0.4655, trained in 11962ms, evaluated in 712ms
4 Accuracy: 0.4852, trained in 13726ms, evaluated in 711ms
5 Accuracy: 0.4862, trained in 14999ms, evaluated in 1096ms
accuracy in training data: 0.467983
general accuracy: 0.4862
output: 0.4862

============================================
testing convolutional weight learning rate=0.6064483735985011
============================================
10000 data loaded from mnist_test_normalized.data
60000 data loaded from mnist_train_normalized.data
0 Accuracy: 0.0855 evaluated in 701ms
1 Accuracy: 0.3147, trained in 13756ms, evaluated in 1090ms
2 Accuracy: 0.3433, trained in 12796ms, evaluated in 703ms
3 Accuracy: 0.3546, trained in 12509ms, evaluated in 1089ms
4 Accuracy: 0.3697, trained in 18092ms, evaluated in 704ms
5 Accuracy: 0.385, trained in 19717ms, evaluated in 1078ms
accuracy in training data: 0.3774
general accuracy: 0.385
output: 0.385

10000 data loaded from mnist_test_normalized.data
60000 data loaded from mnist_train_normalized.data
0 Accuracy: 0.1027 evaluated in 708ms
1 Accuracy: 0.4546, trained in 11922ms, evaluated in 716ms
2 Accuracy: 0.4716, trained in 19633ms, evaluated in 1093ms
3 Accuracy: 0.4896, trained in 15640ms, evaluated in 822ms
4 Accuracy: 0.4926, trained in 14925ms, evaluated in 708ms
5 Accuracy: 0.4958, trained in 11875ms, evaluated in 713ms
accuracy in training data: 0.4929
general accuracy: 0.4958
output: 0.4958

10000 data loaded from mnist_test_normalized.data
60000 data loaded from mnist_train_normalized.data
0 Accuracy: 0.101 evaluated in 952ms
1 Accuracy: 0.4256, trained in 11914ms, evaluated in 707ms
2 Accuracy: 0.4607, trained in 11891ms, evaluated in 707ms
3 Accuracy: 0.4667, trained in 11890ms, evaluated in 706ms
4 Accuracy: 0.4694, trained in 13782ms, evaluated in 1079ms
5 Accuracy: 0.4769, trained in 15343ms, evaluated in 710ms
accuracy in training data: 0.4731
general accuracy: 0.4769
output: 0.4769

============================================
testing convolutional weight learning rate=1.0698468156501049
============================================
10000 data loaded from mnist_test_normalized.data
60000 data loaded from mnist_train_normalized.data
0 Accuracy: 0.0992 evaluated in 708ms
1 Accuracy: 0.443, trained in 12009ms, evaluated in 702ms
2 Accuracy: 0.4639, trained in 11850ms, evaluated in 707ms
3 Accuracy: 0.4675, trained in 11848ms, evaluated in 708ms
4 Accuracy: 0.4751, trained in 17463ms, evaluated in 752ms
5 Accuracy: 0.4754, trained in 14620ms, evaluated in 721ms
accuracy in training data: 0.464617
general accuracy: 0.4754
output: 0.4754

10000 data loaded from mnist_test_normalized.data
60000 data loaded from mnist_train_normalized.data
0 Accuracy: 0.0905 evaluated in 717ms
1 Accuracy: 0.3241, trained in 13318ms, evaluated in 760ms
2 Accuracy: 0.356, trained in 16464ms, evaluated in 1082ms
3 Accuracy: 0.3622, trained in 18164ms, evaluated in 706ms
4 Accuracy: 0.3764, trained in 16816ms, evaluated in 1076ms
5 Accuracy: 0.3848, trained in 13274ms, evaluated in 690ms
accuracy in training data: 0.372433
general accuracy: 0.3848
output: 0.3848

10000 data loaded from mnist_test_normalized.data
60000 data loaded from mnist_train_normalized.data
0 Accuracy: 0.089 evaluated in 708ms
1 Accuracy: 0.432, trained in 17028ms, evaluated in 704ms
2 Accuracy: 0.4527, trained in 11828ms, evaluated in 710ms
3 Accuracy: 0.4587, trained in 13626ms, evaluated in 711ms
4 Accuracy: 0.4649, trained in 13050ms, evaluated in 700ms
5 Accuracy: 0.4709, trained in 12850ms, evaluated in 703ms
accuracy in training data: 0.467267
general accuracy: 0.4709
output: 0.4709

============================================
testing convolutional weight learning rate=1.8873365958013648
============================================
10000 data loaded from mnist_test_normalized.data
60000 data loaded from mnist_train_normalized.data
0 Accuracy: 0.0878 evaluated in 731ms
1 Accuracy: 0.4639, trained in 13175ms, evaluated in 1085ms
2 Accuracy: 0.4725, trained in 20471ms, evaluated in 804ms
3 Accuracy: 0.4758, trained in 11859ms, evaluated in 704ms
4 Accuracy: 0.4803, trained in 11890ms, evaluated in 706ms
5 Accuracy: 0.4929, trained in 11894ms, evaluated in 707ms
accuracy in training data: 0.483667
general accuracy: 0.4929
output: 0.4929

10000 data loaded from mnist_test_normalized.data
60000 data loaded from mnist_train_normalized.data
0 Accuracy: 0.0995 evaluated in 707ms
1 Accuracy: 0.4849, trained in 12047ms, evaluated in 704ms
2 Accuracy: 0.5185, trained in 11844ms, evaluated in 706ms
3 Accuracy: 0.5283, trained in 11787ms, evaluated in 700ms
4 Accuracy: 0.5345, trained in 11830ms, evaluated in 703ms
5 Accuracy: 0.533, trained in 14599ms, evaluated in 1081ms
accuracy in training data: 0.532117
general accuracy: 0.533
output: 0.533

10000 data loaded from mnist_test_normalized.data
60000 data loaded from mnist_train_normalized.data
0 Accuracy: 0.0844 evaluated in 693ms
1 Accuracy: 0.3305, trained in 12842ms, evaluated in 692ms
2 Accuracy: 0.339, trained in 12422ms, evaluated in 689ms
3 Accuracy: 0.3618, trained in 17551ms, evaluated in 940ms
4 Accuracy: 0.3517, trained in 12483ms, evaluated in 692ms
5 Accuracy: 0.3605, trained in 11896ms, evaluated in 695ms
accuracy in training data: 0.35455
general accuracy: 0.3605
output: 0.3605

============================================
testing convolutional weight learning rate=0.03549400631943672
============================================
============================================
testing convolutional weight learning rate=0.04288752094714616
============================================
10000 data loaded from mnist_test_normalized.data
60000 data loaded from mnist_train_normalized.data
0 Accuracy: 0.0958 evaluated in 692ms
1 Accuracy: 0.3986, trained in 11770ms, evaluated in 702ms
2 Accuracy: 0.4303, trained in 14866ms, evaluated in 693ms
3 Accuracy: 0.4367, trained in 11805ms, evaluated in 696ms
4 Accuracy: 0.4504, trained in 11826ms, evaluated in 696ms
5 Accuracy: 0.4547, trained in 11808ms, evaluated in 709ms
accuracy in training data: 0.448383
general accuracy: 0.4547
output: 0.4547

10000 data loaded from mnist_test_normalized.data
60000 data loaded from mnist_train_normalized.data
0 Accuracy: 0.1136 evaluated in 1089ms
1 Accuracy: 0.5128, trained in 13818ms, evaluated in 707ms
2 Accuracy: 0.529, trained in 11854ms, evaluated in 713ms
3 Accuracy: 0.542, trained in 11855ms, evaluated in 705ms
4 Accuracy: 0.541, trained in 12729ms, evaluated in 710ms
5 Accuracy: 0.5488, trained in 17497ms, evaluated in 714ms
accuracy in training data: 0.544017
general accuracy: 0.5488
output: 0.5488

10000 data loaded from mnist_test_normalized.data
60000 data loaded from mnist_train_normalized.data
0 Accuracy: 0.1169 evaluated in 714ms
1 Accuracy: 0.4489, trained in 14002ms, evaluated in 1087ms
2 Accuracy: 0.4753, trained in 20384ms, evaluated in 1086ms
3 Accuracy: 0.483, trained in 18414ms, evaluated in 1090ms
4 Accuracy: 0.4916, trained in 17172ms, evaluated in 710ms
5 Accuracy: 0.494, trained in 11864ms, evaluated in 706ms
accuracy in training data: 0.485367
general accuracy: 0.494
output: 0.494

============================================
testing convolutional weight learning rate=0.05182112823326646
============================================
10000 data loaded from mnist_test_normalized.data
60000 data loaded from mnist_train_normalized.data
0 Accuracy: 0.0884 evaluated in 694ms
1 Accuracy: 0.3342, trained in 11796ms, evaluated in 697ms
2 Accuracy: 0.3509, trained in 11824ms, evaluated in 699ms
3 Accuracy: 0.3555, trained in 11834ms, evaluated in 691ms
4 Accuracy: 0.3606, trained in 11845ms, evaluated in 694ms
5 Accuracy: 0.3684, trained in 11808ms, evaluated in 695ms
accuracy in training data: 0.371017
general accuracy: 0.3684
output: 0.3684

10000 data loaded from mnist_test_normalized.data
60000 data loaded from mnist_train_normalized.data
0 Accuracy: 0.1037 evaluated in 709ms
1 Accuracy: 0.3609, trained in 17735ms, evaluated in 1092ms
2 Accuracy: 0.3919, trained in 16890ms, evaluated in 1094ms
3 Accuracy: 0.3937, trained in 17917ms, evaluated in 715ms
4 Accuracy: 0.4078, trained in 14795ms, evaluated in 710ms
5 Accuracy: 0.409, trained in 14096ms, evaluated in 859ms
accuracy in training data: 0.413383
general accuracy: 0.409
output: 0.409

10000 data loaded from mnist_test_normalized.data
60000 data loaded from mnist_train_normalized.data
0 Accuracy: 0.0996 evaluated in 747ms
1 Accuracy: 0.5847, trained in 13306ms, evaluated in 720ms
2 Accuracy: 0.6018, trained in 12481ms, evaluated in 1094ms
3 Accuracy: 0.6114, trained in 13971ms, evaluated in 720ms
4 Accuracy: 0.6152, trained in 11970ms, evaluated in 717ms
5 Accuracy: 0.6143, trained in 11929ms, evaluated in 718ms
accuracy in training data: 0.61235
general accuracy: 0.6143
output: 0.6143

============================================
testing convolutional weight learning rate=0.06261563438647161
============================================
============================================
testing convolutional weight learning rate=0.03549400631943672
============================================
============================================
testing convolutional weight learning rate=0.03780480444638102
============================================
10000 data loaded from mnist_test_normalized.data
60000 data loaded from mnist_train_normalized.data
0 Accuracy: 0.1032 evaluated in 714ms
1 Accuracy: 0.5452, trained in 11896ms, evaluated in 710ms
2 Accuracy: 0.5772, trained in 12851ms, evaluated in 712ms
3 Accuracy: 0.5764, trained in 12285ms, evaluated in 711ms
4 Accuracy: 0.5788, trained in 13073ms, evaluated in 708ms
5 Accuracy: 0.5778, trained in 14295ms, evaluated in 720ms
accuracy in training data: 0.569717
general accuracy: 0.5778
output: 0.5778

10000 data loaded from mnist_test_normalized.data
60000 data loaded from mnist_train_normalized.data
0 Accuracy: 0.0978 evaluated in 716ms
1 Accuracy: 0.5511, trained in 11904ms, evaluated in 713ms
2 Accuracy: 0.5848, trained in 17160ms, evaluated in 1086ms
3 Accuracy: 0.5973, trained in 16117ms, evaluated in 717ms
4 Accuracy: 0.5981, trained in 16080ms, evaluated in 712ms
5 Accuracy: 0.6012, trained in 11894ms, evaluated in 716ms
accuracy in training data: 0.5919
general accuracy: 0.6012
output: 0.6012

10000 data loaded from mnist_test_normalized.data
60000 data loaded from mnist_train_normalized.data
0 Accuracy: 0.1104 evaluated in 1100ms
1 Accuracy: 0.529, trained in 20370ms, evaluated in 1099ms
2 Accuracy: 0.5438, trained in 19227ms, evaluated in 724ms
3 Accuracy: 0.5544, trained in 11942ms, evaluated in 712ms
4 Accuracy: 0.5488, trained in 12197ms, evaluated in 1092ms
5 Accuracy: 0.5507, trained in 18534ms, evaluated in 1094ms
accuracy in training data: 0.547967
general accuracy: 0.5507
output: 0.5507

============================================
testing convolutional weight learning rate=0.04026604453627063
============================================
10000 data loaded from mnist_test_normalized.data
60000 data loaded from mnist_train_normalized.data
0 Accuracy: 0.0808 evaluated in 1062ms
1 Accuracy: 0.4755, trained in 11873ms, evaluated in 715ms
2 Accuracy: 0.4915, trained in 11942ms, evaluated in 737ms
3 Accuracy: 0.4988, trained in 13226ms, evaluated in 714ms
4 Accuracy: 0.5142, trained in 11920ms, evaluated in 723ms
5 Accuracy: 0.5086, trained in 11942ms, evaluated in 711ms
accuracy in training data: 0.50805
general accuracy: 0.5086
output: 0.5086

10000 data loaded from mnist_test_normalized.data
60000 data loaded from mnist_train_normalized.data
0 Accuracy: 0.1064 evaluated in 703ms
1 Accuracy: 0.4557, trained in 14679ms, evaluated in 884ms
2 Accuracy: 0.471, trained in 11895ms, evaluated in 701ms
3 Accuracy: 0.4719, trained in 13164ms, evaluated in 1083ms
4 Accuracy: 0.4763, trained in 12942ms, evaluated in 702ms
5 Accuracy: 0.4773, trained in 13918ms, evaluated in 1088ms
accuracy in training data: 0.474667
general accuracy: 0.4773
output: 0.4773

10000 data loaded from mnist_test_normalized.data
60000 data loaded from mnist_train_normalized.data
0 Accuracy: 0.1184 evaluated in 716ms
1 Accuracy: 0.4654, trained in 11926ms, evaluated in 714ms
2 Accuracy: 0.4859, trained in 13800ms, evaluated in 715ms
3 Accuracy: 0.485, trained in 11949ms, evaluated in 717ms
4 Accuracy: 0.496, trained in 11931ms, evaluated in 718ms
5 Accuracy: 0.4983, trained in 12035ms, evaluated in 712ms
accuracy in training data: 0.479617
general accuracy: 0.4983
output: 0.4983

============================================
testing convolutional weight learning rate=0.04288752094714616
============================================
============================================
Done looking for best convolutional weight learning rate, found 0.03663118845908384 to be best
============================================
I am done: the best parameters are: [0.30069656762468894, 0.13168724279835392, 0.03663118845908384, 0.13168724279835392, 0.0, 0.0]
Traceback (most recent call last):
  File "train/findBestParams.py", line 79, in <module>
    with open(input(), "w") as file:
OSError: [Errno 9] Bad file descriptor
