10000 data loaded from mnist_test_normalized.data
60000 data loaded from mnist_train_normalized.data
0 Accuracy: 0.0885 evaluated in 203ms
1 Accuracy: 0.8754, trained in 2840ms, evaluated in 203ms
2 Accuracy: 0.893, trained in 2843ms, evaluated in 203ms
3 Accuracy: 0.8936, trained in 2844ms, evaluated in 203ms
4 Accuracy: 0.902, trained in 2843ms, evaluated in 203ms
5 Accuracy: 0.9015, trained in 2844ms, evaluated in 203ms
accuracy in training data: 0.902683
general accuracy: 0.9015
10000 data loaded from mnist_test_normalized.data
60000 data loaded from mnist_train_normalized.data
0 Accuracy: 0.1022 evaluated in 202ms
1 Accuracy: 0.8632, trained in 2840ms, evaluated in 203ms
2 Accuracy: 0.8621, trained in 2838ms, evaluated in 203ms
3 Accuracy: 0.8713, trained in 2836ms, evaluated in 203ms
4 Accuracy: 0.876, trained in 2838ms, evaluated in 203ms
5 Accuracy: 0.8796, trained in 2840ms, evaluated in 203ms
accuracy in training data: 0.876067
general accuracy: 0.8796
10000 data loaded from mnist_test_normalized.data
60000 data loaded from mnist_train_normalized.data
0 Accuracy: 0.1348 evaluated in 203ms
1 Accuracy: 0.8597, trained in 2836ms, evaluated in 203ms
2 Accuracy: 0.89, trained in 2837ms, evaluated in 203ms
3 Accuracy: 0.8957, trained in 2841ms, evaluated in 203ms
4 Accuracy: 0.8795, trained in 2843ms, evaluated in 203ms
5 Accuracy: 0.8684, trained in 2835ms, evaluated in 203ms
accuracy in training data: 0.864533
general accuracy: 0.8684
10000 data loaded from mnist_test_normalized.data
60000 data loaded from mnist_train_normalized.data
0 Accuracy: 0.1293 evaluated in 202ms
1 Accuracy: 0.8776, trained in 2826ms, evaluated in 201ms
2 Accuracy: 0.9004, trained in 2827ms, evaluated in 202ms
3 Accuracy: 0.9084, trained in 2827ms, evaluated in 202ms
4 Accuracy: 0.9104, trained in 2828ms, evaluated in 202ms
5 Accuracy: 0.9079, trained in 2828ms, evaluated in 201ms
accuracy in training data: 0.90425
general accuracy: 0.9079
10000 data loaded from mnist_test_normalized.data
60000 data loaded from mnist_train_normalized.data
0 Accuracy: 0.0956 evaluated in 203ms
1 Accuracy: 0.8904, trained in 2858ms, evaluated in 204ms
2 Accuracy: 0.8959, trained in 2860ms, evaluated in 204ms
3 Accuracy: 0.9064, trained in 2861ms, evaluated in 204ms
4 Accuracy: 0.9015, trained in 2864ms, evaluated in 204ms
5 Accuracy: 0.9087, trained in 2862ms, evaluated in 204ms
accuracy in training data: 0.910467
general accuracy: 0.9087
10000 data loaded from mnist_test_normalized.data
60000 data loaded from mnist_train_normalized.data
0 Accuracy: 0.0973 evaluated in 207ms
1 Accuracy: 0.8849, trained in 2895ms, evaluated in 207ms
2 Accuracy: 0.9064, trained in 2893ms, evaluated in 207ms
3 Accuracy: 0.9146, trained in 2897ms, evaluated in 207ms
4 Accuracy: 0.9094, trained in 2822ms, evaluated in 202ms
5 Accuracy: 0.9167, trained in 2834ms, evaluated in 202ms
accuracy in training data: 0.91315
general accuracy: 0.9167
10000 data loaded from mnist_test_normalized.data
60000 data loaded from mnist_train_normalized.data
0 Accuracy: 0.0874 evaluated in 204ms
1 Accuracy: 0.8767, trained in 2868ms, evaluated in 204ms
2 Accuracy: 0.8898, trained in 2864ms, evaluated in 204ms
3 Accuracy: 0.9008, trained in 2862ms, evaluated in 204ms
4 Accuracy: 0.8983, trained in 2864ms, evaluated in 205ms
5 Accuracy: 0.9036, trained in 2865ms, evaluated in 205ms
accuracy in training data: 0.900783
general accuracy: 0.9036
10000 data loaded from mnist_test_normalized.data
60000 data loaded from mnist_train_normalized.data
0 Accuracy: 0.0923 evaluated in 203ms
1 Accuracy: 0.8765, trained in 2846ms, evaluated in 204ms
2 Accuracy: 0.8899, trained in 2848ms, evaluated in 203ms
3 Accuracy: 0.8942, trained in 2856ms, evaluated in 204ms
4 Accuracy: 0.8922, trained in 2850ms, evaluated in 204ms
5 Accuracy: 0.8991, trained in 2852ms, evaluated in 203ms
accuracy in training data: 0.8961
general accuracy: 0.8991
10000 data loaded from mnist_test_normalized.data
60000 data loaded from mnist_train_normalized.data
0 Accuracy: 0.1083 evaluated in 206ms
1 Accuracy: 0.5552, trained in 2897ms, evaluated in 208ms
2 Accuracy: 0.7688, trained in 2892ms, evaluated in 208ms
3 Accuracy: 0.7913, trained in 2889ms, evaluated in 207ms
4 Accuracy: 0.8904, trained in 2893ms, evaluated in 206ms
5 Accuracy: 0.8827, trained in 2870ms, evaluated in 204ms
accuracy in training data: 0.8835
general accuracy: 0.8827
10000 data loaded from mnist_test_normalized.data
60000 data loaded from mnist_train_normalized.data
0 Accuracy: 0.0908 evaluated in 205ms
1 Accuracy: 0.8148, trained in 2852ms, evaluated in 205ms
2 Accuracy: 0.8307, trained in 2850ms, evaluated in 204ms
3 Accuracy: 0.8433, trained in 2847ms, evaluated in 205ms
4 Accuracy: 0.9033, trained in 2847ms, evaluated in 205ms
5 Accuracy: 0.9014, trained in 2852ms, evaluated in 205ms
accuracy in training data: 0.898683
general accuracy: 0.9014
10000 data loaded from mnist_test_normalized.data
60000 data loaded from mnist_train_normalized.data
0 Accuracy: 0.0974 evaluated in 202ms
1 Accuracy: 0.8516, trained in 2828ms, evaluated in 202ms
2 Accuracy: 0.8939, trained in 2824ms, evaluated in 201ms
3 Accuracy: 0.9085, trained in 2827ms, evaluated in 201ms
4 Accuracy: 0.9159, trained in 2825ms, evaluated in 202ms
5 Accuracy: 0.9119, trained in 2829ms, evaluated in 202ms
accuracy in training data: 0.914933
general accuracy: 0.9119
10000 data loaded from mnist_test_normalized.data
60000 data loaded from mnist_train_normalized.data
0 Accuracy: 0.0555 evaluated in 204ms
1 Accuracy: 0.8723, trained in 2849ms, evaluated in 204ms
2 Accuracy: 0.9081, trained in 2848ms, evaluated in 204ms
3 Accuracy: 0.9155, trained in 2883ms, evaluated in 208ms
4 Accuracy: 0.9165, trained in 2883ms, evaluated in 208ms
5 Accuracy: 0.9196, trained in 2883ms, evaluated in 208ms
accuracy in training data: 0.921917
general accuracy: 0.9196
10000 data loaded from mnist_test_normalized.data
60000 data loaded from mnist_train_normalized.data
0 Accuracy: 0.0705 evaluated in 202ms
1 Accuracy: 0.5896, trained in 2819ms, evaluated in 201ms
2 Accuracy: 0.6442, trained in 2820ms, evaluated in 201ms
3 Accuracy: 0.6448, trained in 2819ms, evaluated in 201ms
4 Accuracy: 0.7645, trained in 2822ms, evaluated in 202ms
5 Accuracy: 0.7468, trained in 2824ms, evaluated in 202ms
accuracy in training data: 0.744383
general accuracy: 0.7468
10000 data loaded from mnist_test_normalized.data
60000 data loaded from mnist_train_normalized.data
0 Accuracy: 0.1349 evaluated in 203ms
1 Accuracy: 0.7432, trained in 2847ms, evaluated in 204ms
2 Accuracy: 0.7916, trained in 2849ms, evaluated in 205ms
3 Accuracy: 0.8115, trained in 2849ms, evaluated in 205ms
4 Accuracy: 0.7476, trained in 2850ms, evaluated in 204ms
5 Accuracy: 0.751, trained in 2849ms, evaluated in 205ms
accuracy in training data: 0.751833
general accuracy: 0.751
10000 data loaded from mnist_test_normalized.data
60000 data loaded from mnist_train_normalized.data
0 Accuracy: 0.0649 evaluated in 204ms
1 Accuracy: 0.6238, trained in 2848ms, evaluated in 205ms
2 Accuracy: 0.7116, trained in 2849ms, evaluated in 205ms
3 Accuracy: 0.7398, trained in 2851ms, evaluated in 204ms
4 Accuracy: 0.7477, trained in 2848ms, evaluated in 204ms
5 Accuracy: 0.7414, trained in 2851ms, evaluated in 204ms
accuracy in training data: 0.7479
general accuracy: 0.7414
10000 data loaded from mnist_test_normalized.data
60000 data loaded from mnist_train_normalized.data
0 Accuracy: 0.1012 evaluated in 216ms
1 Accuracy: 0.4917, trained in 2865ms, evaluated in 205ms
2 Accuracy: 0.4572, trained in 2864ms, evaluated in 205ms
3 Accuracy: 0.459, trained in 2861ms, evaluated in 205ms
4 Accuracy: 0.4604, trained in 2862ms, evaluated in 205ms
5 Accuracy: 0.4591, trained in 2862ms, evaluated in 205ms
accuracy in training data: 0.457267
general accuracy: 0.4591
10000 data loaded from mnist_test_normalized.data
60000 data loaded from mnist_train_normalized.data
0 Accuracy: 0.0958 evaluated in 210ms
1 Accuracy: 0.0974, trained in 2872ms, evaluated in 206ms
2 Accuracy: 0.098, trained in 2876ms, evaluated in 206ms
3 Accuracy: 0.0958, trained in 2877ms, evaluated in 206ms
4 Accuracy: 0.0974, trained in 2876ms, evaluated in 209ms
5 Accuracy: 0.0974, trained in 2916ms, evaluated in 209ms
accuracy in training data: 0.0975167
general accuracy: 0.0974
10000 data loaded from mnist_test_normalized.data
60000 data loaded from mnist_train_normalized.data
0 Accuracy: 0.1044 evaluated in 202ms
1 Accuracy: 0.5538, trained in 2823ms, evaluated in 202ms
2 Accuracy: 0.5867, trained in 2827ms, evaluated in 202ms
3 Accuracy: 0.6434, trained in 2824ms, evaluated in 202ms
4 Accuracy: 0.6408, trained in 2825ms, evaluated in 202ms
5 Accuracy: 0.6097, trained in 2827ms, evaluated in 202ms
accuracy in training data: 0.610333
general accuracy: 0.6097
10000 data loaded from mnist_test_normalized.data
60000 data loaded from mnist_train_normalized.data
0 Accuracy: 0.1131 evaluated in 208ms
1 Accuracy: 0.4729, trained in 2893ms, evaluated in 210ms
2 Accuracy: 0.4692, trained in 2883ms, evaluated in 205ms
3 Accuracy: 0.4774, trained in 2853ms, evaluated in 206ms
4 Accuracy: 0.4588, trained in 2857ms, evaluated in 206ms
5 Accuracy: 0.4752, trained in 2857ms, evaluated in 205ms
accuracy in training data: 0.479917
general accuracy: 0.4752
10000 data loaded from mnist_test_normalized.data
60000 data loaded from mnist_train_normalized.data
0 Accuracy: 0.1135 evaluated in 204ms
1 Accuracy: 0.3931, trained in 2861ms, evaluated in 205ms
2 Accuracy: 0.2792, trained in 2862ms, evaluated in 205ms
3 Accuracy: 0.3251, trained in 2863ms, evaluated in 205ms
4 Accuracy: 0.3394, trained in 2863ms, evaluated in 205ms
5 Accuracy: 0.1884, trained in 2863ms, evaluated in 205ms
accuracy in training data: 0.184817
general accuracy: 0.1884
10000 data loaded from mnist_test_normalized.data
60000 data loaded from mnist_train_normalized.data
0 Accuracy: 0.0752 evaluated in 207ms
1 Accuracy: 0.3833, trained in 2897ms, evaluated in 207ms
2 Accuracy: 0.3892, trained in 2897ms, evaluated in 207ms
3 Accuracy: 0.2981, trained in 2839ms, evaluated in 203ms
4 Accuracy: 0.3044, trained in 2823ms, evaluated in 203ms
5 Accuracy: 0.3018, trained in 2825ms, evaluated in 203ms
accuracy in training data: 0.295333
general accuracy: 0.3018
10000 data loaded from mnist_test_normalized.data
60000 data loaded from mnist_train_normalized.data
0 Accuracy: 0.0972 evaluated in 202ms
1 Accuracy: 0.1014, trained in 2821ms, evaluated in 202ms
2 Accuracy: 0.098, trained in 2824ms, evaluated in 202ms
3 Accuracy: 0.1029, trained in 2822ms, evaluated in 202ms
4 Accuracy: 0.1009, trained in 2824ms, evaluated in 202ms
5 Accuracy: 0.1135, trained in 2824ms, evaluated in 204ms
accuracy in training data: 0.1123
general accuracy: 0.1135
10000 data loaded from mnist_test_normalized.data
60000 data loaded from mnist_train_normalized.data
0 Accuracy: 0.0893 evaluated in 202ms
1 Accuracy: 0.2961, trained in 2831ms, evaluated in 202ms
2 Accuracy: 0.2931, trained in 2833ms, evaluated in 202ms
3 Accuracy: 0.2989, trained in 2834ms, evaluated in 203ms
4 Accuracy: 0.2959, trained in 2836ms, evaluated in 202ms
5 Accuracy: 0.2976, trained in 2835ms, evaluated in 202ms
accuracy in training data: 0.296233
general accuracy: 0.2976
10000 data loaded from mnist_test_normalized.data
60000 data loaded from mnist_train_normalized.data
0 Accuracy: 0.102 evaluated in 204ms
1 Accuracy: 0.1135, trained in 2860ms, evaluated in 205ms
2 Accuracy: 0.0978, trained in 2863ms, evaluated in 205ms
3 Accuracy: 0.1032, trained in 2864ms, evaluated in 205ms
4 Accuracy: 0.0892, trained in 2864ms, evaluated in 204ms
5 Accuracy: 0.1032, trained in 2863ms, evaluated in 205ms
accuracy in training data: 0.0993833
general accuracy: 0.1032
10000 data loaded from mnist_test_normalized.data
60000 data loaded from mnist_train_normalized.data
0 Accuracy: 0.0966 evaluated in 202ms
1 Accuracy: 0.2096, trained in 2833ms, evaluated in 203ms
2 Accuracy: 0.1692, trained in 2835ms, evaluated in 203ms
3 Accuracy: 0.1797, trained in 2835ms, evaluated in 202ms
4 Accuracy: 0.1799, trained in 2835ms, evaluated in 202ms
5 Accuracy: 0.1801, trained in 2833ms, evaluated in 203ms
accuracy in training data: 0.181433
general accuracy: 0.1801
10000 data loaded from mnist_test_normalized.data
60000 data loaded from mnist_train_normalized.data
0 Accuracy: 0.1038 evaluated in 204ms
1 Accuracy: 0.1808, trained in 2862ms, evaluated in 205ms
2 Accuracy: 0.1988, trained in 2862ms, evaluated in 205ms
3 Accuracy: 0.1967, trained in 2862ms, evaluated in 205ms
4 Accuracy: 0.1819, trained in 2863ms, evaluated in 205ms
5 Accuracy: 0.1876, trained in 2866ms, evaluated in 205ms
accuracy in training data: 0.1913
general accuracy: 0.1876
10000 data loaded from mnist_test_normalized.data
60000 data loaded from mnist_train_normalized.data
0 Accuracy: 0.1477 evaluated in 203ms
1 Accuracy: 0.0958, trained in 2835ms, evaluated in 202ms
2 Accuracy: 0.0975, trained in 2835ms, evaluated in 202ms
3 Accuracy: 0.0958, trained in 2835ms, evaluated in 203ms
4 Accuracy: 0.0892, trained in 2837ms, evaluated in 202ms
5 Accuracy: 0.1136, trained in 2837ms, evaluated in 202ms
accuracy in training data: 0.112583
general accuracy: 0.1136
10000 data loaded from mnist_test_normalized.data
60000 data loaded from mnist_train_normalized.data
0 Accuracy: 0.0603 evaluated in 204ms
1 Accuracy: 0.0981, trained in 2861ms, evaluated in 205ms
2 Accuracy: 0.1032, trained in 2862ms, evaluated in 205ms
3 Accuracy: 0.1008, trained in 2864ms, evaluated in 205ms
4 Accuracy: 0.0981, trained in 2865ms, evaluated in 205ms
5 Accuracy: 0.1137, trained in 2866ms, evaluated in 205ms
accuracy in training data: 0.112817
general accuracy: 0.1137
10000 data loaded from mnist_test_normalized.data
60000 data loaded from mnist_train_normalized.data
0 Accuracy: 0.1057 evaluated in 204ms
1 Accuracy: 0.1135, trained in 2848ms, evaluated in 205ms
2 Accuracy: 0.1135, trained in 2852ms, evaluated in 204ms
3 Accuracy: 0.0892, trained in 2850ms, evaluated in 205ms
4 Accuracy: 0.0982, trained in 2851ms, evaluated in 205ms
5 Accuracy: 0.1135, trained in 2876ms, evaluated in 209ms
accuracy in training data: 0.112367
general accuracy: 0.1135
10000 data loaded from mnist_test_normalized.data
60000 data loaded from mnist_train_normalized.data
0 Accuracy: 0.1046 evaluated in 201ms
1 Accuracy: 0.1545, trained in 2819ms, evaluated in 202ms
2 Accuracy: 0.1779, trained in 2823ms, evaluated in 202ms
3 Accuracy: 0.1793, trained in 2828ms, evaluated in 202ms
4 Accuracy: 0.1818, trained in 2825ms, evaluated in 202ms
5 Accuracy: 0.198, trained in 2823ms, evaluated in 202ms
accuracy in training data: 0.196583
general accuracy: 0.198
10000 data loaded from mnist_test_normalized.data
60000 data loaded from mnist_train_normalized.data
0 Accuracy: 0.1041 evaluated in 209ms
1 Accuracy: 0.1009, trained in 2897ms, evaluated in 209ms
2 Accuracy: 0.101, trained in 2897ms, evaluated in 209ms
3 Accuracy: 0.098, trained in 2896ms, evaluated in 209ms
4 Accuracy: 0.1009, trained in 2897ms, evaluated in 209ms
5 Accuracy: 0.101, trained in 2897ms, evaluated in 209ms
accuracy in training data: 0.1022
general accuracy: 0.101
10000 data loaded from mnist_test_normalized.data
60000 data loaded from mnist_train_normalized.data
0 Accuracy: 0.0912 evaluated in 204ms
1 Accuracy: 0.0982, trained in 2860ms, evaluated in 204ms
2 Accuracy: 0.1028, trained in 2879ms, evaluated in 208ms
3 Accuracy: 0.1135, trained in 2893ms, evaluated in 208ms
4 Accuracy: 0.0974, trained in 2895ms, evaluated in 208ms
5 Accuracy: 0.1135, trained in 2892ms, evaluated in 208ms
accuracy in training data: 0.112367
general accuracy: 0.1135
10000 data loaded from mnist_test_normalized.data
60000 data loaded from mnist_train_normalized.data
0 Accuracy: 0.0929 evaluated in 202ms
1 Accuracy: 0.1521, trained in 2837ms, evaluated in 202ms
2 Accuracy: 0.1875, trained in 2831ms, evaluated in 202ms
3 Accuracy: 0.1858, trained in 2832ms, evaluated in 202ms
4 Accuracy: 0.1819, trained in 2831ms, evaluated in 202ms
5 Accuracy: 0.1864, trained in 2833ms, evaluated in 202ms
accuracy in training data: 0.182333
general accuracy: 0.1864
10000 data loaded from mnist_test_normalized.data
60000 data loaded from mnist_train_normalized.data
0 Accuracy: 0.1212 evaluated in 204ms
1 Accuracy: 0.8868, trained in 2870ms, evaluated in 205ms
2 Accuracy: 0.9061, trained in 2871ms, evaluated in 205ms
3 Accuracy: 0.9143, trained in 2876ms, evaluated in 205ms
4 Accuracy: 0.9149, trained in 2871ms, evaluated in 205ms
5 Accuracy: 0.918, trained in 2872ms, evaluated in 205ms
accuracy in training data: 0.919683
general accuracy: 0.918
10000 data loaded from mnist_test_normalized.data
60000 data loaded from mnist_train_normalized.data
0 Accuracy: 0.1187 evaluated in 207ms
1 Accuracy: 0.8796, trained in 2905ms, evaluated in 208ms
2 Accuracy: 0.895, trained in 2901ms, evaluated in 207ms
3 Accuracy: 0.9, trained in 2874ms, evaluated in 204ms
4 Accuracy: 0.9063, trained in 2827ms, evaluated in 203ms
5 Accuracy: 0.9086, trained in 2831ms, evaluated in 204ms
accuracy in training data: 0.908533
general accuracy: 0.9086
10000 data loaded from mnist_test_normalized.data
60000 data loaded from mnist_train_normalized.data
0 Accuracy: 0.0518 evaluated in 204ms
1 Accuracy: 0.8004, trained in 2872ms, evaluated in 205ms
2 Accuracy: 0.8848, trained in 2870ms, evaluated in 205ms
3 Accuracy: 0.8959, trained in 2872ms, evaluated in 205ms
4 Accuracy: 0.9006, trained in 2870ms, evaluated in 205ms
5 Accuracy: 0.8956, trained in 2871ms, evaluated in 205ms
accuracy in training data: 0.896067
general accuracy: 0.8956
10000 data loaded from mnist_test_normalized.data
60000 data loaded from mnist_train_normalized.data
0 Accuracy: 0.0571 evaluated in 202ms
1 Accuracy: 0.8752, trained in 2842ms, evaluated in 202ms
2 Accuracy: 0.8896, trained in 2840ms, evaluated in 202ms
3 Accuracy: 0.8908, trained in 2839ms, evaluated in 202ms
4 Accuracy: 0.8923, trained in 2839ms, evaluated in 202ms
5 Accuracy: 0.8838, trained in 2839ms, evaluated in 202ms
accuracy in training data: 0.885683
general accuracy: 0.8838
10000 data loaded from mnist_test_normalized.data
60000 data loaded from mnist_train_normalized.data
0 Accuracy: 0.0976 evaluated in 207ms
1 Accuracy: 0.8789, trained in 2899ms, evaluated in 208ms
2 Accuracy: 0.897, trained in 2902ms, evaluated in 209ms
3 Accuracy: 0.9118, trained in 2901ms, evaluated in 208ms
4 Accuracy: 0.9197, trained in 2903ms, evaluated in 208ms
5 Accuracy: 0.9148, trained in 2902ms, evaluated in 209ms
accuracy in training data: 0.9182
general accuracy: 0.9148
10000 data loaded from mnist_test_normalized.data
60000 data loaded from mnist_train_normalized.data
0 Accuracy: 0.0942 evaluated in 202ms
1 Accuracy: 0.8867, trained in 2839ms, evaluated in 202ms
2 Accuracy: 0.9053, trained in 2837ms, evaluated in 202ms
3 Accuracy: 0.9129, trained in 2837ms, evaluated in 202ms
4 Accuracy: 0.9164, trained in 2837ms, evaluated in 202ms
5 Accuracy: 0.9131, trained in 2838ms, evaluated in 202ms
accuracy in training data: 0.9124
general accuracy: 0.9131
10000 data loaded from mnist_test_normalized.data
60000 data loaded from mnist_train_normalized.data
0 Accuracy: 0.0566 evaluated in 202ms
1 Accuracy: 0.7985, trained in 2854ms, evaluated in 205ms
2 Accuracy: 0.8229, trained in 2868ms, evaluated in 206ms
3 Accuracy: 0.8324, trained in 2867ms, evaluated in 207ms
4 Accuracy: 0.8689, trained in 2833ms, evaluated in 202ms
5 Accuracy: 0.8879, trained in 2831ms, evaluated in 203ms
accuracy in training data: 0.890467
general accuracy: 0.8879
10000 data loaded from mnist_test_normalized.data
60000 data loaded from mnist_train_normalized.data
0 Accuracy: 0.1066 evaluated in 202ms
1 Accuracy: 0.8503, trained in 2894ms, evaluated in 209ms
2 Accuracy: 0.8799, trained in 2894ms, evaluated in 209ms
3 Accuracy: 0.9074, trained in 2894ms, evaluated in 209ms
4 Accuracy: 0.9015, trained in 2900ms, evaluated in 210ms
5 Accuracy: 0.8939, trained in 2899ms, evaluated in 209ms
accuracy in training data: 0.89275
general accuracy: 0.8939
10000 data loaded from mnist_test_normalized.data
60000 data loaded from mnist_train_normalized.data
0 Accuracy: 0.1032 evaluated in 201ms
1 Accuracy: 0.8695, trained in 2821ms, evaluated in 201ms
2 Accuracy: 0.9049, trained in 2820ms, evaluated in 201ms
3 Accuracy: 0.8928, trained in 2822ms, evaluated in 201ms
4 Accuracy: 0.8914, trained in 2822ms, evaluated in 201ms
5 Accuracy: 0.8964, trained in 2821ms, evaluated in 202ms
accuracy in training data: 0.9003
general accuracy: 0.8964
10000 data loaded from mnist_test_normalized.data
60000 data loaded from mnist_train_normalized.data
0 Accuracy: 0.1172 evaluated in 202ms
1 Accuracy: 0.8767, trained in 2833ms, evaluated in 202ms
2 Accuracy: 0.9, trained in 2832ms, evaluated in 202ms
3 Accuracy: 0.904, trained in 2832ms, evaluated in 202ms
4 Accuracy: 0.9122, trained in 2850ms, evaluated in 205ms
5 Accuracy: 0.9157, trained in 2856ms, evaluated in 206ms
accuracy in training data: 0.91985
general accuracy: 0.9157
10000 data loaded from mnist_test_normalized.data
60000 data loaded from mnist_train_normalized.data
0 Accuracy: 0.0932 evaluated in 206ms
1 Accuracy: 0.8701, trained in 2872ms, evaluated in 206ms
2 Accuracy: 0.9009, trained in 2872ms, evaluated in 207ms
3 Accuracy: 0.9048, trained in 2873ms, evaluated in 206ms
4 Accuracy: 0.9038, trained in 2870ms, evaluated in 205ms
5 Accuracy: 0.9052, trained in 2871ms, evaluated in 205ms
accuracy in training data: 0.906333
general accuracy: 0.9052
10000 data loaded from mnist_test_normalized.data
60000 data loaded from mnist_train_normalized.data
0 Accuracy: 0.1344 evaluated in 207ms
1 Accuracy: 0.8628, trained in 2856ms, evaluated in 207ms
2 Accuracy: 0.8854, trained in 2857ms, evaluated in 204ms
3 Accuracy: 0.8974, trained in 2856ms, evaluated in 205ms
4 Accuracy: 0.9069, trained in 2857ms, evaluated in 205ms
5 Accuracy: 0.9005, trained in 2847ms, evaluated in 202ms
accuracy in training data: 0.901233
general accuracy: 0.9005
10000 data loaded from mnist_test_normalized.data
60000 data loaded from mnist_train_normalized.data
0 Accuracy: 0.1092 evaluated in 641ms
1 Accuracy: 0.7946, trained in 10690ms, evaluated in 637ms
2 Accuracy: 0.7946, trained in 10695ms, evaluated in 647ms
3 Accuracy: 0.8276, trained in 10685ms, evaluated in 645ms
4 Accuracy: 0.8417, trained in 10789ms, evaluated in 655ms
5 Accuracy: 0.8629, trained in 10883ms, evaluated in 654ms
accuracy in training data: 0.86155
general accuracy: 0.8629
10000 data loaded from mnist_test_normalized.data
60000 data loaded from mnist_train_normalized.data
0 Accuracy: 0.0656 evaluated in 635ms
1 Accuracy: 0.1839, trained in 10906ms, evaluated in 650ms
2 Accuracy: 0.1028, trained in 10948ms, evaluated in 650ms
3 Accuracy: 0.1028, trained in 10946ms, evaluated in 648ms
4 Accuracy: 0.1028, trained in 10937ms, evaluated in 647ms
5 Accuracy: 0.1136, trained in 10946ms, evaluated in 649ms
accuracy in training data: 0.112383
general accuracy: 0.1136
10000 data loaded from mnist_test_normalized.data
60000 data loaded from mnist_train_normalized.data
0 Accuracy: 0.0878 evaluated in 643ms
1 Accuracy: 0.8531, trained in 10807ms, evaluated in 643ms
2 Accuracy: 0.8627, trained in 10821ms, evaluated in 644ms
3 Accuracy: 0.8896, trained in 10822ms, evaluated in 645ms
4 Accuracy: 0.8837, trained in 10891ms, evaluated in 658ms
5 Accuracy: 0.8854, trained in 11002ms, evaluated in 660ms
accuracy in training data: 0.885317
general accuracy: 0.8854
10000 data loaded from mnist_test_normalized.data
60000 data loaded from mnist_train_normalized.data
0 Accuracy: 0.1186 evaluated in 643ms
1 Accuracy: 0.1032, trained in 10851ms, evaluated in 654ms
2 Accuracy: 0.1116, trained in 10878ms, evaluated in 653ms
3 Accuracy: 0.3393, trained in 10867ms, evaluated in 645ms
4 Accuracy: 0.3226, trained in 10843ms, evaluated in 648ms
5 Accuracy: 0.5855, trained in 10797ms, evaluated in 647ms
accuracy in training data: 0.59135
general accuracy: 0.5855
10000 data loaded from mnist_test_normalized.data
60000 data loaded from mnist_train_normalized.data
0 Accuracy: 0.0978 evaluated in 642ms
1 Accuracy: 0.0959, trained in 10831ms, evaluated in 651ms
2 Accuracy: 0.114, trained in 10857ms, evaluated in 651ms
3 Accuracy: 0.1892, trained in 10877ms, evaluated in 655ms
4 Accuracy: 0.7576, trained in 10833ms, evaluated in 641ms
5 Accuracy: 0.6779, trained in 10738ms, evaluated in 639ms
accuracy in training data: 0.661233
general accuracy: 0.6779
10000 data loaded from mnist_test_normalized.data
60000 data loaded from mnist_train_normalized.data
0 Accuracy: 0.1027 evaluated in 646ms
1 Accuracy: 0.6781, trained in 10945ms, evaluated in 660ms
2 Accuracy: 0.6887, trained in 11002ms, evaluated in 654ms
3 Accuracy: 0.778, trained in 10923ms, evaluated in 654ms
4 Accuracy: 0.8162, trained in 10929ms, evaluated in 654ms
5 Accuracy: 0.8461, trained in 10910ms, evaluated in 646ms
accuracy in training data: 0.839283
general accuracy: 0.8461
/home/hannah/neuralnetwork
testing fully connected weight learning rate=0.00583619936272
============================================
output: 0.9015

output: 0.8796

output: 0.8684

============================================
testing fully connected weight learning rate=0.0102957474627
============================================
output: 0.9079

output: 0.9087

output: 0.9167

============================================
testing fully connected weight learning rate=0.0181629189181
============================================
output: 0.9036

output: 0.8991

output: 0.8827

============================================
testing fully connected weight learning rate=0.032041541891
============================================
output: 0.9014

output: 0.9119

output: 0.9196

============================================
testing fully connected weight learning rate=0.0565250779011
============================================
output: 0.7468

output: 0.751

output: 0.7414

============================================
testing fully connected weight learning rate=0.099716937549
============================================
output: 0.4591

output: 0.0974

output: 0.6097

============================================
testing fully connected weight learning rate=0.175912497663
============================================
output: 0.4752

output: 0.1884

output: 0.3018

============================================
testing fully connected weight learning rate=0.310330497452
============================================
output: 0.1135

output: 0.2976

output: 0.1032

============================================
testing fully connected weight learning rate=0.547459782154
============================================
output: 0.1801

output: 0.1876

output: 0.1136

============================================
testing fully connected weight learning rate=0.9657839482
============================================
output: 0.1137

output: 0.1135

output: 0.198

============================================
testing fully connected weight learning rate=1.70375736265
============================================
output: 0.101

output: 0.1135

output: 0.1864

============================================
testing fully connected weight learning rate=0.0102957474627
============================================
============================================
testing fully connected weight learning rate=0.0124403844693
============================================
output: 0.918

output: 0.9086

output: 0.8956

============================================
testing fully connected weight learning rate=0.015031756199
============================================
output: 0.8838

output: 0.9148

output: 0.9131

============================================
testing fully connected weight learning rate=0.0181629189181
============================================
============================================
testing fully connected weight learning rate=0.0102957474627
============================================
============================================
testing fully connected weight learning rate=0.0109660407437
============================================
output: 0.8879

output: 0.8939

output: 0.8964

============================================
testing fully connected weight learning rate=0.0116799727293
============================================
output: 0.9157

output: 0.9052

output: 0.9005

============================================
testing fully connected weight learning rate=0.0124403844693
============================================
============================================
Done looking for best fully connected weight learning rate, found 0.0120541839767 to be best
testing convolutional weight learning rate=0.00646504771108
============================================
output: 0.8629

output: 0.1136

output: 0.8854

============================================
testing convolutional weight learning rate=0.0114051104889
============================================
output: 0.5855

output: 0.6779

output: 0.8461

============================================
testin10000 data loaded from mnist_test_normalized.data
60000 data loaded from mnist_train_normalized.data
0 Accuracy: 0.1362 evaluated in 649ms
1 Accuracy: 0.4139, trained in 10898ms, evaluated in 652ms
2 Accuracy: 0.1138, trained in 10793ms, evaluated in 636ms
3 Accuracy: 0.1034, trained in 10769ms, evaluated in 635ms
4 Accuracy: 0.1042, trained in 10677ms, evaluated in 623ms
5 Accuracy: 0.1137, trained in 10608ms, evaluated in 623ms
accuracy in training data: 0.112467
general accuracy: 0.1137
10000 data loaded from mnist_test_normalized.data
60000 data loaded from mnist_train_normalized.data
0 Accuracy: 0.0848 evaluated in 640ms
1 Accuracy: 0.3976, trained in 10879ms, evaluated in 655ms
2 Accuracy: 0.593, trained in 10891ms, evaluated in 655ms
3 Accuracy: 0.7474, trained in 10878ms, evaluated in 649ms
4 Accuracy: 0.7851, trained in 10822ms, evaluated in 652ms
5 Accuracy: 0.8081, trained in 10938ms, evaluated in 665ms
accuracy in training data: 0.803133
general accuracy: 0.8081
10000 data loaded from mnist_test_normalized.data
60000 data loaded from mnist_train_normalized.data
0 Accuracy: 0.098 evaluated in 645ms
1 Accuracy: 0.1028, trained in 10748ms, evaluated in 649ms
2 Accuracy: 0.101, trained in 10837ms, evaluated in 657ms
3 Accuracy: 0.0958, trained in 10924ms, evaluated in 657ms
4 Accuracy: 0.1135, trained in 10852ms, evaluated in 648ms
5 Accuracy: 0.1009, trained in 10760ms, evaluated in 648ms
accuracy in training data: 0.09915
general accuracy: 0.1009
10000 data loaded from mnist_test_normalized.data
60000 data loaded from mnist_train_normalized.data
0 Accuracy: 0.1071 evaluated in 648ms
1 Accuracy: 0.8507, trained in 10854ms, evaluated in 649ms
2 Accuracy: 0.8187, trained in 10957ms, evaluated in 657ms
3 Accuracy: 0.8764, trained in 10968ms, evaluated in 656ms
4 Accuracy: 0.8776, trained in 10953ms, evaluated in 654ms
5 Accuracy: 0.8701, trained in 10851ms, evaluated in 645ms
accuracy in training data: 0.861
general accuracy: 0.8701
10000 data loaded from mnist_test_normalized.data
60000 data loaded from mnist_train_normalized.data
0 Accuracy: 0.096 evaluated in 638ms
1 Accuracy: 0.8746, trained in 10851ms, evaluated in 640ms
2 Accuracy: 0.8933, trained in 10674ms, evaluated in 640ms
3 Accuracy: 0.9002, trained in 10660ms, evaluated in 644ms
4 Accuracy: 0.8973, trained in 10667ms, evaluated in 646ms
5 Accuracy: 0.9014, trained in 10686ms, evaluated in 642ms
accuracy in training data: 0.896833
general accuracy: 0.9014
10000 data loaded from mnist_test_normalized.data
60000 data loaded from mnist_train_normalized.data
0 Accuracy: 0.0862 evaluated in 653ms
1 Accuracy: 0.2788, trained in 11062ms, evaluated in 674ms
2 Accuracy: 0.1866, trained in 11144ms, evaluated in 675ms
3 Accuracy: 0.1987, trained in 11086ms, evaluated in 664ms
4 Accuracy: 0.1944, trained in 11006ms, evaluated in 666ms
5 Accuracy: 0.2078, trained in 11097ms, evaluated in 671ms
accuracy in training data: 0.2093
general accuracy: 0.2078
10000 data loaded from mnist_test_normalized.data
60000 data loaded from mnist_train_normalized.data
0 Accuracy: 0.0975 evaluated in 657ms
1 Accuracy: 0.1054, trained in 11120ms, evaluated in 658ms
2 Accuracy: 0.1028, trained in 10870ms, evaluated in 627ms
3 Accuracy: 0.1135, trained in 11417ms, evaluated in 632ms
4 Accuracy: 0.1028, trained in 11262ms, evaluated in 632ms
5 Accuracy: 0.101, trained in 11303ms, evaluated in 630ms
accuracy in training data: 0.102183
general accuracy: 0.101
10000 data loaded from mnist_test_normalized.data
60000 data loaded from mnist_train_normalized.data
0 Accuracy: 0.1045 evaluated in 637ms
1 Accuracy: 0.5376, trained in 10782ms, evaluated in 644ms
2 Accuracy: 0.2516, trained in 10865ms, evaluated in 644ms
3 Accuracy: 0.1107, trained in 10710ms, evaluated in 633ms
4 Accuracy: 0.1136, trained in 10712ms, evaluated in 633ms
5 Accuracy: 0.101, trained in 10700ms, evaluated in 634ms
accuracy in training data: 0.102183
general accuracy: 0.101
10000 data loaded from mnist_test_normalized.data
60000 data loaded from mnist_train_normalized.data
0 Accuracy: 0.1462 evaluated in 630ms
1 Accuracy: 0.7831, trained in 10697ms, evaluated in 637ms
2 Accuracy: 0.8987, trained in 10635ms, evaluated in 631ms
3 Accuracy: 0.9208, trained in 10635ms, evaluated in 642ms
4 Accuracy: 0.9025, trained in 10669ms, evaluated in 640ms
5 Accuracy: 0.9242, trained in 10669ms, evaluated in 637ms
accuracy in training data: 0.923617
general accuracy: 0.9242
10000 data loaded from mnist_test_normalized.data
60000 data loaded from mnist_train_normalized.data
0 Accuracy: 0.089 evaluated in 640ms
1 Accuracy: 0.1205, trained in 10669ms, evaluated in 624ms
2 Accuracy: 0.1146, trained in 10630ms, evaluated in 623ms
3 Accuracy: 0.0934, trained in 10627ms, evaluated in 626ms
4 Accuracy: 0.1012, trained in 10640ms, evaluated in 625ms
5 Accuracy: 0.1017, trained in 10629ms, evaluated in 624ms
accuracy in training data: 0.101017
general accuracy: 0.1017
10000 data loaded from mnist_test_normalized.data
60000 data loaded from mnist_train_normalized.data
0 Accuracy: 0.1016 evaluated in 637ms
1 Accuracy: 0.7814, trained in 10743ms, evaluated in 641ms
2 Accuracy: 0.8598, trained in 10735ms, evaluated in 639ms
3 Accuracy: 0.8819, trained in 10715ms, evaluated in 638ms
4 Accuracy: 0.877, trained in 10708ms, evaluated in 638ms
5 Accuracy: 0.8936, trained in 10730ms, evaluated in 640ms
accuracy in training data: 0.89065
general accuracy: 0.8936
10000 data loaded from mnist_test_normalized.data
60000 data loaded from mnist_train_normalized.data
0 Accuracy: 0.1154 evaluated in 638ms
1 Accuracy: 0.9009, trained in 10837ms, evaluated in 644ms
2 Accuracy: 0.9212, trained in 10792ms, evaluated in 644ms
3 Accuracy: 0.9301, trained in 10789ms, evaluated in 642ms
4 Accuracy: 0.9347, trained in 10787ms, evaluated in 645ms
5 Accuracy: 0.9291, trained in 10809ms, evaluated in 645ms
accuracy in training data: 0.92625
general accuracy: 0.9291
10000 data loaded from mnist_test_normalized.data
60000 data loaded from mnist_train_normalized.data
0 Accuracy: 0.1135 evaluated in 627ms
1 Accuracy: 0.6432, trained in 10705ms, evaluated in 629ms
2 Accuracy: 0.1092, trained in 10688ms, evaluated in 623ms
3 Accuracy: 0.1135, trained in 10711ms, evaluated in 623ms
4 Accuracy: 0.1208, trained in 10689ms, evaluated in 623ms
5 Accuracy: 0.101, trained in 10658ms, evaluated in 622ms
accuracy in training data: 0.102183
general accuracy: 0.101
10000 data loaded from mnist_test_normalized.data
60000 data loaded from mnist_train_normalized.data
0 Accuracy: 0.0861 evaluated in 639ms
1 Accuracy: 0.532, trained in 10737ms, evaluated in 655ms
2 Accuracy: 0.0974, trained in 10782ms, evaluated in 636ms
3 Accuracy: 0.1009, trained in 10781ms, evaluated in 634ms
4 Accuracy: 0.0974, trained in 10892ms, evaluated in 634ms
5 Accuracy: 0.101, trained in 10782ms, evaluated in 636ms
accuracy in training data: 0.102183
general accuracy: 0.101
10000 data loaded from mnist_test_normalized.data
60000 data loaded from mnist_train_normalized.data
0 Accuracy: 0.095 evaluated in 642ms
1 Accuracy: 0.8003, trained in 10710ms, evaluated in 634ms
2 Accuracy: 0.8513, trained in 10697ms, evaluated in 633ms
3 Accuracy: 0.8492, trained in 10739ms, evaluated in 633ms
4 Accuracy: 0.8308, trained in 10693ms, evaluated in 624ms
5 Accuracy: 0.8813, trained in 10617ms, evaluated in 628ms
accuracy in training data: 0.871333
general accuracy: 0.8813
10000 data loaded from mnist_test_normalized.data
60000 data loaded from mnist_train_normalized.data
0 Accuracy: 0.0975 evaluated in 658ms
1 Accuracy: 0.1026, trained in 10786ms, evaluated in 636ms
2 Accuracy: 0.1163, trained in 10800ms, evaluated in 633ms
3 Accuracy: 0.0974, trained in 10793ms, evaluated in 634ms
4 Accuracy: 0.1031, trained in 10787ms, evaluated in 633ms
5 Accuracy: 0.1001, trained in 10783ms, evaluated in 634ms
accuracy in training data: 0.102833
general accuracy: 0.1001
10000 data loaded from mnist_test_normalized.data
60000 data loaded from mnist_train_normalized.data
0 Accuracy: 0.1102 evaluated in 633ms
1 Accuracy: 0.237, trained in 10740ms, evaluated in 639ms
2 Accuracy: 0.1031, trained in 10740ms, evaluated in 639ms
3 Accuracy: 0.1135, trained in 10746ms, evaluated in 640ms
4 Accuracy: 0.1028, trained in 10742ms, evaluated in 639ms
5 Accuracy: 0.1028, trained in 10743ms, evaluated in 639ms
accuracy in training data: 0.104417
general accuracy: 0.1028
10000 data loaded from mnist_test_normalized.data
60000 data loaded from mnist_train_normalized.data
0 Accuracy: 0.0877 evaluated in 638ms
1 Accuracy: 0.8316, trained in 10678ms, evaluated in 643ms
2 Accuracy: 0.8986, trained in 10677ms, evaluated in 641ms
3 Accuracy: 0.9044, trained in 10687ms, evaluated in 642ms
4 Accuracy: 0.9154, trained in 10689ms, evaluated in 641ms
5 Accuracy: 0.9143, trained in 10696ms, evaluated in 646ms
accuracy in training data: 0.914167
general accuracy: 0.9143
10000 data loaded from mnist_test_normalized.data
60000 data loaded from mnist_train_normalized.data
0 Accuracy: 0.0961 evaluated in 638ms
1 Accuracy: 0.7714, trained in 10867ms, evaluated in 649ms
2 Accuracy: 0.7386, trained in 10704ms, evaluated in 630ms
3 Accuracy: 0.1012, trained in 10655ms, evaluated in 631ms
4 Accuracy: 0.1029, trained in 10653ms, evaluated in 630ms
5 Accuracy: 0.0984, trained in 10659ms, evaluated in 630ms
accuracy in training data: 0.0973833
general accuracy: 0.0984
10000 data loaded from mnist_test_normalized.data
60000 data loaded from mnist_train_normalized.data
0 Accuracy: 0.1032 evaluated in 645ms
1 Accuracy: 0.1032, trained in 10732ms, evaluated in 631ms
2 Accuracy: 0.1026, trained in 10628ms, evaluated in 633ms
3 Accuracy: 0.0969, trained in 10616ms, evaluated in 632ms
4 Accuracy: 0.114, trained in 10613ms, evaluated in 633ms
5 Accuracy: 0.0974, trained in 10608ms, evaluated in 633ms
accuracy in training data: 0.0975167
general accuracy: 0.0974
10000 data loaded from mnist_test_normalized.data
60000 data loaded from mnist_train_normalized.data
0 Accuracy: 0.1174 evaluated in 635ms
1 Accuracy: 0.8099, trained in 10698ms, evaluated in 642ms
2 Accuracy: 0.7268, trained in 10699ms, evaluated in 637ms
3 Accuracy: 0.785, trained in 10701ms, evaluated in 638ms
4 Accuracy: 0.7937, trained in 10682ms, evaluated in 637ms
5 Accuracy: 0.8463, trained in 10643ms, evaluated in 635ms
accuracy in training data: 0.831733
general accuracy: 0.8463
10000 data loaded from mnist_test_normalized.data
60000 data loaded from mnist_train_normalized.data
0 Accuracy: 0.0971 evaluated in 633ms
1 Accuracy: 0.1027, trained in 10727ms, evaluated in 622ms
2 Accuracy: 0.0847, trained in 10659ms, evaluated in 622ms
3 Accuracy: 0.1229, trained in 10647ms, evaluated in 622ms
4 Accuracy: 0.2516, trained in 10722ms, evaluated in 633ms
5 Accuracy: 0.098, trained in 10747ms, evaluated in 634ms
accuracy in training data: 0.0987167
general accuracy: 0.098
10000 data loaded from mnist_test_normalized.data
60000 data loaded from mnist_train_normalized.data
0 Accuracy: 0.0848 evaluated in 641ms
1 Accuracy: 0.7694, trained in 10766ms, evaluated in 648ms
2 Accuracy: 0.8613, trained in 10797ms, evaluated in 642ms
3 Accuracy: 0.877, trained in 10787ms, evaluated in 638ms
4 Accuracy: 0.8602, trained in 10757ms, evaluated in 637ms
5 Accuracy: 0.8886, trained in 10688ms, evaluated in 629ms
accuracy in training data: 0.878817
general accuracy: 0.8886
10000 data loaded from mnist_test_normalized.data
60000 data loaded from mnist_train_normalized.data
0 Accuracy: 0.1073 evaluated in 637ms
1 Accuracy: 0.0974, trained in 10709ms, evaluated in 642ms
2 Accuracy: 0.101, trained in 10710ms, evaluated in 641ms
3 Accuracy: 0.1032, trained in 10716ms, evaluated in 642ms
4 Accuracy: 0.1028, trained in 10716ms, evaluated in 641ms
5 Accuracy: 0.0974, trained in 10716ms, evaluated in 641ms
accuracy in training data: 0.0975167
general accuracy: 0.0974
10000 data loaded from mnist_test_normalized.data
60000 data loaded from mnist_train_normalized.data
0 Accuracy: 0.1076 evaluated in 629ms
1 Accuracy: 0.4932, trained in 10593ms, evaluated in 634ms
2 Accuracy: 0.1009, trained in 10705ms, evaluated in 635ms
3 Accuracy: 0.098, trained in 10730ms, evaluated in 635ms
4 Accuracy: 0.0982, trained in 10751ms, evaluated in 636ms
5 Accuracy: 0.1032, trained in 10755ms, evaluated in 638ms
accuracy in training data: 0.0993
general accuracy: 0.1032
10000 data loaded from mnist_test_normalized.data
60000 data loaded from mnist_train_normalized.data
0 Accuracy: 0.1146 evaluated in 631ms
1 Accuracy: 0.1046, trained in 10694ms, evaluated in 639ms
2 Accuracy: 0.0974, trained in 10754ms, evaluated in 639ms
3 Accuracy: 0.0892, trained in 10761ms, evaluated in 640ms
4 Accuracy: 0.1009, trained in 10757ms, evaluated in 638ms
5 Accuracy: 0.101, trained in 10750ms, evaluated in 639ms
accuracy in training data: 0.102183
general accuracy: 0.101
10000 data loaded from mnist_test_normalized.data
60000 data loaded from mnist_train_normalized.data
0 Accuracy: 0.1011 evaluated in 636ms
1 Accuracy: 0.1028, trained in 10710ms, evaluated in 631ms
2 Accuracy: 0.1028, trained in 10646ms, evaluated in 628ms
3 Accuracy: 0.098, trained in 10660ms, evaluated in 633ms
4 Accuracy: 0.1032, trained in 10717ms, evaluated in 632ms
5 Accuracy: 0.1135, trained in 10713ms, evaluated in 633ms
accuracy in training data: 0.112367
general accuracy: 0.1135
10000 data loaded from mnist_test_normalized.data
60000 data loaded from mnist_train_normalized.data
0 Accuracy: 0.1278 evaluated in 662ms
1 Accuracy: 0.1558, trained in 10851ms, evaluated in 634ms
2 Accuracy: 0.1235, trained in 10775ms, evaluated in 634ms
3 Accuracy: 0.1926, trained in 10798ms, evaluated in 633ms
4 Accuracy: 0.7356, trained in 10847ms, evaluated in 641ms
5 Accuracy: 0.7415, trained in 10852ms, evaluated in 641ms
accuracy in training data: 0.742483
general accuracy: 0.7415
10000 data loaded from mnist_test_normalized.data
60000 data loaded from mnist_train_normalized.data
0 Accuracy: 0.103 evaluated in 639ms
1 Accuracy: 0.614, trained in 10782ms, evaluated in 636ms
2 Accuracy: 0.7437, trained in 10744ms, evaluated in 638ms
3 Accuracy: 0.7483, trained in 10735ms, evaluated in 637ms
4 Accuracy: 0.7732, trained in 10733ms, evaluated in 636ms
5 Accuracy: 0.7931, trained in 10725ms, evaluated in 637ms
accuracy in training data: 0.80235
general accuracy: 0.7931
10000 data loaded from mnist_test_normalized.data
60000 data loaded from mnist_train_normalized.data
0 Accuracy: 0.0893 evaluated in 644ms
1 Accuracy: 0.8019, trained in 10916ms, evaluated in 642ms
2 Accuracy: 0.7463, trained in 10863ms, evaluated in 641ms
3 Accuracy: 0.1137, trained in 10675ms, evaluated in 621ms
4 Accuracy: 0.0892, trained in 10623ms, evaluated in 622ms
5 Accuracy: 0.1028, trained in 10628ms, evaluated in 622ms
accuracy in training data: 0.104417
general accuracy: 0.1028
10000 data loaded from mnist_test_normalized.data
60000 data loaded from mnist_train_normalized.data
0 Accuracy: 0.1035 evaluated in 653ms
1 Accuracy: 0.4082, trained in 10955ms, evaluated in 660ms
2 Accuracy: 0.4768, trained in 10929ms, evaluated in 653ms
3 Accuracy: 0.5443, trained in 10918ms, evaluated in 655ms
4 Accuracy: 0.6891, trained in 10936ms, evaluated in 656ms
5 Accuracy: 0.8174, trained in 10946ms, evaluated in 658ms
accuracy in training data: 0.810433
general accuracy: 0.8174
10000 data loaded from mnist_test_normalized.data
60000 data loaded from mnist_train_normalized.data
0 Accuracy: 0.0775 evaluated in 644ms
1 Accuracy: 0.5907, trained in 10932ms, evaluated in 663ms
2 Accuracy: 0.6324, trained in 10884ms, evaluated in 646ms
3 Accuracy: 0.6128, trained in 10797ms, evaluated in 637ms
4 Accuracy: 0.096, trained in 10723ms, evaluated in 638ms
5 Accuracy: 0.1124, trained in 10852ms, evaluated in 642ms
accuracy in training data: 0.115283
general accuracy: 0.1124
10000 data loaded from mnist_test_normalized.data
60000 data loaded from mnist_train_normalized.data
0 Accuracy: 0.0846 evaluated in 644ms
1 Accuracy: 0.3192, trained in 10735ms, evaluated in 633ms
2 Accuracy: 0.4434, trained in 10731ms, evaluated in 635ms
3 Accuracy: 0.1141, trained in 10672ms, evaluated in 624ms
4 Accuracy: 0.1032, trained in 10630ms, evaluated in 623ms
5 Accuracy: 0.0982, trained in 10639ms, evaluated in 624ms
accuracy in training data: 0.0973833
general accuracy: 0.0982
10000 data loaded from mnist_test_normalized.data
60000 data loaded from mnist_train_normalized.data
0 Accuracy: 0.0668 evaluated in 641ms
1 Accuracy: 0.7011, trained in 10798ms, evaluated in 640ms
2 Accuracy: 0.7334, trained in 10794ms, evaluated in 640ms
3 Accuracy: 0.8213, trained in 10931ms, evaluated in 640ms
4 Accuracy: 0.8334, trained in 10803ms, evaluated in 639ms
5 Accuracy: 0.7962, trained in 10885ms, evaluated in 635ms
accuracy in training data: 0.788917
general accuracy: 0.7962
10000 data loaded from mnist_test_normalized.data
60000 data loaded from mnist_train_normalized.data
0 Accuracy: 0.0894 evaluated in 629ms
1 Accuracy: 0.3201, trained in 10725ms, evaluated in 642ms
2 Accuracy: 0.2774, trained in 10793ms, evaluated in 644ms
3 Accuracy: 0.1135, trained in 10800ms, evaluated in 643ms
4 Accuracy: 0.0958, trained in 10801ms, evaluated in 653ms
5 Accuracy: 0.1032, trained in 10935ms, evaluated in 653ms
accuracy in training data: 0.0993
general accuracy: 0.1032
10000 data loaded from mnist_test_normalized.data
60000 data loaded from mnist_train_normalized.data
0 Accuracy: 0.1009 evaluated in 632ms
1 Accuracy: 0.1135, trained in 10660ms, evaluated in 621ms
2 Accuracy: 0.0979, trained in 10588ms, evaluated in 621ms
3 Accuracy: 0.1159, trained in 10594ms, evaluated in 624ms
4 Accuracy: 0.4043, trained in 10762ms, evaluated in 637ms
5 Accuracy: 0.101, trained in 10779ms, evaluated in 632ms
accuracy in training data: 0.102183
general accuracy: 0.101
10000 data loaded from mnist_test_normalized.data
60000 data loaded from mnist_train_normalized.data
0 Accuracy: 0.0678 evaluated in 651ms
1 Accuracy: 0.2406, trained in 11155ms, evaluated in 660ms
2 Accuracy: 0.0999, trained in 11180ms, evaluated in 657ms
3 Accuracy: 0.1135, trained in 11202ms, evaluated in 659ms
4 Accuracy: 0.1135, trained in 11195ms, evaluated in 657ms
5 Accuracy: 0.1135, trained in 11207ms, evaluated in 657ms
accuracy in training data: 0.112367
general accuracy: 0.1135
10000 data loaded from mnist_test_normalized.data
60000 data loaded from mnist_train_normalized.data
0 Accuracy: 0.1184 evaluated in 634ms
1 Accuracy: 0.7474, trained in 10832ms, evaluated in 657ms
2 Accuracy: 0.8352, trained in 10925ms, evaluated in 657ms
3 Accuracy: 0.8862, trained in 10959ms, evaluated in 660ms
4 Accuracy: 0.8788, trained in 10962ms, evaluated in 651ms
5 Accuracy: 0.8893, trained in 10888ms, evaluated in 660ms
accuracy in training data: 0.8883
general accuracy: 0.8893
10000 data loaded from mnist_test_normalized.data
60000 data loaded from mnist_train_normalized.data
0 Accuracy: 0.063 evaluated in 655ms
1 Accuracy: 0.7542, trained in 10947ms, evaluated in 654ms
2 Accuracy: 0.779, trained in 10809ms, evaluated in 643ms
3 Accuracy: 0.8646, trained in 10777ms, evaluated in 648ms
4 Accuracy: 0.8798, trained in 10813ms, evaluated in 649ms
5 Accuracy: 0.8769, trained in 10814ms, evaluated in 650ms
accuracy in training data: 0.873233
general accuracy: 0.8769
g convolutional weight learning rate=0.0201199667934
============================================
output: 0.1137

output: 0.8081

output: 0.1009

============================================
testing convolutional weight learning rate=0.0354940063194
============================================
output: 0.8701

output: 0.9014

output: 0.2078

============================================
testing convolutional weight learning rate=0.0626156343865
============================================
output: 0.101

output: 0.101

output: 0.9242

============================================
testing convolutional weight learning rate=0.110461401126
============================================
output: 0.1017

output: 0.8936

output: 0.9291

============================================
testing convolutional weight learning rate=0.194867004994
============================================
output: 0.101

output: 0.101

output: 0.8813

============================================
testing convolutional weight learning rate=0.343768495134
============================================
output: 0.1001

output: 0.1028

output: 0.9143

============================================
testing convolutional weight learning rate=0.606448373599
============================================
output: 0.0984

output: 0.0974

output: 0.8463

============================================
testing convolutional weight learning rate=1.06984681565
============================================
output: 0.098

output: 0.8886

output: 0.0974

============================================
testing convolutional weight learning rate=1.8873365958
============================================
output: 0.1032

output: 0.101

output: 0.1135

============================================
testing convolutional weight learning rate=0.00646504771108
============================================
============================================
testing convolutional weight learning rate=0.00781173775194
============================================
output: 0.7415

output: 0.7931

output: 0.1028

============================================
testing convolutional weight learning rate=0.00943894761991
============================================
output: 0.8174

output: 0.1124

output: 0.0982

============================================
testing convolutional weight learning rate=0.0114051104889
============================================
============================================
testing convolutional weight learning rate=0.00646504771108
============================================
============================================
testing convolutional weight learning rate=0.00688594751052
============================================
output: 0.7962

output: 0.1032

output: 0.101

============================================
testing convolutional weight learning rate=0.00733424952711
============================================
output: 0.1135

output: 0.8893

output: 0.8769

============================================
testing convolutional weight learning rate=0.00781173775194
============================================
============================================
Done looking for best convolutional weight learning rate, found 0.00756922941342 to be best
============================================
I am done: the best parameters are: [0.012054183976705397, 0.13168724279835392, 0.007569229413424114, 0.13168724279835392, 0.0, 0.0]
