10000 data loaded from mnist_test_normalized.data
60000 data loaded from mnist_train_normalized.data
0 Accuracy: 0.1142 evaluated in 997ms
1 Accuracy: 0.6384, trained in 13304ms, evaluated in 693ms
2 Accuracy: 0.6894, trained in 18127ms, evaluated in 724ms
3 Accuracy: 0.7911, trained in 12188ms, evaluated in 704ms
4 Accuracy: 0.8326, trained in 12395ms, evaluated in 1037ms
5 Accuracy: 0.8542, trained in 16826ms, evaluated in 745ms
6 Accuracy: 0.8603, trained in 17707ms, evaluated in 1014ms
7 Accuracy: 0.8743, trained in 19151ms, evaluated in 1057ms
8 Accuracy: 0.8693, trained in 19710ms, evaluated in 723ms
9 Accuracy: 0.8593, trained in 14933ms, evaluated in 840ms
10 Accuracy: 0.9016, trained in 18183ms, evaluated in 1076ms
11 Accuracy: 0.9051, trained in 19454ms, evaluated in 1074ms
12 Accuracy: 0.9034, trained in 16632ms, evaluated in 1065ms
13 Accuracy: 0.9058, trained in 16102ms, evaluated in 728ms
14 Accuracy: 0.909, trained in 18749ms, evaluated in 1062ms
15 Accuracy: 0.9231, trained in 16344ms, evaluated in 1068ms
16 Accuracy: 0.9223, trained in 19574ms, evaluated in 1064ms
17 Accuracy: 0.918, trained in 19481ms, evaluated in 773ms
18 Accuracy: 0.9107, trained in 17775ms, evaluated in 1083ms
19 Accuracy: 0.8701, trained in 17754ms, evaluated in 1074ms
20 Accuracy: 0.8109, trained in 16860ms, evaluated in 724ms
21 Accuracy: 0.789, trained in 12912ms, evaluated in 731ms
22 Accuracy: 0.8786, trained in 14894ms, evaluated in 1049ms
23 Accuracy: 0.8676, trained in 18686ms, evaluated in 1070ms
24 Accuracy: 0.8755, trained in 17906ms, evaluated in 1081ms
25 Accuracy: 0.888, trained in 20781ms, evaluated in 1069ms
26 Accuracy: 0.8712, trained in 20581ms, evaluated in 1084ms
27 Accuracy: 0.8814, trained in 18474ms, evaluated in 847ms
28 Accuracy: 0.9006, trained in 16213ms, evaluated in 1087ms
29 Accuracy: 0.8631, trained in 19612ms, evaluated in 1079ms
30 Accuracy: 0.8825, trained in 19976ms, evaluated in 724ms
31 Accuracy: 0.8835, trained in 15957ms, evaluated in 758ms
32 Accuracy: 0.8956, trained in 15306ms, evaluated in 746ms
33 Accuracy: 0.9038, trained in 18609ms, evaluated in 1077ms
34 Accuracy: 0.9096, trained in 18109ms, evaluated in 738ms
35 Accuracy: 0.9001, trained in 12792ms, evaluated in 984ms
36 Accuracy: 0.8895, trained in 16220ms, evaluated in 1081ms
37 Accuracy: 0.8848, trained in 15732ms, evaluated in 733ms
38 Accuracy: 0.9011, trained in 21178ms, evaluated in 1082ms
39 Accuracy: 0.8785, trained in 16667ms, evaluated in 1102ms
40 Accuracy: 0.8964, trained in 17864ms, evaluated in 967ms
41 Accuracy: 0.8993, trained in 20665ms, evaluated in 1078ms
42 Accuracy: 0.907, trained in 19057ms, evaluated in 1085ms
43 Accuracy: 0.8798, trained in 19071ms, evaluated in 1082ms
44 Accuracy: 0.9039, trained in 12954ms, evaluated in 734ms
45 Accuracy: 0.9064, trained in 13108ms, evaluated in 1037ms
46 Accuracy: 0.9029, trained in 14234ms, evaluated in 732ms
47 Accuracy: 0.8916, trained in 16350ms, evaluated in 949ms
48 Accuracy: 0.8838, trained in 19720ms, evaluated in 735ms
49 Accuracy: 0.8642, trained in 16251ms, evaluated in 1078ms
50 Accuracy: 0.866, trained in 17389ms, evaluated in 1080ms
51 Accuracy: 0.8671, trained in 15236ms, evaluated in 1073ms
52 Accuracy: 0.8659, trained in 20784ms, evaluated in 775ms
53 Accuracy: 0.8679, trained in 17536ms, evaluated in 1087ms
54 Accuracy: 0.8453, trained in 15630ms, evaluated in 1077ms
55 Accuracy: 0.865, trained in 19960ms, evaluated in 1068ms
56 Accuracy: 0.8384, trained in 16885ms, evaluated in 1074ms
57 Accuracy: 0.8673, trained in 16455ms, evaluated in 1072ms
58 Accuracy: 0.8648, trained in 18745ms, evaluated in 1039ms
59 Accuracy: 0.8677, trained in 18935ms, evaluated in 1072ms
60 Accuracy: 0.8486, trained in 19866ms, evaluated in 1030ms
61 Accuracy: 0.8533, trained in 20437ms, evaluated in 1085ms
62 Accuracy: 0.8617, trained in 20217ms, evaluated in 797ms
63 Accuracy: 0.8535, trained in 18118ms, evaluated in 1046ms
64 Accuracy: 0.8469, trained in 18880ms, evaluated in 898ms
65 Accuracy: 0.8599, trained in 18683ms, evaluated in 1069ms
66 Accuracy: 0.8463, trained in 18812ms, evaluated in 1077ms
67 Accuracy: 0.851, trained in 18522ms, evaluated in 768ms
68 Accuracy: 0.8562, trained in 13986ms, evaluated in 1084ms
69 Accuracy: 0.8451, trained in 18361ms, evaluated in 1034ms
70 Accuracy: 0.8603, trained in 16185ms, evaluated in 1082ms
71 Accuracy: 0.8665, trained in 16693ms, evaluated in 1021ms
72 Accuracy: 0.8635, trained in 16773ms, evaluated in 1090ms
73 Accuracy: 0.8593, trained in 15995ms, evaluated in 738ms
74 Accuracy: 0.8555, trained in 17395ms, evaluated in 754ms
75 Accuracy: 0.8758, trained in 16540ms, evaluated in 1089ms
76 Accuracy: 0.8694, trained in 18943ms, evaluated in 1039ms
77 Accuracy: 0.8612, trained in 18361ms, evaluated in 758ms
78 Accuracy: 0.8423, trained in 19300ms, evaluated in 1078ms
79 Accuracy: 0.8663, trained in 17961ms, evaluated in 1035ms
80 Accuracy: 0.8586, trained in 18119ms, evaluated in 833ms
81 Accuracy: 0.8079, trained in 19182ms, evaluated in 1083ms
82 Accuracy: 0.8543, trained in 16413ms, evaluated in 1034ms
83 Accuracy: 0.8459, trained in 15004ms, evaluated in 1083ms
84 Accuracy: 0.86, trained in 19139ms, evaluated in 1067ms
85 Accuracy: 0.8644, trained in 20367ms, evaluated in 728ms
86 Accuracy: 0.8588, trained in 16884ms, evaluated in 1071ms
87 Accuracy: 0.8712, trained in 17636ms, evaluated in 1087ms
88 Accuracy: 0.8708, trained in 17338ms, evaluated in 1083ms
89 Accuracy: 0.8673, trained in 16281ms, evaluated in 735ms
90 Accuracy: 0.8712, trained in 18750ms, evaluated in 1054ms
91 Accuracy: 0.8681, trained in 20081ms, evaluated in 1091ms
92 Accuracy: 0.8747, trained in 16649ms, evaluated in 966ms
93 Accuracy: 0.8648, trained in 17783ms, evaluated in 853ms
94 Accuracy: 0.8609, trained in 21101ms, evaluated in 1080ms
95 Accuracy: 0.8466, trained in 20397ms, evaluated in 1000ms
96 Accuracy: 0.8521, trained in 17816ms, evaluated in 751ms
97 Accuracy: 0.8651, trained in 17314ms, evaluated in 1088ms
98 Accuracy: 0.8603, trained in 15113ms, evaluated in 741ms
99 Accuracy: 0.864, trained in 17084ms, evaluated in 731ms
100 Accuracy: 0.8558, trained in 12530ms, evaluated in 728ms
101 Accuracy: 0.8636, trained in 17338ms, evaluated in 1079ms
102 Accuracy: 0.8622, trained in 21213ms, evaluated in 1082ms
103 Accuracy: 0.8623, trained in 16957ms, evaluated in 1086ms
104 Accuracy: 0.844, trained in 17552ms, evaluated in 739ms
105 Accuracy: 0.8517, trained in 18269ms, evaluated in 725ms
106 Accuracy: 0.8606, trained in 17535ms, evaluated in 1098ms
107 Accuracy: 0.862, trained in 19351ms, evaluated in 1068ms
108 Accuracy: 0.858, trained in 18767ms, evaluated in 1007ms
109 Accuracy: 0.8601, trained in 19475ms, evaluated in 1087ms
110 Accuracy: 0.842, trained in 17401ms, evaluated in 778ms
111 Accuracy: 0.8157, trained in 20538ms, evaluated in 1104ms
112 Accuracy: 0.8465, trained in 20336ms, evaluated in 1079ms
113 Accuracy: 0.8435, trained in 19918ms, evaluated in 1089ms
114 Accuracy: 0.8552, trained in 21031ms, evaluated in 748ms
115 Accuracy: 0.8428, trained in 19462ms, evaluated in 1040ms
116 Accuracy: 0.8558, trained in 19641ms, evaluated in 1074ms
117 Accuracy: 0.8558, trained in 14028ms, evaluated in 1049ms
118 Accuracy: 0.8569, trained in 20356ms, evaluated in 1098ms
119 Accuracy: 0.8601, trained in 18516ms, evaluated in 739ms
120 Accuracy: 0.845, trained in 19149ms, evaluated in 1080ms
121 Accuracy: 0.841, trained in 19733ms, evaluated in 1094ms
122 Accuracy: 0.8584, trained in 13081ms, evaluated in 741ms
123 Accuracy: 0.8447, trained in 16960ms, evaluated in 1094ms
124 Accuracy: 0.8601, trained in 20783ms, evaluated in 838ms
125 Accuracy: 0.8607, trained in 16013ms, evaluated in 881ms
126 Accuracy: 0.8612, trained in 15301ms, evaluated in 1109ms
127 Accuracy: 0.8592, trained in 15818ms, evaluated in 753ms
128 Accuracy: 0.86, trained in 12774ms, evaluated in 738ms
129 Accuracy: 0.8568, trained in 14177ms, evaluated in 1082ms
130 Accuracy: 0.8583, trained in 20922ms, evaluated in 1064ms
131 Accuracy: 0.8614, trained in 18831ms, evaluated in 1044ms
132 Accuracy: 0.8485, trained in 16505ms, evaluated in 929ms
133 Accuracy: 0.845, trained in 15756ms, evaluated in 764ms
134 Accuracy: 0.8514, trained in 15023ms, evaluated in 994ms
135 Accuracy: 0.8498, trained in 15764ms, evaluated in 735ms
136 Accuracy: 0.8644, trained in 12699ms, evaluated in 743ms
137 Accuracy: 0.8619, trained in 13149ms, evaluated in 748ms
138 Accuracy: 0.8625, trained in 17123ms, evaluated in 1089ms
139 Accuracy: 0.8416, trained in 17873ms, evaluated in 750ms
140 Accuracy: 0.8487, trained in 16446ms, evaluated in 738ms
141 Accuracy: 0.8441, trained in 16873ms, evaluated in 1096ms
142 Accuracy: 0.8495, trained in 19841ms, evaluated in 870ms
143 Accuracy: 0.8477, trained in 16459ms, evaluated in 1048ms
144 Accuracy: 0.8689, trained in 19506ms, evaluated in 838ms
145 Accuracy: 0.8643, trained in 15823ms, evaluated in 1094ms
146 Accuracy: 0.8674, trained in 15036ms, evaluated in 719ms
147 Accuracy: 0.8439, trained in 12329ms, evaluated in 704ms
148 Accuracy: 0.8484, trained in 12033ms, evaluated in 696ms
149 Accuracy: 0.8246, trained in 11893ms, evaluated in 679ms
150 Accuracy: 0.8261, trained in 11662ms, evaluated in 681ms
accuracy in training data: 0.836683
general accuracy: 0.8261
0.8261
