10000 data loaded from mnist_test_normalized.data
60000 data loaded from mnist_train_normalized.data
0 Accuracy: 0.0983 evaluated in 698ms
1 Accuracy: 0.8842, trained in 15935ms, evaluated in 694ms
2 Accuracy: 0.9039, trained in 11958ms, evaluated in 1004ms
3 Accuracy: 0.9079, trained in 20465ms, evaluated in 1044ms
4 Accuracy: 0.9161, trained in 15403ms, evaluated in 778ms
5 Accuracy: 0.9044, trained in 15080ms, evaluated in 748ms
6 Accuracy: 0.8869, trained in 14354ms, evaluated in 1036ms
7 Accuracy: 0.7822, trained in 18320ms, evaluated in 1064ms
8 Accuracy: 0.775, trained in 16167ms, evaluated in 1031ms
9 Accuracy: 0.7465, trained in 17295ms, evaluated in 729ms
10 Accuracy: 0.7658, trained in 18623ms, evaluated in 738ms
11 Accuracy: 0.7695, trained in 15201ms, evaluated in 730ms
12 Accuracy: 0.7761, trained in 12981ms, evaluated in 1073ms
13 Accuracy: 0.7475, trained in 17947ms, evaluated in 1074ms
14 Accuracy: 0.7322, trained in 21021ms, evaluated in 1070ms
15 Accuracy: 0.7422, trained in 21027ms, evaluated in 1078ms
16 Accuracy: 0.7543, trained in 18718ms, evaluated in 740ms
17 Accuracy: 0.7277, trained in 15040ms, evaluated in 1048ms
18 Accuracy: 0.7686, trained in 20845ms, evaluated in 1027ms
19 Accuracy: 0.7822, trained in 18857ms, evaluated in 1069ms
20 Accuracy: 0.7558, trained in 20028ms, evaluated in 1086ms
21 Accuracy: 0.7953, trained in 16916ms, evaluated in 745ms
22 Accuracy: 0.8334, trained in 15870ms, evaluated in 1087ms
23 Accuracy: 0.8375, trained in 20410ms, evaluated in 769ms
24 Accuracy: 0.8447, trained in 18986ms, evaluated in 1038ms
25 Accuracy: 0.8187, trained in 19873ms, evaluated in 1089ms
26 Accuracy: 0.8436, trained in 17800ms, evaluated in 855ms
27 Accuracy: 0.8365, trained in 12881ms, evaluated in 738ms
28 Accuracy: 0.8309, trained in 13608ms, evaluated in 1048ms
29 Accuracy: 0.8356, trained in 19479ms, evaluated in 748ms
30 Accuracy: 0.8452, trained in 19380ms, evaluated in 1081ms
31 Accuracy: 0.8469, trained in 17082ms, evaluated in 984ms
32 Accuracy: 0.8337, trained in 19904ms, evaluated in 1082ms
33 Accuracy: 0.8491, trained in 17527ms, evaluated in 728ms
34 Accuracy: 0.8338, trained in 15179ms, evaluated in 773ms
35 Accuracy: 0.8375, trained in 17073ms, evaluated in 991ms
36 Accuracy: 0.8397, trained in 16173ms, evaluated in 750ms
37 Accuracy: 0.8398, trained in 15792ms, evaluated in 949ms
38 Accuracy: 0.8591, trained in 15719ms, evaluated in 1026ms
39 Accuracy: 0.8595, trained in 16679ms, evaluated in 1114ms
40 Accuracy: 0.856, trained in 20942ms, evaluated in 1092ms
41 Accuracy: 0.8563, trained in 16014ms, evaluated in 894ms
42 Accuracy: 0.8358, trained in 18606ms, evaluated in 1089ms
43 Accuracy: 0.843, trained in 16754ms, evaluated in 745ms
44 Accuracy: 0.8486, trained in 19499ms, evaluated in 1091ms
45 Accuracy: 0.8457, trained in 21099ms, evaluated in 1065ms
46 Accuracy: 0.8446, trained in 14912ms, evaluated in 758ms
47 Accuracy: 0.8435, trained in 14313ms, evaluated in 1090ms
48 Accuracy: 0.8473, trained in 15487ms, evaluated in 748ms
49 Accuracy: 0.8149, trained in 12605ms, evaluated in 733ms
50 Accuracy: 0.8133, trained in 19045ms, evaluated in 735ms
51 Accuracy: 0.7874, trained in 17018ms, evaluated in 1080ms
52 Accuracy: 0.819, trained in 15355ms, evaluated in 768ms
53 Accuracy: 0.8078, trained in 16097ms, evaluated in 736ms
54 Accuracy: 0.8312, trained in 13606ms, evaluated in 742ms
55 Accuracy: 0.8112, trained in 17802ms, evaluated in 749ms
56 Accuracy: 0.8203, trained in 16781ms, evaluated in 744ms
57 Accuracy: 0.819, trained in 17453ms, evaluated in 1015ms
58 Accuracy: 0.8176, trained in 15274ms, evaluated in 1086ms
59 Accuracy: 0.8272, trained in 13207ms, evaluated in 740ms
60 Accuracy: 0.813, trained in 17992ms, evaluated in 732ms
61 Accuracy: 0.7945, trained in 13096ms, evaluated in 737ms
62 Accuracy: 0.8097, trained in 12589ms, evaluated in 737ms
63 Accuracy: 0.7854, trained in 15478ms, evaluated in 756ms
64 Accuracy: 0.7933, trained in 14992ms, evaluated in 739ms
65 Accuracy: 0.7742, trained in 17130ms, evaluated in 1090ms
66 Accuracy: 0.7881, trained in 13930ms, evaluated in 1023ms
67 Accuracy: 0.7866, trained in 13314ms, evaluated in 762ms
68 Accuracy: 0.7706, trained in 18997ms, evaluated in 1099ms
69 Accuracy: 0.7814, trained in 15277ms, evaluated in 1095ms
70 Accuracy: 0.7675, trained in 16548ms, evaluated in 964ms
71 Accuracy: 0.7769, trained in 18377ms, evaluated in 1086ms
72 Accuracy: 0.7769, trained in 20460ms, evaluated in 1087ms
73 Accuracy: 0.7784, trained in 15580ms, evaluated in 772ms
74 Accuracy: 0.78, trained in 19089ms, evaluated in 1093ms
75 Accuracy: 0.786, trained in 19791ms, evaluated in 974ms
76 Accuracy: 0.7627, trained in 16247ms, evaluated in 737ms
77 Accuracy: 0.764, trained in 15512ms, evaluated in 737ms
78 Accuracy: 0.7645, trained in 18923ms, evaluated in 828ms
79 Accuracy: 0.7554, trained in 17523ms, evaluated in 1047ms
80 Accuracy: 0.7699, trained in 16945ms, evaluated in 1089ms
81 Accuracy: 0.7783, trained in 18639ms, evaluated in 1086ms
82 Accuracy: 0.7615, trained in 20816ms, evaluated in 1087ms
83 Accuracy: 0.7432, trained in 19483ms, evaluated in 1094ms
84 Accuracy: 0.7587, trained in 16416ms, evaluated in 1094ms
85 Accuracy: 0.7526, trained in 18729ms, evaluated in 746ms
86 Accuracy: 0.7655, trained in 18394ms, evaluated in 734ms
87 Accuracy: 0.7548, trained in 13158ms, evaluated in 750ms
88 Accuracy: 0.7649, trained in 19266ms, evaluated in 746ms
89 Accuracy: 0.7555, trained in 19208ms, evaluated in 1051ms
90 Accuracy: 0.7759, trained in 15863ms, evaluated in 1050ms
91 Accuracy: 0.7574, trained in 16041ms, evaluated in 937ms
92 Accuracy: 0.7618, trained in 17294ms, evaluated in 1095ms
93 Accuracy: 0.7648, trained in 18222ms, evaluated in 1114ms
94 Accuracy: 0.7551, trained in 15334ms, evaluated in 1054ms
95 Accuracy: 0.7591, trained in 14725ms, evaluated in 742ms
96 Accuracy: 0.76, trained in 17243ms, evaluated in 979ms
97 Accuracy: 0.763, trained in 15615ms, evaluated in 1092ms
98 Accuracy: 0.7517, trained in 14644ms, evaluated in 745ms
99 Accuracy: 0.7662, trained in 12719ms, evaluated in 739ms
100 Accuracy: 0.7527, trained in 15446ms, evaluated in 1091ms
101 Accuracy: 0.7623, trained in 20313ms, evaluated in 1098ms
102 Accuracy: 0.7513, trained in 19342ms, evaluated in 1043ms
103 Accuracy: 0.751, trained in 16297ms, evaluated in 1049ms
104 Accuracy: 0.7545, trained in 17142ms, evaluated in 992ms
105 Accuracy: 0.7398, trained in 19119ms, evaluated in 1079ms
106 Accuracy: 0.7518, trained in 15942ms, evaluated in 1057ms
107 Accuracy: 0.76, trained in 16301ms, evaluated in 1075ms
108 Accuracy: 0.7574, trained in 19083ms, evaluated in 967ms
109 Accuracy: 0.7552, trained in 19332ms, evaluated in 1073ms
110 Accuracy: 0.7558, trained in 17068ms, evaluated in 1097ms
111 Accuracy: 0.7547, trained in 19137ms, evaluated in 774ms
112 Accuracy: 0.7539, trained in 17409ms, evaluated in 1085ms
113 Accuracy: 0.7556, trained in 16164ms, evaluated in 751ms
114 Accuracy: 0.7541, trained in 15295ms, evaluated in 1059ms
115 Accuracy: 0.646, trained in 18198ms, evaluated in 789ms
116 Accuracy: 0.6654, trained in 13418ms, evaluated in 1094ms
117 Accuracy: 0.67, trained in 15556ms, evaluated in 1113ms
118 Accuracy: 0.6734, trained in 17055ms, evaluated in 744ms
119 Accuracy: 0.6673, trained in 15350ms, evaluated in 1002ms
120 Accuracy: 0.6683, trained in 16357ms, evaluated in 1106ms
121 Accuracy: 0.6679, trained in 18378ms, evaluated in 1071ms
122 Accuracy: 0.6509, trained in 18290ms, evaluated in 1071ms
123 Accuracy: 0.6643, trained in 17186ms, evaluated in 759ms
124 Accuracy: 0.6422, trained in 12846ms, evaluated in 747ms
125 Accuracy: 0.6703, trained in 17485ms, evaluated in 994ms
126 Accuracy: 0.649, trained in 21199ms, evaluated in 791ms
127 Accuracy: 0.6679, trained in 17154ms, evaluated in 1073ms
128 Accuracy: 0.6621, trained in 18618ms, evaluated in 1060ms
129 Accuracy: 0.6591, trained in 19129ms, evaluated in 878ms
130 Accuracy: 0.6658, trained in 19562ms, evaluated in 1068ms
131 Accuracy: 0.667, trained in 16427ms, evaluated in 762ms
132 Accuracy: 0.6701, trained in 19038ms, evaluated in 1094ms
133 Accuracy: 0.6472, trained in 17987ms, evaluated in 1103ms
134 Accuracy: 0.6451, trained in 16584ms, evaluated in 826ms
135 Accuracy: 0.644, trained in 14789ms, evaluated in 748ms
136 Accuracy: 0.6734, trained in 17088ms, evaluated in 876ms
137 Accuracy: 0.6085, trained in 17052ms, evaluated in 1069ms
138 Accuracy: 0.6684, trained in 18370ms, evaluated in 1092ms
139 Accuracy: 0.6476, trained in 17500ms, evaluated in 1096ms
140 Accuracy: 0.6501, trained in 16429ms, evaluated in 1053ms
141 Accuracy: 0.6683, trained in 17346ms, evaluated in 957ms
142 Accuracy: 0.6511, trained in 17710ms, evaluated in 754ms
143 Accuracy: 0.6482, trained in 17618ms, evaluated in 1057ms
144 Accuracy: 0.6562, trained in 19220ms, evaluated in 1118ms
145 Accuracy: 0.6604, trained in 19023ms, evaluated in 1105ms
146 Accuracy: 0.6727, trained in 17232ms, evaluated in 747ms
147 Accuracy: 0.666, trained in 20193ms, evaluated in 1123ms
148 Accuracy: 0.5837, trained in 18216ms, evaluated in 1060ms
149 Accuracy: 0.5655, trained in 16327ms, evaluated in 753ms
150 Accuracy: 0.5751, trained in 12479ms, evaluated in 731ms
accuracy in training data: 0.58305
general accuracy: 0.5751
0.5751
